<?xml version="1.0" encoding="utf-8"?><testsuites><testsuite name="pytest" errors="0" failures="5" skipped="0" tests="135" time="5.111" timestamp="2026-05-31T00:17:45.157617+01:00" hostname="DESKTOP-74J5GK8"><testcase classname="tests.test_api.TestGcReferential" name="test_returns_200" time="0.031" /><testcase classname="tests.test_api.TestGcReferential" name="test_contains_savoirs" time="0.011" /><testcase classname="tests.test_api.TestGcReferential" name="test_contains_competences" time="0.010" /><testcase classname="tests.test_api.TestGcReferential" name="test_contains_niveaux" time="0.010" /><testcase classname="tests.test_api.TestGcReferential" name="test_contains_domaines" time="0.014" /><testcase classname="tests.test_coverage_additions_helpers" name="test_routes_export_and_referential_helpers" time="0.012" /><testcase classname="tests.test_coverage_boost.TestReferentialManager" name="test_list_departments" time="0.001" /><testcase classname="tests.test_coverage_boost.TestReferentialManager" name="test_invalidate_all" time="0.002" /><testcase classname="tests.test_coverage_boost.TestReferentialManager" name="test_stats" time="0.001" /><testcase classname="tests.test_coverage_boost.TestMatchSavoirSemanticOnly" name="test_no_keyword_match_semantic_only" time="0.002" /><testcase classname="tests.test_coverage_boost.TestMatchSavoirSemanticOnly" name="test_no_keyword_no_semantic" time="0.004" /><testcase classname="tests.test_coverage_boost.TestGetEffectiveReferentialAliases" name="test_get_effective_gc_referential" time="0.001" /><testcase classname="tests.test_coverage_boost2.TestLlm" name="test_llm_model_default" time="0.001" /><testcase classname="tests.test_coverage_final.TestReferentialExtra" name="test_fetch_savoirs_from_db_with_nom" time="0.003" /><testcase classname="tests.test_coverage_final.TestReferentialExtra" name="test_fetch_savoirs_from_db_exception" time="0.006" /><testcase classname="tests.test_coverage_final.TestReferentialExtra" name="test_fetch_competences_from_db_exception" time="0.004" /><testcase classname="tests.test_coverage_final.TestReferentialExtra" name="test_fetch_domaines_from_db_exception" time="0.002" /><testcase classname="tests.test_coverage_final.TestReferentialExtra" name="test_fetch_niveaux_from_db_no_niveau_column" time="0.006" /><testcase classname="tests.test_coverage_final.TestReferentialExtra" name="test_load_ref_from_db_tables_not_exist" time="0.003" /><testcase classname="tests.test_coverage_final.TestReferentialExtra" name="test_load_ref_from_db_exception" time="0.001" /><testcase classname="tests.test_coverage_final.TestReferentialExtra" name="test_load_generic_ref_mapping_not_found" time="0.024" /><testcase classname="tests.test_coverage_final.TestReferentialExtra" name="test_load_generic_ref_missing_keys" time="0.017" /><testcase classname="tests.test_coverage_final.TestReferentialExtra" name="test_get_effective_referential_db_none_gc" time="0.001" /><testcase classname="tests.test_coverage_final.TestReferentialExtra" name="test_get_effective_referential_db_none_other" time="0.001" /><testcase classname="tests.test_coverage_final.TestReferentialExtra" name="test_match_gc_savoir_semantic_not_ok" time="0.001" /><testcase classname="tests.test_coverage_final.TestReferentialExtra" name="test_match_gc_savoir_semantic_corpus_empty" time="0.001" /><testcase classname="tests.test_coverage_final.TestReferentialExtra" name="test_match_gc_savoir_semantic_model_none" time="0.001" /><testcase classname="tests.test_coverage_final.TestReferentialExtra" name="test_gc_ref_niveau_missing" time="0.001" /><testcase classname="tests.test_coverage_final.TestReferentialExtra" name="test_suggest_gc_enseignants_match" time="0.002" /><testcase classname="tests.test_coverage_final.TestReferentialExtra" name="test_suggest_gc_enseignants_no_match" time="0.001" /><testcase classname="tests.test_coverage_final.TestReferentialExtra" name="test_detect_by_filename_all_variants" time="0.001" /><testcase classname="tests.test_coverage_final.TestReferentialExtra" name="test_match_gc_competence_no_match" time="0.001" /><testcase classname="tests.test_coverage_final.TestReferentialExtra" name="test_match_gc_competence_with_match" time="0.001" /><testcase classname="tests.test_coverage_final.TestReferentialExtra" name="test_build_semantic_corpus_no_model" time="0.001" /><testcase classname="tests.test_coverage_final.TestReferentialExtra" name="test_contains_any" time="0.001" /><testcase classname="tests.test_db_referential_coverage" name="test_fetch_all_enseignants_info_secondary_query_failure" time="0.005"><failure message="AssertionError: assert set() == {'E001'}&#10;  &#10;  Extra items in the right set:&#10;  'E001'&#10;  Use -v to get more diff">tests\test_db_referential_coverage.py:38: in test_fetch_all_enseignants_info_secondary_query_failure
    assert set(out.keys()) == {"E001"}
E   AssertionError: assert set() == {'E001'}
E     
E     Extra items in the right set:
E     'E001'
E     Use -v to get more diff</failure></testcase><testcase classname="tests.test_db_referential_coverage" name="test_fetch_all_enseignants_info_cache_hit" time="0.003"><failure message="AssertionError: assert {} == {'E001': Ense...ules=['SQL'])}&#10;  &#10;  Right contains 1 more item:&#10;  {'E001': EnseignantInfo(id='E001', nom='Benali', prenom='Ahmed', modules=['SQL'])}&#10;  Use -v to get more diff">tests\test_db_referential_coverage.py:56: in test_fetch_all_enseignants_info_cache_hit
    assert out == cached
E   AssertionError: assert {} == {'E001': Ense...ules=['SQL'])}
E     
E     Right contains 1 more item:
E     {'E001': EnseignantInfo(id='E001', nom='Benali', prenom='Ahmed', modules=['SQL'])}
E     Use -v to get more diff</failure></testcase><testcase classname="tests.test_db_referential_coverage" name="test_fetch_savoirs_from_db_with_string_keywords_and_without_dept_column" time="0.002" /><testcase classname="tests.test_db_referential_coverage" name="test_fetch_competences_and_domaines_db_success" time="0.003" /><testcase classname="tests.test_db_referential_coverage" name="test_fetch_niveaux_from_db_success" time="0.003" /><testcase classname="tests.test_db_referential_coverage" name="test_load_ref_from_db_gc_and_cache" time="0.003"><failure message="TypeError: 'NoneType' object is not subscriptable">tests\test_db_referential_coverage.py:119: in test_load_ref_from_db_gc_and_cache
    assert merged["savoirs"]["S1"] == ["kw1", "savoir 1"]
E   TypeError: 'NoneType' object is not subscriptable</failure></testcase><testcase classname="tests.test_db_referential_coverage" name="test_load_ref_from_db_missing_table_returns_none" time="0.001" /><testcase classname="tests.test_db_referential_coverage" name="test_load_generic_ref_success_and_fallbacks" time="0.008" /><testcase classname="tests.test_db_referential_coverage" name="test_effective_referential_and_helpers" time="0.002" /><testcase classname="tests.test_db_referential_coverage" name="test_match_savoir_competence_and_suggestion" time="0.001" /><testcase classname="tests.test_extraction.TestEffectiveReferential" name="test_gc_returns_builtin" time="0.001" /><testcase classname="tests.test_extraction.TestEffectiveReferential" name="test_info_returns_json_ref" time="0.002" /><testcase classname="tests.test_extraction.TestEffectiveReferential" name="test_all_known_depts_return_nonempty" time="0.004" /><testcase classname="tests.test_gc_referential.TestMatchGcSavoir" name="test_returns_list" time="0.006" /><testcase classname="tests.test_gc_referential.TestMatchGcSavoir" name="test_match_fondation" time="0.005" /><testcase classname="tests.test_gc_referential.TestMatchGcSavoir" name="test_match_beton_arme" time="0.005" /><testcase classname="tests.test_gc_referential.TestMatchGcSavoir" name="test_match_route" time="0.006" /><testcase classname="tests.test_gc_referential.TestMatchGcSavoir" name="test_match_hydraulique" time="0.005" /><testcase classname="tests.test_gc_referential.TestMatchGcSavoir" name="test_match_urbanisme" time="0.007" /><testcase classname="tests.test_gc_referential.TestMatchGcSavoir" name="test_no_match_returns_empty" time="0.005" /><testcase classname="tests.test_gc_referential.TestMatchGcSavoir" name="test_sorted_by_relevance" time="0.005" /><testcase classname="tests.test_gc_referential.TestMatchGcSavoir" name="test_empty_text" time="0.006" /><testcase classname="tests.test_gc_referential.TestGcRefNiveau" name="test_known_code_S2a" time="0.001" /><testcase classname="tests.test_gc_referential.TestGcRefNiveau" name="test_known_code_S6b" time="0.001" /><testcase classname="tests.test_gc_referential.TestGcRefNiveau" name="test_known_code_C1b" time="0.001" /><testcase classname="tests.test_gc_referential.TestGcRefNiveau" name="test_known_expert_code" time="0.001" /><testcase classname="tests.test_gc_referential.TestGcRefNiveau" name="test_unknown_code_returns_none" time="0.001" /><testcase classname="tests.test_gc_referential.TestGcRefNiveau" name="test_empty_list_returns_none" time="0.001" /><testcase classname="tests.test_gc_referential.TestGcRefNiveau" name="test_first_known_wins" time="0.001" /><testcase classname="tests.test_gc_referential.TestGcRefNiveau" name="test_all_valid_niveaux_are_standard" time="0.002" /><testcase classname="tests.test_gc_referential.TestMatchGcCompetence" name="test_match_sols" time="0.002" /><testcase classname="tests.test_gc_referential.TestMatchGcCompetence" name="test_match_construction" time="0.002" /><testcase classname="tests.test_gc_referential.TestMatchGcCompetence" name="test_match_physique_batiment" time="0.002" /><testcase classname="tests.test_gc_referential.TestMatchGcCompetence" name="test_match_eau" time="0.002" /><testcase classname="tests.test_gc_referential.TestMatchGcCompetence" name="test_match_urbanisme" time="0.002" /><testcase classname="tests.test_gc_referential.TestMatchGcCompetence" name="test_match_transversal" time="0.002" /><testcase classname="tests.test_gc_referential.TestMatchGcCompetence" name="test_no_match_returns_none" time="0.002" /><testcase classname="tests.test_gc_referential.TestMatchGcCompetence" name="test_empty_text_returns_none" time="0.002" /><testcase classname="tests.test_gc_referential.TestSuggestGcEnseignants" name="test_returns_list" time="0.001" /><testcase classname="tests.test_gc_referential.TestSuggestGcEnseignants" name="test_no_match_returns_empty" time="0.001" /><testcase classname="tests.test_gc_referential.TestSuggestGcEnseignants" name="test_multiple_teachers_matched" time="0.001" /><testcase classname="tests.test_gc_referential.TestSuggestGcEnseignants" name="test_empty_codes_returns_empty" time="0.001" /><testcase classname="tests.test_gc_referential.TestSuggestGcEnseignants" name="test_db_unavailable_returns_empty" time="0.002" /><testcase classname="tests.test_gc_referential.TestGcReferentialIntegrity" name="test_all_savoir_codes_non_empty" time="0.001" /><testcase classname="tests.test_gc_referential.TestGcReferentialIntegrity" name="test_all_competence_codes_have_keywords" time="0.001" /><testcase classname="tests.test_gc_referential.TestGcReferentialIntegrity" name="test_niveaux_values_are_valid" time="0.001" /><testcase classname="tests.test_gc_referential.TestGcReferentialIntegrity" name="test_niveaux_codes_exist_in_savoirs" time="0.001" /><testcase classname="tests.test_gc_referential.TestGcReferentialIntegrity" name="test_domaine_codes_non_empty" time="0.001" /><testcase classname="tests.test_llm.TestLLMConfig" name="test_llm_model_is_string" time="0.001" /><testcase classname="tests.test_llm.TestLLMChat" name="test_raises_with_model_kwarg" time="0.001" /><testcase classname="tests.test_models.TestEnseignantInfo" name="test_basic_creation" time="0.001" /><testcase classname="tests.test_models.TestEnseignantInfo" name="test_with_modules" time="0.001" /><testcase classname="tests.test_models.TestEnseignantInfo" name="test_empty_modules_default" time="0.001" /><testcase classname="tests.test_models.TestSavoirProposition" name="test_basic_creation" time="0.001" /><testcase classname="tests.test_models.TestSavoirProposition" name="test_with_all_fields" time="0.001" /><testcase classname="tests.test_models.TestSousCompetenceProposition" name="test_basic_creation" time="0.001" /><testcase classname="tests.test_models.TestSousCompetenceProposition" name="test_with_savoirs" time="0.001" /><testcase classname="tests.test_models.TestCompetenceProposition" name="test_basic_creation" time="0.001" /><testcase classname="tests.test_models.TestCompetenceProposition" name="test_with_sous_competences" time="0.001" /><testcase classname="tests.test_models.TestDomaineProposition" name="test_basic_creation" time="0.001" /><testcase classname="tests.test_models.TestDomaineProposition" name="test_with_competences" time="0.001" /><testcase classname="tests.test_models.TestFicheEnseignantExtrait" name="test_basic_creation" time="0.001" /><testcase classname="tests.test_models.TestFicheEnseignantExtrait" name="test_with_all_fields" time="0.001" /><testcase classname="tests.test_models.TestRiceAnalysisResult" name="test_basic_creation" time="0.001" /><testcase classname="tests.test_models.TestRiceAnalysisResult" name="test_with_propositions" time="0.001" /><testcase classname="tests.test_models.TestValidateRequest" name="test_basic_creation" time="0.001" /><testcase classname="tests.test_models.TestValidateRequest" name="test_overwrite_true" time="0.001" /><testcase classname="tests.test_models.TestValidateSummary" name="test_basic_creation" time="0.001" /><testcase classname="tests.test_models.TestValidateSummary" name="test_with_errors" time="0.001" /><testcase classname="tests.test_pure_module_coverage.TestReferentialPureHelpers" name="test_fetch_savoirs_from_db_variants" time="0.001" /><testcase classname="tests.test_pure_module_coverage.TestReferentialPureHelpers" name="test_fetch_savoirs_from_db_without_dept_column" time="0.001" /><testcase classname="tests.test_pure_module_coverage.TestReferentialPureHelpers" name="test_fetch_competences_and_domaines_from_db" time="0.001" /><testcase classname="tests.test_pure_module_coverage.TestReferentialPureHelpers" name="test_fetch_helpers_table_missing_and_error" time="0.001" /><testcase classname="tests.test_pure_module_coverage.TestReferentialPureHelpers" name="test_fetch_niveaux_from_db_success_and_exception" time="0.002" /><testcase classname="tests.test_pure_module_coverage.TestReferentialPureHelpers" name="test_merge_helpers" time="0.002" /><testcase classname="tests.test_pure_module_coverage.TestReferentialPureHelpers" name="test_load_ref_from_db_cache_and_no_table" time="0.001"><failure message="AssertionError: assert None is {'cached': True}&#10; +  where None = &lt;function &lt;lambda&gt; at 0x000001E7074B3EC0&gt;('gc')&#10; +    where &lt;function &lt;lambda&gt; at 0x000001E7074B3EC0&gt; = ref._load_ref_from_db">tests\test_pure_module_coverage.py:181: in test_load_ref_from_db_cache_and_no_table
    assert ref._load_ref_from_db("gc") is cached
E   AssertionError: assert None is {'cached': True}
E    +  where None = &lt;function &lt;lambda&gt; at 0x000001E7074B3EC0&gt;('gc')
E    +    where &lt;function &lt;lambda&gt; at 0x000001E7074B3EC0&gt; = ref._load_ref_from_db</failure></testcase><testcase classname="tests.test_pure_module_coverage.TestReferentialPureHelpers" name="test_load_ref_from_db_gc_and_non_gc_merges" time="0.001"><failure message="TypeError: 'NoneType' object is not subscriptable">tests\test_pure_module_coverage.py:202: in test_load_ref_from_db_gc_and_non_gc_merges
    assert gc_ref["savoirs"]["S1"] == ["kw"]
E   TypeError: 'NoneType' object is not subscriptable</failure></testcase><testcase classname="tests.test_pure_module_coverage.TestReferentialPureHelpers" name="test_load_ref_from_db_exception" time="0.001" /><testcase classname="tests.test_pure_module_coverage.TestReferentialPureHelpers" name="test_load_generic_ref_paths" time="0.007" /><testcase classname="tests.test_pure_module_coverage.TestReferentialPureHelpers" name="test_effective_referential_priority_chain" time="0.001" /><testcase classname="tests.test_pure_module_coverage.TestReferentialPureHelpers" name="test_manager_methods_and_cache_invalidation" time="0.001" /><testcase classname="tests.test_pure_module_coverage.TestReferentialPureHelpers" name="test_detect_by_keywords_and_departement" time="0.002" /><testcase classname="tests.test_referential_extra" name="test_contains_any_true_and_false" time="0.001" /><testcase classname="tests.test_referential_extra" name="test_detect_by_filename_all_departments" time="0.001" /><testcase classname="tests.test_referential_extra" name="test_detect_by_up_code_variants" time="0.002" /><testcase classname="tests.test_referential_extra" name="test_detect_by_ue_code_and_module_code" time="0.004" /><testcase classname="tests.test_referential_extra" name="test_detect_by_keywords_bias_info_mt" time="0.001" /><testcase classname="tests.test_referential_extra" name="test_build_combined_text_ignores_decode_errors" time="0.001" /><testcase classname="tests.test_referential_extra" name="test_detect_departement_priority_chain" time="0.002" /><testcase classname="tests.test_rice_fixes.TestGetEffectiveReferential" name="test_gc_returns_gc_fallback" time="0.001" /><testcase classname="tests.test_rice_fixes.TestGetEffectiveReferential" name="test_info_without_db_returns_generic" time="0.002" /><testcase classname="tests.test_rice_fixes.TestGetEffectiveReferential" name="test_ge_without_db_returns_generic" time="0.002" /><testcase classname="tests.test_rice_fixes.TestGetEffectiveReferential" name="test_non_gc_with_db_returns_db_ref" time="0.001" /><testcase classname="tests.test_rice_fixes.TestGetEffectiveReferential" name="test_never_returns_empty_referential_for_non_gc" time="0.002" /><testcase classname="tests.test_rice_fixes.TestReferentialNiveauxAndDirectLinks" name="test_get_niveau_from_referentiel_uses_min_strict_variants" time="0.003" /><testcase classname="tests.test_rice_fixes.TestReferentialNiveauxAndDirectLinks" name="test_referential_direct_savoirs_have_parent_codes" time="0.031" /><testcase classname="tests.test_rice_universal.TestDeptRefManager" name="test_get_referential_gc_not_empty" time="0.002" /><testcase classname="tests.test_routes_extra.TestGetReferential" name="test_gc_referential" time="0.028" /><testcase classname="tests.test_routes_extra.TestGetReferential" name="test_info_referential" time="0.028" /><testcase classname="tests.test_routes_extra.TestGetReferential" name="test_default_departement" time="0.030" /></testsuite></testsuites>