<?xml version="1.0" encoding="utf-8"?><testsuites name="pytest tests"><testsuite name="pytest" errors="0" failures="0" skipped="0" tests="18" time="1.360" timestamp="2026-06-15T22:30:30.185567+01:00" hostname="DESKTOP-74J5GK8"><testcase classname="tests.test_analyzer_extra.TestGetNiveauFromReferentiel" name="test_exact_code_match" time="0.003" /><testcase classname="tests.test_analyzer_extra.TestGetNiveauFromReferentiel" name="test_variant_match" time="0.001" /><testcase classname="tests.test_analyzer_extra.TestGetNiveauFromReferentiel" name="test_bloom_fallback_on_empty_code" time="0.001" /><testcase classname="tests.test_analyzer_extra.TestGetNiveauFromReferentiel" name="test_bloom_fallback_on_unknown_code" time="0.001" /><testcase classname="tests.test_analyzer_extra.TestGetNiveauFromReferentiel" name="test_none_code_uses_bloom" time="0.001" /><testcase classname="tests.test_analyzer_extra.TestGetNiveauFromReferentiel" name="test_empty_niveaux_uses_bloom" time="0.005" /><testcase classname="tests.test_analyzer_extra.TestFallbackExtraction" name="test_returns_result" time="0.023" /><testcase classname="tests.test_analyzer_extra.TestFallbackExtraction" name="test_with_empty_text" time="0.010" /><testcase classname="tests.test_analyzer_extra.TestAnalyzeSingleFiche" name="test_basic_fiche" time="0.034" /><testcase classname="tests.test_analyzer_extra.TestAnalyzeSingleFiche" name="test_with_enseignants" time="0.031" /><testcase classname="tests.test_analyzer_extra.TestAnalyzeSingleFiche" name="test_empty_text" time="0.051" /><testcase classname="tests.test_analyzer_extra.TestAnalyzeFiles" name="test_single_text_file" time="0.046" /><testcase classname="tests.test_analyzer_extra.TestAnalyzeFiles" name="test_multiple_files" time="0.047" /><testcase classname="tests.test_analyzer_extra.TestAnalyzeFiles" name="test_with_enseignants_list" time="0.022" /><testcase classname="tests.test_analyzer_extra.TestAnalyzeFiles" name="test_empty_files_list" time="0.001" /><testcase classname="tests.test_analyzer_added" name="test_is_bad_domain_candidate_and_resolve_domain" time="0.002" /><testcase classname="tests.test_analyzer_added" name="test_build_savoir_and_competence_from_aa" time="0.011" /><testcase classname="tests.test_analyzer_added" name="test_fallback_extraction_and_analyze_files" time="0.042" /></testsuite></testsuites>