<?xml version="1.0" encoding="utf-8"?><testsuites><testsuite name="pytest" errors="0" failures="0" skipped="0" tests="250" time="12.780" timestamp="2026-05-23T01:25:01.272527+01:00" hostname="DESKTOP-74J5GK8"><testcase classname="tests.test_nlp.TestNormalize" name="test_lowercase" time="0.005" /><testcase classname="tests.test_nlp.TestNormalize" name="test_strips_accents" time="0.003" /><testcase classname="tests.test_nlp.TestNormalize" name="test_french_accents" time="0.001" /><testcase classname="tests.test_nlp.TestNormalize" name="test_empty_string" time="0.001" /><testcase classname="tests.test_nlp.TestNormalize" name="test_mixed" time="0.001" /><testcase classname="tests.test_nlp.TestSlug" name="test_basic" time="0.002" /><testcase classname="tests.test_nlp.TestSlug" name="test_max_len_respected" time="0.001" /><testcase classname="tests.test_nlp.TestSlug" name="test_short_words_ignored" time="0.001" /><testcase classname="tests.test_nlp.TestSlug" name="test_empty_string" time="0.002" /><testcase classname="tests.test_nlp.TestSlug" name="test_alphanumeric_only" time="0.002" /><testcase classname="tests.test_nlp.TestDetectBloomLevel" name="test_level_1_memorize" time="0.001" /><testcase classname="tests.test_nlp.TestDetectBloomLevel" name="test_level_2_understand" time="0.001" /><testcase classname="tests.test_nlp.TestDetectBloomLevel" name="test_level_3_apply" time="0.001" /><testcase classname="tests.test_nlp.TestDetectBloomLevel" name="test_level_4_analyze" time="0.002" /><testcase classname="tests.test_nlp.TestDetectBloomLevel" name="test_level_6_create" time="0.002" /><testcase classname="tests.test_nlp.TestDetectBloomLevel" name="test_gc_specific_verb" time="0.001" /><testcase classname="tests.test_nlp.TestDetectBloomLevel" name="test_default_level" time="0.001" /><testcase classname="tests.test_nlp.TestDetectBloomLevel" name="test_highest_level_wins" time="0.002" /><testcase classname="tests.test_nlp.TestBloomToNiveau" name="test_mapping[1-N1_DEBUTANT]" time="0.002" /><testcase classname="tests.test_nlp.TestBloomToNiveau" name="test_mapping[2-N2_ELEMENTAIRE]" time="0.002" /><testcase classname="tests.test_nlp.TestBloomToNiveau" name="test_mapping[3-N3_INTERMEDIAIRE]" time="0.001" /><testcase classname="tests.test_nlp.TestBloomToNiveau" name="test_mapping[4-N4_AVANCE]" time="0.001" /><testcase classname="tests.test_nlp.TestBloomToNiveau" name="test_mapping[5-N4_AVANCE]" time="0.001" /><testcase classname="tests.test_nlp.TestBloomToNiveau" name="test_mapping[6-N5_EXPERT]" time="0.005" /><testcase classname="tests.test_nlp.TestBloomToNiveau" name="test_unknown_defaults" time="0.002" /><testcase classname="tests.test_nlp.TestDetectType" name="test_pratique_tp" time="0.001" /><testcase classname="tests.test_nlp.TestDetectType" name="test_pratique_project" time="0.001" /><testcase classname="tests.test_nlp.TestDetectType" name="test_theorique_cours" time="0.001" /><testcase classname="tests.test_nlp.TestDetectType" name="test_theorique_default" time="0.001" /><testcase classname="tests.test_nlp.TestDetectType" name="test_gc_pratique" time="0.003" /><testcase classname="tests.test_nlp.TestDetectType" name="test_gc_theorique" time="0.002" /><testcase classname="tests.test_nlp.TestCleanName" name="test_valid_name" time="0.005" /><testcase classname="tests.test_nlp.TestCleanName" name="test_strips_title" time="0.001" /><testcase classname="tests.test_nlp.TestCleanName" name="test_removes_parentheses" time="0.002" /><testcase classname="tests.test_nlp.TestCleanName" name="test_too_short_returns_none" time="0.002" /><testcase classname="tests.test_nlp.TestCleanName" name="test_single_word_returns_none" time="0.001" /><testcase classname="tests.test_nlp.TestCleanName" name="test_all_stopwords_returns_none" time="0.001" /><testcase classname="tests.test_nlp.TestCleanName" name="test_with_digits_returns_none" time="0.001" /><testcase classname="tests.test_nlp.TestCleanName" name="test_all_caps_abbreviation_returns_none" time="0.001" /><testcase classname="tests.test_nlp.TestCleanName" name="test_strips_trailing_noise" time="0.001" /><testcase classname="tests.test_nlp.TestSplitNames" name="test_comma_separated" time="0.003" /><testcase classname="tests.test_nlp.TestSplitNames" name="test_semicolon_separated" time="0.001" /><testcase classname="tests.test_nlp.TestSplitNames" name="test_slash_separated" time="0.001" /><testcase classname="tests.test_nlp.TestSplitNames" name="test_newline_separated" time="0.001" /><testcase classname="tests.test_nlp.TestSplitNames" name="test_et_separator" time="0.001" /><testcase classname="tests.test_nlp.TestSplitNames" name="test_filters_invalid" time="0.001" /><testcase classname="tests.test_nlp.TestSplitNames" name="test_empty_string" time="0.002" /><testcase classname="tests.test_nlp.TestExtractMetadata" name="test_extracts_module_name" time="0.003" /><testcase classname="tests.test_nlp.TestExtractMetadata" name="test_extracts_unite_pedagogique" time="0.002" /><testcase classname="tests.test_nlp.TestExtractMetadata" name="test_extracts_responsable" time="0.002" /><testcase classname="tests.test_nlp.TestExtractMetadata" name="test_extracts_enseignants" time="0.003" /><testcase classname="tests.test_nlp.TestExtractMetadata" name="test_extracts_prerequis" time="0.002" /><testcase classname="tests.test_nlp.TestExtractMetadata" name="test_extracts_objectif" time="0.002" /><testcase classname="tests.test_nlp.TestExtractMetadata" name="test_empty_text" time="0.001" /><testcase classname="tests.test_nlp.TestExtractMetadata" name="test_no_false_positives_on_random_text" time="0.001" /><testcase classname="tests.test_nlp.TestExtractAcquisApprentissage" name="test_returns_list" time="0.003" /><testcase classname="tests.test_nlp.TestExtractAcquisApprentissage" name="test_extracts_correct_count" time="0.001" /><testcase classname="tests.test_nlp.TestExtractAcquisApprentissage" name="test_aa_has_id_text_bloom" time="0.001" /><testcase classname="tests.test_nlp.TestExtractAcquisApprentissage" name="test_bloom_level_range" time="0.001" /><testcase classname="tests.test_nlp.TestExtractAcquisApprentissage" name="test_empty_text_returns_empty" time="0.001" /><testcase classname="tests.test_nlp.TestExtractAcquisApprentissage" name="test_no_aa_section_returns_empty" time="0.001" /><testcase classname="tests.test_nlp.TestExtractSeances" name="test_returns_list" time="0.007" /><testcase classname="tests.test_nlp.TestExtractSeances" name="test_extracts_correct_count" time="0.001" /><testcase classname="tests.test_nlp.TestExtractSeances" name="test_seance_has_required_fields" time="0.001" /><testcase classname="tests.test_nlp.TestExtractSeances" name="test_seance_numero_correct" time="0.001" /><testcase classname="tests.test_nlp.TestExtractSeances" name="test_seance_items_extracted" time="0.001" /><testcase classname="tests.test_nlp.TestExtractSeances" name="test_empty_text_returns_empty" time="0.002" /><testcase classname="tests.test_nlp.TestMatchEnseignantsByName" name="test_exact_match" time="0.004" /><testcase classname="tests.test_nlp.TestMatchEnseignantsByName" name="test_reversed_name_match" time="0.001" /><testcase classname="tests.test_nlp.TestMatchEnseignantsByName" name="test_partial_lastname_match" time="0.001" /><testcase classname="tests.test_nlp.TestMatchEnseignantsByName" name="test_no_match" time="0.001" /><testcase classname="tests.test_nlp.TestMatchEnseignantsByName" name="test_multiple_matches" time="0.001" /><testcase classname="tests.test_nlp.TestMatchEnseignantsByName" name="test_empty_names_list" time="0.002" /><testcase classname="tests.test_nlp.TestMatchEnseignantsByName" name="test_empty_enseignants_list" time="0.001" /><testcase classname="tests.test_nlp.TestMatchEnseignantsByName" name="test_mapping_contains_matched_name" time="0.001" /><testcase classname="tests.test_nlp.TestMatchEnseignantsByModule" name="test_match_by_module_keyword" time="0.001" /><testcase classname="tests.test_nlp.TestMatchEnseignantsByModule" name="test_no_match" time="0.002" /><testcase classname="tests.test_nlp.TestMatchEnseignantsByModule" name="test_no_modules_registered" time="0.002" /><testcase classname="tests.test_enseignants.TestMatchEnseignantsByName" name="test_empty_fiche_names" time="0.002" /><testcase classname="tests.test_enseignants.TestMatchEnseignantsByName" name="test_empty_enseignants_list" time="0.001" /><testcase classname="tests.test_enseignants.TestMatchEnseignantsByName" name="test_exact_match" time="0.001" /><testcase classname="tests.test_enseignants.TestMatchEnseignantsByName" name="test_fuzzy_match_reversed_name" time="0.001" /><testcase classname="tests.test_enseignants.TestMatchEnseignantsByName" name="test_no_match" time="0.001" /><testcase classname="tests.test_enseignants.TestMatchEnseignantsByName" name="test_multiple_names" time="0.003" /><testcase classname="tests.test_enseignants.TestMatchEnseignantsByName" name="test_partial_last_name_match_fallback" time="0.002" /><testcase classname="tests.test_enseignants.TestMatchEnseignantsByModule" name="test_match_by_module_name" time="0.002" /><testcase classname="tests.test_enseignants.TestMatchEnseignantsByModule" name="test_no_match" time="0.002" /><testcase classname="tests.test_enseignants.TestMatchEnseignantsByModule" name="test_empty_enseignants" time="0.002" /><testcase classname="tests.test_enseignants.TestMatchEnseignantsByModule" name="test_short_module_name_ignored" time="0.001" /><testcase classname="tests.test_enseignants.TestMatchEnseignantsByModule" name="test_multiple_modules_one_enseignant" time="0.001" /><testcase classname="tests.test_enseignants.TestMatchEnseignantsByModule" name="test_empty_modules_list" time="0.001" /><testcase classname="tests.test_referential_extra" name="test_contains_any_true_and_false" time="0.001" /><testcase classname="tests.test_referential_extra" name="test_detect_by_filename_all_departments" time="0.002" /><testcase classname="tests.test_referential_extra" name="test_detect_by_up_code_variants" time="0.004" /><testcase classname="tests.test_referential_extra" name="test_detect_by_ue_code_and_module_code" time="0.005" /><testcase classname="tests.test_referential_extra" name="test_detect_by_keywords_bias_info_mt" time="0.001" /><testcase classname="tests.test_referential_extra" name="test_build_combined_text_ignores_decode_errors" time="0.001" /><testcase classname="tests.test_referential_extra" name="test_detect_departement_priority_chain" time="0.002" /><testcase classname="tests.test_gc_referential.TestMatchGcSavoir" name="test_returns_list" time="8.824" /><testcase classname="tests.test_gc_referential.TestMatchGcSavoir" name="test_match_fondation" time="0.025" /><testcase classname="tests.test_gc_referential.TestMatchGcSavoir" name="test_match_beton_arme" time="0.034" /><testcase classname="tests.test_gc_referential.TestMatchGcSavoir" name="test_match_route" time="0.024" /><testcase classname="tests.test_gc_referential.TestMatchGcSavoir" name="test_match_hydraulique" time="0.027" /><testcase classname="tests.test_gc_referential.TestMatchGcSavoir" name="test_match_urbanisme" time="0.024" /><testcase classname="tests.test_gc_referential.TestMatchGcSavoir" name="test_no_match_returns_empty" time="0.023" /><testcase classname="tests.test_gc_referential.TestMatchGcSavoir" name="test_sorted_by_relevance" time="0.025" /><testcase classname="tests.test_gc_referential.TestMatchGcSavoir" name="test_empty_text" time="0.025" /><testcase classname="tests.test_gc_referential.TestGcRefNiveau" name="test_known_code_S2a" time="0.001" /><testcase classname="tests.test_gc_referential.TestGcRefNiveau" name="test_known_code_S6b" time="0.002" /><testcase classname="tests.test_gc_referential.TestGcRefNiveau" name="test_known_code_C1b" time="0.002" /><testcase classname="tests.test_gc_referential.TestGcRefNiveau" name="test_known_expert_code" time="0.002" /><testcase classname="tests.test_gc_referential.TestGcRefNiveau" name="test_unknown_code_returns_none" time="0.001" /><testcase classname="tests.test_gc_referential.TestGcRefNiveau" name="test_empty_list_returns_none" time="0.001" /><testcase classname="tests.test_gc_referential.TestGcRefNiveau" name="test_first_known_wins" time="0.003" /><testcase classname="tests.test_gc_referential.TestGcRefNiveau" name="test_all_valid_niveaux_are_standard" time="0.002" /><testcase classname="tests.test_gc_referential.TestMatchGcCompetence" name="test_match_sols" time="0.003" /><testcase classname="tests.test_gc_referential.TestMatchGcCompetence" name="test_match_construction" time="0.002" /><testcase classname="tests.test_gc_referential.TestMatchGcCompetence" name="test_match_physique_batiment" time="0.003" /><testcase classname="tests.test_gc_referential.TestMatchGcCompetence" name="test_match_eau" time="0.003" /><testcase classname="tests.test_gc_referential.TestMatchGcCompetence" name="test_match_urbanisme" time="0.003" /><testcase classname="tests.test_gc_referential.TestMatchGcCompetence" name="test_match_transversal" time="0.003" /><testcase classname="tests.test_gc_referential.TestMatchGcCompetence" name="test_no_match_returns_none" time="0.004" /><testcase classname="tests.test_gc_referential.TestMatchGcCompetence" name="test_empty_text_returns_none" time="0.003" /><testcase classname="tests.test_gc_referential.TestSuggestGcEnseignants" name="test_returns_list" time="0.002" /><testcase classname="tests.test_gc_referential.TestSuggestGcEnseignants" name="test_no_match_returns_empty" time="0.002" /><testcase classname="tests.test_gc_referential.TestSuggestGcEnseignants" name="test_multiple_teachers_matched" time="0.002" /><testcase classname="tests.test_gc_referential.TestSuggestGcEnseignants" name="test_empty_codes_returns_empty" time="0.002" /><testcase classname="tests.test_gc_referential.TestSuggestGcEnseignants" name="test_db_unavailable_returns_empty" time="0.003" /><testcase classname="tests.test_gc_referential.TestGcReferentialIntegrity" name="test_all_savoir_codes_non_empty" time="0.001" /><testcase classname="tests.test_gc_referential.TestGcReferentialIntegrity" name="test_all_competence_codes_have_keywords" time="0.001" /><testcase classname="tests.test_gc_referential.TestGcReferentialIntegrity" name="test_niveaux_values_are_valid" time="0.002" /><testcase classname="tests.test_gc_referential.TestGcReferentialIntegrity" name="test_niveaux_codes_exist_in_savoirs" time="0.002" /><testcase classname="tests.test_gc_referential.TestGcReferentialIntegrity" name="test_domaine_codes_non_empty" time="0.001" /><testcase classname="tests.test_error_handlers.TestEnvelope" name="test_envelope_structure" time="0.001" /><testcase classname="tests.test_error_handlers.TestEnvelope" name="test_envelope_422" time="0.002" /><testcase classname="tests.test_error_handlers.TestTraceId" name="test_trace_id_from_header" time="0.001" /><testcase classname="tests.test_error_handlers.TestTraceId" name="test_trace_id_from_state" time="0.002" /><testcase classname="tests.test_error_handlers.TestTraceId" name="test_trace_id_generates_uuid" time="0.001" /><testcase classname="tests.test_error_handlers.TestHTTPExceptionHandler" name="test_http_404" time="0.021" /><testcase classname="tests.test_error_handlers.TestHTTPExceptionHandler" name="test_http_403" time="0.010" /><testcase classname="tests.test_error_handlers.TestValidationExceptionHandler" name="test_validation_error_returns_422" time="0.018" /><testcase classname="tests.test_error_handlers.TestGenericExceptionHandler" name="test_generic_exception_returns_500" time="0.018" /><testcase classname="tests.test_upload_security" name="test_sanitize_keeps_legitimate_filename" time="0.002" /><testcase classname="tests.test_upload_security" name="test_sanitize_strips_path_components" time="0.001" /><testcase classname="tests.test_upload_security" name="test_sanitize_empty_falls_back_to_index" time="0.001" /><testcase classname="tests.test_upload_security" name="test_sanitize_truncates_too_long_names" time="0.001" /><testcase classname="tests.test_upload_security" name="test_validate_rejects_empty_content" time="0.001" /><testcase classname="tests.test_upload_security" name="test_validate_rejects_oversized_content" time="0.012" /><testcase classname="tests.test_upload_security" name="test_validate_rejects_bad_extension" time="0.001" /><testcase classname="tests.test_upload_security" name="test_validate_rejects_path_traversal" time="0.001" /><testcase classname="tests.test_upload_security" name="test_validate_rejects_fake_pdf" time="0.001" /><testcase classname="tests.test_upload_security" name="test_validate_accepts_real_pdf" time="0.001" /><testcase classname="tests.test_upload_security" name="test_validate_accepts_docx" time="0.001" /><testcase classname="tests.test_upload_security" name="test_validate_accepts_doc_ole2" time="0.001" /><testcase classname="tests.test_upload_security" name="test_batch_rejects_empty_list" time="0.001" /><testcase classname="tests.test_upload_security" name="test_batch_rejects_too_many_files" time="0.001" /><testcase classname="tests.test_upload_security" name="test_batch_accepts_valid_batch" time="0.001" /><testcase classname="tests.test_upload_security" name="test_batch_stops_at_first_error" time="0.001" /><testcase classname="tests.test_ratelimit.TestGetClientIp" name="test_direct_client" time="0.001" /><testcase classname="tests.test_ratelimit.TestGetClientIp" name="test_forwarded_for_header" time="0.001" /><testcase classname="tests.test_ratelimit.TestGetClientIp" name="test_no_client" time="0.001" /><testcase classname="tests.test_ratelimit.TestCheckRate" name="test_first_request_allowed" time="0.001" /><testcase classname="tests.test_ratelimit.TestCheckRate" name="test_requests_within_limit" time="0.001" /><testcase classname="tests.test_ratelimit.TestCheckRate" name="test_request_exceeds_limit" time="0.002" /><testcase classname="tests.test_ratelimit.TestCheckRate" name="test_different_ips_independent" time="0.001" /><testcase classname="tests.test_ratelimit.TestCheckRate" name="test_new_window_after_expiry" time="0.001" /><testcase classname="tests.test_ratelimit.TestCheckRate" name="test_reset_seconds_positive" time="0.002" /><testcase classname="tests.test_ratelimit.TestCleanupStale" name="test_removes_old_entries" time="0.001" /><testcase classname="tests.test_ratelimit.TestCleanupStale" name="test_no_cleanup_if_too_recent" time="0.001" /><testcase classname="tests.test_ratelimit.TestRateLimitMiddleware" name="test_non_protected_path_passes_through" time="0.013" /><testcase classname="tests.test_ratelimit.TestRateLimitMiddleware" name="test_rate_limit_headers_on_protected_path" time="0.007" /><testcase classname="tests.test_jwt_middleware.TestJWTValidation" name="test_valid_token_passes" time="0.011" /><testcase classname="tests.test_jwt_middleware.TestJWTValidation" name="test_missing_token_returns_401" time="0.007" /><testcase classname="tests.test_jwt_middleware.TestJWTValidation" name="test_expired_token_returns_401" time="0.007" /><testcase classname="tests.test_jwt_middleware.TestJWTValidation" name="test_invalid_token_returns_401" time="0.008" /><testcase classname="tests.test_jwt_middleware.TestJWTValidation" name="test_public_path_skips_auth" time="0.009" /><testcase classname="tests.test_jwt_middleware.TestJWTValidation" name="test_options_skips_auth" time="0.009" /><testcase classname="tests.test_jwt_middleware.TestJWTValidation" name="test_auth_disabled_passes" time="0.014" /><testcase classname="tests.test_jwt_middleware.TestJWTValidation" name="test_cookie_token_accepted" time="0.012" /><testcase classname="tests.test_jwt_middleware.TestJWTValidation" name="test_token_injects_user_state" time="0.010" /><testcase classname="tests.test_jwt_middleware.TestPublicPaths" name="test_health_is_public" time="0.002" /><testcase classname="tests.test_jwt_middleware.TestPublicPaths" name="test_docs_public_in_dev" time="0.001" /><testcase classname="tests.test_observability.TestPIIRedactingFilter" name="test_redact_email" time="0.001" /><testcase classname="tests.test_observability.TestPIIRedactingFilter" name="test_redact_bearer_token" time="0.001" /><testcase classname="tests.test_observability.TestPIIRedactingFilter" name="test_redact_phone_number" time="0.001" /><testcase classname="tests.test_observability.TestPIIRedactingFilter" name="test_redact_cin" time="0.002" /><testcase classname="tests.test_observability.TestPIIRedactingFilter" name="test_redact_password_param" time="0.001" /><testcase classname="tests.test_observability.TestPIIRedactingFilter" name="test_redact_token_param" time="0.001" /><testcase classname="tests.test_observability.TestPIIRedactingFilter" name="test_redact_secret_param" time="0.001" /><testcase classname="tests.test_observability.TestPIIRedactingFilter" name="test_redact_api_key_param" time="0.001" /><testcase classname="tests.test_observability.TestPIIRedactingFilter" name="test_redact_json_password" time="0.001" /><testcase classname="tests.test_observability.TestPIIRedactingFilter" name="test_redact_json_token" time="0.001" /><testcase classname="tests.test_observability.TestPIIRedactingFilter" name="test_no_redaction_needed" time="0.002" /><testcase classname="tests.test_observability.TestPIIRedactingFilter" name="test_redact_non_string_input" time="0.001" /><testcase classname="tests.test_observability.TestPIIRedactingFilter" name="test_redact_none_converted" time="0.001" /><testcase classname="tests.test_observability.TestPIIRedactingFilter" name="test_filter_method_returns_true" time="0.001" /><testcase classname="tests.test_observability.TestPIIRedactingFilter" name="test_multiple_pii_in_one_message" time="0.001" /><testcase classname="tests.test_observability.TestPIIRedactingFilter" name="test_patterns_are_compiled" time="0.001" /><testcase classname="tests.test_observability.TestLoggingConfig" name="test_configure_logging_idempotent" time="0.005" /><testcase classname="tests.test_observability.TestLoggingConfig" name="test_logging_config_structure" time="0.001" /><testcase classname="tests.test_observability.TestLoggingConfig" name="test_pii_filter_in_handler" time="0.001" /><testcase classname="tests.test_observability.TestLoggingConfig" name="test_loggers_configured" time="0.001" /><testcase classname="tests.test_routes_extra.TestGetReferential" name="test_gc_referential" time="0.040" /><testcase classname="tests.test_routes_extra.TestGetReferential" name="test_info_referential" time="0.035" /><testcase classname="tests.test_routes_extra.TestGetReferential" name="test_default_departement" time="0.040" /><testcase classname="tests.test_routes_extra.TestMatchText" name="test_match_gc_text" time="0.055" /><testcase classname="tests.test_routes_extra.TestMatchText" name="test_match_missing_text" time="0.047" /><testcase classname="tests.test_routes_extra.TestExportCsv" name="test_export_csv" time="0.055" /><testcase classname="tests.test_routes_extra.TestExportCsv" name="test_export_csv_with_sous_competences" time="0.046" /><testcase classname="tests.test_routes_extra.TestRefreshCache" name="test_refresh_cache" time="0.038" /><testcase classname="tests.test_routes_extra.TestGetCurrentUser" name="test_auth_disabled_returns_none" time="0.001" /><testcase classname="tests.test_routes_extra.TestGetCurrentUser" name="test_auth_enabled_no_user_raises" time="0.003" /><testcase classname="tests.test_routes_extra.TestGetCurrentUser" name="test_auth_enabled_with_user" time="0.001" /><testcase classname="tests.test_routes_coverage_batch2" name="test_csv_header_and_build_export_row" time="0.001" /><testcase classname="tests.test_routes_coverage_batch2" name="test_iter_export_rows_direct_and_sous_comp" time="0.001" /><testcase classname="tests.test_routes_coverage_batch2" name="test_upsert_savoir_insert_and_update_paths" time="0.002" /><testcase classname="tests.test_routes_coverage_batch2" name="test_upsert_savoir_error_and_link_error_paths" time="0.006" /><testcase classname="tests.test_routes_coverage_batch2" name="test_upsert_savoir_sous_comp_and_sous_comp_aggregate" time="0.006" /><testcase classname="tests.test_routes_coverage_batch2" name="test_upsert_sous_competence_failure" time="0.003" /><testcase classname="tests.test_routes_validate_helpers" name="test_empty_validate_counts_and_accumulate" time="0.002" /><testcase classname="tests.test_routes_validate_helpers" name="test_upsert_domaine_success_and_failure" time="0.002" /><testcase classname="tests.test_routes_validate_helpers" name="test_upsert_competence_success_and_failure" time="0.003" /><testcase classname="tests.test_routes_validate_helpers" name="test_process_validate_propositions_aggregates" time="0.003" /><testcase classname="tests.test_routes_validate_helpers" name="test_process_competence_savoirs_and_subcompetences" time="0.003" /><testcase classname="tests.test_coverage_additions_helpers" name="test_extract_aa_block_trims_at_section_boundary" time="0.001" /><testcase classname="tests.test_coverage_additions_helpers" name="test_prepare_analyze_inputs_success_and_auto_detection" time="0.006" /><testcase classname="tests.test_coverage_additions_helpers" name="test_prepare_analyze_inputs_error_paths" time="0.006" /><testcase classname="tests.test_coverage_additions_helpers" name="test_routes_export_and_referential_helpers" time="0.004" /><testcase classname="tests.test_coverage_additions_helpers" name="test_rice_analyze_and_write_competence_rows" time="0.006" /><testcase classname="tests.test_coverage_additions_helpers" name="test_routes_validate_connection_and_transaction" time="0.006" /><testcase classname="tests.test_coverage_additions_helpers" name="test_routes_close_validate_connection_exception" time="0.002" /><testcase classname="tests.test_coverage_additions_helpers" name="test_routes_validate_helper_continue_branch" time="0.003" /><testcase classname="tests.test_coverage_additions_helpers" name="test_rice_validate_happy_and_error_paths" time="0.005" /><testcase classname="tests.test_coverage_additions_helpers" name="test_validate_helpers_branches_and_summary" time="0.004" /><testcase classname="tests.test_pure_module_coverage.TestEnseignantsPureHelpers" name="test_normalize_match_name_strips_roles" time="0.002" /><testcase classname="tests.test_pure_module_coverage.TestEnseignantsPureHelpers" name="test_match_by_name_substring_branch" time="0.001" /><testcase classname="tests.test_pure_module_coverage.TestEnseignantsPureHelpers" name="test_match_by_module_ignores_short_modules" time="0.002" /><testcase classname="tests.test_pure_module_coverage.TestReferentialPureHelpers" name="test_fetch_savoirs_from_db_variants" time="0.001" /><testcase classname="tests.test_pure_module_coverage.TestReferentialPureHelpers" name="test_fetch_savoirs_from_db_without_dept_column" time="0.001" /><testcase classname="tests.test_pure_module_coverage.TestReferentialPureHelpers" name="test_fetch_competences_and_domaines_from_db" time="0.002" /><testcase classname="tests.test_pure_module_coverage.TestReferentialPureHelpers" name="test_fetch_helpers_table_missing_and_error" time="0.001" /><testcase classname="tests.test_pure_module_coverage.TestReferentialPureHelpers" name="test_fetch_niveaux_from_db_success_and_exception" time="0.001" /><testcase classname="tests.test_pure_module_coverage.TestReferentialPureHelpers" name="test_merge_helpers" time="0.001" /><testcase classname="tests.test_pure_module_coverage.TestReferentialPureHelpers" name="test_load_ref_from_db_cache_and_no_table" time="0.004" /><testcase classname="tests.test_pure_module_coverage.TestReferentialPureHelpers" name="test_load_ref_from_db_gc_and_non_gc_merges" time="0.005" /><testcase classname="tests.test_pure_module_coverage.TestReferentialPureHelpers" name="test_load_ref_from_db_exception" time="0.003" /><testcase classname="tests.test_pure_module_coverage.TestReferentialPureHelpers" name="test_load_generic_ref_paths" time="0.014" /><testcase classname="tests.test_pure_module_coverage.TestReferentialPureHelpers" name="test_effective_referential_priority_chain" time="0.001" /><testcase classname="tests.test_pure_module_coverage.TestReferentialPureHelpers" name="test_manager_methods_and_cache_invalidation" time="0.001" /><testcase classname="tests.test_pure_module_coverage.TestReferentialPureHelpers" name="test_detect_by_keywords_and_departement" time="0.002" /></testsuite></testsuites>