<?xml version="1.0" encoding="utf-8"?><testsuites><testsuite name="pytest" errors="0" failures="3" skipped="0" tests="171" time="4.010" timestamp="2026-05-20T02:55:15.567738+01:00" hostname="DESKTOP-74J5GK8"><testcase classname="tests.test_api.TestHealth" name="test_health_returns_200" time="0.042" /><testcase classname="tests.test_api.TestHealth" name="test_health_schema" time="0.012" /><testcase classname="tests.test_api.TestHealth" name="test_health_status_healthy_or_degraded" time="0.010" /><testcase classname="tests.test_api.TestJWTEnforcement" name="test_gaps_no_token_returns_401" time="0.006" /><testcase classname="tests.test_api.TestJWTEnforcement" name="test_alerts_no_token_returns_401" time="0.002" /><testcase classname="tests.test_api.TestJWTEnforcement" name="test_dashboard_no_token_returns_401" time="0.002" /><testcase classname="tests.test_api.TestJWTEnforcement" name="test_error_body_follows_dsi_format" time="0.213" /><testcase classname="tests.test_api.TestGapsEndpoint" name="test_gaps_returns_200" time="0.157" /><testcase classname="tests.test_api.TestGapsEndpoint" name="test_gaps_response_has_pagination_fields" time="0.012" /><testcase classname="tests.test_api.TestGapsEndpoint" name="test_gaps_empty_list_when_no_data" time="0.010" /><testcase classname="tests.test_api.TestGapsEndpoint" name="test_gaps_pagination_params" time="0.010" /><testcase classname="tests.test_api.TestGapsEndpoint" name="test_gaps_invalid_size_returns_422" time="0.006" /><testcase classname="tests.test_api.TestRecommendationsEndpoint" name="test_recommendations_returns_200" time="0.020" /><testcase classname="tests.test_api.TestRecommendationsEndpoint" name="test_recommendations_has_pagination" time="0.011" /><testcase classname="tests.test_api.TestRecommendationsEndpoint" name="test_recommendations_empty_when_no_data" time="0.010" /><testcase classname="tests.test_api.TestTrainingPathEndpoint" name="test_training_path_404_when_not_found" time="0.015" /><testcase classname="tests.test_api.TestTrainingPathEndpoint" name="test_training_path_404_body_has_message" time="0.011" /><testcase classname="tests.test_api.TestAlertsEndpoint" name="test_alerts_returns_200" time="0.026" /><testcase classname="tests.test_api.TestAlertsEndpoint" name="test_alerts_has_pagination" time="0.011" /><testcase classname="tests.test_api.TestAlertsEndpoint" name="test_alerts_filter_by_statut" time="0.016" /><testcase classname="tests.test_api.TestAlertsEndpoint" name="test_alerts_filter_by_severite" time="0.016" /><testcase classname="tests.test_api.TestAlertsEndpoint" name="test_alerts_combined_filters" time="0.017" /><testcase classname="tests.test_api.TestAlertsEndpoint" name="test_alerts_page_size_too_large_returns_422" time="0.007" /><testcase classname="tests.test_api.TestAlertUpdateEndpoint" name="test_patch_alert_404_when_missing" time="0.013" /><testcase classname="tests.test_api.TestAlertUpdateEndpoint" name="test_patch_alert_invalid_statut_returns_4xx" time="0.006" /><testcase classname="tests.test_api.TestDashboardEndpoints" name="test_dashboard_global_returns_200" time="0.083" /><testcase classname="tests.test_api.TestDashboardEndpoints" name="test_dashboard_global_has_required_keys" time="0.039" /><testcase classname="tests.test_api.TestDashboardEndpoints" name="test_dashboard_declining_competences_returns_200" time="0.012" /><testcase classname="tests.test_api.TestDashboardEndpoints" name="test_dashboard_teachers_at_risk_returns_200" time="0.009" /><testcase classname="tests.test_api.TestDashboardEndpoints" name="test_dashboard_teachers_at_risk_returns_list" time="0.009" /><testcase classname="tests.test_api.TestAnalyzeEndpoint" name="test_analyze_404_when_teacher_not_found" time="0.012"><failure message="assert 503 == 404&#10; +  where 503 = &lt;Response [503 Service Unavailable]&gt;.status_code">self = &lt;tests.test_api.TestAnalyzeEndpoint object at 0x00000185FDB2FD90&gt;
client = &lt;starlette.testclient.TestClient object at 0x00000185FDB7FE00&gt;

    def test_analyze_404_when_teacher_not_found(self, client: TestClient):
        """
        DataService.get_teacher_profile est appelé via la DB mockée qui retourne [].
        Le endpoint doit renvoyer 404.
        """
        resp = client.post(f"{BASE}/analyze/ENSEIGNANT_INCONNU")
&gt;       assert resp.status_code == 404
E       assert 503 == 404
E        +  where 503 = &lt;Response [503 Service Unavailable]&gt;.status_code

tests\test_api.py:246: AssertionError</failure></testcase><testcase classname="tests.test_api.TestAnalyzeEndpoint" name="test_analyze_404_body_follows_dsi_format" time="0.008"><failure message="assert 503 == 404&#10; +  where 503 = &lt;Response [503 Service Unavailable]&gt;.status_code">self = &lt;tests.test_api.TestAnalyzeEndpoint object at 0x00000185FDB2FED0&gt;
client = &lt;starlette.testclient.TestClient object at 0x00000185FDB7FE00&gt;

    def test_analyze_404_body_follows_dsi_format(self, client: TestClient):
        resp = client.post(f"{BASE}/analyze/INCONNU")
        data = resp.json()
        detail = data.get("detail", data)
        # Le detail peut être un dict DSI ou un message string
&gt;       assert resp.status_code == 404
E       assert 503 == 404
E        +  where 503 = &lt;Response [503 Service Unavailable]&gt;.status_code

tests\test_api.py:253: AssertionError</failure></testcase><testcase classname="tests.test_api.TestBatchTrigger" name="test_batch_trigger_returns_202" time="0.008"><failure message="assert 503 in (202, 500)&#10; +  where 503 = &lt;Response [503 Service Unavailable]&gt;.status_code">self = &lt;tests.test_api.TestBatchTrigger object at 0x00000185FDBA4050&gt;
client = &lt;starlette.testclient.TestClient object at 0x00000185FDB7FE00&gt;

    def test_batch_trigger_returns_202(self, client: TestClient):
        resp = client.post(f"{BASE}/trigger-batch-analysis")
        # Peut retourner 202 ou 500 si DB non connectée — les deux sont acceptables en test
&gt;       assert resp.status_code in (202, 500)
E       assert 503 in (202, 500)
E        +  where 503 = &lt;Response [503 Service Unavailable]&gt;.status_code

tests\test_api.py:262: AssertionError</failure></testcase><testcase classname="tests.test_artifact_integrity" name="test_save_then_load_succeeds_with_sha256" time="0.022" /><testcase classname="tests.test_artifact_integrity" name="test_load_refuses_when_sidecar_missing" time="0.004" /><testcase classname="tests.test_artifact_integrity" name="test_load_refuses_when_artifact_tampered" time="0.021" /><testcase classname="tests.test_artifact_integrity" name="test_save_with_hmac_when_key_set" time="0.025" /><testcase classname="tests.test_artifact_integrity" name="test_load_refuses_with_wrong_hmac_key" time="0.023" /><testcase classname="tests.test_artifact_integrity" name="test_verification_disabled_skips_check" time="0.004" /><testcase classname="tests.test_artifact_integrity" name="test_sha256_helper_correct_value" time="0.008" /><testcase classname="tests.test_auth" name="test_missing_auth_header_returns_401" time="0.001" /><testcase classname="tests.test_auth" name="test_non_bearer_auth_returns_401" time="0.001" /><testcase classname="tests.test_auth" name="test_invalid_token_returns_401" time="0.002" /><testcase classname="tests.test_auth" name="test_expired_token_returns_401" time="0.003" /><testcase classname="tests.test_auth" name="test_non_admin_role_returns_403" time="0.001" /><testcase classname="tests.test_auth" name="test_admin_role_passes" time="0.001" /><testcase classname="tests.test_auth" name="test_admin_in_compound_role_passes" time="0.001" /><testcase classname="tests.test_corrections.TestKPI4Departements" name="test_aggregates_by_dept_not_global" time="0.003" /><testcase classname="tests.test_corrections.TestKPI4Departements" name="test_couverture_100_percent" time="0.003" /><testcase classname="tests.test_corrections.TestKPI4Departements" name="test_results_sorted" time="0.003" /><testcase classname="tests.test_corrections.TestDataServicePagination" name="test_no_pagination_by_default" time="0.001" /><testcase classname="tests.test_corrections.TestDataServicePagination" name="test_pagination_adds_limit_offset" time="0.001" /><testcase classname="tests.test_corrections.TestDataServicePagination" name="test_formations_pagination" time="0.001" /><testcase classname="tests.test_corrections.TestDataServicePagination" name="test_formation_competencies_pagination" time="0.001" /><testcase classname="tests.test_corrections.TestDataServicePagination" name="test_evaluations_globales_pagination" time="0.001" /><testcase classname="tests.test_corrections.TestDataServicePagination" name="test_default_page_size" time="0.001" /><testcase classname="tests.test_corrections.TestHealthCheckDB" name="test_healthy_when_db_ok" time="0.017" /><testcase classname="tests.test_corrections.TestHealthCheckDB" name="test_degraded_when_db_fails" time="0.015" /><testcase classname="tests.test_corrections.TestBatchParallelization" name="test_processes_all_teachers" time="0.007" /><testcase classname="tests.test_corrections.TestBatchParallelization" name="test_handles_errors" time="0.004" /><testcase classname="tests.test_corrections.TestBatchParallelization" name="test_empty_list_no_crash" time="0.003" /><testcase classname="tests.test_corrections.TestGracefulShutdown" name="test_stop_scheduler_waits" time="0.002" /><testcase classname="tests.test_corrections.TestGracefulShutdown" name="test_stop_scheduler_noop_when_none" time="0.001" /><testcase classname="tests.test_corrections.TestGracefulShutdown" name="test_stop_scheduler_noop_when_not_running" time="0.001" /><testcase classname="tests.test_corrections.TestDriftMonitoring" name="test_check_drift_no_model" time="0.011" /><testcase classname="tests.test_corrections.TestDriftMonitoring" name="test_check_drift_no_metadata" time="0.015" /><testcase classname="tests.test_corrections.TestDriftMonitoring" name="test_save_training_metadata" time="0.020" /><testcase classname="tests.test_corrections.TestDriftMonitoring" name="test_check_drift_old_model_triggers_alert" time="0.016" /><testcase classname="tests.test_corrections.TestDriftEndpoint" name="test_drift_endpoint_returns_200" time="0.020" /><testcase classname="tests.test_corrections.TestDriftEndpoint" name="test_drift_endpoint_no_model_no_crash" time="0.019" /><testcase classname="tests.test_corrections.TestActiveMQResilience" name="test_has_stomp_helper" time="0.001" /><testcase classname="tests.test_corrections.TestActiveMQResilience" name="test_consumer_reconnect_attributes" time="0.001" /><testcase classname="tests.test_corrections.TestActiveMQResilience" name="test_consumer_reconnect_delays" time="0.001" /><testcase classname="tests.test_corrections.TestActiveMQResilience" name="test_consumer_max_reconnect" time="0.001" /><testcase classname="tests.test_corrections.TestActiveMQResilience" name="test_disconnect_stops_reconnect" time="0.001" /><testcase classname="tests.test_corrections.TestActiveMQResilience" name="test_on_error_no_crash" time="0.002" /><testcase classname="tests.test_corrections.TestActiveMQResilience" name="test_on_disconnected_triggers_reconnect" time="0.002" /><testcase classname="tests.test_corrections.TestActiveMQResilience" name="test_schedule_reconnect_respects_max" time="0.002" /><testcase classname="tests.test_corrections.TestActiveMQResilience" name="test_schedule_reconnect_disabled_after_disconnect" time="0.001" /><testcase classname="tests.test_corrections.TestPgTrgmQuery" name="test_pgtrgm_query_exists" time="0.001" /><testcase classname="tests.test_corrections.TestPgTrgmQuery" name="test_pgtrgm_query_has_same_fields" time="0.001" /><testcase classname="tests.test_corrections.TestPgTrgmQuery" name="test_fallback_to_ilike" time="0.002" /><testcase classname="tests.test_corrections.TestPgTrgmQuery" name="test_skip_pgtrgm" time="0.001" /><testcase classname="tests.test_corrections.TestSeuilsRisque" name="test_uses_settings" time="0.001" /><testcase classname="tests.test_corrections.TestSeuilsRisque" name="test_high_risk" time="0.001" /><testcase classname="tests.test_corrections.TestSeuilsRisque" name="test_low_risk" time="0.001" /><testcase classname="tests.test_corrections.TestSeuilsRisque" name="test_signals_detected" time="0.001" /><testcase classname="tests.test_corrections.TestFeatureNormalization" name="test_normalize_0_1_range" time="0.007" /><testcase classname="tests.test_corrections.TestFeatureNormalization" name="test_normalize_constant_column" time="0.003" /><testcase classname="tests.test_corrections.TestFeatureNormalization" name="test_normalize_preserves_non_numeric" time="0.002" /><testcase classname="tests.test_corrections.TestDashboardCache" name="test_get_cached_returns_none_when_empty" time="0.002" /><testcase classname="tests.test_corrections.TestDashboardCache" name="test_get_cached_returns_data_when_fresh" time="0.002" /><testcase classname="tests.test_corrections.TestDashboardCache" name="test_get_cached_max_age_parameter" time="0.004" /><testcase classname="tests.test_engines.TestClassifyUrgence" name="test_critique_at_threshold" time="0.001" /><testcase classname="tests.test_engines.TestClassifyUrgence" name="test_critique_above_threshold" time="0.001" /><testcase classname="tests.test_engines.TestClassifyUrgence" name="test_haute_at_threshold" time="0.001" /><testcase classname="tests.test_engines.TestClassifyUrgence" name="test_haute_below_critique" time="0.001" /><testcase classname="tests.test_engines.TestClassifyUrgence" name="test_moderee_at_threshold" time="0.001" /><testcase classname="tests.test_engines.TestClassifyUrgence" name="test_moderee_below_haute" time="0.001" /><testcase classname="tests.test_engines.TestClassifyUrgence" name="test_faible_below_moderee" time="0.001" /><testcase classname="tests.test_engines.TestGapBrutFormula" name="test_gap_zero_when_actuel_equals_requis" time="0.001" /><testcase classname="tests.test_engines.TestGapBrutFormula" name="test_gap_zero_when_actuel_above_requis" time="0.001" /><testcase classname="tests.test_engines.TestGapBrutFormula" name="test_gap_full_when_actuel_zero_requis_five" time="0.001" /><testcase classname="tests.test_engines.TestGapBrutFormula" name="test_gap_typical_case" time="0.001" /><testcase classname="tests.test_engines.TestGapBrutFormula" name="test_gap_one_level_difference" time="0.001" /><testcase classname="tests.test_engines.TestUrgenceScoreFormula" name="test_zero_stagnation_no_regression_no_besoins" time="0.001" /><testcase classname="tests.test_engines.TestUrgenceScoreFormula" name="test_regression_adds_0_3" time="0.001" /><testcase classname="tests.test_engines.TestUrgenceScoreFormula" name="test_full_stagnation_caps_at_1" time="0.001" /><testcase classname="tests.test_engines.TestUrgenceScoreFormula" name="test_partial_stagnation" time="0.001" /><testcase classname="tests.test_engines.TestUrgenceScoreFormula" name="test_besoins_contribution" time="0.001" /><testcase classname="tests.test_engines.TestPrioriteScoreFormula" name="test_all_zeros" time="0.001" /><testcase classname="tests.test_engines.TestPrioriteScoreFormula" name="test_all_ones" time="0.001" /><testcase classname="tests.test_engines.TestPrioriteScoreFormula" name="test_weights_sum_to_one" time="0.001" /><testcase classname="tests.test_engines.TestPrioriteScoreFormula" name="test_typical_critique_scenario" time="0.001" /><testcase classname="tests.test_engines.TestPrioriteScoreFormula" name="test_typical_faible_scenario" time="0.001" /><testcase classname="tests.test_engines.TestGapEngineJustification" name="test_justification_basic" time="0.007" /><testcase classname="tests.test_engines.TestGapEngineJustification" name="test_justification_includes_regression" time="0.006" /><testcase classname="tests.test_engines.TestGapEngineJustification" name="test_justification_includes_stagnation" time="0.007" /><testcase classname="tests.test_engines.TestGapEngineJustification" name="test_justification_includes_besoins" time="0.005" /><testcase classname="tests.test_engines.TestScorePertinence" name="test_perfect_alignment" time="0.001" /><testcase classname="tests.test_engines.TestScorePertinence" name="test_zero_when_no_gap" time="0.001" /><testcase classname="tests.test_engines.TestScorePertinence" name="test_partial_alignment" time="0.001" /><testcase classname="tests.test_engines.TestScorePertinence" name="test_score_clamped_to_0_1" time="0.001" /><testcase classname="tests.test_engines.TestScorePertinence" name="test_missing_niveau_vise_treated_as_zero" time="0.001" /><testcase classname="tests.test_engines.TestScoreReussite" name="test_default_when_no_data" time="0.001" /><testcase classname="tests.test_engines.TestScoreReussite" name="test_full_completion_and_best_note" time="0.001" /><testcase classname="tests.test_engines.TestScoreReussite" name="test_zero_completion_good_note" time="0.001" /><testcase classname="tests.test_engines.TestScoreReussite" name="test_score_clamped_between_0_and_1" time="0.001" /><testcase classname="tests.test_engines.TestScoreDisponibilite" name="test_open_planifie_gives_maximum" time="0.001" /><testcase classname="tests.test_engines.TestScoreDisponibilite" name="test_closed_annule_gives_minimum" time="0.001" /><testcase classname="tests.test_engines.TestScoreDisponibilite" name="test_score_always_between_0_and_1" time="0.001" /><testcase classname="tests.test_engines.TestAlertEngineR1GapCritique" name="test_r1_fires_for_critique_gap" time="0.008" /><testcase classname="tests.test_engines.TestAlertEngineR1GapCritique" name="test_r1_does_not_fire_for_haute_gap" time="0.006" /><testcase classname="tests.test_engines.TestAlertEngineR1GapCritique" name="test_r1_does_not_fire_for_faible_gap" time="0.012" /><testcase classname="tests.test_engines.TestAlertEngineR2Stagnation" name="test_r2_fires_warning_at_6_months" time="0.101" /><testcase classname="tests.test_engines.TestAlertEngineR2Stagnation" name="test_r2_fires_critical_at_12_months" time="0.006" /><testcase classname="tests.test_engines.TestAlertEngineR2Stagnation" name="test_r2_no_fire_below_threshold" time="0.007" /><testcase classname="tests.test_engines.TestAlertEngineR3Regression" name="test_r3_fires_when_regression" time="0.007" /><testcase classname="tests.test_engines.TestAlertEngineR3Regression" name="test_r3_no_fire_without_regression" time="0.007" /><testcase classname="tests.test_engines.TestAlertEngineR4CompletionFaible" name="test_r4_fires_when_completion_below_threshold" time="0.007" /><testcase classname="tests.test_engines.TestAlertEngineR4CompletionFaible" name="test_r4_no_fire_when_completion_above_threshold" time="0.008" /><testcase classname="tests.test_engines.TestAlertEngineR4CompletionFaible" name="test_r4_no_fire_when_no_formations" time="0.009" /><testcase classname="tests.test_engines.TestNiveauToInt" name="test_integer_passthrough" time="0.001" /><testcase classname="tests.test_engines.TestNiveauToInt" name="test_string_enum_names" time="0.001" /><testcase classname="tests.test_engines.TestNiveauToInt" name="test_none_returns_zero" time="0.001" /><testcase classname="tests.test_engines.TestNiveauToInt" name="test_unknown_string_returns_zero" time="0.001" /><testcase classname="tests.test_exceptions" name="test_model_not_trained_uses_503" time="0.001" /><testcase classname="tests.test_exceptions" name="test_insufficient_data_uses_422" time="0.001" /><testcase classname="tests.test_exceptions" name="test_teacher_not_found_uses_404" time="0.001" /><testcase classname="tests.test_exceptions" name="test_database_error_default_message" time="0.001" /><testcase classname="tests.test_exceptions" name="test_database_error_custom_message" time="0.001" /><testcase classname="tests.test_exceptions" name="test_teacher_not_found_handler_returns_dsi_envelope" time="0.005" /><testcase classname="tests.test_gap_predictor.TestGapPredictor" name="test_train_with_sufficient_data" time="1.128" /><testcase classname="tests.test_gap_predictor.TestGapPredictor" name="test_train_with_insufficient_data" time="0.022" /><testcase classname="tests.test_gap_predictor.TestGapPredictor" name="test_predict_without_model_falls_back_to_heuristic" time="0.015" /><testcase classname="tests.test_jwt_middleware" name="test_public_paths_set_contains_health_and_metrics" time="0.001" /><testcase classname="tests.test_jwt_middleware" name="test_health_endpoint_does_not_require_auth" time="0.007" /><testcase classname="tests.test_jwt_middleware" name="test_protected_endpoint_rejects_missing_token" time="0.006" /><testcase classname="tests.test_jwt_middleware" name="test_protected_endpoint_rejects_non_bearer" time="0.005" /><testcase classname="tests.test_jwt_middleware" name="test_protected_endpoint_rejects_invalid_token" time="0.007" /><testcase classname="tests.test_jwt_middleware" name="test_protected_endpoint_rejects_expired_token" time="0.006" /><testcase classname="tests.test_jwt_middleware" name="test_protected_endpoint_accepts_valid_token" time="0.008" /><testcase classname="tests.test_jwt_middleware" name="test_options_request_bypasses_auth" time="0.007" /><testcase classname="tests.test_pii_safe_logger" name="test_sanitize_masks_email" time="0.001" /><testcase classname="tests.test_pii_safe_logger" name="test_sanitize_masks_phone" time="0.001" /><testcase classname="tests.test_pii_safe_logger" name="test_sanitize_masks_ip" time="0.001" /><testcase classname="tests.test_pii_safe_logger" name="test_sanitize_keeps_safe_text" time="0.001" /><testcase classname="tests.test_pii_safe_logger" name="test_sanitize_handles_none_and_empty" time="0.001" /><testcase classname="tests.test_pii_safe_logger" name="test_sanitize_multiple_pii_in_one_line" time="0.001" /><testcase classname="tests.test_pii_safe_logger" name="test_logger_info_masks_email" time="0.001" /><testcase classname="tests.test_pii_safe_logger" name="test_logger_warning_masks_ip" time="0.004" /></testsuite></testsuites>