<?xml version="1.0" encoding="utf-8"?><testsuites name="pytest tests"><testsuite name="pytest" errors="0" failures="10" skipped="0" tests="303" time="124.310" timestamp="2026-06-01T04:13:00.610093+01:00" hostname="DESKTOP-74J5GK8"><testcase classname="tests.test_alert_consumer_gappredictor" name="test_alert_engine_rules" time="0.023" /><testcase classname="tests.test_alert_consumer_gappredictor" name="test_consumer_on_message_triggers" time="0.002" /><testcase classname="tests.test_alert_consumer_gappredictor" name="test_gap_predictor_empty_inputs" time="0.014" /><testcase classname="tests.test_alert_consumer_gappredictor" name="test_analytics_gaps_endpoint" time="0.045" /><testcase classname="tests.test_analysis_collection_service.TestBuildDomaineDemand" name="test_empty_demand_list" time="0.001" /><testcase classname="tests.test_analysis_collection_service.TestBuildDomaineDemand" name="test_no_competence_id_rows_skipped" time="0.002" /><testcase classname="tests.test_analysis_collection_service.TestBuildDomaineDemand" name="test_single_demand_row" time="0.002" /><testcase classname="tests.test_analysis_collection_service.TestBuildDomaineDemand" name="test_multiple_demand_rows" time="0.002" /><testcase classname="tests.test_analysis_collection_service.TestBuildDomaineDemand" name="test_zero_total_demand_prevents_division_error" time="0.001" /><testcase classname="tests.test_analysis_collection_service.TestBuildDomaineDemand" name="test_missing_total_demand_treated_as_zero" time="0.001" /><testcase classname="tests.test_analysis_collection_service.TestBuildDomaineDemand" name="test_string_competence_id_converted_to_int" time="0.001" /><testcase classname="tests.test_analysis_collection_service.TestBuildDomaineDemand" name="test_duplicate_competence_ids_last_wins" time="0.002" /><testcase classname="tests.test_analysis_collection_service.TestCollectAnalysisData" name="test_collect_analysis_data_returns_all_keys" time="0.004" /><testcase classname="tests.test_analysis_collection_service.TestCollectAnalysisData" name="test_collect_analysis_data_calls_service_methods" time="0.003" /><testcase classname="tests.test_analysis_collection_service.TestCollectAnalysisData" name="test_collect_analysis_data_with_demand" time="0.003" /><testcase classname="tests.test_analysis_collection_service.TestCollectAnalysisData" name="test_collect_analysis_data_empty_demand" time="0.003" /><testcase classname="tests.test_analysis_collection_service.TestCollectAnalysisData" name="test_collect_analysis_data_service_error_propagates" time="0.002" /><testcase classname="tests.test_api.TestHealth" name="test_health_returns_200" time="0.013" /><testcase classname="tests.test_api.TestHealth" name="test_health_schema" time="0.012" /><testcase classname="tests.test_api.TestHealth" name="test_health_status_healthy_or_degraded" time="0.012" /><testcase classname="tests.test_api.TestJWTEnforcement" name="test_gaps_no_token_returns_401" time="0.009" /><testcase classname="tests.test_api.TestJWTEnforcement" name="test_alerts_no_token_returns_401" time="0.004" /><testcase classname="tests.test_api.TestJWTEnforcement" name="test_dashboard_no_token_returns_401" time="0.004" /><testcase classname="tests.test_api.TestJWTEnforcement" name="test_error_body_follows_dsi_format" time="0.277" /><testcase classname="tests.test_api.TestGapsEndpoint" name="test_gaps_returns_200" time="0.011" /><testcase classname="tests.test_api.TestGapsEndpoint" name="test_gaps_response_has_pagination_fields" time="0.014" /><testcase classname="tests.test_api.TestGapsEndpoint" name="test_gaps_empty_list_when_no_data" time="0.010" /><testcase classname="tests.test_api.TestGapsEndpoint" name="test_gaps_pagination_params" time="0.011" /><testcase classname="tests.test_api.TestGapsEndpoint" name="test_gaps_invalid_size_returns_422" time="0.012" /><testcase classname="tests.test_api.TestRecommendationsEndpoint" name="test_recommendations_returns_200" time="0.013" /><testcase classname="tests.test_api.TestRecommendationsEndpoint" name="test_recommendations_has_pagination" time="0.013" /><testcase classname="tests.test_api.TestRecommendationsEndpoint" name="test_recommendations_empty_when_no_data" time="0.010" /><testcase classname="tests.test_api.TestTrainingPathEndpoint" name="test_training_path_404_when_not_found" time="0.016" /><testcase classname="tests.test_api.TestTrainingPathEndpoint" name="test_training_path_404_body_has_message" time="0.012" /><testcase classname="tests.test_api.TestAlertsEndpoint" name="test_alerts_returns_200" time="0.011" /><testcase classname="tests.test_api.TestAlertsEndpoint" name="test_alerts_has_pagination" time="0.011" /><testcase classname="tests.test_api.TestAlertsEndpoint" name="test_alerts_filter_by_statut" time="0.011" /><testcase classname="tests.test_api.TestAlertsEndpoint" name="test_alerts_filter_by_severite" time="0.013" /><testcase classname="tests.test_api.TestAlertsEndpoint" name="test_alerts_combined_filters" time="0.012" /><testcase classname="tests.test_api.TestAlertsEndpoint" name="test_alerts_page_size_too_large_returns_422" time="0.012" /><testcase classname="tests.test_api.TestAlertUpdateEndpoint" name="test_patch_alert_404_when_missing" time="0.016" /><testcase classname="tests.test_api.TestAlertUpdateEndpoint" name="test_patch_alert_invalid_statut_returns_4xx" time="0.013" /><testcase classname="tests.test_api.TestDashboardEndpoints" name="test_dashboard_global_returns_200" time="60.080" /><testcase classname="tests.test_api.TestDashboardEndpoints" name="test_dashboard_global_has_required_keys" time="60.078" /><testcase classname="tests.test_api.TestDashboardEndpoints" name="test_dashboard_declining_competences_returns_200" time="0.010" /><testcase classname="tests.test_api.TestDashboardEndpoints" name="test_dashboard_teachers_at_risk_returns_200" time="0.009" /><testcase classname="tests.test_api.TestDashboardEndpoints" name="test_dashboard_teachers_at_risk_returns_list" time="0.010" /><testcase classname="tests.test_api.TestAnalyzeEndpoint" name="test_analyze_404_when_teacher_not_found" time="0.087" /><testcase classname="tests.test_api.TestAnalyzeEndpoint" name="test_analyze_404_body_follows_dsi_format" time="0.010" /><testcase classname="tests.test_api.TestBatchTrigger" name="test_batch_trigger_returns_202" time="0.009" /><testcase classname="tests.test_artifact_integrity" name="test_save_then_load_succeeds_with_sha256" time="0.012" /><testcase classname="tests.test_artifact_integrity" name="test_load_refuses_when_sidecar_missing" time="0.004" /><testcase classname="tests.test_artifact_integrity" name="test_load_refuses_when_artifact_tampered" time="0.009" /><testcase classname="tests.test_artifact_integrity" name="test_save_with_hmac_when_key_set" time="0.008" /><testcase classname="tests.test_artifact_integrity" name="test_load_refuses_with_wrong_hmac_key" time="0.008" /><testcase classname="tests.test_artifact_integrity" name="test_verification_disabled_skips_check" time="0.004" /><testcase classname="tests.test_artifact_integrity" name="test_sha256_helper_correct_value" time="0.005" /><testcase classname="tests.test_auth" name="test_missing_auth_header_returns_401" time="0.001" /><testcase classname="tests.test_auth" name="test_non_bearer_auth_returns_401" time="0.001" /><testcase classname="tests.test_auth" name="test_invalid_token_returns_401" time="0.002" /><testcase classname="tests.test_auth" name="test_expired_token_returns_401" time="0.001" /><testcase classname="tests.test_auth" name="test_non_admin_role_returns_403" time="0.002"><failure message="AssertionError: assert 401 == 403&#10; +  where 401 = HTTPException(status_code=401, detail='Invalid token').status_code&#10; +    where HTTPException(status_code=401, detail='Invalid token') = &lt;ExceptionInfo HTTPException(status_code=401, detail='Invalid token') tblen=2&gt;.value">E   AssertionError: assert 401 == 403
     +  where 401 = HTTPException(status_code=401, detail='Invalid token').status_code
     +    where HTTPException(status_code=401, detail='Invalid token') = &lt;ExceptionInfo HTTPException(status_code=401, detail='Invalid token') tblen=2&gt;.value</failure></testcase><testcase classname="tests.test_auth" name="test_admin_role_passes" time="0.002"><failure message="fastapi.exceptions.HTTPException: 401: Invalid token">E   binascii.Error: Invalid base64-encoded string: number of data characters (37) cannot be 1 more than a multiple of 4

During handling of the above exception, another exception occurred:
E   jwt.exceptions.DecodeError: Invalid header padding

During handling of the above exception, another exception occurred:
E   fastapi.exceptions.HTTPException: 401: Invalid token</failure></testcase><testcase classname="tests.test_auth" name="test_admin_in_compound_role_passes" time="0.001"><failure message="fastapi.exceptions.HTTPException: 401: Invalid token">E   binascii.Error: Invalid base64-encoded string: number of data characters (37) cannot be 1 more than a multiple of 4

During handling of the above exception, another exception occurred:
E   jwt.exceptions.DecodeError: Invalid header padding

During handling of the above exception, another exception occurred:
E   fastapi.exceptions.HTTPException: 401: Invalid token</failure></testcase><testcase classname="tests.test_auth" name="test_require_roles_missing_jwt_auth_enabled_environment" time="0.001" /><testcase classname="tests.test_auth" name="test_require_roles_admin_only" time="0.001" /><testcase classname="tests.test_auth" name="test_require_roles_admin_passes" time="0.001" /><testcase classname="tests.test_auth" name="test_require_roles_multiple_allowed" time="0.001" /><testcase classname="tests.test_auth" name="test_require_roles_case_insensitive" time="0.001" /><testcase classname="tests.test_auth" name="test_require_metrics_auth_no_jwt_secret" time="0.001" /><testcase classname="tests.test_auth" name="test_require_roles_empty_role" time="0.001" /><testcase classname="tests.test_auth" name="test_require_roles_missing_user_id" time="0.002" /><testcase classname="tests.test_auth" name="test_require_roles_compound_role_match" time="0.001" /><testcase classname="tests.test_corrections.TestKPI4Departements" name="test_aggregates_by_dept_not_global" time="0.003" /><testcase classname="tests.test_corrections.TestKPI4Departements" name="test_couverture_100_percent" time="0.003" /><testcase classname="tests.test_corrections.TestKPI4Departements" name="test_results_sorted" time="0.003" /><testcase classname="tests.test_corrections.TestDataServicePagination" name="test_no_pagination_by_default" time="0.002" /><testcase classname="tests.test_corrections.TestDataServicePagination" name="test_pagination_adds_limit_offset" time="0.002"><failure message="NameError: name '_LIMIT_OFFSET_CLAUSE' is not defined">E   NameError: name '_LIMIT_OFFSET_CLAUSE' is not defined</failure></testcase><testcase classname="tests.test_corrections.TestDataServicePagination" name="test_formations_pagination" time="0.001"><failure message="NameError: name '_LIMIT_OFFSET_CLAUSE' is not defined">E   NameError: name '_LIMIT_OFFSET_CLAUSE' is not defined</failure></testcase><testcase classname="tests.test_corrections.TestDataServicePagination" name="test_formation_competencies_pagination" time="0.001"><failure message="NameError: name '_LIMIT_OFFSET_CLAUSE' is not defined">E   NameError: name '_LIMIT_OFFSET_CLAUSE' is not defined</failure></testcase><testcase classname="tests.test_corrections.TestDataServicePagination" name="test_evaluations_globales_pagination" time="0.001"><failure message="NameError: name '_LIMIT_OFFSET_CLAUSE' is not defined">E   NameError: name '_LIMIT_OFFSET_CLAUSE' is not defined</failure></testcase><testcase classname="tests.test_corrections.TestDataServicePagination" name="test_default_page_size" time="0.001" /><testcase classname="tests.test_corrections.TestHealthCheckDB" name="test_healthy_when_db_ok" time="0.017" /><testcase classname="tests.test_corrections.TestHealthCheckDB" name="test_degraded_when_db_fails" time="0.016" /><testcase classname="tests.test_corrections.TestBatchParallelization" name="test_processes_all_teachers" time="0.006" /><testcase classname="tests.test_corrections.TestBatchParallelization" name="test_handles_errors" time="0.007" /><testcase classname="tests.test_corrections.TestBatchParallelization" name="test_empty_list_no_crash" time="0.003" /><testcase classname="tests.test_corrections.TestGracefulShutdown" name="test_stop_scheduler_waits" time="0.002" /><testcase classname="tests.test_corrections.TestGracefulShutdown" name="test_stop_scheduler_noop_when_none" time="0.001" /><testcase classname="tests.test_corrections.TestGracefulShutdown" name="test_stop_scheduler_noop_when_not_running" time="0.002" /><testcase classname="tests.test_corrections.TestDriftMonitoring" name="test_check_drift_no_model" time="0.010" /><testcase classname="tests.test_corrections.TestDriftMonitoring" name="test_check_drift_no_metadata" time="0.011" /><testcase classname="tests.test_corrections.TestDriftMonitoring" name="test_save_training_metadata" time="0.023" /><testcase classname="tests.test_corrections.TestDriftMonitoring" name="test_check_drift_old_model_triggers_alert" time="0.012" /><testcase classname="tests.test_corrections.TestDriftEndpoint" name="test_drift_endpoint_returns_200" time="0.017" /><testcase classname="tests.test_corrections.TestDriftEndpoint" name="test_drift_endpoint_no_model_no_crash" time="0.020" /><testcase classname="tests.test_corrections.TestActiveMQResilience" name="test_has_stomp_helper" time="0.001" /><testcase classname="tests.test_corrections.TestActiveMQResilience" name="test_consumer_reconnect_attributes" time="0.001" /><testcase classname="tests.test_corrections.TestActiveMQResilience" name="test_consumer_reconnect_delays" time="0.001" /><testcase classname="tests.test_corrections.TestActiveMQResilience" name="test_consumer_max_reconnect" time="0.001" /><testcase classname="tests.test_corrections.TestActiveMQResilience" name="test_disconnect_stops_reconnect" time="0.001" /><testcase classname="tests.test_corrections.TestActiveMQResilience" name="test_on_error_no_crash" time="0.001" /><testcase classname="tests.test_corrections.TestActiveMQResilience" name="test_on_disconnected_triggers_reconnect" time="0.002" /><testcase classname="tests.test_corrections.TestActiveMQResilience" name="test_schedule_reconnect_respects_max" time="0.002" /><testcase classname="tests.test_corrections.TestActiveMQResilience" name="test_schedule_reconnect_disabled_after_disconnect" time="0.001" /><testcase classname="tests.test_corrections.TestPgTrgmQuery" name="test_pgtrgm_query_exists" time="0.001" /><testcase classname="tests.test_corrections.TestPgTrgmQuery" name="test_pgtrgm_query_has_same_fields" time="0.001" /><testcase classname="tests.test_corrections.TestPgTrgmQuery" name="test_fallback_to_ilike" time="0.002" /><testcase classname="tests.test_corrections.TestPgTrgmQuery" name="test_skip_pgtrgm" time="0.001" /><testcase classname="tests.test_corrections.TestSeuilsRisque" name="test_uses_settings" time="0.001" /><testcase classname="tests.test_corrections.TestSeuilsRisque" name="test_high_risk" time="0.001" /><testcase classname="tests.test_corrections.TestSeuilsRisque" name="test_low_risk" time="0.001" /><testcase classname="tests.test_corrections.TestSeuilsRisque" name="test_signals_detected" time="0.001" /><testcase classname="tests.test_corrections.TestFeatureNormalization" name="test_normalize_0_1_range" time="0.003" /><testcase classname="tests.test_corrections.TestFeatureNormalization" name="test_normalize_constant_column" time="0.003" /><testcase classname="tests.test_corrections.TestFeatureNormalization" name="test_normalize_preserves_non_numeric" time="0.002" /><testcase classname="tests.test_corrections.TestDashboardCache" name="test_get_cached_returns_none_when_empty" time="0.003" /><testcase classname="tests.test_corrections.TestDashboardCache" name="test_get_cached_returns_data_when_fresh" time="0.002" /><testcase classname="tests.test_corrections.TestDashboardCache" name="test_get_cached_max_age_parameter" time="0.002" /><testcase classname="tests.test_coverage_boost.TestAllRouterHealth" name="test_health_check_healthy" time="0.010" /><testcase classname="tests.test_coverage_boost.TestAllRouterHealth" name="test_health_check_db_unhealthy" time="0.009" /><testcase classname="tests.test_coverage_boost.TestAllRouterPredict" name="test_predict_gaps_teacher_not_found" time="0.011" /><testcase classname="tests.test_coverage_boost.TestAllRouterPredict" name="test_train_gap_model_no_data" time="0.010" /><testcase classname="tests.test_coverage_boost.TestAllRouterPredict" name="test_check_model_drift" time="0.012" /><testcase classname="tests.test_coverage_boost.TestAllRouterRecommend" name="test_recommend_path" time="0.012" /><testcase classname="tests.test_coverage_boost.TestAllRouterRecommend" name="test_recommend_path_with_formations" time="0.010" /><testcase classname="tests.test_coverage_boost.TestAllRouterDetect" name="test_detect_at_risk_teachers" time="0.014" /><testcase classname="tests.test_coverage_boost.TestAllRouterDetect" name="test_detect_at_risk_with_dept_filter" time="0.009" /><testcase classname="tests.test_coverage_boost.TestAllRouterDashboard" name="test_declining_competencies" time="0.009" /><testcase classname="tests.test_coverage_boost.TestAllRouterDashboard" name="test_in_demand_competencies" time="0.010" /><testcase classname="tests.test_coverage_boost.TestAllRouterDashboard" name="test_teacher_risk_indicators" time="0.010" /><testcase classname="tests.test_coverage_boost.TestAllRouterDashboard" name="test_dashboard_summary" time="0.010" /><testcase classname="tests.test_coverage_boost.TestAllRouterDashboard" name="test_department_dashboard" time="0.010" /><testcase classname="tests.test_coverage_boost.TestAllRouterHelpers" name="test_compute_teacher_risk" time="0.001" /><testcase classname="tests.test_coverage_boost.TestAllRouterHelpers" name="test_is_declining" time="0.001" /><testcase classname="tests.test_coverage_boost.TestAllRouterHelpers" name="test_is_in_demand" time="0.001" /><testcase classname="tests.test_coverage_boost.TestAllRouterHelpers" name="test_formation_target_level" time="0.001" /><testcase classname="tests.test_coverage_boost.TestAllRouterHelpers" name="test_formation_duration" time="0.001" /><testcase classname="tests.test_coverage_boost.TestAllRouterHelpers" name="test_compute_relevance_score" time="0.001" /><testcase classname="tests.test_coverage_boost.TestAllRouterHelpers" name="test_compute_relevance_score_no_gap" time="0.001" /><testcase classname="tests.test_coverage_boost.TestAnalyticsHelpers" name="test_build_domaine_demand" time="0.001" /><testcase classname="tests.test_coverage_boost.TestAnalyticsHelpers" name="test_build_domaine_demand_skip_empty_cid" time="0.001" /><testcase classname="tests.test_coverage_boost.TestAnalyticsHelpers" name="test_build_domaine_demand_zero_total" time="0.001" /><testcase classname="tests.test_coverage_boost.TestAnalyticsHelpers" name="test_dsi_error_helper" time="0.001" /><testcase classname="tests.test_coverage_boost.TestAnalyticsUpsertRiskProfile" name="test_upsert_risk_profile_new" time="0.011" /><testcase classname="tests.test_coverage_boost.TestAnalyticsUpsertRiskProfile" name="test_upsert_risk_profile_existing" time="0.007" /><testcase classname="tests.test_coverage_boost.TestAnalyticsAnalyzeEndpoint" name="test_analyze_success" time="0.015" /><testcase classname="tests.test_coverage_boost.TestAnalyticsAnalyzeEndpoint" name="test_analyze_error_path" time="0.011" /><testcase classname="tests.test_coverage_boost.TestAnalyticsGetGapsWithFilters" name="test_gaps_with_urgence_filter" time="0.010" /><testcase classname="tests.test_coverage_boost.TestAnalyticsRecommendationsWithFilter" name="test_recommendations_with_competence_filter" time="0.009" /><testcase classname="tests.test_coverage_boost.TestAnalyticsAlertsUpdate" name="test_update_alert_success" time="0.013" /><testcase classname="tests.test_coverage_boost.TestAnalyticsAlertsUpdate" name="test_update_alert_invalid_statut" time="0.011" /><testcase classname="tests.test_coverage_boost.TestAnalyticsDashboardSeuil" name="test_teachers_at_risk_custom_seuil" time="0.009" /><testcase classname="tests.test_coverage_boost.TestAnalyticsBatchTrigger" name="test_batch_trigger_no_teachers" time="0.009" /><testcase classname="tests.test_coverage_boost.TestAnalyticsBatchTrigger" name="test_batch_trigger_with_teachers" time="0.010" /><testcase classname="tests.test_coverage_boost.TestSchedulerJobs" name="test_analyse_un_enseignant_no_profile" time="0.006" /><testcase classname="tests.test_coverage_boost.TestSchedulerJobs" name="test_analyse_un_enseignant_success" time="0.013" /><testcase classname="tests.test_coverage_boost.TestSchedulerJobs" name="test_analyse_un_enseignant_exception" time="0.002" /><testcase classname="tests.test_coverage_boost.TestSchedulerJobs" name="test_start_scheduler_already_running" time="0.001" /><testcase classname="tests.test_coverage_boost.TestSchedulerJobs" name="test_stop_scheduler" time="0.002" /><testcase classname="tests.test_coverage_boost.TestSchedulerJobs" name="test_job_batch_analysis_all" time="0.008" /><testcase classname="tests.test_coverage_boost.TestSchedulerJobs" name="test_job_dashboard_refresh" time="0.007" /><testcase classname="tests.test_coverage_boost.TestSchedulerJobs" name="test_job_alert_cleanup" time="0.007" /><testcase classname="tests.test_coverage_boost.TestMessagingConsumer" name="test_has_stomp" time="0.001" /><testcase classname="tests.test_coverage_boost.TestMessagingConsumer" name="test_consumer_on_message_valid_event" time="0.002" /><testcase classname="tests.test_coverage_boost.TestMessagingConsumer" name="test_consumer_on_message_no_eid" time="0.002" /><testcase classname="tests.test_coverage_boost.TestMessagingConsumer" name="test_consumer_on_message_invalid_json" time="0.002" /><testcase classname="tests.test_coverage_boost.TestMessagingConsumer" name="test_consumer_on_error" time="0.002" /><testcase classname="tests.test_coverage_boost.TestMessagingConsumer" name="test_consumer_on_disconnected" time="0.002" /><testcase classname="tests.test_coverage_boost.TestMessagingConsumer" name="test_consumer_connect_no_credentials" time="0.001" /><testcase classname="tests.test_coverage_boost.TestMessagingConsumer" name="test_consumer_disconnect" time="0.001" /><testcase classname="tests.test_coverage_boost.TestMessagingConsumer" name="test_consumer_disconnect_no_conn" time="0.001" /><testcase classname="tests.test_coverage_boost.TestMessagingConsumer" name="test_consumer_schedule_reconnect_max_attempts" time="0.001" /><testcase classname="tests.test_coverage_boost.TestMessagingConsumer" name="test_consumer_schedule_reconnect_disabled" time="0.001" /><testcase classname="tests.test_coverage_boost.TestMessagingConsumer" name="test_start_consumer_disabled" time="0.001" /><testcase classname="tests.test_coverage_boost.TestMessagingConsumer" name="test_stop_consumer" time="0.002" /><testcase classname="tests.test_coverage_boost.TestMessagingConsumer" name="test_consumer_connect_with_stomp" time="0.003" /><testcase classname="tests.test_coverage_boost.TestMessagingConsumer" name="test_consumer_connect_import_error" time="0.002" /><testcase classname="tests.test_coverage_boost.TestMessagingConsumer" name="test_consumer_connect_exception_triggers_reconnect" time="0.002" /><testcase classname="tests.test_coverage_boost.TestMessagingConsumer" name="test_consumer_trigger_individual_analysis" time="0.002" /><testcase classname="tests.test_coverage_boost.TestMessagingConsumer" name="test_consumer_schedule_reconnect_first_attempt" time="0.002" /><testcase classname="tests.test_coverage_boost.TestMessagingConsumer" name="test_consumer_schedule_reconnect_high_attempt" time="0.002" /><testcase classname="tests.test_coverage_boost.TestMessagingConsumer" name="test_consumer_disconnect_with_exception" time="0.001" /><testcase classname="tests.test_coverage_boost.TestMessagingConsumer" name="test_consumer_on_message_inscription_approved" time="0.002" /><testcase classname="tests.test_coverage_boost.TestMessagingConsumer" name="test_consumer_on_message_besoin_approved" time="0.002" /><testcase classname="tests.test_coverage_boost.TestMessagingConsumer" name="test_consumer_on_message_unknown_event" time="0.001" /><testcase classname="tests.test_coverage_boost.TestMessagingConsumer" name="test_consumer_on_message_no_body_attr" time="0.002" /><testcase classname="tests.test_coverage_boost.TestMessagingConsumer" name="test_consumer_on_error_no_body_attr" time="0.002" /><testcase classname="tests.test_coverage_boost.TestMessagingConsumer" name="test_start_consumer_enabled" time="0.003" /><testcase classname="tests.test_coverage_boost.TestMessagingConsumer" name="test_stop_consumer_no_instance" time="0.001" /><testcase classname="tests.test_coverage_boost.TestGapPredictorCheckDrift" name="test_check_drift_no_model" time="0.012" /><testcase classname="tests.test_coverage_boost.TestGapPredictorCheckDrift" name="test_check_drift_no_data" time="0.011" /><testcase classname="tests.test_coverage_boost.TestGapPredictorCheckDrift" name="test_check_drift_no_metadata" time="0.013" /><testcase classname="tests.test_coverage_boost.TestGapPredictorPredict" name="test_predict_no_model_heuristic" time="0.013" /><testcase classname="tests.test_coverage_boost.TestGapPredictorSaveMetadata" name="test_save_training_metadata" time="0.021" /><testcase classname="tests.test_coverage_boost.TestMainLifespan" name="test_init_db_tables_success" time="0.002" /><testcase classname="tests.test_coverage_boost.TestMainLifespan" name="test_init_db_tables_failure" time="0.002" /><testcase classname="tests.test_coverage_boost.TestMainLifespan" name="test_metrics_endpoint" time="0.005" /><testcase classname="tests.test_coverage_boost.TestMainApp" name="test_app_title" time="0.001" /><testcase classname="tests.test_coverage_boost.TestMainApp" name="test_app_has_routers" time="0.001" /><testcase classname="tests.test_engines.TestClassifyUrgence" name="test_critique_at_threshold" time="0.001" /><testcase classname="tests.test_engines.TestClassifyUrgence" name="test_critique_above_threshold" time="0.001" /><testcase classname="tests.test_engines.TestClassifyUrgence" name="test_haute_at_threshold" time="0.001" /><testcase classname="tests.test_engines.TestClassifyUrgence" name="test_haute_below_critique" time="0.001" /><testcase classname="tests.test_engines.TestClassifyUrgence" name="test_moderee_at_threshold" time="0.001" /><testcase classname="tests.test_engines.TestClassifyUrgence" name="test_moderee_below_haute" time="0.001" /><testcase classname="tests.test_engines.TestClassifyUrgence" name="test_faible_below_moderee" time="0.001" /><testcase classname="tests.test_engines.TestGapBrutFormula" name="test_gap_zero_when_actuel_equals_requis" time="0.001" /><testcase classname="tests.test_engines.TestGapBrutFormula" name="test_gap_zero_when_actuel_above_requis" time="0.001" /><testcase classname="tests.test_engines.TestGapBrutFormula" name="test_gap_full_when_actuel_zero_requis_five" time="0.001" /><testcase classname="tests.test_engines.TestGapBrutFormula" name="test_gap_typical_case" time="0.001" /><testcase classname="tests.test_engines.TestGapBrutFormula" name="test_gap_one_level_difference" time="0.001" /><testcase classname="tests.test_engines.TestUrgenceScoreFormula" name="test_zero_stagnation_no_regression_no_besoins" time="0.001" /><testcase classname="tests.test_engines.TestUrgenceScoreFormula" name="test_regression_adds_0_3" time="0.001" /><testcase classname="tests.test_engines.TestUrgenceScoreFormula" name="test_full_stagnation_caps_at_1" time="0.001" /><testcase classname="tests.test_engines.TestUrgenceScoreFormula" name="test_partial_stagnation" time="0.001" /><testcase classname="tests.test_engines.TestUrgenceScoreFormula" name="test_besoins_contribution" time="0.001" /><testcase classname="tests.test_engines.TestPrioriteScoreFormula" name="test_all_zeros" time="0.001" /><testcase classname="tests.test_engines.TestPrioriteScoreFormula" name="test_all_ones" time="0.001" /><testcase classname="tests.test_engines.TestPrioriteScoreFormula" name="test_weights_sum_to_one" time="0.001" /><testcase classname="tests.test_engines.TestPrioriteScoreFormula" name="test_typical_critique_scenario" time="0.001" /><testcase classname="tests.test_engines.TestPrioriteScoreFormula" name="test_typical_faible_scenario" time="0.001" /><testcase classname="tests.test_engines.TestGapEngineJustification" name="test_justification_basic" time="0.007" /><testcase classname="tests.test_engines.TestGapEngineJustification" name="test_justification_includes_regression" time="0.005" /><testcase classname="tests.test_engines.TestGapEngineJustification" name="test_justification_includes_stagnation" time="0.005" /><testcase classname="tests.test_engines.TestGapEngineJustification" name="test_justification_includes_besoins" time="0.006" /><testcase classname="tests.test_engines.TestScorePertinence" name="test_perfect_alignment" time="0.001" /><testcase classname="tests.test_engines.TestScorePertinence" name="test_zero_when_no_gap" time="0.001" /><testcase classname="tests.test_engines.TestScorePertinence" name="test_partial_alignment" time="0.001" /><testcase classname="tests.test_engines.TestScorePertinence" name="test_score_clamped_to_0_1" time="0.001" /><testcase classname="tests.test_engines.TestScorePertinence" name="test_missing_niveau_vise_treated_as_zero" time="0.001" /><testcase classname="tests.test_engines.TestScoreReussite" name="test_default_when_no_data" time="0.001" /><testcase classname="tests.test_engines.TestScoreReussite" name="test_full_completion_and_best_note" time="0.001" /><testcase classname="tests.test_engines.TestScoreReussite" name="test_zero_completion_good_note" time="0.001" /><testcase classname="tests.test_engines.TestScoreReussite" name="test_score_clamped_between_0_and_1" time="0.001" /><testcase classname="tests.test_engines.TestScoreDisponibilite" name="test_open_planifie_gives_maximum" time="0.001" /><testcase classname="tests.test_engines.TestScoreDisponibilite" name="test_closed_annule_gives_minimum" time="0.001" /><testcase classname="tests.test_engines.TestScoreDisponibilite" name="test_score_always_between_0_and_1" time="0.001" /><testcase classname="tests.test_engines.TestAlertEngineR1GapCritique" name="test_r1_fires_for_critique_gap" time="0.007" /><testcase classname="tests.test_engines.TestAlertEngineR1GapCritique" name="test_r1_does_not_fire_for_haute_gap" time="0.006" /><testcase classname="tests.test_engines.TestAlertEngineR1GapCritique" name="test_r1_does_not_fire_for_faible_gap" time="0.009" /><testcase classname="tests.test_engines.TestAlertEngineR2Stagnation" name="test_r2_fires_warning_at_6_months" time="0.006" /><testcase classname="tests.test_engines.TestAlertEngineR2Stagnation" name="test_r2_fires_critical_at_12_months" time="0.006" /><testcase classname="tests.test_engines.TestAlertEngineR2Stagnation" name="test_r2_no_fire_below_threshold" time="0.006" /><testcase classname="tests.test_engines.TestAlertEngineR3Regression" name="test_r3_fires_when_regression" time="0.006" /><testcase classname="tests.test_engines.TestAlertEngineR3Regression" name="test_r3_no_fire_without_regression" time="0.006" /><testcase classname="tests.test_engines.TestAlertEngineR4CompletionFaible" name="test_r4_fires_when_completion_below_threshold" time="0.006" /><testcase classname="tests.test_engines.TestAlertEngineR4CompletionFaible" name="test_r4_no_fire_when_completion_above_threshold" time="0.008" /><testcase classname="tests.test_engines.TestAlertEngineR4CompletionFaible" name="test_r4_no_fire_when_no_formations" time="0.006" /><testcase classname="tests.test_engines.TestNiveauToInt" name="test_integer_passthrough" time="0.001" /><testcase classname="tests.test_engines.TestNiveauToInt" name="test_string_enum_names" time="0.001" /><testcase classname="tests.test_engines.TestNiveauToInt" name="test_none_returns_zero" time="0.001" /><testcase classname="tests.test_engines.TestNiveauToInt" name="test_unknown_string_returns_zero" time="0.001" /><testcase classname="tests.test_exceptions" name="test_model_not_trained_uses_503" time="0.002" /><testcase classname="tests.test_exceptions" name="test_insufficient_data_uses_422" time="0.001" /><testcase classname="tests.test_exceptions" name="test_teacher_not_found_uses_404" time="0.001" /><testcase classname="tests.test_exceptions" name="test_database_error_default_message" time="0.001" /><testcase classname="tests.test_exceptions" name="test_database_error_custom_message" time="0.001" /><testcase classname="tests.test_exceptions" name="test_teacher_not_found_handler_returns_dsi_envelope" time="0.004" /><testcase classname="tests.test_explainability_and_reco" name="test_explain_prediction_with_feature_importances" time="0.001"><failure message="TypeError: explain_prediction() takes 2 positional arguments but 3 were given">E   TypeError: explain_prediction() takes 2 positional arguments but 3 were given</failure></testcase><testcase classname="tests.test_explainability_and_reco" name="test_get_gap_explanation_known_features" time="0.001" /><testcase classname="tests.test_explainability_and_reco" name="test_score_functions_recommendation_engine" time="0.001" /><testcase classname="tests.test_gap_and_feature" name="test_classify_urgence" time="0.001" /><testcase classname="tests.test_gap_and_feature" name="test_compute_mois_stagnation_and_regression" time="0.002" /><testcase classname="tests.test_gap_and_feature" name="test_compute_gaps_and_feature_snapshot" time="0.004" /><testcase classname="tests.test_gap_predictor.TestGapPredictor" name="test_train_with_sufficient_data" time="1.046" /><testcase classname="tests.test_gap_predictor.TestGapPredictor" name="test_train_with_insufficient_data" time="0.013" /><testcase classname="tests.test_gap_predictor.TestGapPredictor" name="test_predict_without_model_falls_back_to_heuristic" time="0.014" /><testcase classname="tests.test_jwt_middleware" name="test_public_paths_set_contains_health_and_metrics" time="0.001" /><testcase classname="tests.test_jwt_middleware" name="test_health_endpoint_does_not_require_auth" time="0.009" /><testcase classname="tests.test_jwt_middleware" name="test_protected_endpoint_rejects_missing_token" time="0.005" /><testcase classname="tests.test_jwt_middleware" name="test_protected_endpoint_rejects_non_bearer" time="0.005" /><testcase classname="tests.test_jwt_middleware" name="test_protected_endpoint_rejects_invalid_token" time="0.007" /><testcase classname="tests.test_jwt_middleware" name="test_protected_endpoint_rejects_expired_token" time="0.006"><failure message="AssertionError: assert 'expired' in 'invalid token'&#10; +  where 'invalid token' = &lt;built-in method lower of str object at 0x0000028AB12583F0&gt;()&#10; +    where &lt;built-in method lower of str object at 0x0000028AB12583F0&gt; = 'Invalid token'.lower">E   AssertionError: assert 'expired' in 'invalid token'
     +  where 'invalid token' = &lt;built-in method lower of str object at 0x0000028AB12583F0&gt;()
     +    where &lt;built-in method lower of str object at 0x0000028AB12583F0&gt; = 'Invalid token'.lower</failure></testcase><testcase classname="tests.test_jwt_middleware" name="test_protected_endpoint_accepts_valid_token" time="0.006"><failure message="assert 401 == 200&#10; +  where 401 = &lt;Response [401 Unauthorized]&gt;.status_code">E   assert 401 == 200
     +  where 401 = &lt;Response [401 Unauthorized]&gt;.status_code</failure></testcase><testcase classname="tests.test_jwt_middleware" name="test_options_request_bypasses_auth" time="0.006" /><testcase classname="tests.test_model_trainer" name="test_retrain_with_rollback_returns_no_data_when_sources_are_empty" time="0.003" /><testcase classname="tests.test_model_trainer" name="test_retrain_with_rollback_returns_insufficient_data_when_training_fails" time="0.004" /><testcase classname="tests.test_model_trainer" name="test_retrain_with_rollback_restores_when_accuracy_regresses" time="0.004" /><testcase classname="tests.test_model_trainer" name="test_retrain_with_rollback_keeps_model_on_success" time="0.004" /><testcase classname="tests.test_model_trainer" name="test_read_current_accuracy_and_artifact_helpers" time="0.026" /><testcase classname="tests.test_model_trainer" name="test_metadata_path_and_safe_remove_handles_oserror" time="0.004" /><testcase classname="tests.test_pii_safe_logger" name="test_sanitize_masks_email" time="0.001" /><testcase classname="tests.test_pii_safe_logger" name="test_sanitize_masks_phone" time="0.001" /><testcase classname="tests.test_pii_safe_logger" name="test_sanitize_masks_ip" time="0.001" /><testcase classname="tests.test_pii_safe_logger" name="test_sanitize_keeps_safe_text" time="0.001" /><testcase classname="tests.test_pii_safe_logger" name="test_sanitize_handles_none_and_empty" time="0.001" /><testcase classname="tests.test_pii_safe_logger" name="test_sanitize_multiple_pii_in_one_line" time="0.001" /><testcase classname="tests.test_pii_safe_logger" name="test_logger_info_masks_email" time="0.002" /><testcase classname="tests.test_pii_safe_logger" name="test_logger_warning_masks_ip" time="0.001" /><testcase classname="tests.test_recommendation_engine_full" name="test_scores_and_filters" time="0.001" /><testcase classname="tests.test_recommendation_engine_full" name="test_engine_generate_smoke" time="0.003" /><testcase classname="tests.test_routers_analytics_coverage.TestDsiError" name="test_dsi_error_structure" time="0.001" /><testcase classname="tests.test_routers_analytics_coverage.TestDsiError" name="test_dsi_error_500_internal_error" time="0.001" /><testcase classname="tests.test_routers_analytics_coverage.TestDsiError" name="test_dsi_error_403_forbidden" time="0.001" /><testcase classname="tests.test_routers_analytics_coverage.TestRunPipeline" name="test_run_pipeline_basic_flow" time="0.007" /><testcase classname="tests.test_routers_analytics_coverage.TestRunPipeline" name="test_run_pipeline_with_empty_gaps" time="0.006" /><testcase classname="tests.test_routers_analytics_coverage.TestAnalyticsEndpoints" name="test_analyze_endpoint_returns_202_accepted" time="0.002" /><testcase classname="tests.test_routers_analytics_coverage.TestAnalyticsEndpoints" name="test_dsi_error_path_encoding" time="0.001" /><testcase classname="tests.test_routers_analytics_coverage.TestAnalyticsEndpoints" name="test_dsi_error_empty_message" time="0.001" /><testcase classname="tests.test_routers_and_scheduler" name="test_health_endpoint" time="0.010" /><testcase classname="tests.test_routers_and_scheduler" name="test_detect_at_risk_teachers_endpoint" time="0.009" /><testcase classname="tests.test_routers_and_scheduler" name="test_job_alert_cleanup_and_stop" time="0.006" /></testsuite></testsuites>