<?xml version="1.0" encoding="utf-8"?><testsuites><testsuite name="pytest" errors="0" failures="0" skipped="0" tests="15" time="1.891" timestamp="2026-05-20T02:55:45.409204+01:00" hostname="DESKTOP-74J5GK8"><testcase classname="tests.test_error_handlers" name="test_handler_returns_envelope_for_generic_exception" time="0.146" /><testcase classname="tests.test_error_handlers" name="test_handler_returns_envelope_for_http_exception" time="0.008" /><testcase classname="tests.test_error_handlers" name="test_handler_returns_envelope_for_validation_error" time="0.007" /><testcase classname="tests.test_error_handlers" name="test_handler_propagates_trace_id_header" time="0.006" /><testcase classname="tests.test_jwt_middleware" name="test_jwt_middleware_imports_cleanly" time="0.086" /><testcase classname="tests.test_jwt_middleware" name="test_jwt_algorithm_is_hs512" time="0.001" /><testcase classname="tests.test_jwt_middleware" name="test_public_paths_include_health" time="0.001" /><testcase classname="tests.test_jwt_middleware" name="test_middleware_is_a_class" time="0.001" /><testcase classname="tests.test_sanitize" name="test_sanitize_strips_html_payload" time="0.001" /><testcase classname="tests.test_sanitize" name="test_sanitize_strips_parens_and_semicolons" time="0.001" /><testcase classname="tests.test_sanitize" name="test_sanitize_keeps_legitimate_french_names" time="0.001" /><testcase classname="tests.test_sanitize" name="test_sanitize_empty_and_none" time="0.001" /><testcase classname="tests.test_sanitize" name="test_sanitize_truncates_to_max_len" time="0.001" /><testcase classname="tests.test_sanitize" name="test_sanitize_strips_control_chars" time="0.001" /><testcase classname="tests.test_sanitize" name="test_production_regex_matches" time="0.002" /></testsuite></testsuites>