{"total": {"lines":{"total":13847,"covered":1541,"skipped":0,"pct":11.12},"statements":{"total":16250,"covered":1678,"skipped":0,"pct":10.32},"functions":{"total":5558,"covered":468,"skipped":0,"pct":8.42},"branches":{"total":13164,"covered":793,"skipped":0,"pct":6.02},"branchesTrue":{"total":0,"covered":0,"skipped":0,"pct":100}}
,"C:/Users/oussama/Desktop/pfe-d2f-enseignants/esprit_D2F-webapp/src/App.tsx": {"lines":{"total":1,"covered":0,"skipped":0,"pct":0},"functions":{"total":1,"covered":0,"skipped":0,"pct":0},"statements":{"total":1,"covered":0,"skipped":0,"pct":0},"branches":{"total":0,"covered":0,"skipped":0,"pct":100}}
,"C:/Users/oussama/Desktop/pfe-d2f-enseignants/esprit_D2F-webapp/src/components/besoin/BesoinEditModal.tsx": {"lines":{"total":10,"covered":4,"skipped":0,"pct":40},"functions":{"total":6,"covered":0,"skipped":0,"pct":0},"statements":{"total":10,"covered":4,"skipped":0,"pct":40},"branches":{"total":7,"covered":0,"skipped":0,"pct":0}}
,"C:/Users/oussama/Desktop/pfe-d2f-enseignants/esprit_D2F-webapp/src/components/besoin/BesoinMailModal.tsx": {"lines":{"total":6,"covered":0,"skipped":0,"pct":0},"functions":{"total":2,"covered":0,"skipped":0,"pct":0},"statements":{"total":6,"covered":0,"skipped":0,"pct":0},"branches":{"total":12,"covered":0,"skipped":0,"pct":0}}
,"C:/Users/oussama/Desktop/pfe-d2f-enseignants/esprit_D2F-webapp/src/components/besoin/ChoiceCardGroup.tsx": {"lines":{"total":5,"covered":0,"skipped":0,"pct":0},"functions":{"total":3,"covered":0,"skipped":0,"pct":0},"statements":{"total":5,"covered":0,"skipped":0,"pct":0},"branches":{"total":7,"covered":0,"skipped":0,"pct":0}}
,"C:/Users/oussama/Desktop/pfe-d2f-enseignants/esprit_D2F-webapp/src/components/besoin/SectionLabel.tsx": {"lines":{"total":2,"covered":0,"skipped":0,"pct":0},"functions":{"total":1,"covered":0,"skipped":0,"pct":0},"statements":{"total":2,"covered":0,"skipped":0,"pct":0},"branches":{"total":2,"covered":0,"skipped":0,"pct":0}}
,"C:/Users/oussama/Desktop/pfe-d2f-enseignants/esprit_D2F-webapp/src/components/calendar/CalendarFileUpload.tsx": {"lines":{"total":25,"covered":0,"skipped":0,"pct":0},"functions":{"total":4,"covered":0,"skipped":0,"pct":0},"statements":{"total":25,"covered":0,"skipped":0,"pct":0},"branches":{"total":12,"covered":0,"skipped":0,"pct":0}}
,"C:/Users/oussama/Desktop/pfe-d2f-enseignants/esprit_D2F-webapp/src/components/calendar/CalendarFormationsTable.tsx": {"lines":{"total":24,"covered":0,"skipped":0,"pct":0},"functions":{"total":18,"covered":0,"skipped":0,"pct":0},"statements":{"total":28,"covered":0,"skipped":0,"pct":0},"branches":{"total":20,"covered":0,"skipped":0,"pct":0}}
,"C:/Users/oussama/Desktop/pfe-d2f-enseignants/esprit_D2F-webapp/src/components/calendar/ConflictsTable.tsx": {"lines":{"total":11,"covered":0,"skipped":0,"pct":0},"functions":{"total":8,"covered":0,"skipped":0,"pct":0},"statements":{"total":11,"covered":0,"skipped":0,"pct":0},"branches":{"total":26,"covered":0,"skipped":0,"pct":0}}
,"C:/Users/oussama/Desktop/pfe-d2f-enseignants/esprit_D2F-webapp/src/components/calendar/ImportErrorsTable.tsx": {"lines":{"total":8,"covered":0,"skipped":0,"pct":0},"functions":{"total":5,"covered":0,"skipped":0,"pct":0},"statements":{"total":8,"covered":0,"skipped":0,"pct":0},"branches":{"total":6,"covered":0,"skipped":0,"pct":0}}
,"C:/Users/oussama/Desktop/pfe-d2f-enseignants/esprit_D2F-webapp/src/components/calendar/ImportResultSummary.tsx": {"lines":{"total":4,"covered":0,"skipped":0,"pct":0},"functions":{"total":1,"covered":0,"skipped":0,"pct":0},"statements":{"total":4,"covered":0,"skipped":0,"pct":0},"branches":{"total":17,"covered":0,"skipped":0,"pct":0}}
,"C:/Users/oussama/Desktop/pfe-d2f-enseignants/esprit_D2F-webapp/src/components/charts/BarChart.tsx": {"lines":{"total":10,"covered":0,"skipped":0,"pct":0},"functions":{"total":7,"covered":0,"skipped":0,"pct":0},"statements":{"total":11,"covered":0,"skipped":0,"pct":0},"branches":{"total":17,"covered":0,"skipped":0,"pct":0}}
,"C:/Users/oussama/Desktop/pfe-d2f-enseignants/esprit_D2F-webapp/src/components/charts/ChartCard.tsx": {"lines":{"total":28,"covered":0,"skipped":0,"pct":0},"functions":{"total":6,"covered":0,"skipped":0,"pct":0},"statements":{"total":32,"covered":0,"skipped":0,"pct":0},"branches":{"total":29,"covered":0,"skipped":0,"pct":0}}
,"C:/Users/oussama/Desktop/pfe-d2f-enseignants/esprit_D2F-webapp/src/components/charts/CohortRecommendationPanel.tsx": {"lines":{"total":39,"covered":0,"skipped":0,"pct":0},"functions":{"total":20,"covered":0,"skipped":0,"pct":0},"statements":{"total":42,"covered":0,"skipped":0,"pct":0},"branches":{"total":38,"covered":0,"skipped":0,"pct":0}}
,"C:/Users/oussama/Desktop/pfe-d2f-enseignants/esprit_D2F-webapp/src/components/charts/DashboardKpis.tsx": {"lines":{"total":5,"covered":0,"skipped":0,"pct":0},"functions":{"total":4,"covered":0,"skipped":0,"pct":0},"statements":{"total":6,"covered":0,"skipped":0,"pct":0},"branches":{"total":2,"covered":0,"skipped":0,"pct":0}}
,"C:/Users/oussama/Desktop/pfe-d2f-enseignants/esprit_D2F-webapp/src/components/charts/DemandForecastChart.tsx": {"lines":{"total":34,"covered":0,"skipped":0,"pct":0},"functions":{"total":12,"covered":0,"skipped":0,"pct":0},"statements":{"total":43,"covered":0,"skipped":0,"pct":0},"branches":{"total":29,"covered":0,"skipped":0,"pct":0}}
,"C:/Users/oussama/Desktop/pfe-d2f-enseignants/esprit_D2F-webapp/src/components/charts/DonutChart.tsx": {"lines":{"total":17,"covered":0,"skipped":0,"pct":0},"functions":{"total":13,"covered":0,"skipped":0,"pct":0},"statements":{"total":21,"covered":0,"skipped":0,"pct":0},"branches":{"total":11,"covered":0,"skipped":0,"pct":0}}
,"C:/Users/oussama/Desktop/pfe-d2f-enseignants/esprit_D2F-webapp/src/components/charts/EnseignantSelect.tsx": {"lines":{"total":34,"covered":29,"skipped":0,"pct":85.29},"functions":{"total":11,"covered":9,"skipped":0,"pct":81.81},"statements":{"total":42,"covered":33,"skipped":0,"pct":78.57},"branches":{"total":47,"covered":27,"skipped":0,"pct":57.44}}
,"C:/Users/oussama/Desktop/pfe-d2f-enseignants/esprit_D2F-webapp/src/components/charts/GapHeatmap.tsx": {"lines":{"total":49,"covered":0,"skipped":0,"pct":0},"functions":{"total":24,"covered":0,"skipped":0,"pct":0},"statements":{"total":55,"covered":0,"skipped":0,"pct":0},"branches":{"total":41,"covered":0,"skipped":0,"pct":0}}
,"C:/Users/oussama/Desktop/pfe-d2f-enseignants/esprit_D2F-webapp/src/components/charts/GapTable.tsx": {"lines":{"total":12,"covered":12,"skipped":0,"pct":100},"functions":{"total":8,"covered":8,"skipped":0,"pct":100},"statements":{"total":12,"covered":12,"skipped":0,"pct":100},"branches":{"total":2,"covered":2,"skipped":0,"pct":100}}
,"C:/Users/oussama/Desktop/pfe-d2f-enseignants/esprit_D2F-webapp/src/components/charts/HeatmapGrid.tsx": {"lines":{"total":12,"covered":0,"skipped":0,"pct":0},"functions":{"total":7,"covered":0,"skipped":0,"pct":0},"statements":{"total":13,"covered":0,"skipped":0,"pct":0},"branches":{"total":15,"covered":0,"skipped":0,"pct":0}}
,"C:/Users/oussama/Desktop/pfe-d2f-enseignants/esprit_D2F-webapp/src/components/charts/InactiveTeachersCard.tsx": {"lines":{"total":16,"covered":0,"skipped":0,"pct":0},"functions":{"total":5,"covered":0,"skipped":0,"pct":0},"statements":{"total":16,"covered":0,"skipped":0,"pct":0},"branches":{"total":26,"covered":0,"skipped":0,"pct":0}}
,"C:/Users/oussama/Desktop/pfe-d2f-enseignants/esprit_D2F-webapp/src/components/charts/LineChart.tsx": {"lines":{"total":9,"covered":0,"skipped":0,"pct":0},"functions":{"total":5,"covered":0,"skipped":0,"pct":0},"statements":{"total":9,"covered":0,"skipped":0,"pct":0},"branches":{"total":8,"covered":0,"skipped":0,"pct":0}}
,"C:/Users/oussama/Desktop/pfe-d2f-enseignants/esprit_D2F-webapp/src/components/charts/ModelStatusBadge.tsx": {"lines":{"total":6,"covered":6,"skipped":0,"pct":100},"functions":{"total":1,"covered":1,"skipped":0,"pct":100},"statements":{"total":6,"covered":6,"skipped":0,"pct":100},"branches":{"total":6,"covered":6,"skipped":0,"pct":100}}
,"C:/Users/oussama/Desktop/pfe-d2f-enseignants/esprit_D2F-webapp/src/components/charts/OverviewKpiTiles.tsx": {"lines":{"total":24,"covered":0,"skipped":0,"pct":0},"functions":{"total":12,"covered":0,"skipped":0,"pct":0},"statements":{"total":26,"covered":0,"skipped":0,"pct":0},"branches":{"total":20,"covered":0,"skipped":0,"pct":0}}
,"C:/Users/oussama/Desktop/pfe-d2f-enseignants/esprit_D2F-webapp/src/components/charts/PathTimeline.tsx": {"lines":{"total":7,"covered":0,"skipped":0,"pct":0},"functions":{"total":3,"covered":0,"skipped":0,"pct":0},"statements":{"total":7,"covered":0,"skipped":0,"pct":0},"branches":{"total":8,"covered":0,"skipped":0,"pct":0}}
,"C:/Users/oussama/Desktop/pfe-d2f-enseignants/esprit_D2F-webapp/src/components/charts/PredictionScoreBar.tsx": {"lines":{"total":9,"covered":0,"skipped":0,"pct":0},"functions":{"total":2,"covered":0,"skipped":0,"pct":0},"statements":{"total":12,"covered":0,"skipped":0,"pct":0},"branches":{"total":12,"covered":0,"skipped":0,"pct":0}}
,"C:/Users/oussama/Desktop/pfe-d2f-enseignants/esprit_D2F-webapp/src/components/charts/PriorityActionsQueue.tsx": {"lines":{"total":36,"covered":0,"skipped":0,"pct":0},"functions":{"total":21,"covered":0,"skipped":0,"pct":0},"statements":{"total":44,"covered":0,"skipped":0,"pct":0},"branches":{"total":42,"covered":0,"skipped":0,"pct":0}}
,"C:/Users/oussama/Desktop/pfe-d2f-enseignants/esprit_D2F-webapp/src/components/charts/PriorityAlertsPanel.tsx": {"lines":{"total":38,"covered":0,"skipped":0,"pct":0},"functions":{"total":17,"covered":0,"skipped":0,"pct":0},"statements":{"total":42,"covered":0,"skipped":0,"pct":0},"branches":{"total":62,"covered":0,"skipped":0,"pct":0}}
,"C:/Users/oussama/Desktop/pfe-d2f-enseignants/esprit_D2F-webapp/src/components/charts/ProfileCard.tsx": {"lines":{"total":5,"covered":0,"skipped":0,"pct":0},"functions":{"total":2,"covered":0,"skipped":0,"pct":0},"statements":{"total":6,"covered":0,"skipped":0,"pct":0},"branches":{"total":10,"covered":0,"skipped":0,"pct":0}}
,"C:/Users/oussama/Desktop/pfe-d2f-enseignants/esprit_D2F-webapp/src/components/charts/RadarChart.tsx": {"lines":{"total":8,"covered":0,"skipped":0,"pct":0},"functions":{"total":4,"covered":0,"skipped":0,"pct":0},"statements":{"total":8,"covered":0,"skipped":0,"pct":0},"branches":{"total":5,"covered":0,"skipped":0,"pct":0}}
,"C:/Users/oussama/Desktop/pfe-d2f-enseignants/esprit_D2F-webapp/src/components/charts/RecommendationCard.tsx": {"lines":{"total":4,"covered":0,"skipped":0,"pct":0},"functions":{"total":1,"covered":0,"skipped":0,"pct":0},"statements":{"total":4,"covered":0,"skipped":0,"pct":0},"branches":{"total":8,"covered":0,"skipped":0,"pct":0}}
,"C:/Users/oussama/Desktop/pfe-d2f-enseignants/esprit_D2F-webapp/src/components/charts/RiskBadge.tsx": {"lines":{"total":6,"covered":0,"skipped":0,"pct":0},"functions":{"total":1,"covered":0,"skipped":0,"pct":0},"statements":{"total":7,"covered":0,"skipped":0,"pct":0},"branches":{"total":4,"covered":0,"skipped":0,"pct":0}}
,"C:/Users/oussama/Desktop/pfe-d2f-enseignants/esprit_D2F-webapp/src/components/charts/RiskDistributionChart.tsx": {"lines":{"total":43,"covered":0,"skipped":0,"pct":0},"functions":{"total":18,"covered":0,"skipped":0,"pct":0},"statements":{"total":46,"covered":0,"skipped":0,"pct":0},"branches":{"total":46,"covered":0,"skipped":0,"pct":0}}
,"C:/Users/oussama/Desktop/pfe-d2f-enseignants/esprit_D2F-webapp/src/components/charts/RiskTable.tsx": {"lines":{"total":24,"covered":23,"skipped":0,"pct":95.83},"functions":{"total":15,"covered":15,"skipped":0,"pct":100},"statements":{"total":30,"covered":27,"skipped":0,"pct":90},"branches":{"total":26,"covered":22,"skipped":0,"pct":84.61}}
,"C:/Users/oussama/Desktop/pfe-d2f-enseignants/esprit_D2F-webapp/src/components/charts/SkillGapCard.tsx": {"lines":{"total":9,"covered":0,"skipped":0,"pct":0},"functions":{"total":2,"covered":0,"skipped":0,"pct":0},"statements":{"total":11,"covered":0,"skipped":0,"pct":0},"branches":{"total":22,"covered":0,"skipped":0,"pct":0}}
,"C:/Users/oussama/Desktop/pfe-d2f-enseignants/esprit_D2F-webapp/src/components/charts/SupplyDemandChart.tsx": {"lines":{"total":37,"covered":0,"skipped":0,"pct":0},"functions":{"total":17,"covered":0,"skipped":0,"pct":0},"statements":{"total":42,"covered":0,"skipped":0,"pct":0},"branches":{"total":27,"covered":0,"skipped":0,"pct":0}}
,"C:/Users/oussama/Desktop/pfe-d2f-enseignants/esprit_D2F-webapp/src/components/charts/TrainingPathTimeline.tsx": {"lines":{"total":10,"covered":0,"skipped":0,"pct":0},"functions":{"total":3,"covered":0,"skipped":0,"pct":0},"statements":{"total":12,"covered":0,"skipped":0,"pct":0},"branches":{"total":18,"covered":0,"skipped":0,"pct":0}}
,"C:/Users/oussama/Desktop/pfe-d2f-enseignants/esprit_D2F-webapp/src/components/charts/TrendLineChart.tsx": {"lines":{"total":27,"covered":0,"skipped":0,"pct":0},"functions":{"total":12,"covered":0,"skipped":0,"pct":0},"statements":{"total":30,"covered":0,"skipped":0,"pct":0},"branches":{"total":9,"covered":0,"skipped":0,"pct":0}}
,"C:/Users/oussama/Desktop/pfe-d2f-enseignants/esprit_D2F-webapp/src/components/charts/chartTheme.ts": {"lines":{"total":19,"covered":0,"skipped":0,"pct":0},"functions":{"total":3,"covered":0,"skipped":0,"pct":0},"statements":{"total":23,"covered":0,"skipped":0,"pct":0},"branches":{"total":12,"covered":0,"skipped":0,"pct":0}}
,"C:/Users/oussama/Desktop/pfe-d2f-enseignants/esprit_D2F-webapp/src/components/common/ActionBar.tsx": {"lines":{"total":10,"covered":2,"skipped":0,"pct":20},"functions":{"total":2,"covered":0,"skipped":0,"pct":0},"statements":{"total":12,"covered":2,"skipped":0,"pct":16.66},"branches":{"total":15,"covered":0,"skipped":0,"pct":0}}
,"C:/Users/oussama/Desktop/pfe-d2f-enseignants/esprit_D2F-webapp/src/components/common/AppPageHeader.tsx": {"lines":{"total":3,"covered":2,"skipped":0,"pct":66.66},"functions":{"total":1,"covered":0,"skipped":0,"pct":0},"statements":{"total":3,"covered":2,"skipped":0,"pct":66.66},"branches":{"total":8,"covered":0,"skipped":0,"pct":0}}
,"C:/Users/oussama/Desktop/pfe-d2f-enseignants/esprit_D2F-webapp/src/components/common/D2FDataCard.tsx": {"lines":{"total":18,"covered":2,"skipped":0,"pct":11.11},"functions":{"total":4,"covered":0,"skipped":0,"pct":0},"statements":{"total":20,"covered":2,"skipped":0,"pct":10},"branches":{"total":27,"covered":0,"skipped":0,"pct":0}}
,"C:/Users/oussama/Desktop/pfe-d2f-enseignants/esprit_D2F-webapp/src/components/common/D2FPageHeader.tsx": {"lines":{"total":3,"covered":2,"skipped":0,"pct":66.66},"functions":{"total":1,"covered":0,"skipped":0,"pct":0},"statements":{"total":3,"covered":2,"skipped":0,"pct":66.66},"branches":{"total":8,"covered":0,"skipped":0,"pct":0}}
,"C:/Users/oussama/Desktop/pfe-d2f-enseignants/esprit_D2F-webapp/src/components/common/D2FQuickActions.tsx": {"lines":{"total":3,"covered":1,"skipped":0,"pct":33.33},"functions":{"total":2,"covered":0,"skipped":0,"pct":0},"statements":{"total":3,"covered":1,"skipped":0,"pct":33.33},"branches":{"total":5,"covered":0,"skipped":0,"pct":0}}
,"C:/Users/oussama/Desktop/pfe-d2f-enseignants/esprit_D2F-webapp/src/components/common/D2FSearchBar.tsx": {"lines":{"total":24,"covered":2,"skipped":0,"pct":8.33},"functions":{"total":7,"covered":0,"skipped":0,"pct":0},"statements":{"total":27,"covered":2,"skipped":0,"pct":7.4},"branches":{"total":11,"covered":0,"skipped":0,"pct":0}}
,"C:/Users/oussama/Desktop/pfe-d2f-enseignants/esprit_D2F-webapp/src/components/common/D2FSection.tsx": {"lines":{"total":3,"covered":2,"skipped":0,"pct":66.66},"functions":{"total":1,"covered":0,"skipped":0,"pct":0},"statements":{"total":3,"covered":2,"skipped":0,"pct":66.66},"branches":{"total":10,"covered":0,"skipped":0,"pct":0}}
,"C:/Users/oussama/Desktop/pfe-d2f-enseignants/esprit_D2F-webapp/src/components/common/D2FStatusPill.tsx": {"lines":{"total":5,"covered":2,"skipped":0,"pct":40},"functions":{"total":1,"covered":0,"skipped":0,"pct":0},"statements":{"total":6,"covered":2,"skipped":0,"pct":33.33},"branches":{"total":9,"covered":0,"skipped":0,"pct":0}}
,"C:/Users/oussama/Desktop/pfe-d2f-enseignants/esprit_D2F-webapp/src/components/common/DataToolbar.tsx": {"lines":{"total":5,"covered":2,"skipped":0,"pct":40},"functions":{"total":3,"covered":0,"skipped":0,"pct":0},"statements":{"total":5,"covered":2,"skipped":0,"pct":40},"branches":{"total":17,"covered":0,"skipped":0,"pct":0}}
,"C:/Users/oussama/Desktop/pfe-d2f-enseignants/esprit_D2F-webapp/src/components/common/EmptyState.tsx": {"lines":{"total":6,"covered":2,"skipped":0,"pct":33.33},"functions":{"total":1,"covered":0,"skipped":0,"pct":0},"statements":{"total":6,"covered":2,"skipped":0,"pct":33.33},"branches":{"total":19,"covered":0,"skipped":0,"pct":0}}
,"C:/Users/oussama/Desktop/pfe-d2f-enseignants/esprit_D2F-webapp/src/components/common/EmptyStateStandard.tsx": {"lines":{"total":3,"covered":2,"skipped":0,"pct":66.66},"functions":{"total":1,"covered":0,"skipped":0,"pct":0},"statements":{"total":3,"covered":2,"skipped":0,"pct":66.66},"branches":{"total":10,"covered":0,"skipped":0,"pct":0}}
,"C:/Users/oussama/Desktop/pfe-d2f-enseignants/esprit_D2F-webapp/src/components/common/ErrorStateStandard.tsx": {"lines":{"total":3,"covered":2,"skipped":0,"pct":66.66},"functions":{"total":1,"covered":0,"skipped":0,"pct":0},"statements":{"total":3,"covered":2,"skipped":0,"pct":66.66},"branches":{"total":8,"covered":0,"skipped":0,"pct":0}}
,"C:/Users/oussama/Desktop/pfe-d2f-enseignants/esprit_D2F-webapp/src/components/common/ExportExcelButton.tsx": {"lines":{"total":2,"covered":0,"skipped":0,"pct":0},"functions":{"total":1,"covered":0,"skipped":0,"pct":0},"statements":{"total":2,"covered":0,"skipped":0,"pct":0},"branches":{"total":0,"covered":0,"skipped":0,"pct":100}}
,"C:/Users/oussama/Desktop/pfe-d2f-enseignants/esprit_D2F-webapp/src/components/common/FilterPanel.tsx": {"lines":{"total":3,"covered":2,"skipped":0,"pct":66.66},"functions":{"total":1,"covered":0,"skipped":0,"pct":0},"statements":{"total":3,"covered":2,"skipped":0,"pct":66.66},"branches":{"total":8,"covered":0,"skipped":0,"pct":0}}
,"C:/Users/oussama/Desktop/pfe-d2f-enseignants/esprit_D2F-webapp/src/components/common/FormWizardLayout.tsx": {"lines":{"total":3,"covered":1,"skipped":0,"pct":33.33},"functions":{"total":2,"covered":0,"skipped":0,"pct":0},"statements":{"total":3,"covered":1,"skipped":0,"pct":33.33},"branches":{"total":3,"covered":0,"skipped":0,"pct":0}}
,"C:/Users/oussama/Desktop/pfe-d2f-enseignants/esprit_D2F-webapp/src/components/common/InfoSummaryCard.tsx": {"lines":{"total":5,"covered":2,"skipped":0,"pct":40},"functions":{"total":2,"covered":0,"skipped":0,"pct":0},"statements":{"total":5,"covered":2,"skipped":0,"pct":40},"branches":{"total":10,"covered":0,"skipped":0,"pct":0}}
,"C:/Users/oussama/Desktop/pfe-d2f-enseignants/esprit_D2F-webapp/src/components/common/InscriptionStatGrid.tsx": {"lines":{"total":6,"covered":2,"skipped":0,"pct":33.33},"functions":{"total":2,"covered":0,"skipped":0,"pct":0},"statements":{"total":6,"covered":2,"skipped":0,"pct":33.33},"branches":{"total":4,"covered":0,"skipped":0,"pct":0}}
,"C:/Users/oussama/Desktop/pfe-d2f-enseignants/esprit_D2F-webapp/src/components/common/PageHero.tsx": {"lines":{"total":6,"covered":3,"skipped":0,"pct":50},"functions":{"total":1,"covered":0,"skipped":0,"pct":0},"statements":{"total":6,"covered":3,"skipped":0,"pct":50},"branches":{"total":10,"covered":0,"skipped":0,"pct":0}}
,"C:/Users/oussama/Desktop/pfe-d2f-enseignants/esprit_D2F-webapp/src/components/common/PageLoader.tsx": {"lines":{"total":3,"covered":2,"skipped":0,"pct":66.66},"functions":{"total":1,"covered":0,"skipped":0,"pct":0},"statements":{"total":3,"covered":2,"skipped":0,"pct":66.66},"branches":{"total":6,"covered":0,"skipped":0,"pct":0}}
,"C:/Users/oussama/Desktop/pfe-d2f-enseignants/esprit_D2F-webapp/src/components/common/PageSectionCard.tsx": {"lines":{"total":2,"covered":1,"skipped":0,"pct":50},"functions":{"total":1,"covered":0,"skipped":0,"pct":0},"statements":{"total":2,"covered":1,"skipped":0,"pct":50},"branches":{"total":9,"covered":0,"skipped":0,"pct":0}}
,"C:/Users/oussama/Desktop/pfe-d2f-enseignants/esprit_D2F-webapp/src/components/common/ResponsiveTableWrapper.tsx": {"lines":{"total":2,"covered":1,"skipped":0,"pct":50},"functions":{"total":1,"covered":0,"skipped":0,"pct":0},"statements":{"total":2,"covered":1,"skipped":0,"pct":50},"branches":{"total":1,"covered":0,"skipped":0,"pct":0}}
,"C:/Users/oussama/Desktop/pfe-d2f-enseignants/esprit_D2F-webapp/src/components/common/RoleBadge.tsx": {"lines":{"total":4,"covered":1,"skipped":0,"pct":25},"functions":{"total":1,"covered":0,"skipped":0,"pct":0},"statements":{"total":4,"covered":1,"skipped":0,"pct":25},"branches":{"total":12,"covered":0,"skipped":0,"pct":0}}
,"C:/Users/oussama/Desktop/pfe-d2f-enseignants/esprit_D2F-webapp/src/components/common/StatCard.tsx": {"lines":{"total":10,"covered":0,"skipped":0,"pct":0},"functions":{"total":1,"covered":0,"skipped":0,"pct":0},"statements":{"total":12,"covered":0,"skipped":0,"pct":0},"branches":{"total":29,"covered":0,"skipped":0,"pct":0}}
,"C:/Users/oussama/Desktop/pfe-d2f-enseignants/esprit_D2F-webapp/src/components/common/StatusBadge.tsx": {"lines":{"total":3,"covered":1,"skipped":0,"pct":33.33},"functions":{"total":1,"covered":0,"skipped":0,"pct":0},"statements":{"total":3,"covered":1,"skipped":0,"pct":33.33},"branches":{"total":12,"covered":0,"skipped":0,"pct":0}}
,"C:/Users/oussama/Desktop/pfe-d2f-enseignants/esprit_D2F-webapp/src/components/common/StickyFormFooter.tsx": {"lines":{"total":3,"covered":2,"skipped":0,"pct":66.66},"functions":{"total":1,"covered":0,"skipped":0,"pct":0},"statements":{"total":3,"covered":2,"skipped":0,"pct":66.66},"branches":{"total":15,"covered":0,"skipped":0,"pct":0}}
,"C:/Users/oussama/Desktop/pfe-d2f-enseignants/esprit_D2F-webapp/src/components/common/SummaryStatsRow.tsx": {"lines":{"total":4,"covered":1,"skipped":0,"pct":25},"functions":{"total":2,"covered":0,"skipped":0,"pct":0},"statements":{"total":4,"covered":1,"skipped":0,"pct":25},"branches":{"total":8,"covered":0,"skipped":0,"pct":0}}
,"C:/Users/oussama/Desktop/pfe-d2f-enseignants/esprit_D2F-webapp/src/components/competence/columns/CompetenceColumns.tsx": {"lines":{"total":32,"covered":0,"skipped":0,"pct":0},"functions":{"total":26,"covered":0,"skipped":0,"pct":0},"statements":{"total":36,"covered":0,"skipped":0,"pct":0},"branches":{"total":46,"covered":0,"skipped":0,"pct":0}}
,"C:/Users/oussama/Desktop/pfe-d2f-enseignants/esprit_D2F-webapp/src/components/competence/tree/TreeNodeBuilders.tsx": {"lines":{"total":17,"covered":0,"skipped":0,"pct":0},"functions":{"total":10,"covered":0,"skipped":0,"pct":0},"statements":{"total":17,"covered":0,"skipped":0,"pct":0},"branches":{"total":32,"covered":0,"skipped":0,"pct":0}}
,"C:/Users/oussama/Desktop/pfe-d2f-enseignants/esprit_D2F-webapp/src/components/dashboard/DashboardAlerts.tsx": {"lines":{"total":18,"covered":0,"skipped":0,"pct":0},"functions":{"total":5,"covered":0,"skipped":0,"pct":0},"statements":{"total":22,"covered":0,"skipped":0,"pct":0},"branches":{"total":22,"covered":0,"skipped":0,"pct":0}}
,"C:/Users/oussama/Desktop/pfe-d2f-enseignants/esprit_D2F-webapp/src/components/dashboard/DashboardFormationTypes.tsx": {"lines":{"total":11,"covered":0,"skipped":0,"pct":0},"functions":{"total":4,"covered":0,"skipped":0,"pct":0},"statements":{"total":13,"covered":0,"skipped":0,"pct":0},"branches":{"total":8,"covered":0,"skipped":0,"pct":0}}
,"C:/Users/oussama/Desktop/pfe-d2f-enseignants/esprit_D2F-webapp/src/components/dashboard/DashboardHeader.tsx": {"lines":{"total":8,"covered":0,"skipped":0,"pct":0},"functions":{"total":5,"covered":0,"skipped":0,"pct":0},"statements":{"total":8,"covered":0,"skipped":0,"pct":0},"branches":{"total":6,"covered":0,"skipped":0,"pct":0}}
,"C:/Users/oussama/Desktop/pfe-d2f-enseignants/esprit_D2F-webapp/src/components/dashboard/DashboardHealthCard.tsx": {"lines":{"total":22,"covered":0,"skipped":0,"pct":0},"functions":{"total":8,"covered":0,"skipped":0,"pct":0},"statements":{"total":27,"covered":0,"skipped":0,"pct":0},"branches":{"total":25,"covered":0,"skipped":0,"pct":0}}
,"C:/Users/oussama/Desktop/pfe-d2f-enseignants/esprit_D2F-webapp/src/components/dashboard/DashboardKpiGrid.tsx": {"lines":{"total":36,"covered":0,"skipped":0,"pct":0},"functions":{"total":15,"covered":0,"skipped":0,"pct":0},"statements":{"total":45,"covered":0,"skipped":0,"pct":0},"branches":{"total":44,"covered":0,"skipped":0,"pct":0}}
,"C:/Users/oussama/Desktop/pfe-d2f-enseignants/esprit_D2F-webapp/src/components/dashboard/DashboardNonAffected.tsx": {"lines":{"total":11,"covered":0,"skipped":0,"pct":0},"functions":{"total":5,"covered":0,"skipped":0,"pct":0},"statements":{"total":13,"covered":0,"skipped":0,"pct":0},"branches":{"total":24,"covered":0,"skipped":0,"pct":0}}
,"C:/Users/oussama/Desktop/pfe-d2f-enseignants/esprit_D2F-webapp/src/components/dashboard/DashboardParticipationChart.tsx": {"lines":{"total":13,"covered":0,"skipped":0,"pct":0},"functions":{"total":7,"covered":0,"skipped":0,"pct":0},"statements":{"total":14,"covered":0,"skipped":0,"pct":0},"branches":{"total":12,"covered":0,"skipped":0,"pct":0}}
,"C:/Users/oussama/Desktop/pfe-d2f-enseignants/esprit_D2F-webapp/src/components/dashboard/DashboardPendingNeeds.tsx": {"lines":{"total":16,"covered":0,"skipped":0,"pct":0},"functions":{"total":6,"covered":0,"skipped":0,"pct":0},"statements":{"total":18,"covered":0,"skipped":0,"pct":0},"branches":{"total":21,"covered":0,"skipped":0,"pct":0}}
,"C:/Users/oussama/Desktop/pfe-d2f-enseignants/esprit_D2F-webapp/src/components/dashboard/DashboardPredictiveInsights.tsx": {"lines":{"total":20,"covered":0,"skipped":0,"pct":0},"functions":{"total":12,"covered":0,"skipped":0,"pct":0},"statements":{"total":23,"covered":0,"skipped":0,"pct":0},"branches":{"total":24,"covered":0,"skipped":0,"pct":0}}
,"C:/Users/oussama/Desktop/pfe-d2f-enseignants/esprit_D2F-webapp/src/components/dashboard/DashboardRecentActivity.tsx": {"lines":{"total":20,"covered":0,"skipped":0,"pct":0},"functions":{"total":9,"covered":0,"skipped":0,"pct":0},"statements":{"total":22,"covered":0,"skipped":0,"pct":0},"branches":{"total":23,"covered":0,"skipped":0,"pct":0}}
,"C:/Users/oussama/Desktop/pfe-d2f-enseignants/esprit_D2F-webapp/src/components/dashboard/DashboardStatusChart.tsx": {"lines":{"total":6,"covered":0,"skipped":0,"pct":0},"functions":{"total":2,"covered":0,"skipped":0,"pct":0},"statements":{"total":6,"covered":0,"skipped":0,"pct":0},"branches":{"total":4,"covered":0,"skipped":0,"pct":0}}
,"C:/Users/oussama/Desktop/pfe-d2f-enseignants/esprit_D2F-webapp/src/components/dashboard/DashboardTimelineChart.tsx": {"lines":{"total":7,"covered":0,"skipped":0,"pct":0},"functions":{"total":4,"covered":0,"skipped":0,"pct":0},"statements":{"total":8,"covered":0,"skipped":0,"pct":0},"branches":{"total":4,"covered":0,"skipped":0,"pct":0}}
,"C:/Users/oussama/Desktop/pfe-d2f-enseignants/esprit_D2F-webapp/src/components/dashboard/DashboardTopAbsences.tsx": {"lines":{"total":10,"covered":0,"skipped":0,"pct":0},"functions":{"total":5,"covered":0,"skipped":0,"pct":0},"statements":{"total":12,"covered":0,"skipped":0,"pct":0},"branches":{"total":16,"covered":0,"skipped":0,"pct":0}}
,"C:/Users/oussama/Desktop/pfe-d2f-enseignants/esprit_D2F-webapp/src/components/dashboard/DashboardTopCompetencies.tsx": {"lines":{"total":11,"covered":0,"skipped":0,"pct":0},"functions":{"total":4,"covered":0,"skipped":0,"pct":0},"statements":{"total":13,"covered":0,"skipped":0,"pct":0},"branches":{"total":16,"covered":0,"skipped":0,"pct":0}}
,"C:/Users/oussama/Desktop/pfe-d2f-enseignants/esprit_D2F-webapp/src/components/dashboard/DashboardTopPresences.tsx": {"lines":{"total":18,"covered":0,"skipped":0,"pct":0},"functions":{"total":7,"covered":0,"skipped":0,"pct":0},"statements":{"total":26,"covered":0,"skipped":0,"pct":0},"branches":{"total":30,"covered":0,"skipped":0,"pct":0}}
,"C:/Users/oussama/Desktop/pfe-d2f-enseignants/esprit_D2F-webapp/src/components/dashboard/DashboardTrainerTypes.tsx": {"lines":{"total":11,"covered":0,"skipped":0,"pct":0},"functions":{"total":4,"covered":0,"skipped":0,"pct":0},"statements":{"total":13,"covered":0,"skipped":0,"pct":0},"branches":{"total":10,"covered":0,"skipped":0,"pct":0}}
,"C:/Users/oussama/Desktop/pfe-d2f-enseignants/esprit_D2F-webapp/src/components/dashboard/DashboardUpcomingFormations.tsx": {"lines":{"total":16,"covered":0,"skipped":0,"pct":0},"functions":{"total":9,"covered":0,"skipped":0,"pct":0},"statements":{"total":19,"covered":0,"skipped":0,"pct":0},"branches":{"total":16,"covered":0,"skipped":0,"pct":0}}
,"C:/Users/oussama/Desktop/pfe-d2f-enseignants/esprit_D2F-webapp/src/components/data/DataTable.tsx": {"lines":{"total":84,"covered":0,"skipped":0,"pct":0},"functions":{"total":30,"covered":0,"skipped":0,"pct":0},"statements":{"total":96,"covered":0,"skipped":0,"pct":0},"branches":{"total":79,"covered":0,"skipped":0,"pct":0}}
,"C:/Users/oussama/Desktop/pfe-d2f-enseignants/esprit_D2F-webapp/src/components/data/FilterPanel.tsx": {"lines":{"total":57,"covered":0,"skipped":0,"pct":0},"functions":{"total":25,"covered":0,"skipped":0,"pct":0},"statements":{"total":66,"covered":0,"skipped":0,"pct":0},"branches":{"total":63,"covered":0,"skipped":0,"pct":0}}
,"C:/Users/oussama/Desktop/pfe-d2f-enseignants/esprit_D2F-webapp/src/components/data/Pagination.tsx": {"lines":{"total":3,"covered":0,"skipped":0,"pct":0},"functions":{"total":2,"covered":0,"skipped":0,"pct":0},"statements":{"total":3,"covered":0,"skipped":0,"pct":0},"branches":{"total":4,"covered":0,"skipped":0,"pct":0}}
,"C:/Users/oussama/Desktop/pfe-d2f-enseignants/esprit_D2F-webapp/src/components/data/types.ts": {"lines":{"total":28,"covered":0,"skipped":0,"pct":0},"functions":{"total":11,"covered":0,"skipped":0,"pct":0},"statements":{"total":31,"covered":0,"skipped":0,"pct":0},"branches":{"total":31,"covered":0,"skipped":0,"pct":0}}
,"C:/Users/oussama/Desktop/pfe-d2f-enseignants/esprit_D2F-webapp/src/components/enseignant/TeacherEditModal.tsx": {"lines":{"total":5,"covered":0,"skipped":0,"pct":0},"functions":{"total":3,"covered":0,"skipped":0,"pct":0},"statements":{"total":5,"covered":0,"skipped":0,"pct":0},"branches":{"total":4,"covered":0,"skipped":0,"pct":0}}
,"C:/Users/oussama/Desktop/pfe-d2f-enseignants/esprit_D2F-webapp/src/components/feedback/ErrorBoundary.tsx": {"lines":{"total":11,"covered":9,"skipped":0,"pct":81.81},"functions":{"total":6,"covered":4,"skipped":0,"pct":66.66},"statements":{"total":11,"covered":9,"skipped":0,"pct":81.81},"branches":{"total":6,"covered":6,"skipped":0,"pct":100}}
,"C:/Users/oussama/Desktop/pfe-d2f-enseignants/esprit_D2F-webapp/src/components/feedback/NotificationBridge.tsx": {"lines":{"total":9,"covered":0,"skipped":0,"pct":0},"functions":{"total":6,"covered":0,"skipped":0,"pct":0},"statements":{"total":9,"covered":0,"skipped":0,"pct":0},"branches":{"total":0,"covered":0,"skipped":0,"pct":100}}
,"C:/Users/oussama/Desktop/pfe-d2f-enseignants/esprit_D2F-webapp/src/components/formation/ActorToolbar.tsx": {"lines":{"total":11,"covered":0,"skipped":0,"pct":0},"functions":{"total":2,"covered":0,"skipped":0,"pct":0},"statements":{"total":12,"covered":0,"skipped":0,"pct":0},"branches":{"total":16,"covered":0,"skipped":0,"pct":0}}
,"C:/Users/oussama/Desktop/pfe-d2f-enseignants/esprit_D2F-webapp/src/components/formation/AddActorModal.tsx": {"lines":{"total":24,"covered":0,"skipped":0,"pct":0},"functions":{"total":3,"covered":0,"skipped":0,"pct":0},"statements":{"total":24,"covered":0,"skipped":0,"pct":0},"branches":{"total":21,"covered":0,"skipped":0,"pct":0}}
,"C:/Users/oussama/Desktop/pfe-d2f-enseignants/esprit_D2F-webapp/src/components/layout/AppLayout.tsx": {"lines":{"total":33,"covered":0,"skipped":0,"pct":0},"functions":{"total":15,"covered":0,"skipped":0,"pct":0},"statements":{"total":44,"covered":0,"skipped":0,"pct":0},"branches":{"total":24,"covered":0,"skipped":0,"pct":0}}
,"C:/Users/oussama/Desktop/pfe-d2f-enseignants/esprit_D2F-webapp/src/components/layout/AppLayoutConstants.ts": {"lines":{"total":12,"covered":0,"skipped":0,"pct":0},"functions":{"total":1,"covered":0,"skipped":0,"pct":0},"statements":{"total":14,"covered":0,"skipped":0,"pct":0},"branches":{"total":10,"covered":0,"skipped":0,"pct":0}}
,"C:/Users/oussama/Desktop/pfe-d2f-enseignants/esprit_D2F-webapp/src/components/layout/Breadcrumb.tsx": {"lines":{"total":10,"covered":0,"skipped":0,"pct":0},"functions":{"total":3,"covered":0,"skipped":0,"pct":0},"statements":{"total":10,"covered":0,"skipped":0,"pct":0},"branches":{"total":4,"covered":0,"skipped":0,"pct":0}}
,"C:/Users/oussama/Desktop/pfe-d2f-enseignants/esprit_D2F-webapp/src/components/layout/ContentSkeleton.tsx": {"lines":{"total":3,"covered":0,"skipped":0,"pct":0},"functions":{"total":2,"covered":0,"skipped":0,"pct":0},"statements":{"total":3,"covered":0,"skipped":0,"pct":0},"branches":{"total":0,"covered":0,"skipped":0,"pct":100}}
,"C:/Users/oussama/Desktop/pfe-d2f-enseignants/esprit_D2F-webapp/src/components/layout/SideMenu.tsx": {"lines":{"total":32,"covered":0,"skipped":0,"pct":0},"functions":{"total":8,"covered":0,"skipped":0,"pct":0},"statements":{"total":37,"covered":0,"skipped":0,"pct":0},"branches":{"total":36,"covered":0,"skipped":0,"pct":0}}
,"C:/Users/oussama/Desktop/pfe-d2f-enseignants/esprit_D2F-webapp/src/components/layout/TopBar.tsx": {"lines":{"total":12,"covered":0,"skipped":0,"pct":0},"functions":{"total":4,"covered":0,"skipped":0,"pct":0},"statements":{"total":13,"covered":0,"skipped":0,"pct":0},"branches":{"total":3,"covered":0,"skipped":0,"pct":0}}
,"C:/Users/oussama/Desktop/pfe-d2f-enseignants/esprit_D2F-webapp/src/components/layout/sideMenuData.ts": {"lines":{"total":9,"covered":0,"skipped":0,"pct":0},"functions":{"total":0,"covered":0,"skipped":0,"pct":100},"statements":{"total":9,"covered":0,"skipped":0,"pct":0},"branches":{"total":0,"covered":0,"skipped":0,"pct":100}}
,"C:/Users/oussama/Desktop/pfe-d2f-enseignants/esprit_D2F-webapp/src/components/ui/Badge.tsx": {"lines":{"total":2,"covered":0,"skipped":0,"pct":0},"functions":{"total":1,"covered":0,"skipped":0,"pct":0},"statements":{"total":2,"covered":0,"skipped":0,"pct":0},"branches":{"total":9,"covered":0,"skipped":0,"pct":0}}
,"C:/Users/oussama/Desktop/pfe-d2f-enseignants/esprit_D2F-webapp/src/components/ui/ConfirmModal.tsx": {"lines":{"total":9,"covered":0,"skipped":0,"pct":0},"functions":{"total":2,"covered":0,"skipped":0,"pct":0},"statements":{"total":9,"covered":0,"skipped":0,"pct":0},"branches":{"total":10,"covered":0,"skipped":0,"pct":0}}
,"C:/Users/oussama/Desktop/pfe-d2f-enseignants/esprit_D2F-webapp/src/components/ui/GlobalSearch.tsx": {"lines":{"total":63,"covered":0,"skipped":0,"pct":0},"functions":{"total":32,"covered":0,"skipped":0,"pct":0},"statements":{"total":72,"covered":0,"skipped":0,"pct":0},"branches":{"total":55,"covered":0,"skipped":0,"pct":0}}
,"C:/Users/oussama/Desktop/pfe-d2f-enseignants/esprit_D2F-webapp/src/components/ui/InfoCard.tsx": {"lines":{"total":3,"covered":0,"skipped":0,"pct":0},"functions":{"total":1,"covered":0,"skipped":0,"pct":0},"statements":{"total":3,"covered":0,"skipped":0,"pct":0},"branches":{"total":10,"covered":0,"skipped":0,"pct":0}}
,"C:/Users/oussama/Desktop/pfe-d2f-enseignants/esprit_D2F-webapp/src/components/ui/KpiCard.tsx": {"lines":{"total":13,"covered":0,"skipped":0,"pct":0},"functions":{"total":1,"covered":0,"skipped":0,"pct":0},"statements":{"total":13,"covered":0,"skipped":0,"pct":0},"branches":{"total":16,"covered":0,"skipped":0,"pct":0}}
,"C:/Users/oussama/Desktop/pfe-d2f-enseignants/esprit_D2F-webapp/src/components/ui/Skeleton.tsx": {"lines":{"total":19,"covered":0,"skipped":0,"pct":0},"functions":{"total":7,"covered":0,"skipped":0,"pct":0},"statements":{"total":19,"covered":0,"skipped":0,"pct":0},"branches":{"total":22,"covered":0,"skipped":0,"pct":0}}
,"C:/Users/oussama/Desktop/pfe-d2f-enseignants/esprit_D2F-webapp/src/components/ui/UserAvatar.tsx": {"lines":{"total":15,"covered":0,"skipped":0,"pct":0},"functions":{"total":3,"covered":0,"skipped":0,"pct":0},"statements":{"total":17,"covered":0,"skipped":0,"pct":0},"branches":{"total":22,"covered":0,"skipped":0,"pct":0}}
,"C:/Users/oussama/Desktop/pfe-d2f-enseignants/esprit_D2F-webapp/src/components/wizard/WizardNavFooter.tsx": {"lines":{"total":2,"covered":0,"skipped":0,"pct":0},"functions":{"total":1,"covered":0,"skipped":0,"pct":0},"statements":{"total":2,"covered":0,"skipped":0,"pct":0},"branches":{"total":2,"covered":0,"skipped":0,"pct":0}}
,"C:/Users/oussama/Desktop/pfe-d2f-enseignants/esprit_D2F-webapp/src/components/wizard/WizardStepper.tsx": {"lines":{"total":3,"covered":0,"skipped":0,"pct":0},"functions":{"total":2,"covered":0,"skipped":0,"pct":0},"statements":{"total":3,"covered":0,"skipped":0,"pct":0},"branches":{"total":8,"covered":0,"skipped":0,"pct":0}}
,"C:/Users/oussama/Desktop/pfe-d2f-enseignants/esprit_D2F-webapp/src/config/env.ts": {"lines":{"total":12,"covered":9,"skipped":0,"pct":75},"functions":{"total":2,"covered":2,"skipped":0,"pct":100},"statements":{"total":13,"covered":10,"skipped":0,"pct":76.92},"branches":{"total":10,"covered":5,"skipped":0,"pct":50}}
,"C:/Users/oussama/Desktop/pfe-d2f-enseignants/esprit_D2F-webapp/src/context/AuthContext.tsx": {"lines":{"total":79,"covered":58,"skipped":0,"pct":73.41},"functions":{"total":21,"covered":16,"skipped":0,"pct":76.19},"statements":{"total":84,"covered":62,"skipped":0,"pct":73.8},"branches":{"total":22,"covered":14,"skipped":0,"pct":63.63}}
,"C:/Users/oussama/Desktop/pfe-d2f-enseignants/esprit_D2F-webapp/src/hooks/useDebouncedValue.ts": {"lines":{"total":5,"covered":0,"skipped":0,"pct":0},"functions":{"total":4,"covered":0,"skipped":0,"pct":0},"statements":{"total":7,"covered":0,"skipped":0,"pct":0},"branches":{"total":1,"covered":0,"skipped":0,"pct":0}}
,"C:/Users/oussama/Desktop/pfe-d2f-enseignants/esprit_D2F-webapp/src/hooks/useToast.ts": {"lines":{"total":6,"covered":0,"skipped":0,"pct":0},"functions":{"total":4,"covered":0,"skipped":0,"pct":0},"statements":{"total":6,"covered":0,"skipped":0,"pct":0},"branches":{"total":2,"covered":0,"skipped":0,"pct":0}}
,"C:/Users/oussama/Desktop/pfe-d2f-enseignants/esprit_D2F-webapp/src/hooks/analyse/useAnalysePredictive.ts": {"lines":{"total":52,"covered":0,"skipped":0,"pct":0},"functions":{"total":49,"covered":0,"skipped":0,"pct":0},"statements":{"total":52,"covered":0,"skipped":0,"pct":0},"branches":{"total":5,"covered":0,"skipped":0,"pct":0}}
,"C:/Users/oussama/Desktop/pfe-d2f-enseignants/esprit_D2F-webapp/src/hooks/analyse/useAnalytics.ts": {"lines":{"total":34,"covered":0,"skipped":0,"pct":0},"functions":{"total":10,"covered":0,"skipped":0,"pct":0},"statements":{"total":38,"covered":0,"skipped":0,"pct":0},"branches":{"total":37,"covered":0,"skipped":0,"pct":0}}
,"C:/Users/oussama/Desktop/pfe-d2f-enseignants/esprit_D2F-webapp/src/hooks/analyse/useDashboard.ts": {"lines":{"total":7,"covered":0,"skipped":0,"pct":0},"functions":{"total":4,"covered":0,"skipped":0,"pct":0},"statements":{"total":7,"covered":0,"skipped":0,"pct":0},"branches":{"total":12,"covered":0,"skipped":0,"pct":0}}
,"C:/Users/oussama/Desktop/pfe-d2f-enseignants/esprit_D2F-webapp/src/hooks/analyse/useModelStatus.ts": {"lines":{"total":17,"covered":17,"skipped":0,"pct":100},"functions":{"total":4,"covered":4,"skipped":0,"pct":100},"statements":{"total":17,"covered":17,"skipped":0,"pct":100},"branches":{"total":18,"covered":17,"skipped":0,"pct":94.44}}
,"C:/Users/oussama/Desktop/pfe-d2f-enseignants/esprit_D2F-webapp/src/hooks/analyse/useReporting.ts": {"lines":{"total":32,"covered":0,"skipped":0,"pct":0},"functions":{"total":12,"covered":0,"skipped":0,"pct":0},"statements":{"total":32,"covered":0,"skipped":0,"pct":0},"branches":{"total":4,"covered":0,"skipped":0,"pct":0}}
,"C:/Users/oussama/Desktop/pfe-d2f-enseignants/esprit_D2F-webapp/src/hooks/analyse/useRiceAnalysis.ts": {"lines":{"total":100,"covered":0,"skipped":0,"pct":0},"functions":{"total":18,"covered":0,"skipped":0,"pct":0},"statements":{"total":127,"covered":0,"skipped":0,"pct":0},"branches":{"total":119,"covered":0,"skipped":0,"pct":0}}
,"C:/Users/oussama/Desktop/pfe-d2f-enseignants/esprit_D2F-webapp/src/hooks/analyse/useRiceEnseignantsLoader.ts": {"lines":{"total":42,"covered":0,"skipped":0,"pct":0},"functions":{"total":6,"covered":0,"skipped":0,"pct":0},"statements":{"total":48,"covered":0,"skipped":0,"pct":0},"branches":{"total":22,"covered":0,"skipped":0,"pct":0}}
,"C:/Users/oussama/Desktop/pfe-d2f-enseignants/esprit_D2F-webapp/src/hooks/analyse/useRiceReport.ts": {"lines":{"total":61,"covered":0,"skipped":0,"pct":0},"functions":{"total":18,"covered":0,"skipped":0,"pct":0},"statements":{"total":70,"covered":0,"skipped":0,"pct":0},"branches":{"total":58,"covered":0,"skipped":0,"pct":0}}
,"C:/Users/oussama/Desktop/pfe-d2f-enseignants/esprit_D2F-webapp/src/hooks/analyse/useRiceService.ts": {"lines":{"total":36,"covered":0,"skipped":0,"pct":0},"functions":{"total":28,"covered":0,"skipped":0,"pct":0},"statements":{"total":36,"covered":0,"skipped":0,"pct":0},"branches":{"total":4,"covered":0,"skipped":0,"pct":0}}
,"C:/Users/oussama/Desktop/pfe-d2f-enseignants/esprit_D2F-webapp/src/hooks/analyse/useRiceSession.ts": {"lines":{"total":49,"covered":0,"skipped":0,"pct":0},"functions":{"total":14,"covered":0,"skipped":0,"pct":0},"statements":{"total":73,"covered":0,"skipped":0,"pct":0},"branches":{"total":54,"covered":0,"skipped":0,"pct":0}}
,"C:/Users/oussama/Desktop/pfe-d2f-enseignants/esprit_D2F-webapp/src/hooks/analyse/useRiceTeacherManager.ts": {"lines":{"total":42,"covered":0,"skipped":0,"pct":0},"functions":{"total":6,"covered":0,"skipped":0,"pct":0},"statements":{"total":45,"covered":0,"skipped":0,"pct":0},"branches":{"total":26,"covered":0,"skipped":0,"pct":0}}
,"C:/Users/oussama/Desktop/pfe-d2f-enseignants/esprit_D2F-webapp/src/hooks/analyse/useRiceTree.ts": {"lines":{"total":167,"covered":0,"skipped":0,"pct":0},"functions":{"total":52,"covered":0,"skipped":0,"pct":0},"statements":{"total":195,"covered":0,"skipped":0,"pct":0},"branches":{"total":139,"covered":0,"skipped":0,"pct":0}}
,"C:/Users/oussama/Desktop/pfe-d2f-enseignants/esprit_D2F-webapp/src/hooks/api/useOneDrive.ts": {"lines":{"total":12,"covered":0,"skipped":0,"pct":0},"functions":{"total":11,"covered":0,"skipped":0,"pct":0},"statements":{"total":12,"covered":0,"skipped":0,"pct":0},"branches":{"total":0,"covered":0,"skipped":0,"pct":100}}
,"C:/Users/oussama/Desktop/pfe-d2f-enseignants/esprit_D2F-webapp/src/hooks/auth/useAuth.ts": {"lines":{"total":5,"covered":4,"skipped":0,"pct":80},"functions":{"total":1,"covered":1,"skipped":0,"pct":100},"statements":{"total":5,"covered":4,"skipped":0,"pct":80},"branches":{"total":2,"covered":1,"skipped":0,"pct":50}}
,"C:/Users/oussama/Desktop/pfe-d2f-enseignants/esprit_D2F-webapp/src/hooks/auth/useAuthService.ts": {"lines":{"total":32,"covered":0,"skipped":0,"pct":0},"functions":{"total":26,"covered":0,"skipped":0,"pct":0},"statements":{"total":32,"covered":0,"skipped":0,"pct":0},"branches":{"total":0,"covered":0,"skipped":0,"pct":100}}
,"C:/Users/oussama/Desktop/pfe-d2f-enseignants/esprit_D2F-webapp/src/hooks/auth/useRegister.ts": {"lines":{"total":13,"covered":0,"skipped":0,"pct":0},"functions":{"total":2,"covered":0,"skipped":0,"pct":0},"statements":{"total":13,"covered":0,"skipped":0,"pct":0},"branches":{"total":2,"covered":0,"skipped":0,"pct":0}}
,"C:/Users/oussama/Desktop/pfe-d2f-enseignants/esprit_D2F-webapp/src/hooks/besoin/useBesoins.ts": {"lines":{"total":36,"covered":1,"skipped":0,"pct":2.77},"functions":{"total":30,"covered":0,"skipped":0,"pct":0},"statements":{"total":36,"covered":1,"skipped":0,"pct":2.77},"branches":{"total":8,"covered":0,"skipped":0,"pct":0}}
,"C:/Users/oussama/Desktop/pfe-d2f-enseignants/esprit_D2F-webapp/src/hooks/bureau/useAnimateursExternes.ts": {"lines":{"total":17,"covered":0,"skipped":0,"pct":0},"functions":{"total":13,"covered":0,"skipped":0,"pct":0},"statements":{"total":18,"covered":0,"skipped":0,"pct":0},"branches":{"total":5,"covered":0,"skipped":0,"pct":0}}
,"C:/Users/oussama/Desktop/pfe-d2f-enseignants/esprit_D2F-webapp/src/hooks/bureau/useBureaux.ts": {"lines":{"total":17,"covered":0,"skipped":0,"pct":0},"functions":{"total":12,"covered":0,"skipped":0,"pct":0},"statements":{"total":17,"covered":0,"skipped":0,"pct":0},"branches":{"total":0,"covered":0,"skipped":0,"pct":100}}
,"C:/Users/oussama/Desktop/pfe-d2f-enseignants/esprit_D2F-webapp/src/hooks/certificat/useCertificats.ts": {"lines":{"total":24,"covered":0,"skipped":0,"pct":0},"functions":{"total":19,"covered":0,"skipped":0,"pct":0},"statements":{"total":24,"covered":0,"skipped":0,"pct":0},"branches":{"total":0,"covered":0,"skipped":0,"pct":100}}
,"C:/Users/oussama/Desktop/pfe-d2f-enseignants/esprit_D2F-webapp/src/hooks/certificat/useSkillPassport.ts": {"lines":{"total":8,"covered":0,"skipped":0,"pct":0},"functions":{"total":8,"covered":0,"skipped":0,"pct":0},"statements":{"total":8,"covered":0,"skipped":0,"pct":0},"branches":{"total":0,"covered":0,"skipped":0,"pct":100}}
,"C:/Users/oussama/Desktop/pfe-d2f-enseignants/esprit_D2F-webapp/src/hooks/competence/useCompetenceCrud.tsx": {"lines":{"total":228,"covered":0,"skipped":0,"pct":0},"functions":{"total":65,"covered":0,"skipped":0,"pct":0},"statements":{"total":247,"covered":0,"skipped":0,"pct":0},"branches":{"total":180,"covered":0,"skipped":0,"pct":0}}
,"C:/Users/oussama/Desktop/pfe-d2f-enseignants/esprit_D2F-webapp/src/hooks/competence/useCompetencePageState.ts": {"lines":{"total":65,"covered":0,"skipped":0,"pct":0},"functions":{"total":14,"covered":0,"skipped":0,"pct":0},"statements":{"total":74,"covered":0,"skipped":0,"pct":0},"branches":{"total":37,"covered":0,"skipped":0,"pct":0}}
,"C:/Users/oussama/Desktop/pfe-d2f-enseignants/esprit_D2F-webapp/src/hooks/competence/useCompetenceService.ts": {"lines":{"total":8,"covered":0,"skipped":0,"pct":0},"functions":{"total":8,"covered":0,"skipped":0,"pct":0},"statements":{"total":8,"covered":0,"skipped":0,"pct":0},"branches":{"total":0,"covered":0,"skipped":0,"pct":100}}
,"C:/Users/oussama/Desktop/pfe-d2f-enseignants/esprit_D2F-webapp/src/hooks/competence/useFormationCompetence.ts": {"lines":{"total":24,"covered":0,"skipped":0,"pct":0},"functions":{"total":19,"covered":0,"skipped":0,"pct":0},"statements":{"total":24,"covered":0,"skipped":0,"pct":0},"branches":{"total":4,"covered":0,"skipped":0,"pct":0}}
,"C:/Users/oussama/Desktop/pfe-d2f-enseignants/esprit_D2F-webapp/src/hooks/competence/useStructureData.tsx": {"lines":{"total":86,"covered":0,"skipped":0,"pct":0},"functions":{"total":29,"covered":0,"skipped":0,"pct":0},"statements":{"total":97,"covered":0,"skipped":0,"pct":0},"branches":{"total":38,"covered":0,"skipped":0,"pct":0}}
,"C:/Users/oussama/Desktop/pfe-d2f-enseignants/esprit_D2F-webapp/src/hooks/dashboard/useDashboardData.ts": {"lines":{"total":12,"covered":0,"skipped":0,"pct":0},"functions":{"total":10,"covered":0,"skipped":0,"pct":0},"statements":{"total":12,"covered":0,"skipped":0,"pct":0},"branches":{"total":3,"covered":0,"skipped":0,"pct":0}}
,"C:/Users/oussama/Desktop/pfe-d2f-enseignants/esprit_D2F-webapp/src/hooks/document/useDocument.ts": {"lines":{"total":20,"covered":1,"skipped":0,"pct":5},"functions":{"total":16,"covered":0,"skipped":0,"pct":0},"statements":{"total":20,"covered":1,"skipped":0,"pct":5},"branches":{"total":0,"covered":0,"skipped":0,"pct":100}}
,"C:/Users/oussama/Desktop/pfe-d2f-enseignants/esprit_D2F-webapp/src/hooks/enseignant/useEnseignants.ts": {"lines":{"total":30,"covered":1,"skipped":0,"pct":3.33},"functions":{"total":19,"covered":0,"skipped":0,"pct":0},"statements":{"total":32,"covered":1,"skipped":0,"pct":3.12},"branches":{"total":14,"covered":0,"skipped":0,"pct":0}}
,"C:/Users/oussama/Desktop/pfe-d2f-enseignants/esprit_D2F-webapp/src/hooks/evaluation/useEvaluations.ts": {"lines":{"total":24,"covered":0,"skipped":0,"pct":0},"functions":{"total":20,"covered":0,"skipped":0,"pct":0},"statements":{"total":24,"covered":0,"skipped":0,"pct":0},"branches":{"total":2,"covered":0,"skipped":0,"pct":0}}
,"C:/Users/oussama/Desktop/pfe-d2f-enseignants/esprit_D2F-webapp/src/hooks/formation/useCalendar.ts": {"lines":{"total":19,"covered":1,"skipped":0,"pct":5.26},"functions":{"total":17,"covered":0,"skipped":0,"pct":0},"statements":{"total":19,"covered":1,"skipped":0,"pct":5.26},"branches":{"total":5,"covered":0,"skipped":0,"pct":0}}
,"C:/Users/oussama/Desktop/pfe-d2f-enseignants/esprit_D2F-webapp/src/hooks/formation/useDeptCrud.ts": {"lines":{"total":21,"covered":0,"skipped":0,"pct":0},"functions":{"total":16,"covered":0,"skipped":0,"pct":0},"statements":{"total":21,"covered":0,"skipped":0,"pct":0},"branches":{"total":0,"covered":0,"skipped":0,"pct":100}}
,"C:/Users/oussama/Desktop/pfe-d2f-enseignants/esprit_D2F-webapp/src/hooks/formation/useFormationExtras.ts": {"lines":{"total":36,"covered":1,"skipped":0,"pct":2.77},"functions":{"total":33,"covered":0,"skipped":0,"pct":0},"statements":{"total":37,"covered":1,"skipped":0,"pct":2.7},"branches":{"total":9,"covered":0,"skipped":0,"pct":0}}
,"C:/Users/oussama/Desktop/pfe-d2f-enseignants/esprit_D2F-webapp/src/hooks/formation/useFormationWorkflow.ts": {"lines":{"total":305,"covered":0,"skipped":0,"pct":0},"functions":{"total":96,"covered":0,"skipped":0,"pct":0},"statements":{"total":384,"covered":0,"skipped":0,"pct":0},"branches":{"total":252,"covered":0,"skipped":0,"pct":0}}
,"C:/Users/oussama/Desktop/pfe-d2f-enseignants/esprit_D2F-webapp/src/hooks/formation/useFormations.ts": {"lines":{"total":45,"covered":1,"skipped":0,"pct":2.22},"functions":{"total":38,"covered":0,"skipped":0,"pct":0},"statements":{"total":45,"covered":1,"skipped":0,"pct":2.22},"branches":{"total":3,"covered":0,"skipped":0,"pct":0}}
,"C:/Users/oussama/Desktop/pfe-d2f-enseignants/esprit_D2F-webapp/src/hooks/formation/useUpCrud.ts": {"lines":{"total":21,"covered":0,"skipped":0,"pct":0},"functions":{"total":16,"covered":0,"skipped":0,"pct":0},"statements":{"total":21,"covered":0,"skipped":0,"pct":0},"branches":{"total":0,"covered":0,"skipped":0,"pct":100}}
,"C:/Users/oussama/Desktop/pfe-d2f-enseignants/esprit_D2F-webapp/src/hooks/kpi/useKpi.ts": {"lines":{"total":34,"covered":0,"skipped":0,"pct":0},"functions":{"total":30,"covered":0,"skipped":0,"pct":0},"statements":{"total":34,"covered":0,"skipped":0,"pct":0},"branches":{"total":26,"covered":0,"skipped":0,"pct":0}}
,"C:/Users/oussama/Desktop/pfe-d2f-enseignants/esprit_D2F-webapp/src/hooks/presence/usePresence.ts": {"lines":{"total":26,"covered":0,"skipped":0,"pct":0},"functions":{"total":23,"covered":0,"skipped":0,"pct":0},"statements":{"total":27,"covered":0,"skipped":0,"pct":0},"branches":{"total":1,"covered":0,"skipped":0,"pct":0}}
,"C:/Users/oussama/Desktop/pfe-d2f-enseignants/esprit_D2F-webapp/src/hooks/ui/useAppNotification.ts": {"lines":{"total":2,"covered":2,"skipped":0,"pct":100},"functions":{"total":1,"covered":1,"skipped":0,"pct":100},"statements":{"total":2,"covered":2,"skipped":0,"pct":100},"branches":{"total":0,"covered":0,"skipped":0,"pct":100}}
,"C:/Users/oussama/Desktop/pfe-d2f-enseignants/esprit_D2F-webapp/src/hooks/ui/useDragAndDrop.ts": {"lines":{"total":78,"covered":0,"skipped":0,"pct":0},"functions":{"total":14,"covered":0,"skipped":0,"pct":0},"statements":{"total":85,"covered":0,"skipped":0,"pct":0},"branches":{"total":42,"covered":0,"skipped":0,"pct":0}}
,"C:/Users/oussama/Desktop/pfe-d2f-enseignants/esprit_D2F-webapp/src/pages/admin/AdministrationPage.tsx": {"lines":{"total":1,"covered":0,"skipped":0,"pct":0},"functions":{"total":1,"covered":0,"skipped":0,"pct":0},"statements":{"total":1,"covered":0,"skipped":0,"pct":0},"branches":{"total":0,"covered":0,"skipped":0,"pct":100}}
,"C:/Users/oussama/Desktop/pfe-d2f-enseignants/esprit_D2F-webapp/src/pages/admin/GestionComptesPage.tsx": {"lines":{"total":1,"covered":0,"skipped":0,"pct":0},"functions":{"total":1,"covered":0,"skipped":0,"pct":0},"statements":{"total":1,"covered":0,"skipped":0,"pct":0},"branches":{"total":0,"covered":0,"skipped":0,"pct":100}}
,"C:/Users/oussama/Desktop/pfe-d2f-enseignants/esprit_D2F-webapp/src/pages/admin/GestionEnseignantsPage.tsx": {"lines":{"total":1,"covered":0,"skipped":0,"pct":0},"functions":{"total":1,"covered":0,"skipped":0,"pct":0},"statements":{"total":1,"covered":0,"skipped":0,"pct":0},"branches":{"total":0,"covered":0,"skipped":0,"pct":100}}
,"C:/Users/oussama/Desktop/pfe-d2f-enseignants/esprit_D2F-webapp/src/pages/admin/UnifiedAdministrationPage.tsx": {"lines":{"total":265,"covered":0,"skipped":0,"pct":0},"functions":{"total":79,"covered":0,"skipped":0,"pct":0},"statements":{"total":314,"covered":0,"skipped":0,"pct":0},"branches":{"total":360,"covered":0,"skipped":0,"pct":0}}
,"C:/Users/oussama/Desktop/pfe-d2f-enseignants/esprit_D2F-webapp/src/pages/admin/gererComptes/CreateAccountDrawer.tsx": {"lines":{"total":95,"covered":0,"skipped":0,"pct":0},"functions":{"total":21,"covered":0,"skipped":0,"pct":0},"statements":{"total":112,"covered":0,"skipped":0,"pct":0},"branches":{"total":100,"covered":0,"skipped":0,"pct":0}}
,"C:/Users/oussama/Desktop/pfe-d2f-enseignants/esprit_D2F-webapp/src/pages/admin/gererComptes/ListAccounts.tsx": {"lines":{"total":189,"covered":0,"skipped":0,"pct":0},"functions":{"total":66,"covered":0,"skipped":0,"pct":0},"statements":{"total":207,"covered":0,"skipped":0,"pct":0},"branches":{"total":220,"covered":0,"skipped":0,"pct":0}}
,"C:/Users/oussama/Desktop/pfe-d2f-enseignants/esprit_D2F-webapp/src/pages/admin/gererComptes/Login.tsx": {"lines":{"total":30,"covered":0,"skipped":0,"pct":0},"functions":{"total":8,"covered":0,"skipped":0,"pct":0},"statements":{"total":32,"covered":0,"skipped":0,"pct":0},"branches":{"total":9,"covered":0,"skipped":0,"pct":0}}
,"C:/Users/oussama/Desktop/pfe-d2f-enseignants/esprit_D2F-webapp/src/pages/admin/gererComptes/PasswordRecovery.tsx": {"lines":{"total":15,"covered":0,"skipped":0,"pct":0},"functions":{"total":3,"covered":0,"skipped":0,"pct":0},"statements":{"total":15,"covered":0,"skipped":0,"pct":0},"branches":{"total":6,"covered":0,"skipped":0,"pct":0}}
,"C:/Users/oussama/Desktop/pfe-d2f-enseignants/esprit_D2F-webapp/src/pages/admin/gererComptes/UpdatePassword.tsx": {"lines":{"total":17,"covered":17,"skipped":0,"pct":100},"functions":{"total":4,"covered":4,"skipped":0,"pct":100},"statements":{"total":17,"covered":17,"skipped":0,"pct":100},"branches":{"total":6,"covered":5,"skipped":0,"pct":83.33}}
,"C:/Users/oussama/Desktop/pfe-d2f-enseignants/esprit_D2F-webapp/src/pages/analyse/AnalysePredictivePage.tsx": {"lines":{"total":115,"covered":0,"skipped":0,"pct":0},"functions":{"total":36,"covered":0,"skipped":0,"pct":0},"statements":{"total":132,"covered":0,"skipped":0,"pct":0},"branches":{"total":134,"covered":0,"skipped":0,"pct":0}}
,"C:/Users/oussama/Desktop/pfe-d2f-enseignants/esprit_D2F-webapp/src/pages/analyse/AnalyticsDashboardPage.tsx": {"lines":{"total":59,"covered":0,"skipped":0,"pct":0},"functions":{"total":30,"covered":0,"skipped":0,"pct":0},"statements":{"total":66,"covered":0,"skipped":0,"pct":0},"branches":{"total":80,"covered":0,"skipped":0,"pct":0}}
,"C:/Users/oussama/Desktop/pfe-d2f-enseignants/esprit_D2F-webapp/src/pages/analyse/EnseignantsInactifsPage.tsx": {"lines":{"total":30,"covered":0,"skipped":0,"pct":0},"functions":{"total":18,"covered":0,"skipped":0,"pct":0},"statements":{"total":35,"covered":0,"skipped":0,"pct":0},"branches":{"total":30,"covered":0,"skipped":0,"pct":0}}
,"C:/Users/oussama/Desktop/pfe-d2f-enseignants/esprit_D2F-webapp/src/pages/analyse/FormationsParPeriodePage.tsx": {"lines":{"total":23,"covered":0,"skipped":0,"pct":0},"functions":{"total":7,"covered":0,"skipped":0,"pct":0},"statements":{"total":27,"covered":0,"skipped":0,"pct":0},"branches":{"total":15,"covered":0,"skipped":0,"pct":0}}
,"C:/Users/oussama/Desktop/pfe-d2f-enseignants/esprit_D2F-webapp/src/pages/analyse/TeacherAnalyticsPage.tsx": {"lines":{"total":24,"covered":0,"skipped":0,"pct":0},"functions":{"total":8,"covered":0,"skipped":0,"pct":0},"statements":{"total":26,"covered":0,"skipped":0,"pct":0},"branches":{"total":28,"covered":0,"skipped":0,"pct":0}}
,"C:/Users/oussama/Desktop/pfe-d2f-enseignants/esprit_D2F-webapp/src/pages/attestation/AttestationPage.tsx": {"lines":{"total":2,"covered":0,"skipped":0,"pct":0},"functions":{"total":1,"covered":0,"skipped":0,"pct":0},"statements":{"total":2,"covered":0,"skipped":0,"pct":0},"branches":{"total":0,"covered":0,"skipped":0,"pct":100}}
,"C:/Users/oussama/Desktop/pfe-d2f-enseignants/esprit_D2F-webapp/src/pages/auth/EditProfile.tsx": {"lines":{"total":21,"covered":0,"skipped":0,"pct":0},"functions":{"total":3,"covered":0,"skipped":0,"pct":0},"statements":{"total":22,"covered":0,"skipped":0,"pct":0},"branches":{"total":7,"covered":0,"skipped":0,"pct":0}}
,"C:/Users/oussama/Desktop/pfe-d2f-enseignants/esprit_D2F-webapp/src/pages/auth/Profile.tsx": {"lines":{"total":57,"covered":0,"skipped":0,"pct":0},"functions":{"total":13,"covered":0,"skipped":0,"pct":0},"statements":{"total":60,"covered":0,"skipped":0,"pct":0},"branches":{"total":36,"covered":0,"skipped":0,"pct":0}}
,"C:/Users/oussama/Desktop/pfe-d2f-enseignants/esprit_D2F-webapp/src/pages/auth/Register.tsx": {"lines":{"total":31,"covered":0,"skipped":0,"pct":0},"functions":{"total":8,"covered":0,"skipped":0,"pct":0},"statements":{"total":44,"covered":0,"skipped":0,"pct":0},"branches":{"total":29,"covered":0,"skipped":0,"pct":0}}
,"C:/Users/oussama/Desktop/pfe-d2f-enseignants/esprit_D2F-webapp/src/pages/besoin/BesoinForm.tsx": {"lines":{"total":28,"covered":0,"skipped":0,"pct":0},"functions":{"total":9,"covered":0,"skipped":0,"pct":0},"statements":{"total":32,"covered":0,"skipped":0,"pct":0},"branches":{"total":38,"covered":0,"skipped":0,"pct":0}}
,"C:/Users/oussama/Desktop/pfe-d2f-enseignants/esprit_D2F-webapp/src/pages/besoin/BesoinList.tsx": {"lines":{"total":25,"covered":0,"skipped":0,"pct":0},"functions":{"total":14,"covered":0,"skipped":0,"pct":0},"statements":{"total":28,"covered":0,"skipped":0,"pct":0},"branches":{"total":30,"covered":0,"skipped":0,"pct":0}}
,"C:/Users/oussama/Desktop/pfe-d2f-enseignants/esprit_D2F-webapp/src/pages/besoin/Contact.tsx": {"lines":{"total":5,"covered":0,"skipped":0,"pct":0},"functions":{"total":3,"covered":0,"skipped":0,"pct":0},"statements":{"total":5,"covered":0,"skipped":0,"pct":0},"branches":{"total":0,"covered":0,"skipped":0,"pct":100}}
,"C:/Users/oussama/Desktop/pfe-d2f-enseignants/esprit_D2F-webapp/src/pages/besoin/MailForm.tsx": {"lines":{"total":36,"covered":0,"skipped":0,"pct":0},"functions":{"total":9,"covered":0,"skipped":0,"pct":0},"statements":{"total":39,"covered":0,"skipped":0,"pct":0},"branches":{"total":44,"covered":0,"skipped":0,"pct":0}}
,"C:/Users/oussama/Desktop/pfe-d2f-enseignants/esprit_D2F-webapp/src/pages/besoin/components/BesoinCard.tsx": {"lines":{"total":49,"covered":7,"skipped":0,"pct":14.28},"functions":{"total":16,"covered":0,"skipped":0,"pct":0},"statements":{"total":57,"covered":7,"skipped":0,"pct":12.28},"branches":{"total":70,"covered":0,"skipped":0,"pct":0}}
,"C:/Users/oussama/Desktop/pfe-d2f-enseignants/esprit_D2F-webapp/src/pages/besoin/components/BesoinCardMeta.tsx": {"lines":{"total":4,"covered":0,"skipped":0,"pct":0},"functions":{"total":3,"covered":0,"skipped":0,"pct":0},"statements":{"total":6,"covered":0,"skipped":0,"pct":0},"branches":{"total":4,"covered":0,"skipped":0,"pct":0}}
,"C:/Users/oussama/Desktop/pfe-d2f-enseignants/esprit_D2F-webapp/src/pages/besoin/components/BesoinFiltersPanel.tsx": {"lines":{"total":53,"covered":6,"skipped":0,"pct":11.32},"functions":{"total":34,"covered":0,"skipped":0,"pct":0},"statements":{"total":71,"covered":6,"skipped":0,"pct":8.45},"branches":{"total":54,"covered":0,"skipped":0,"pct":0}}
,"C:/Users/oussama/Desktop/pfe-d2f-enseignants/esprit_D2F-webapp/src/pages/besoin/components/BesoinHeader.tsx": {"lines":{"total":1,"covered":0,"skipped":0,"pct":0},"functions":{"total":1,"covered":0,"skipped":0,"pct":0},"statements":{"total":1,"covered":0,"skipped":0,"pct":0},"branches":{"total":9,"covered":0,"skipped":0,"pct":0}}
,"C:/Users/oussama/Desktop/pfe-d2f-enseignants/esprit_D2F-webapp/src/pages/besoin/components/BesoinMailCupModal.tsx": {"lines":{"total":10,"covered":1,"skipped":0,"pct":10},"functions":{"total":4,"covered":0,"skipped":0,"pct":0},"statements":{"total":10,"covered":1,"skipped":0,"pct":10},"branches":{"total":26,"covered":0,"skipped":0,"pct":0}}
,"C:/Users/oussama/Desktop/pfe-d2f-enseignants/esprit_D2F-webapp/src/pages/besoin/components/BesoinPriorityBadge.tsx": {"lines":{"total":4,"covered":1,"skipped":0,"pct":25},"functions":{"total":1,"covered":0,"skipped":0,"pct":0},"statements":{"total":5,"covered":1,"skipped":0,"pct":20},"branches":{"total":5,"covered":0,"skipped":0,"pct":0}}
,"C:/Users/oussama/Desktop/pfe-d2f-enseignants/esprit_D2F-webapp/src/pages/besoin/components/BesoinStatsRow.tsx": {"lines":{"total":4,"covered":0,"skipped":0,"pct":0},"functions":{"total":2,"covered":0,"skipped":0,"pct":0},"statements":{"total":4,"covered":0,"skipped":0,"pct":0},"branches":{"total":20,"covered":0,"skipped":0,"pct":0}}
,"C:/Users/oussama/Desktop/pfe-d2f-enseignants/esprit_D2F-webapp/src/pages/besoin/components/BesoinStatusBadge.tsx": {"lines":{"total":3,"covered":0,"skipped":0,"pct":0},"functions":{"total":1,"covered":0,"skipped":0,"pct":0},"statements":{"total":3,"covered":0,"skipped":0,"pct":0},"branches":{"total":4,"covered":0,"skipped":0,"pct":0}}
,"C:/Users/oussama/Desktop/pfe-d2f-enseignants/esprit_D2F-webapp/src/pages/besoin/components/BesoinTable.tsx": {"lines":{"total":17,"covered":0,"skipped":0,"pct":0},"functions":{"total":14,"covered":0,"skipped":0,"pct":0},"statements":{"total":17,"covered":0,"skipped":0,"pct":0},"branches":{"total":19,"covered":0,"skipped":0,"pct":0}}
,"C:/Users/oussama/Desktop/pfe-d2f-enseignants/esprit_D2F-webapp/src/pages/besoin/components/ViewModeToggle.tsx": {"lines":{"total":1,"covered":0,"skipped":0,"pct":0},"functions":{"total":1,"covered":0,"skipped":0,"pct":0},"statements":{"total":1,"covered":0,"skipped":0,"pct":0},"branches":{"total":7,"covered":0,"skipped":0,"pct":0}}
,"C:/Users/oussama/Desktop/pfe-d2f-enseignants/esprit_D2F-webapp/src/pages/besoin/hooks/useBesoinForm.ts": {"lines":{"total":137,"covered":0,"skipped":0,"pct":0},"functions":{"total":27,"covered":0,"skipped":0,"pct":0},"statements":{"total":158,"covered":0,"skipped":0,"pct":0},"branches":{"total":117,"covered":0,"skipped":0,"pct":0}}
,"C:/Users/oussama/Desktop/pfe-d2f-enseignants/esprit_D2F-webapp/src/pages/besoin/hooks/useBesoinList.ts": {"lines":{"total":136,"covered":3,"skipped":0,"pct":2.2},"functions":{"total":34,"covered":0,"skipped":0,"pct":0},"statements":{"total":164,"covered":3,"skipped":0,"pct":1.82},"branches":{"total":150,"covered":0,"skipped":0,"pct":0}}
,"C:/Users/oussama/Desktop/pfe-d2f-enseignants/esprit_D2F-webapp/src/pages/besoin/steps/BesoinCompetencesStep.tsx": {"lines":{"total":22,"covered":0,"skipped":0,"pct":0},"functions":{"total":16,"covered":0,"skipped":0,"pct":0},"statements":{"total":24,"covered":0,"skipped":0,"pct":0},"branches":{"total":34,"covered":0,"skipped":0,"pct":0}}
,"C:/Users/oussama/Desktop/pfe-d2f-enseignants/esprit_D2F-webapp/src/pages/besoin/steps/BesoinDetailsStep.tsx": {"lines":{"total":6,"covered":0,"skipped":0,"pct":0},"functions":{"total":4,"covered":0,"skipped":0,"pct":0},"statements":{"total":6,"covered":0,"skipped":0,"pct":0},"branches":{"total":2,"covered":0,"skipped":0,"pct":0}}
,"C:/Users/oussama/Desktop/pfe-d2f-enseignants/esprit_D2F-webapp/src/pages/besoin/steps/BesoinFormationStep.tsx": {"lines":{"total":6,"covered":0,"skipped":0,"pct":0},"functions":{"total":4,"covered":0,"skipped":0,"pct":0},"statements":{"total":6,"covered":0,"skipped":0,"pct":0},"branches":{"total":0,"covered":0,"skipped":0,"pct":100}}
,"C:/Users/oussama/Desktop/pfe-d2f-enseignants/esprit_D2F-webapp/src/pages/besoin/steps/BesoinInfoStep.tsx": {"lines":{"total":20,"covered":0,"skipped":0,"pct":0},"functions":{"total":9,"covered":0,"skipped":0,"pct":0},"statements":{"total":26,"covered":0,"skipped":0,"pct":0},"branches":{"total":19,"covered":0,"skipped":0,"pct":0}}
,"C:/Users/oussama/Desktop/pfe-d2f-enseignants/esprit_D2F-webapp/src/pages/besoin/steps/BesoinParametresStep.tsx": {"lines":{"total":3,"covered":0,"skipped":0,"pct":0},"functions":{"total":1,"covered":0,"skipped":0,"pct":0},"statements":{"total":3,"covered":0,"skipped":0,"pct":0},"branches":{"total":0,"covered":0,"skipped":0,"pct":100}}
,"C:/Users/oussama/Desktop/pfe-d2f-enseignants/esprit_D2F-webapp/src/pages/besoin/steps/BesoinReviewStep.tsx": {"lines":{"total":23,"covered":0,"skipped":0,"pct":0},"functions":{"total":17,"covered":0,"skipped":0,"pct":0},"statements":{"total":30,"covered":0,"skipped":0,"pct":0},"branches":{"total":61,"covered":0,"skipped":0,"pct":0}}
,"C:/Users/oussama/Desktop/pfe-d2f-enseignants/esprit_D2F-webapp/src/pages/bureau/AnimateursExternesPanel.tsx": {"lines":{"total":43,"covered":0,"skipped":0,"pct":0},"functions":{"total":11,"covered":0,"skipped":0,"pct":0},"statements":{"total":45,"covered":0,"skipped":0,"pct":0},"branches":{"total":17,"covered":0,"skipped":0,"pct":0}}
,"C:/Users/oussama/Desktop/pfe-d2f-enseignants/esprit_D2F-webapp/src/pages/bureau/BureauPage.tsx": {"lines":{"total":81,"covered":0,"skipped":0,"pct":0},"functions":{"total":39,"covered":0,"skipped":0,"pct":0},"statements":{"total":87,"covered":0,"skipped":0,"pct":0},"branches":{"total":45,"covered":0,"skipped":0,"pct":0}}
,"C:/Users/oussama/Desktop/pfe-d2f-enseignants/esprit_D2F-webapp/src/pages/certificat/CertificateEditorViewerItem.tsx": {"lines":{"total":58,"covered":0,"skipped":0,"pct":0},"functions":{"total":24,"covered":0,"skipped":0,"pct":0},"statements":{"total":65,"covered":0,"skipped":0,"pct":0},"branches":{"total":32,"covered":0,"skipped":0,"pct":0}}
,"C:/Users/oussama/Desktop/pfe-d2f-enseignants/esprit_D2F-webapp/src/pages/certificat/CertificatePage.tsx": {"lines":{"total":126,"covered":0,"skipped":0,"pct":0},"functions":{"total":70,"covered":0,"skipped":0,"pct":0},"statements":{"total":156,"covered":0,"skipped":0,"pct":0},"branches":{"total":116,"covered":0,"skipped":0,"pct":0}}
,"C:/Users/oussama/Desktop/pfe-d2f-enseignants/esprit_D2F-webapp/src/pages/certificat/CertificatePdfViewer.tsx": {"lines":{"total":34,"covered":0,"skipped":0,"pct":0},"functions":{"total":4,"covered":0,"skipped":0,"pct":0},"statements":{"total":37,"covered":0,"skipped":0,"pct":0},"branches":{"total":20,"covered":0,"skipped":0,"pct":0}}
,"C:/Users/oussama/Desktop/pfe-d2f-enseignants/esprit_D2F-webapp/src/pages/certificat/CertificatesByEmailPage.tsx": {"lines":{"total":9,"covered":0,"skipped":0,"pct":0},"functions":{"total":4,"covered":0,"skipped":0,"pct":0},"statements":{"total":9,"covered":0,"skipped":0,"pct":0},"branches":{"total":25,"covered":0,"skipped":0,"pct":0}}
,"C:/Users/oussama/Desktop/pfe-d2f-enseignants/esprit_D2F-webapp/src/pages/certificat/GeneratedCertificates.tsx": {"lines":{"total":17,"covered":0,"skipped":0,"pct":0},"functions":{"total":8,"covered":0,"skipped":0,"pct":0},"statements":{"total":20,"covered":0,"skipped":0,"pct":0},"branches":{"total":10,"covered":0,"skipped":0,"pct":0}}
,"C:/Users/oussama/Desktop/pfe-d2f-enseignants/esprit_D2F-webapp/src/pages/competence/AffectationEnseignantPage.tsx": {"lines":{"total":119,"covered":0,"skipped":0,"pct":0},"functions":{"total":42,"covered":0,"skipped":0,"pct":0},"statements":{"total":145,"covered":0,"skipped":0,"pct":0},"branches":{"total":71,"covered":0,"skipped":0,"pct":0}}
,"C:/Users/oussama/Desktop/pfe-d2f-enseignants/esprit_D2F-webapp/src/pages/competence/CompetenceMatchingPage.tsx": {"lines":{"total":155,"covered":0,"skipped":0,"pct":0},"functions":{"total":62,"covered":0,"skipped":0,"pct":0},"statements":{"total":220,"covered":0,"skipped":0,"pct":0},"branches":{"total":174,"covered":0,"skipped":0,"pct":0}}
,"C:/Users/oussama/Desktop/pfe-d2f-enseignants/esprit_D2F-webapp/src/pages/competence/CompetencePage.tsx": {"lines":{"total":118,"covered":0,"skipped":0,"pct":0},"functions":{"total":39,"covered":0,"skipped":0,"pct":0},"statements":{"total":129,"covered":0,"skipped":0,"pct":0},"branches":{"total":76,"covered":0,"skipped":0,"pct":0}}
,"C:/Users/oussama/Desktop/pfe-d2f-enseignants/esprit_D2F-webapp/src/pages/competence/EnseignantCompetencePage.tsx": {"lines":{"total":122,"covered":0,"skipped":0,"pct":0},"functions":{"total":36,"covered":0,"skipped":0,"pct":0},"statements":{"total":129,"covered":0,"skipped":0,"pct":0},"branches":{"total":44,"covered":0,"skipped":0,"pct":0}}
,"C:/Users/oussama/Desktop/pfe-d2f-enseignants/esprit_D2F-webapp/src/pages/competence/RicePage.tsx": {"lines":{"total":70,"covered":0,"skipped":0,"pct":0},"functions":{"total":27,"covered":0,"skipped":0,"pct":0},"statements":{"total":95,"covered":0,"skipped":0,"pct":0},"branches":{"total":48,"covered":0,"skipped":0,"pct":0}}
,"C:/Users/oussama/Desktop/pfe-d2f-enseignants/esprit_D2F-webapp/src/pages/competence/StructureArbrePage.tsx": {"lines":{"total":28,"covered":0,"skipped":0,"pct":0},"functions":{"total":19,"covered":0,"skipped":0,"pct":0},"statements":{"total":41,"covered":0,"skipped":0,"pct":0},"branches":{"total":42,"covered":0,"skipped":0,"pct":0}}
,"C:/Users/oussama/Desktop/pfe-d2f-enseignants/esprit_D2F-webapp/src/pages/competence/components/CompetenceExpandedRow.tsx": {"lines":{"total":31,"covered":0,"skipped":0,"pct":0},"functions":{"total":15,"covered":0,"skipped":0,"pct":0},"statements":{"total":32,"covered":0,"skipped":0,"pct":0},"branches":{"total":30,"covered":0,"skipped":0,"pct":0}}
,"C:/Users/oussama/Desktop/pfe-d2f-enseignants/esprit_D2F-webapp/src/pages/competence/components/CompetenceModals.tsx": {"lines":{"total":1,"covered":0,"skipped":0,"pct":0},"functions":{"total":1,"covered":0,"skipped":0,"pct":0},"statements":{"total":1,"covered":0,"skipped":0,"pct":0},"branches":{"total":0,"covered":0,"skipped":0,"pct":100}}
,"C:/Users/oussama/Desktop/pfe-d2f-enseignants/esprit_D2F-webapp/src/pages/competence/components/ConsultationTab.tsx": {"lines":{"total":64,"covered":0,"skipped":0,"pct":0},"functions":{"total":21,"covered":0,"skipped":0,"pct":0},"statements":{"total":68,"covered":0,"skipped":0,"pct":0},"branches":{"total":63,"covered":0,"skipped":0,"pct":0}}
,"C:/Users/oussama/Desktop/pfe-d2f-enseignants/esprit_D2F-webapp/src/pages/competence/components/CrudTab.tsx": {"lines":{"total":34,"covered":0,"skipped":0,"pct":0},"functions":{"total":16,"covered":0,"skipped":0,"pct":0},"statements":{"total":41,"covered":0,"skipped":0,"pct":0},"branches":{"total":46,"covered":0,"skipped":0,"pct":0}}
,"C:/Users/oussama/Desktop/pfe-d2f-enseignants/esprit_D2F-webapp/src/pages/competence/components/MatchingMatrix.tsx": {"lines":{"total":68,"covered":0,"skipped":0,"pct":0},"functions":{"total":33,"covered":0,"skipped":0,"pct":0},"statements":{"total":79,"covered":0,"skipped":0,"pct":0},"branches":{"total":75,"covered":0,"skipped":0,"pct":0}}
,"C:/Users/oussama/Desktop/pfe-d2f-enseignants/esprit_D2F-webapp/src/pages/competence/components/NiveauSavoirMatrix.tsx": {"lines":{"total":12,"covered":0,"skipped":0,"pct":0},"functions":{"total":6,"covered":0,"skipped":0,"pct":0},"statements":{"total":14,"covered":0,"skipped":0,"pct":0},"branches":{"total":17,"covered":0,"skipped":0,"pct":0}}
,"C:/Users/oussama/Desktop/pfe-d2f-enseignants/esprit_D2F-webapp/src/pages/competence/components/StructureSearchResultsView.tsx": {"lines":{"total":8,"covered":0,"skipped":0,"pct":0},"functions":{"total":5,"covered":0,"skipped":0,"pct":0},"statements":{"total":9,"covered":0,"skipped":0,"pct":0},"branches":{"total":36,"covered":0,"skipped":0,"pct":0}}
,"C:/Users/oussama/Desktop/pfe-d2f-enseignants/esprit_D2F-webapp/src/pages/competence/components/affectationColumns.tsx": {"lines":{"total":34,"covered":0,"skipped":0,"pct":0},"functions":{"total":23,"covered":0,"skipped":0,"pct":0},"statements":{"total":44,"covered":0,"skipped":0,"pct":0},"branches":{"total":32,"covered":0,"skipped":0,"pct":0}}
,"C:/Users/oussama/Desktop/pfe-d2f-enseignants/esprit_D2F-webapp/src/pages/competence/components/matchingTypes.ts": {"lines":{"total":62,"covered":0,"skipped":0,"pct":0},"functions":{"total":12,"covered":0,"skipped":0,"pct":0},"statements":{"total":82,"covered":0,"skipped":0,"pct":0},"branches":{"total":63,"covered":0,"skipped":0,"pct":0}}
,"C:/Users/oussama/Desktop/pfe-d2f-enseignants/esprit_D2F-webapp/src/pages/competence/components/consultation/ActiveFiltersBar.tsx": {"lines":{"total":4,"covered":0,"skipped":0,"pct":0},"functions":{"total":3,"covered":0,"skipped":0,"pct":0},"statements":{"total":5,"covered":0,"skipped":0,"pct":0},"branches":{"total":6,"covered":0,"skipped":0,"pct":0}}
,"C:/Users/oussama/Desktop/pfe-d2f-enseignants/esprit_D2F-webapp/src/pages/competence/components/consultation/CardsView.tsx": {"lines":{"total":104,"covered":0,"skipped":0,"pct":0},"functions":{"total":59,"covered":0,"skipped":0,"pct":0},"statements":{"total":133,"covered":0,"skipped":0,"pct":0},"branches":{"total":95,"covered":0,"skipped":0,"pct":0}}
,"C:/Users/oussama/Desktop/pfe-d2f-enseignants/esprit_D2F-webapp/src/pages/competence/components/consultation/EmptyState.tsx": {"lines":{"total":4,"covered":0,"skipped":0,"pct":0},"functions":{"total":1,"covered":0,"skipped":0,"pct":0},"statements":{"total":4,"covered":0,"skipped":0,"pct":0},"branches":{"total":5,"covered":0,"skipped":0,"pct":0}}
,"C:/Users/oussama/Desktop/pfe-d2f-enseignants/esprit_D2F-webapp/src/pages/competence/components/consultation/ExportMenu.tsx": {"lines":{"total":27,"covered":0,"skipped":0,"pct":0},"functions":{"total":6,"covered":0,"skipped":0,"pct":0},"statements":{"total":36,"covered":0,"skipped":0,"pct":0},"branches":{"total":26,"covered":0,"skipped":0,"pct":0}}
,"C:/Users/oussama/Desktop/pfe-d2f-enseignants/esprit_D2F-webapp/src/pages/competence/components/consultation/ListView.tsx": {"lines":{"total":68,"covered":0,"skipped":0,"pct":0},"functions":{"total":42,"covered":0,"skipped":0,"pct":0},"statements":{"total":85,"covered":0,"skipped":0,"pct":0},"branches":{"total":63,"covered":0,"skipped":0,"pct":0}}
,"C:/Users/oussama/Desktop/pfe-d2f-enseignants/esprit_D2F-webapp/src/pages/competence/components/consultation/SavoirDetailDrawer.tsx": {"lines":{"total":16,"covered":0,"skipped":0,"pct":0},"functions":{"total":4,"covered":0,"skipped":0,"pct":0},"statements":{"total":17,"covered":0,"skipped":0,"pct":0},"branches":{"total":50,"covered":0,"skipped":0,"pct":0}}
,"C:/Users/oussama/Desktop/pfe-d2f-enseignants/esprit_D2F-webapp/src/pages/competence/components/consultation/SearchBar.tsx": {"lines":{"total":8,"covered":0,"skipped":0,"pct":0},"functions":{"total":6,"covered":0,"skipped":0,"pct":0},"statements":{"total":8,"covered":0,"skipped":0,"pct":0},"branches":{"total":9,"covered":0,"skipped":0,"pct":0}}
,"C:/Users/oussama/Desktop/pfe-d2f-enseignants/esprit_D2F-webapp/src/pages/competence/components/consultation/StatCards.tsx": {"lines":{"total":4,"covered":0,"skipped":0,"pct":0},"functions":{"total":3,"covered":0,"skipped":0,"pct":0},"statements":{"total":4,"covered":0,"skipped":0,"pct":0},"branches":{"total":2,"covered":0,"skipped":0,"pct":0}}
,"C:/Users/oussama/Desktop/pfe-d2f-enseignants/esprit_D2F-webapp/src/pages/competence/components/consultation/ViewToolbar.tsx": {"lines":{"total":1,"covered":0,"skipped":0,"pct":0},"functions":{"total":1,"covered":0,"skipped":0,"pct":0},"statements":{"total":1,"covered":0,"skipped":0,"pct":0},"branches":{"total":0,"covered":0,"skipped":0,"pct":100}}
,"C:/Users/oussama/Desktop/pfe-d2f-enseignants/esprit_D2F-webapp/src/pages/competence/components/modals/CompetenceFormModal.tsx": {"lines":{"total":11,"covered":0,"skipped":0,"pct":0},"functions":{"total":7,"covered":0,"skipped":0,"pct":0},"statements":{"total":12,"covered":0,"skipped":0,"pct":0},"branches":{"total":8,"covered":0,"skipped":0,"pct":0}}
,"C:/Users/oussama/Desktop/pfe-d2f-enseignants/esprit_D2F-webapp/src/pages/competence/components/modals/DomaineModal.tsx": {"lines":{"total":10,"covered":0,"skipped":0,"pct":0},"functions":{"total":6,"covered":0,"skipped":0,"pct":0},"statements":{"total":10,"covered":0,"skipped":0,"pct":0},"branches":{"total":12,"covered":0,"skipped":0,"pct":0}}
,"C:/Users/oussama/Desktop/pfe-d2f-enseignants/esprit_D2F-webapp/src/pages/competence/components/modals/NiveauDefinitionModal.tsx": {"lines":{"total":14,"covered":0,"skipped":0,"pct":0},"functions":{"total":9,"covered":0,"skipped":0,"pct":0},"statements":{"total":14,"covered":0,"skipped":0,"pct":0},"branches":{"total":14,"covered":0,"skipped":0,"pct":0}}
,"C:/Users/oussama/Desktop/pfe-d2f-enseignants/esprit_D2F-webapp/src/pages/competence/components/modals/SavoirFormModal.tsx": {"lines":{"total":38,"covered":0,"skipped":0,"pct":0},"functions":{"total":14,"covered":0,"skipped":0,"pct":0},"statements":{"total":42,"covered":0,"skipped":0,"pct":0},"branches":{"total":36,"covered":0,"skipped":0,"pct":0}}
,"C:/Users/oussama/Desktop/pfe-d2f-enseignants/esprit_D2F-webapp/src/pages/competence/components/modals/SousCompetenceFormModal.tsx": {"lines":{"total":15,"covered":0,"skipped":0,"pct":0},"functions":{"total":7,"covered":0,"skipped":0,"pct":0},"statements":{"total":15,"covered":0,"skipped":0,"pct":0},"branches":{"total":16,"covered":0,"skipped":0,"pct":0}}
,"C:/Users/oussama/Desktop/pfe-d2f-enseignants/esprit_D2F-webapp/src/pages/competence/components/tree/TreeFilters.tsx": {"lines":{"total":8,"covered":0,"skipped":0,"pct":0},"functions":{"total":5,"covered":0,"skipped":0,"pct":0},"statements":{"total":8,"covered":0,"skipped":0,"pct":0},"branches":{"total":7,"covered":0,"skipped":0,"pct":0}}
,"C:/Users/oussama/Desktop/pfe-d2f-enseignants/esprit_D2F-webapp/src/pages/competence/hooks/useMatchmaking.ts": {"lines":{"total":132,"covered":0,"skipped":0,"pct":0},"functions":{"total":30,"covered":0,"skipped":0,"pct":0},"statements":{"total":168,"covered":0,"skipped":0,"pct":0},"branches":{"total":111,"covered":0,"skipped":0,"pct":0}}
,"C:/Users/oussama/Desktop/pfe-d2f-enseignants/esprit_D2F-webapp/src/pages/competence/hooks/useStructureArbre.ts": {"lines":{"total":98,"covered":0,"skipped":0,"pct":0},"functions":{"total":16,"covered":0,"skipped":0,"pct":0},"statements":{"total":102,"covered":0,"skipped":0,"pct":0},"branches":{"total":32,"covered":0,"skipped":0,"pct":0}}
,"C:/Users/oussama/Desktop/pfe-d2f-enseignants/esprit_D2F-webapp/src/pages/competence/rice/AnalyzingStep.tsx": {"lines":{"total":25,"covered":0,"skipped":0,"pct":0},"functions":{"total":12,"covered":0,"skipped":0,"pct":0},"statements":{"total":33,"covered":0,"skipped":0,"pct":0},"branches":{"total":14,"covered":0,"skipped":0,"pct":0}}
,"C:/Users/oussama/Desktop/pfe-d2f-enseignants/esprit_D2F-webapp/src/pages/competence/rice/CreateEnseignantModal.tsx": {"lines":{"total":5,"covered":0,"skipped":0,"pct":0},"functions":{"total":4,"covered":0,"skipped":0,"pct":0},"statements":{"total":5,"covered":0,"skipped":0,"pct":0},"branches":{"total":0,"covered":0,"skipped":0,"pct":100}}
,"C:/Users/oussama/Desktop/pfe-d2f-enseignants/esprit_D2F-webapp/src/pages/competence/rice/EnseignantCreateForm.tsx": {"lines":{"total":2,"covered":0,"skipped":0,"pct":0},"functions":{"total":1,"covered":0,"skipped":0,"pct":0},"statements":{"total":2,"covered":0,"skipped":0,"pct":0},"branches":{"total":6,"covered":0,"skipped":0,"pct":0}}
,"C:/Users/oussama/Desktop/pfe-d2f-enseignants/esprit_D2F-webapp/src/pages/competence/rice/EnseignantDropCard.tsx": {"lines":{"total":19,"covered":0,"skipped":0,"pct":0},"functions":{"total":8,"covered":0,"skipped":0,"pct":0},"statements":{"total":25,"covered":0,"skipped":0,"pct":0},"branches":{"total":33,"covered":0,"skipped":0,"pct":0}}
,"C:/Users/oussama/Desktop/pfe-d2f-enseignants/esprit_D2F-webapp/src/pages/competence/rice/EnseignantLoadView.tsx": {"lines":{"total":94,"covered":0,"skipped":0,"pct":0},"functions":{"total":46,"covered":0,"skipped":0,"pct":0},"statements":{"total":117,"covered":0,"skipped":0,"pct":0},"branches":{"total":102,"covered":0,"skipped":0,"pct":0}}
[...]
,"C:/Users/oussama/Desktop/pfe-d2f-enseignants/esprit_D2F-webapp/src/pages/presence/components/EnseignantsTab.tsx": {"lines":{"total":35,"covered":0,"skipped":0,"pct":0},"functions":{"total":15,"covered":0,"skipped":0,"pct":0},"statements":{"total":39,"covered":0,"skipped":0,"pct":0},"branches":{"total":43,"covered":0,"skipped":0,"pct":0}}
,"C:/Users/oussama/Desktop/pfe-d2f-enseignants/esprit_D2F-webapp/src/pages/presence/components/FormationHeaderCard.tsx": {"lines":{"total":3,"covered":0,"skipped":0,"pct":0},"functions":{"total":1,"covered":0,"skipped":0,"pct":0},"statements":{"total":3,"covered":0,"skipped":0,"pct":0},"branches":{"total":12,"covered":0,"skipped":0,"pct":0}}
,"C:/Users/oussama/Desktop/pfe-d2f-enseignants/esprit_D2F-webapp/src/pages/presence/components/PresenceStatsBanner.tsx": {"lines":{"total":2,"covered":0,"skipped":0,"pct":0},"functions":{"total":2,"covered":0,"skipped":0,"pct":0},"statements":{"total":2,"covered":0,"skipped":0,"pct":0},"branches":{"total":0,"covered":0,"skipped":0,"pct":100}}
,"C:/Users/oussama/Desktop/pfe-d2f-enseignants/esprit_D2F-webapp/src/pages/presence/components/PresenceTableColumns.tsx": {"lines":{"total":27,"covered":0,"skipped":0,"pct":0},"functions":{"total":12,"covered":0,"skipped":0,"pct":0},"statements":{"total":32,"covered":0,"skipped":0,"pct":0},"branches":{"total":40,"covered":0,"skipped":0,"pct":0}}
,"C:/Users/oussama/Desktop/pfe-d2f-enseignants/esprit_D2F-webapp/src/pages/presence/hooks/usePresenceList.ts": {"lines":{"total":67,"covered":0,"skipped":0,"pct":0},"functions":{"total":24,"covered":0,"skipped":0,"pct":0},"statements":{"total":77,"covered":0,"skipped":0,"pct":0},"branches":{"total":58,"covered":0,"skipped":0,"pct":0}}
,"C:/Users/oussama/Desktop/pfe-d2f-enseignants/esprit_D2F-webapp/src/pages/profile/SkillPassportPage.tsx": {"lines":{"total":89,"covered":0,"skipped":0,"pct":0},"functions":{"total":29,"covered":0,"skipped":0,"pct":0},"statements":{"total":106,"covered":0,"skipped":0,"pct":0},"branches":{"total":140,"covered":0,"skipped":0,"pct":0}}
,"C:/Users/oussama/Desktop/pfe-d2f-enseignants/esprit_D2F-webapp/src/routes/NavigationSetter.tsx": {"lines":{"total":4,"covered":0,"skipped":0,"pct":0},"functions":{"total":3,"covered":0,"skipped":0,"pct":0},"statements":{"total":5,"covered":0,"skipped":0,"pct":0},"branches":{"total":0,"covered":0,"skipped":0,"pct":100}}
,"C:/Users/oussama/Desktop/pfe-d2f-enseignants/esprit_D2F-webapp/src/routes/guards.tsx": {"lines":{"total":42,"covered":11,"skipped":0,"pct":26.19},"functions":{"total":10,"covered":1,"skipped":0,"pct":10},"statements":{"total":48,"covered":11,"skipped":0,"pct":22.91},"branches":{"total":32,"covered":3,"skipped":0,"pct":9.37}}
,"C:/Users/oussama/Desktop/pfe-d2f-enseignants/esprit_D2F-webapp/src/routes/index.tsx": {"lines":{"total":45,"covered":0,"skipped":0,"pct":0},"functions":{"total":45,"covered":0,"skipped":0,"pct":0},"statements":{"total":87,"covered":0,"skipped":0,"pct":0},"branches":{"total":0,"covered":0,"skipped":0,"pct":100}}
,"C:/Users/oussama/Desktop/pfe-d2f-enseignants/esprit_D2F-webapp/src/services/httpClient.ts": {"lines":{"total":37,"covered":27,"skipped":0,"pct":72.97},"functions":{"total":7,"covered":6,"skipped":0,"pct":85.71},"statements":{"total":43,"covered":32,"skipped":0,"pct":74.41},"branches":{"total":42,"covered":18,"skipped":0,"pct":42.85}}
,"C:/Users/oussama/Desktop/pfe-d2f-enseignants/esprit_D2F-webapp/src/services/analyse/AnalysePredictiveService.ts": {"lines":{"total":96,"covered":53,"skipped":0,"pct":55.2},"functions":{"total":35,"covered":16,"skipped":0,"pct":45.71},"statements":{"total":100,"covered":56,"skipped":0,"pct":56},"branches":{"total":77,"covered":39,"skipped":0,"pct":50.64}}
,"C:/Users/oussama/Desktop/pfe-d2f-enseignants/esprit_D2F-webapp/src/services/analyse/AnalyticsService.ts": {"lines":{"total":32,"covered":32,"skipped":0,"pct":100},"functions":{"total":15,"covered":15,"skipped":0,"pct":100},"statements":{"total":32,"covered":32,"skipped":0,"pct":100},"branches":{"total":23,"covered":22,"skipped":0,"pct":95.65}}
,"C:/Users/oussama/Desktop/pfe-d2f-enseignants/esprit_D2F-webapp/src/services/analyse/KPIService.ts": {"lines":{"total":96,"covered":96,"skipped":0,"pct":100},"functions":{"total":12,"covered":12,"skipped":0,"pct":100},"statements":{"total":114,"covered":114,"skipped":0,"pct":100},"branches":{"total":107,"covered":97,"skipped":0,"pct":90.65}}
,"C:/Users/oussama/Desktop/pfe-d2f-enseignants/esprit_D2F-webapp/src/services/analyse/ParticipantKPIService.ts": {"lines":{"total":17,"covered":17,"skipped":0,"pct":100},"functions":{"total":3,"covered":3,"skipped":0,"pct":100},"statements":{"total":17,"covered":17,"skipped":0,"pct":100},"branches":{"total":12,"covered":11,"skipped":0,"pct":91.66}}
,"C:/Users/oussama/Desktop/pfe-d2f-enseignants/esprit_D2F-webapp/src/services/analyse/RiceService.ts": {"lines":{"total":100,"covered":94,"skipped":0,"pct":94},"functions":{"total":21,"covered":21,"skipped":0,"pct":100},"statements":{"total":113,"covered":104,"skipped":0,"pct":92.03},"branches":{"total":64,"covered":42,"skipped":0,"pct":65.62}}
,"C:/Users/oussama/Desktop/pfe-d2f-enseignants/esprit_D2F-webapp/src/services/api/OneDriveService.ts": {"lines":{"total":12,"covered":12,"skipped":0,"pct":100},"functions":{"total":5,"covered":5,"skipped":0,"pct":100},"statements":{"total":12,"covered":12,"skipped":0,"pct":100},"branches":{"total":0,"covered":0,"skipped":0,"pct":100}}
,"C:/Users/oussama/Desktop/pfe-d2f-enseignants/esprit_D2F-webapp/src/services/api/UploadService.ts": {"lines":{"total":31,"covered":31,"skipped":0,"pct":100},"functions":{"total":8,"covered":8,"skipped":0,"pct":100},"statements":{"total":31,"covered":31,"skipped":0,"pct":100},"branches":{"total":14,"covered":13,"skipped":0,"pct":92.85}}
,"C:/Users/oussama/Desktop/pfe-d2f-enseignants/esprit_D2F-webapp/src/services/auth/AccountService.ts": {"lines":{"total":27,"covered":22,"skipped":0,"pct":81.48},"functions":{"total":11,"covered":9,"skipped":0,"pct":81.81},"statements":{"total":28,"covered":22,"skipped":0,"pct":78.57},"branches":{"total":15,"covered":6,"skipped":0,"pct":40}}
,"C:/Users/oussama/Desktop/pfe-d2f-enseignants/esprit_D2F-webapp/src/services/auth/AuthService.ts": {"lines":{"total":18,"covered":17,"skipped":0,"pct":94.44},"functions":{"total":7,"covered":6,"skipped":0,"pct":85.71},"statements":{"total":18,"covered":17,"skipped":0,"pct":94.44},"branches":{"total":0,"covered":0,"skipped":0,"pct":100}}
,"C:/Users/oussama/Desktop/pfe-d2f-enseignants/esprit_D2F-webapp/src/services/besoin/BesoinCompetenceService.ts": {"lines":{"total":6,"covered":6,"skipped":0,"pct":100},"functions":{"total":2,"covered":2,"skipped":0,"pct":100},"statements":{"total":6,"covered":6,"skipped":0,"pct":100},"branches":{"total":0,"covered":0,"skipped":0,"pct":100}}
,"C:/Users/oussama/Desktop/pfe-d2f-enseignants/esprit_D2F-webapp/src/services/besoin/BesoinFormationService.ts": {"lines":{"total":29,"covered":27,"skipped":0,"pct":93.1},"functions":{"total":13,"covered":12,"skipped":0,"pct":92.3},"statements":{"total":29,"covered":27,"skipped":0,"pct":93.1},"branches":{"total":24,"covered":14,"skipped":0,"pct":58.33}}
,"C:/Users/oussama/Desktop/pfe-d2f-enseignants/esprit_D2F-webapp/src/services/besoin/MailService.ts": {"lines":{"total":6,"covered":6,"skipped":0,"pct":100},"functions":{"total":1,"covered":1,"skipped":0,"pct":100},"statements":{"total":7,"covered":6,"skipped":0,"pct":85.71},"branches":{"total":3,"covered":2,"skipped":0,"pct":66.66}}
,"C:/Users/oussama/Desktop/pfe-d2f-enseignants/esprit_D2F-webapp/src/services/bureau/AnimateurExterneService.ts": {"lines":{"total":10,"covered":10,"skipped":0,"pct":100},"functions":{"total":5,"covered":5,"skipped":0,"pct":100},"statements":{"total":10,"covered":10,"skipped":0,"pct":100},"branches":{"total":2,"covered":2,"skipped":0,"pct":100}}
,"C:/Users/oussama/Desktop/pfe-d2f-enseignants/esprit_D2F-webapp/src/services/bureau/BureauService.ts": {"lines":{"total":22,"covered":22,"skipped":0,"pct":100},"functions":{"total":6,"covered":6,"skipped":0,"pct":100},"statements":{"total":22,"covered":22,"skipped":0,"pct":100},"branches":{"total":12,"covered":11,"skipped":0,"pct":91.66}}
,"C:/Users/oussama/Desktop/pfe-d2f-enseignants/esprit_D2F-webapp/src/services/certificat/CertificateService.ts": {"lines":{"total":17,"covered":15,"skipped":0,"pct":88.23},"functions":{"total":8,"covered":8,"skipped":0,"pct":100},"statements":{"total":19,"covered":16,"skipped":0,"pct":84.21},"branches":{"total":6,"covered":1,"skipped":0,"pct":16.66}}
,"C:/Users/oussama/Desktop/pfe-d2f-enseignants/esprit_D2F-webapp/src/services/certificat/SkillPassportService.ts": {"lines":{"total":21,"covered":21,"skipped":0,"pct":100},"functions":{"total":5,"covered":5,"skipped":0,"pct":100},"statements":{"total":21,"covered":21,"skipped":0,"pct":100},"branches":{"total":0,"covered":0,"skipped":0,"pct":100}}
,"C:/Users/oussama/Desktop/pfe-d2f-enseignants/esprit_D2F-webapp/src/services/competence/CompetenceService.ts": {"lines":{"total":126,"covered":125,"skipped":0,"pct":99.2},"functions":{"total":55,"covered":55,"skipped":0,"pct":100},"statements":{"total":132,"covered":125,"skipped":0,"pct":94.69},"branches":{"total":22,"covered":12,"skipped":0,"pct":54.54}}
,"C:/Users/oussama/Desktop/pfe-d2f-enseignants/esprit_D2F-webapp/src/services/competence/FormationCompetenceService.ts": {"lines":{"total":15,"covered":15,"skipped":0,"pct":100},"functions":{"total":7,"covered":7,"skipped":0,"pct":100},"statements":{"total":15,"covered":15,"skipped":0,"pct":100},"branches":{"total":0,"covered":0,"skipped":0,"pct":100}}
,"C:/Users/oussama/Desktop/pfe-d2f-enseignants/esprit_D2F-webapp/src/services/dashboard/dashboardService.ts": {"lines":{"total":45,"covered":45,"skipped":0,"pct":100},"functions":{"total":11,"covered":11,"skipped":0,"pct":100},"statements":{"total":56,"covered":56,"skipped":0,"pct":100},"branches":{"total":53,"covered":47,"skipped":0,"pct":88.67}}
,"C:/Users/oussama/Desktop/pfe-d2f-enseignants/esprit_D2F-webapp/src/services/evaluation/EvaluationFormateurService.ts": {"lines":{"total":6,"covered":6,"skipped":0,"pct":100},"functions":{"total":2,"covered":2,"skipped":0,"pct":100},"statements":{"total":6,"covered":6,"skipped":0,"pct":100},"branches":{"total":0,"covered":0,"skipped":0,"pct":100}}
,"C:/Users/oussama/Desktop/pfe-d2f-enseignants/esprit_D2F-webapp/src/services/evaluation/EvaluationGlobaleService.ts": {"lines":{"total":16,"covered":14,"skipped":0,"pct":87.5},"functions":{"total":6,"covered":6,"skipped":0,"pct":100},"statements":{"total":18,"covered":15,"skipped":0,"pct":83.33},"branches":{"total":6,"covered":1,"skipped":0,"pct":16.66}}
,"C:/Users/oussama/Desktop/pfe-d2f-enseignants/esprit_D2F-webapp/src/services/formation/CalendarService.ts": {"lines":{"total":41,"covered":41,"skipped":0,"pct":100},"functions":{"total":14,"covered":14,"skipped":0,"pct":100},"statements":{"total":43,"covered":42,"skipped":0,"pct":97.67},"branches":{"total":18,"covered":11,"skipped":0,"pct":61.11}}
,"C:/Users/oussama/Desktop/pfe-d2f-enseignants/esprit_D2F-webapp/src/services/formation/DeptService.ts": {"lines":{"total":31,"covered":31,"skipped":0,"pct":100},"functions":{"total":8,"covered":8,"skipped":0,"pct":100},"statements":{"total":31,"covered":31,"skipped":0,"pct":100},"branches":{"total":16,"covered":15,"skipped":0,"pct":93.75}}
,"C:/Users/oussama/Desktop/pfe-d2f-enseignants/esprit_D2F-webapp/src/services/formation/DocumentService.ts": {"lines":{"total":38,"covered":37,"skipped":0,"pct":97.36},"functions":{"total":6,"covered":6,"skipped":0,"pct":100},"statements":{"total":39,"covered":38,"skipped":0,"pct":97.43},"branches":{"total":6,"covered":3,"skipped":0,"pct":50}}
,"C:/Users/oussama/Desktop/pfe-d2f-enseignants/esprit_D2F-webapp/src/services/formation/EnseignantService.ts": {"lines":{"total":28,"covered":28,"skipped":0,"pct":100},"functions":{"total":8,"covered":8,"skipped":0,"pct":100},"statements":{"total":28,"covered":28,"skipped":0,"pct":100},"branches":{"total":13,"covered":12,"skipped":0,"pct":92.3}}
,"C:/Users/oussama/Desktop/pfe-d2f-enseignants/esprit_D2F-webapp/src/services/formation/FormationCustomService.ts": {"lines":{"total":4,"covered":4,"skipped":0,"pct":100},"functions":{"total":1,"covered":1,"skipped":0,"pct":100},"statements":{"total":4,"covered":4,"skipped":0,"pct":100},"branches":{"total":1,"covered":1,"skipped":0,"pct":100}}
,"C:/Users/oussama/Desktop/pfe-d2f-enseignants/esprit_D2F-webapp/src/services/formation/FormationReportService.ts": {"lines":{"total":8,"covered":8,"skipped":0,"pct":100},"functions":{"total":2,"covered":2,"skipped":0,"pct":100},"statements":{"total":8,"covered":8,"skipped":0,"pct":100},"branches":{"total":2,"covered":2,"skipped":0,"pct":100}}
,"C:/Users/oussama/Desktop/pfe-d2f-enseignants/esprit_D2F-webapp/src/services/formation/FormationService.ts": {"lines":{"total":11,"covered":11,"skipped":0,"pct":100},"functions":{"total":5,"covered":5,"skipped":0,"pct":100},"statements":{"total":11,"covered":11,"skipped":0,"pct":100},"branches":{"total":0,"covered":0,"skipped":0,"pct":100}}
,"C:/Users/oussama/Desktop/pfe-d2f-enseignants/esprit_D2F-webapp/src/services/formation/FormationWorkflowService.ts": {"lines":{"total":54,"covered":52,"skipped":0,"pct":96.29},"functions":{"total":22,"covered":21,"skipped":0,"pct":95.45},"statements":{"total":54,"covered":52,"skipped":0,"pct":96.29},"branches":{"total":20,"covered":14,"skipped":0,"pct":70}}
,"C:/Users/oussama/Desktop/pfe-d2f-enseignants/esprit_D2F-webapp/src/services/formation/InscriptionService.ts": {"lines":{"total":22,"covered":22,"skipped":0,"pct":100},"functions":{"total":10,"covered":10,"skipped":0,"pct":100},"statements":{"total":24,"covered":24,"skipped":0,"pct":100},"branches":{"total":15,"covered":15,"skipped":0,"pct":100}}
,"C:/Users/oussama/Desktop/pfe-d2f-enseignants/esprit_D2F-webapp/src/services/formation/SeanceService.ts": {"lines":{"total":12,"covered":12,"skipped":0,"pct":100},"functions":{"total":5,"covered":5,"skipped":0,"pct":100},"statements":{"total":12,"covered":12,"skipped":0,"pct":100},"branches":{"total":0,"covered":0,"skipped":0,"pct":100}}
,"C:/Users/oussama/Desktop/pfe-d2f-enseignants/esprit_D2F-webapp/src/styles/theme.ts": {"lines":{"total":3,"covered":0,"skipped":0,"pct":0},"functions":{"total":0,"covered":0,"skipped":0,"pct":100},"statements":{"total":3,"covered":0,"skipped":0,"pct":0},"branches":{"total":0,"covered":0,"skipped":0,"pct":100}}
,"C:/Users/oussama/Desktop/pfe-d2f-enseignants/esprit_D2F-webapp/src/utils/besoin/acteurs.ts": {"lines":{"total":19,"covered":5,"skipped":0,"pct":26.31},"functions":{"total":10,"covered":0,"skipped":0,"pct":0},"statements":{"total":22,"covered":5,"skipped":0,"pct":22.72},"branches":{"total":16,"covered":0,"skipped":0,"pct":0}}
,"C:/Users/oussama/Desktop/pfe-d2f-enseignants/esprit_D2F-webapp/src/utils/constants/competenceOptions.ts": {"lines":{"total":4,"covered":0,"skipped":0,"pct":0},"functions":{"total":0,"covered":0,"skipped":0,"pct":100},"statements":{"total":4,"covered":0,"skipped":0,"pct":0},"branches":{"total":0,"covered":0,"skipped":0,"pct":100}}
,"C:/Users/oussama/Desktop/pfe-d2f-enseignants/esprit_D2F-webapp/src/utils/constants/index.ts": {"lines":{"total":1,"covered":0,"skipped":0,"pct":0},"functions":{"total":0,"covered":0,"skipped":0,"pct":100},"statements":{"total":1,"covered":0,"skipped":0,"pct":0},"branches":{"total":0,"covered":0,"skipped":0,"pct":100}}
,"C:/Users/oussama/Desktop/pfe-d2f-enseignants/esprit_D2F-webapp/src/utils/constants/roles.ts": {"lines":{"total":4,"covered":3,"skipped":0,"pct":75},"functions":{"total":2,"covered":1,"skipped":0,"pct":50},"statements":{"total":5,"covered":4,"skipped":0,"pct":80},"branches":{"total":2,"covered":1,"skipped":0,"pct":50}}
,"C:/Users/oussama/Desktop/pfe-d2f-enseignants/esprit_D2F-webapp/src/utils/formation/actorImport.ts": {"lines":{"total":34,"covered":0,"skipped":0,"pct":0},"functions":{"total":12,"covered":0,"skipped":0,"pct":0},"statements":{"total":37,"covered":0,"skipped":0,"pct":0},"branches":{"total":22,"covered":0,"skipped":0,"pct":0}}
,"C:/Users/oussama/Desktop/pfe-d2f-enseignants/esprit_D2F-webapp/src/utils/formatters/formatters.ts": {"lines":{"total":112,"covered":108,"skipped":0,"pct":96.42},"functions":{"total":21,"covered":21,"skipped":0,"pct":100},"statements":{"total":141,"covered":131,"skipped":0,"pct":92.9},"branches":{"total":102,"covered":90,"skipped":0,"pct":88.23}}
,"C:/Users/oussama/Desktop/pfe-d2f-enseignants/esprit_D2F-webapp/src/utils/helpers/chartSetup.ts": {"lines":{"total":1,"covered":0,"skipped":0,"pct":0},"functions":{"total":0,"covered":0,"skipped":0,"pct":100},"statements":{"total":1,"covered":0,"skipped":0,"pct":0},"branches":{"total":0,"covered":0,"skipped":0,"pct":100}}
,"C:/Users/oussama/Desktop/pfe-d2f-enseignants/esprit_D2F-webapp/src/utils/helpers/consultationUtils.ts": {"lines":{"total":29,"covered":29,"skipped":0,"pct":100},"functions":{"total":16,"covered":16,"skipped":0,"pct":100},"statements":{"total":30,"covered":30,"skipped":0,"pct":100},"branches":{"total":26,"covered":16,"skipped":0,"pct":61.53}}
,"C:/Users/oussama/Desktop/pfe-d2f-enseignants/esprit_D2F-webapp/src/utils/helpers/consultationViewUtils.ts": {"lines":{"total":56,"covered":0,"skipped":0,"pct":0},"functions":{"total":21,"covered":0,"skipped":0,"pct":0},"statements":{"total":73,"covered":0,"skipped":0,"pct":0},"branches":{"total":86,"covered":0,"skipped":0,"pct":0}}
,"C:/Users/oussama/Desktop/pfe-d2f-enseignants/esprit_D2F-webapp/src/utils/helpers/excelExport.ts": {"lines":{"total":56,"covered":5,"skipped":0,"pct":8.92},"functions":{"total":14,"covered":1,"skipped":0,"pct":7.14},"statements":{"total":70,"covered":6,"skipped":0,"pct":8.57},"branches":{"total":48,"covered":1,"skipped":0,"pct":2.08}}
,"C:/Users/oussama/Desktop/pfe-d2f-enseignants/esprit_D2F-webapp/src/utils/helpers/exportUtilsEnhanced.ts": {"lines":{"total":116,"covered":0,"skipped":0,"pct":0},"functions":{"total":63,"covered":0,"skipped":0,"pct":0},"statements":{"total":150,"covered":0,"skipped":0,"pct":0},"branches":{"total":133,"covered":0,"skipped":0,"pct":0}}
,"C:/Users/oussama/Desktop/pfe-d2f-enseignants/esprit_D2F-webapp/src/utils/helpers/http.ts": {"lines":{"total":31,"covered":31,"skipped":0,"pct":100},"functions":{"total":11,"covered":11,"skipped":0,"pct":100},"statements":{"total":46,"covered":46,"skipped":0,"pct":100},"branches":{"total":57,"covered":52,"skipped":0,"pct":91.22}}
,"C:/Users/oussama/Desktop/pfe-d2f-enseignants/esprit_D2F-webapp/src/utils/helpers/navigation.ts": {"lines":{"total":13,"covered":4,"skipped":0,"pct":30.76},"functions":{"total":3,"covered":0,"skipped":0,"pct":0},"statements":{"total":13,"covered":4,"skipped":0,"pct":30.76},"branches":{"total":4,"covered":0,"skipped":0,"pct":0}}
,"C:/Users/oussama/Desktop/pfe-d2f-enseignants/esprit_D2F-webapp/src/utils/helpers/notifications.ts": {"lines":{"total":7,"covered":2,"skipped":0,"pct":28.57},"functions":{"total":5,"covered":0,"skipped":0,"pct":0},"statements":{"total":11,"covered":2,"skipped":0,"pct":18.18},"branches":{"total":8,"covered":0,"skipped":0,"pct":0}}
,"C:/Users/oussama/Desktop/pfe-d2f-enseignants/esprit_D2F-webapp/src/utils/storage/storage.ts": {"lines":{"total":12,"covered":12,"skipped":0,"pct":100},"functions":{"total":6,"covered":6,"skipped":0,"pct":100},"statements":{"total":14,"covered":14,"skipped":0,"pct":100},"branches":{"total":2,"covered":2,"skipped":0,"pct":100}}
,"C:/Users/oussama/Desktop/pfe-d2f-enseignants/esprit_D2F-webapp/src/utils/validators/validators.ts": {"lines":{"total":65,"covered":65,"skipped":0,"pct":100},"functions":{"total":30,"covered":30,"skipped":0,"pct":100},"statements":{"total":87,"covered":86,"skipped":0,"pct":98.85},"branches":{"total":72,"covered":67,"skipped":0,"pct":93.05}}
}
