{"total": {"lines":{"total":9544,"covered":1171,"skipped":0,"pct":12.26},"statements":{"total":10849,"covered":1256,"skipped":0,"pct":11.57},"functions":{"total":3393,"covered":385,"skipped":0,"pct":11.34},"branches":{"total":8042,"covered":515,"skipped":0,"pct":6.4},"branchesTrue":{"total":0,"covered":0,"skipped":0,"pct":100}}
,"C:/Users/oussama/Desktop/pfe-d2f-enseignants/esprit_D2F-webapp/src/App.tsx": {"lines":{"total":1,"covered":0,"skipped":0,"pct":0},"functions":{"total":1,"covered":0,"skipped":0,"pct":0},"statements":{"total":1,"covered":0,"skipped":0,"pct":0},"branches":{"total":0,"covered":0,"skipped":0,"pct":100}}
,"C:/Users/oussama/Desktop/pfe-d2f-enseignants/esprit_D2F-webapp/src/components/charts/DashboardKpis.tsx": {"lines":{"total":4,"covered":0,"skipped":0,"pct":0},"functions":{"total":4,"covered":0,"skipped":0,"pct":0},"statements":{"total":5,"covered":0,"skipped":0,"pct":0},"branches":{"total":2,"covered":0,"skipped":0,"pct":0}}
,"C:/Users/oussama/Desktop/pfe-d2f-enseignants/esprit_D2F-webapp/src/components/charts/EnseignantSelect.tsx": {"lines":{"total":13,"covered":10,"skipped":0,"pct":76.92},"functions":{"total":7,"covered":6,"skipped":0,"pct":85.71},"statements":{"total":14,"covered":10,"skipped":0,"pct":71.42},"branches":{"total":18,"covered":10,"skipped":0,"pct":55.55}}
,"C:/Users/oussama/Desktop/pfe-d2f-enseignants/esprit_D2F-webapp/src/components/charts/GapTable.tsx": {"lines":{"total":10,"covered":10,"skipped":0,"pct":100},"functions":{"total":7,"covered":7,"skipped":0,"pct":100},"statements":{"total":10,"covered":10,"skipped":0,"pct":100},"branches":{"total":2,"covered":2,"skipped":0,"pct":100}}
,"C:/Users/oussama/Desktop/pfe-d2f-enseignants/esprit_D2F-webapp/src/components/charts/ModelStatusBadge.tsx": {"lines":{"total":19,"covered":19,"skipped":0,"pct":100},"functions":{"total":6,"covered":6,"skipped":0,"pct":100},"statements":{"total":26,"covered":25,"skipped":0,"pct":96.15},"branches":{"total":20,"covered":17,"skipped":0,"pct":85}}
,"C:/Users/oussama/Desktop/pfe-d2f-enseignants/esprit_D2F-webapp/src/components/charts/PathTimeline.tsx": {"lines":{"total":6,"covered":0,"skipped":0,"pct":0},"functions":{"total":3,"covered":0,"skipped":0,"pct":0},"statements":{"total":6,"covered":0,"skipped":0,"pct":0},"branches":{"total":8,"covered":0,"skipped":0,"pct":0}}
,"C:/Users/oussama/Desktop/pfe-d2f-enseignants/esprit_D2F-webapp/src/components/charts/PredictionScoreBar.tsx": {"lines":{"total":8,"covered":0,"skipped":0,"pct":0},"functions":{"total":2,"covered":0,"skipped":0,"pct":0},"statements":{"total":11,"covered":0,"skipped":0,"pct":0},"branches":{"total":12,"covered":0,"skipped":0,"pct":0}}
,"C:/Users/oussama/Desktop/pfe-d2f-enseignants/esprit_D2F-webapp/src/components/charts/ProfileCard.tsx": {"lines":{"total":4,"covered":0,"skipped":0,"pct":0},"functions":{"total":2,"covered":0,"skipped":0,"pct":0},"statements":{"total":5,"covered":0,"skipped":0,"pct":0},"branches":{"total":10,"covered":0,"skipped":0,"pct":0}}
,"C:/Users/oussama/Desktop/pfe-d2f-enseignants/esprit_D2F-webapp/src/components/charts/RecommendationCard.tsx": {"lines":{"total":3,"covered":0,"skipped":0,"pct":0},"functions":{"total":1,"covered":0,"skipped":0,"pct":0},"statements":{"total":3,"covered":0,"skipped":0,"pct":0},"branches":{"total":8,"covered":0,"skipped":0,"pct":0}}
,"C:/Users/oussama/Desktop/pfe-d2f-enseignants/esprit_D2F-webapp/src/components/charts/RiskBadge.tsx": {"lines":{"total":5,"covered":0,"skipped":0,"pct":0},"functions":{"total":1,"covered":0,"skipped":0,"pct":0},"statements":{"total":6,"covered":0,"skipped":0,"pct":0},"branches":{"total":4,"covered":0,"skipped":0,"pct":0}}
,"C:/Users/oussama/Desktop/pfe-d2f-enseignants/esprit_D2F-webapp/src/components/charts/RiskTable.tsx": {"lines":{"total":15,"covered":15,"skipped":0,"pct":100},"functions":{"total":13,"covered":13,"skipped":0,"pct":100},"statements":{"total":16,"covered":16,"skipped":0,"pct":100},"branches":{"total":25,"covered":21,"skipped":0,"pct":84}}
,"C:/Users/oussama/Desktop/pfe-d2f-enseignants/esprit_D2F-webapp/src/components/charts/SkillGapCard.tsx": {"lines":{"total":5,"covered":0,"skipped":0,"pct":0},"functions":{"total":2,"covered":0,"skipped":0,"pct":0},"statements":{"total":5,"covered":0,"skipped":0,"pct":0},"branches":{"total":22,"covered":0,"skipped":0,"pct":0}}
,"C:/Users/oussama/Desktop/pfe-d2f-enseignants/esprit_D2F-webapp/src/components/charts/TrainingPathTimeline.tsx": {"lines":{"total":7,"covered":0,"skipped":0,"pct":0},"functions":{"total":3,"covered":0,"skipped":0,"pct":0},"statements":{"total":7,"covered":0,"skipped":0,"pct":0},"branches":{"total":18,"covered":0,"skipped":0,"pct":0}}
,"C:/Users/oussama/Desktop/pfe-d2f-enseignants/esprit_D2F-webapp/src/components/common/ActionBar.tsx": {"lines":{"total":7,"covered":0,"skipped":0,"pct":0},"functions":{"total":2,"covered":0,"skipped":0,"pct":0},"statements":{"total":7,"covered":0,"skipped":0,"pct":0},"branches":{"total":13,"covered":0,"skipped":0,"pct":0}}
,"C:/Users/oussama/Desktop/pfe-d2f-enseignants/esprit_D2F-webapp/src/components/common/AppPageHeader.tsx": {"lines":{"total":2,"covered":0,"skipped":0,"pct":0},"functions":{"total":1,"covered":0,"skipped":0,"pct":0},"statements":{"total":2,"covered":0,"skipped":0,"pct":0},"branches":{"total":10,"covered":0,"skipped":0,"pct":0}}
,"C:/Users/oussama/Desktop/pfe-d2f-enseignants/esprit_D2F-webapp/src/components/common/AuthProvider.tsx": {"lines":{"total":70,"covered":47,"skipped":0,"pct":67.14},"functions":{"total":19,"covered":15,"skipped":0,"pct":78.94},"statements":{"total":75,"covered":51,"skipped":0,"pct":68},"branches":{"total":10,"covered":10,"skipped":0,"pct":100}}
,"C:/Users/oussama/Desktop/pfe-d2f-enseignants/esprit_D2F-webapp/src/components/common/D2FDataCard.tsx": {"lines":{"total":15,"covered":0,"skipped":0,"pct":0},"functions":{"total":4,"covered":0,"skipped":0,"pct":0},"statements":{"total":15,"covered":0,"skipped":0,"pct":0},"branches":{"total":27,"covered":0,"skipped":0,"pct":0}}
,"C:/Users/oussama/Desktop/pfe-d2f-enseignants/esprit_D2F-webapp/src/components/common/D2FPageHeader.tsx": {"lines":{"total":2,"covered":0,"skipped":0,"pct":0},"functions":{"total":1,"covered":0,"skipped":0,"pct":0},"statements":{"total":2,"covered":0,"skipped":0,"pct":0},"branches":{"total":10,"covered":0,"skipped":0,"pct":0}}
,"C:/Users/oussama/Desktop/pfe-d2f-enseignants/esprit_D2F-webapp/src/components/common/D2FQuickActions.tsx": {"lines":{"total":2,"covered":0,"skipped":0,"pct":0},"functions":{"total":2,"covered":0,"skipped":0,"pct":0},"statements":{"total":2,"covered":0,"skipped":0,"pct":0},"branches":{"total":5,"covered":0,"skipped":0,"pct":0}}
,"C:/Users/oussama/Desktop/pfe-d2f-enseignants/esprit_D2F-webapp/src/components/common/D2FSearchBar.tsx": {"lines":{"total":19,"covered":0,"skipped":0,"pct":0},"functions":{"total":7,"covered":0,"skipped":0,"pct":0},"statements":{"total":19,"covered":0,"skipped":0,"pct":0},"branches":{"total":11,"covered":0,"skipped":0,"pct":0}}
,"C:/Users/oussama/Desktop/pfe-d2f-enseignants/esprit_D2F-webapp/src/components/common/D2FSection.tsx": {"lines":{"total":2,"covered":0,"skipped":0,"pct":0},"functions":{"total":1,"covered":0,"skipped":0,"pct":0},"statements":{"total":2,"covered":0,"skipped":0,"pct":0},"branches":{"total":10,"covered":0,"skipped":0,"pct":0}}
,"C:/Users/oussama/Desktop/pfe-d2f-enseignants/esprit_D2F-webapp/src/components/common/D2FStatusPill.tsx": {"lines":{"total":4,"covered":0,"skipped":0,"pct":0},"functions":{"total":1,"covered":0,"skipped":0,"pct":0},"statements":{"total":5,"covered":0,"skipped":0,"pct":0},"branches":{"total":9,"covered":0,"skipped":0,"pct":0}}
,"C:/Users/oussama/Desktop/pfe-d2f-enseignants/esprit_D2F-webapp/src/components/common/DataToolbar.tsx": {"lines":{"total":4,"covered":0,"skipped":0,"pct":0},"functions":{"total":3,"covered":0,"skipped":0,"pct":0},"statements":{"total":4,"covered":0,"skipped":0,"pct":0},"branches":{"total":17,"covered":0,"skipped":0,"pct":0}}
,"C:/Users/oussama/Desktop/pfe-d2f-enseignants/esprit_D2F-webapp/src/components/common/EmptyState.tsx": {"lines":{"total":5,"covered":0,"skipped":0,"pct":0},"functions":{"total":1,"covered":0,"skipped":0,"pct":0},"statements":{"total":5,"covered":0,"skipped":0,"pct":0},"branches":{"total":19,"covered":0,"skipped":0,"pct":0}}
,"C:/Users/oussama/Desktop/pfe-d2f-enseignants/esprit_D2F-webapp/src/components/common/EmptyStateStandard.tsx": {"lines":{"total":2,"covered":0,"skipped":0,"pct":0},"functions":{"total":1,"covered":0,"skipped":0,"pct":0},"statements":{"total":2,"covered":0,"skipped":0,"pct":0},"branches":{"total":10,"covered":0,"skipped":0,"pct":0}}
,"C:/Users/oussama/Desktop/pfe-d2f-enseignants/esprit_D2F-webapp/src/components/common/ErrorStateStandard.tsx": {"lines":{"total":2,"covered":0,"skipped":0,"pct":0},"functions":{"total":1,"covered":0,"skipped":0,"pct":0},"statements":{"total":2,"covered":0,"skipped":0,"pct":0},"branches":{"total":8,"covered":0,"skipped":0,"pct":0}}
,"C:/Users/oussama/Desktop/pfe-d2f-enseignants/esprit_D2F-webapp/src/components/common/ExportExcelButton.tsx": {"lines":{"total":16,"covered":0,"skipped":0,"pct":0},"functions":{"total":2,"covered":0,"skipped":0,"pct":0},"statements":{"total":16,"covered":0,"skipped":0,"pct":0},"branches":{"total":0,"covered":0,"skipped":0,"pct":100}}
,"C:/Users/oussama/Desktop/pfe-d2f-enseignants/esprit_D2F-webapp/src/components/common/FilterPanel.tsx": {"lines":{"total":2,"covered":0,"skipped":0,"pct":0},"functions":{"total":1,"covered":0,"skipped":0,"pct":0},"statements":{"total":2,"covered":0,"skipped":0,"pct":0},"branches":{"total":8,"covered":0,"skipped":0,"pct":0}}
,"C:/Users/oussama/Desktop/pfe-d2f-enseignants/esprit_D2F-webapp/src/components/common/FormWizardLayout.tsx": {"lines":{"total":2,"covered":0,"skipped":0,"pct":0},"functions":{"total":2,"covered":0,"skipped":0,"pct":0},"statements":{"total":2,"covered":0,"skipped":0,"pct":0},"branches":{"total":3,"covered":0,"skipped":0,"pct":0}}
,"C:/Users/oussama/Desktop/pfe-d2f-enseignants/esprit_D2F-webapp/src/components/common/InfoSummaryCard.tsx": {"lines":{"total":4,"covered":0,"skipped":0,"pct":0},"functions":{"total":2,"covered":0,"skipped":0,"pct":0},"statements":{"total":4,"covered":0,"skipped":0,"pct":0},"branches":{"total":10,"covered":0,"skipped":0,"pct":0}}
,"C:/Users/oussama/Desktop/pfe-d2f-enseignants/esprit_D2F-webapp/src/components/common/PageLoader.tsx": {"lines":{"total":2,"covered":0,"skipped":0,"pct":0},"functions":{"total":1,"covered":0,"skipped":0,"pct":0},"statements":{"total":2,"covered":0,"skipped":0,"pct":0},"branches":{"total":6,"covered":0,"skipped":0,"pct":0}}
,"C:/Users/oussama/Desktop/pfe-d2f-enseignants/esprit_D2F-webapp/src/components/common/PageSectionCard.tsx": {"lines":{"total":1,"covered":0,"skipped":0,"pct":0},"functions":{"total":1,"covered":0,"skipped":0,"pct":0},"statements":{"total":1,"covered":0,"skipped":0,"pct":0},"branches":{"total":9,"covered":0,"skipped":0,"pct":0}}
,"C:/Users/oussama/Desktop/pfe-d2f-enseignants/esprit_D2F-webapp/src/components/common/ResponsiveTableWrapper.tsx": {"lines":{"total":1,"covered":0,"skipped":0,"pct":0},"functions":{"total":1,"covered":0,"skipped":0,"pct":0},"statements":{"total":1,"covered":0,"skipped":0,"pct":0},"branches":{"total":1,"covered":0,"skipped":0,"pct":0}}
,"C:/Users/oussama/Desktop/pfe-d2f-enseignants/esprit_D2F-webapp/src/components/common/RoleBadge.tsx": {"lines":{"total":3,"covered":0,"skipped":0,"pct":0},"functions":{"total":1,"covered":0,"skipped":0,"pct":0},"statements":{"total":3,"covered":0,"skipped":0,"pct":0},"branches":{"total":12,"covered":0,"skipped":0,"pct":0}}
,"C:/Users/oussama/Desktop/pfe-d2f-enseignants/esprit_D2F-webapp/src/components/common/StatCard.tsx": {"lines":{"total":9,"covered":0,"skipped":0,"pct":0},"functions":{"total":3,"covered":0,"skipped":0,"pct":0},"statements":{"total":10,"covered":0,"skipped":0,"pct":0},"branches":{"total":35,"covered":0,"skipped":0,"pct":0}}
,"C:/Users/oussama/Desktop/pfe-d2f-enseignants/esprit_D2F-webapp/src/components/common/StatusBadge.tsx": {"lines":{"total":2,"covered":0,"skipped":0,"pct":0},"functions":{"total":1,"covered":0,"skipped":0,"pct":0},"statements":{"total":2,"covered":0,"skipped":0,"pct":0},"branches":{"total":12,"covered":0,"skipped":0,"pct":0}}
,"C:/Users/oussama/Desktop/pfe-d2f-enseignants/esprit_D2F-webapp/src/components/common/StickyFormFooter.tsx": {"lines":{"total":2,"covered":0,"skipped":0,"pct":0},"functions":{"total":1,"covered":0,"skipped":0,"pct":0},"statements":{"total":2,"covered":0,"skipped":0,"pct":0},"branches":{"total":15,"covered":0,"skipped":0,"pct":0}}
,"C:/Users/oussama/Desktop/pfe-d2f-enseignants/esprit_D2F-webapp/src/components/common/SummaryStatsRow.tsx": {"lines":{"total":3,"covered":0,"skipped":0,"pct":0},"functions":{"total":2,"covered":0,"skipped":0,"pct":0},"statements":{"total":3,"covered":0,"skipped":0,"pct":0},"branches":{"total":8,"covered":0,"skipped":0,"pct":0}}
,"C:/Users/oussama/Desktop/pfe-d2f-enseignants/esprit_D2F-webapp/src/components/feedback/ErrorBoundary.tsx": {"lines":{"total":12,"covered":10,"skipped":0,"pct":83.33},"functions":{"total":6,"covered":4,"skipped":0,"pct":66.66},"statements":{"total":12,"covered":10,"skipped":0,"pct":83.33},"branches":{"total":6,"covered":6,"skipped":0,"pct":100}}
,"C:/Users/oussama/Desktop/pfe-d2f-enseignants/esprit_D2F-webapp/src/components/feedback/NotificationBridge.tsx": {"lines":{"total":8,"covered":0,"skipped":0,"pct":0},"functions":{"total":6,"covered":0,"skipped":0,"pct":0},"statements":{"total":8,"covered":0,"skipped":0,"pct":0},"branches":{"total":0,"covered":0,"skipped":0,"pct":100}}
,"C:/Users/oussama/Desktop/pfe-d2f-enseignants/esprit_D2F-webapp/src/components/layout/AppLayout.tsx": {"lines":{"total":40,"covered":0,"skipped":0,"pct":0},"functions":{"total":17,"covered":0,"skipped":0,"pct":0},"statements":{"total":51,"covered":0,"skipped":0,"pct":0},"branches":{"total":34,"covered":0,"skipped":0,"pct":0}}
,"C:/Users/oussama/Desktop/pfe-d2f-enseignants/esprit_D2F-webapp/src/components/layout/SideMenu.tsx": {"lines":{"total":46,"covered":0,"skipped":0,"pct":0},"functions":{"total":8,"covered":0,"skipped":0,"pct":0},"statements":{"total":56,"covered":0,"skipped":0,"pct":0},"branches":{"total":37,"covered":0,"skipped":0,"pct":0}}
,"C:/Users/oussama/Desktop/pfe-d2f-enseignants/esprit_D2F-webapp/src/components/layout/TopBar.tsx": {"lines":{"total":11,"covered":0,"skipped":0,"pct":0},"functions":{"total":5,"covered":0,"skipped":0,"pct":0},"statements":{"total":15,"covered":0,"skipped":0,"pct":0},"branches":{"total":6,"covered":0,"skipped":0,"pct":0}}
,"C:/Users/oussama/Desktop/pfe-d2f-enseignants/esprit_D2F-webapp/src/config/env.ts": {"lines":{"total":11,"covered":8,"skipped":0,"pct":72.72},"functions":{"total":2,"covered":2,"skipped":0,"pct":100},"statements":{"total":12,"covered":9,"skipped":0,"pct":75},"branches":{"total":8,"covered":4,"skipped":0,"pct":50}}
,"C:/Users/oussama/Desktop/pfe-d2f-enseignants/esprit_D2F-webapp/src/hooks/analyse/useAnalytics.ts": {"lines":{"total":26,"covered":0,"skipped":0,"pct":0},"functions":{"total":10,"covered":0,"skipped":0,"pct":0},"statements":{"total":30,"covered":0,"skipped":0,"pct":0},"branches":{"total":37,"covered":0,"skipped":0,"pct":0}}
,"C:/Users/oussama/Desktop/pfe-d2f-enseignants/esprit_D2F-webapp/src/hooks/analyse/useDashboard.ts": {"lines":{"total":7,"covered":0,"skipped":0,"pct":0},"functions":{"total":4,"covered":0,"skipped":0,"pct":0},"statements":{"total":7,"covered":0,"skipped":0,"pct":0},"branches":{"total":12,"covered":0,"skipped":0,"pct":0}}
,"C:/Users/oussama/Desktop/pfe-d2f-enseignants/esprit_D2F-webapp/src/hooks/analyse/useRiceReport.ts": {"lines":{"total":60,"covered":0,"skipped":0,"pct":0},"functions":{"total":18,"covered":0,"skipped":0,"pct":0},"statements":{"total":67,"covered":0,"skipped":0,"pct":0},"branches":{"total":54,"covered":0,"skipped":0,"pct":0}}
,"C:/Users/oussama/Desktop/pfe-d2f-enseignants/esprit_D2F-webapp/src/hooks/analyse/useRiceTree.ts": {"lines":{"total":163,"covered":0,"skipped":0,"pct":0},"functions":{"total":51,"covered":0,"skipped":0,"pct":0},"statements":{"total":191,"covered":0,"skipped":0,"pct":0},"branches":{"total":129,"covered":0,"skipped":0,"pct":0}}
,"C:/Users/oussama/Desktop/pfe-d2f-enseignants/esprit_D2F-webapp/src/hooks/auth/useAuth.ts": {"lines":{"total":5,"covered":4,"skipped":0,"pct":80},"functions":{"total":1,"covered":1,"skipped":0,"pct":100},"statements":{"total":5,"covered":4,"skipped":0,"pct":80},"branches":{"total":2,"covered":1,"skipped":0,"pct":50}}
,"C:/Users/oussama/Desktop/pfe-d2f-enseignants/esprit_D2F-webapp/src/hooks/competence/useCompetenceCrud.tsx": {"lines":{"total":279,"covered":0,"skipped":0,"pct":0},"functions":{"total":59,"covered":0,"skipped":0,"pct":0},"statements":{"total":305,"covered":0,"skipped":0,"pct":0},"branches":{"total":181,"covered":0,"skipped":0,"pct":0}}
,"C:/Users/oussama/Desktop/pfe-d2f-enseignants/esprit_D2F-webapp/src/hooks/competence/useCompetencePageState.tsx": {"lines":{"total":66,"covered":0,"skipped":0,"pct":0},"functions":{"total":14,"covered":0,"skipped":0,"pct":0},"statements":{"total":75,"covered":0,"skipped":0,"pct":0},"branches":{"total":37,"covered":0,"skipped":0,"pct":0}}
,"C:/Users/oussama/Desktop/pfe-d2f-enseignants/esprit_D2F-webapp/src/hooks/competence/useStructureData.tsx": {"lines":{"total":127,"covered":0,"skipped":0,"pct":0},"functions":{"total":24,"covered":0,"skipped":0,"pct":0},"statements":{"total":140,"covered":0,"skipped":0,"pct":0},"branches":{"total":66,"covered":0,"skipped":0,"pct":0}}
,"C:/Users/oussama/Desktop/pfe-d2f-enseignants/esprit_D2F-webapp/src/hooks/formation/index.ts": {"lines":{"total":1,"covered":0,"skipped":0,"pct":0},"functions":{"total":0,"covered":0,"skipped":0,"pct":100},"statements":{"total":1,"covered":0,"skipped":0,"pct":0},"branches":{"total":0,"covered":0,"skipped":0,"pct":100}}
,"C:/Users/oussama/Desktop/pfe-d2f-enseignants/esprit_D2F-webapp/src/hooks/ui/useAppNotification.ts": {"lines":{"total":2,"covered":2,"skipped":0,"pct":100},"functions":{"total":1,"covered":1,"skipped":0,"pct":100},"statements":{"total":2,"covered":2,"skipped":0,"pct":100},"branches":{"total":0,"covered":0,"skipped":0,"pct":100}}
,"C:/Users/oussama/Desktop/pfe-d2f-enseignants/esprit_D2F-webapp/src/hooks/ui/useDragAndDrop.ts": {"lines":{"total":76,"covered":0,"skipped":0,"pct":0},"functions":{"total":14,"covered":0,"skipped":0,"pct":0},"statements":{"total":82,"covered":0,"skipped":0,"pct":0},"branches":{"total":38,"covered":0,"skipped":0,"pct":0}}
,"C:/Users/oussama/Desktop/pfe-d2f-enseignants/esprit_D2F-webapp/src/pages/admin/gererComptes/ListAccounts.tsx": {"lines":{"total":99,"covered":0,"skipped":0,"pct":0},"functions":{"total":37,"covered":0,"skipped":0,"pct":0},"statements":{"total":100,"covered":0,"skipped":0,"pct":0},"branches":{"total":40,"covered":0,"skipped":0,"pct":0}}
,"C:/Users/oussama/Desktop/pfe-d2f-enseignants/esprit_D2F-webapp/src/pages/admin/gererComptes/Login.tsx": {"lines":{"total":27,"covered":0,"skipped":0,"pct":0},"functions":{"total":7,"covered":0,"skipped":0,"pct":0},"statements":{"total":29,"covered":0,"skipped":0,"pct":0},"branches":{"total":9,"covered":0,"skipped":0,"pct":0}}
,"C:/Users/oussama/Desktop/pfe-d2f-enseignants/esprit_D2F-webapp/src/pages/admin/gererComptes/PasswordRecovery.tsx": {"lines":{"total":14,"covered":0,"skipped":0,"pct":0},"functions":{"total":3,"covered":0,"skipped":0,"pct":0},"statements":{"total":14,"covered":0,"skipped":0,"pct":0},"branches":{"total":6,"covered":0,"skipped":0,"pct":0}}
,"C:/Users/oussama/Desktop/pfe-d2f-enseignants/esprit_D2F-webapp/src/pages/admin/gererComptes/UpdatePassword.tsx": {"lines":{"total":16,"covered":0,"skipped":0,"pct":0},"functions":{"total":4,"covered":0,"skipped":0,"pct":0},"statements":{"total":16,"covered":0,"skipped":0,"pct":0},"branches":{"total":6,"covered":0,"skipped":0,"pct":0}}
,"C:/Users/oussama/Desktop/pfe-d2f-enseignants/esprit_D2F-webapp/src/pages/analyse/AnalysePredictivePage.tsx": {"lines":{"total":69,"covered":0,"skipped":0,"pct":0},"functions":{"total":18,"covered":0,"skipped":0,"pct":0},"statements":{"total":76,"covered":0,"skipped":0,"pct":0},"branches":{"total":57,"covered":0,"skipped":0,"pct":0}}
,"C:/Users/oussama/Desktop/pfe-d2f-enseignants/esprit_D2F-webapp/src/pages/analyse/AnalyticsDashboardPage.tsx": {"lines":{"total":35,"covered":0,"skipped":0,"pct":0},"functions":{"total":24,"covered":0,"skipped":0,"pct":0},"statements":{"total":36,"covered":0,"skipped":0,"pct":0},"branches":{"total":40,"covered":0,"skipped":0,"pct":0}}
,"C:/Users/oussama/Desktop/pfe-d2f-enseignants/esprit_D2F-webapp/src/pages/analyse/TeacherAnalyticsPage.tsx": {"lines":{"total":24,"covered":0,"skipped":0,"pct":0},"functions":{"total":8,"covered":0,"skipped":0,"pct":0},"statements":{"total":26,"covered":0,"skipped":0,"pct":0},"branches":{"total":28,"covered":0,"skipped":0,"pct":0}}
,"C:/Users/oussama/Desktop/pfe-d2f-enseignants/esprit_D2F-webapp/src/pages/auth/EditProfile.tsx": {"lines":{"total":21,"covered":0,"skipped":0,"pct":0},"functions":{"total":4,"covered":0,"skipped":0,"pct":0},"statements":{"total":22,"covered":0,"skipped":0,"pct":0},"branches":{"total":7,"covered":0,"skipped":0,"pct":0}}
,"C:/Users/oussama/Desktop/pfe-d2f-enseignants/esprit_D2F-webapp/src/pages/auth/Profile.tsx": {"lines":{"total":55,"covered":0,"skipped":0,"pct":0},"functions":{"total":12,"covered":0,"skipped":0,"pct":0},"statements":{"total":56,"covered":0,"skipped":0,"pct":0},"branches":{"total":37,"covered":0,"skipped":0,"pct":0}}
,"C:/Users/oussama/Desktop/pfe-d2f-enseignants/esprit_D2F-webapp/src/pages/auth/Register.tsx": {"lines":{"total":34,"covered":0,"skipped":0,"pct":0},"functions":{"total":8,"covered":0,"skipped":0,"pct":0},"statements":{"total":34,"covered":0,"skipped":0,"pct":0},"branches":{"total":23,"covered":0,"skipped":0,"pct":0}}
,"C:/Users/oussama/Desktop/pfe-d2f-enseignants/esprit_D2F-webapp/src/pages/besoin/BesoinForm.tsx": {"lines":{"total":146,"covered":8,"skipped":0,"pct":5.47},"functions":{"total":50,"covered":0,"skipped":0,"pct":0},"statements":{"total":172,"covered":8,"skipped":0,"pct":4.65},"branches":{"total":177,"covered":0,"skipped":0,"pct":0}}
,"C:/Users/oussama/Desktop/pfe-d2f-enseignants/esprit_D2F-webapp/src/pages/besoin/BesoinList.tsx": {"lines":{"total":190,"covered":5,"skipped":0,"pct":2.63},"functions":{"total":67,"covered":0,"skipped":0,"pct":0},"statements":{"total":216,"covered":5,"skipped":0,"pct":2.31},"branches":{"total":219,"covered":0,"skipped":0,"pct":0}}
,"C:/Users/oussama/Desktop/pfe-d2f-enseignants/esprit_D2F-webapp/src/pages/besoin/Contact.tsx": {"lines":{"total":5,"covered":0,"skipped":0,"pct":0},"functions":{"total":3,"covered":0,"skipped":0,"pct":0},"statements":{"total":5,"covered":0,"skipped":0,"pct":0},"branches":{"total":0,"covered":0,"skipped":0,"pct":100}}
,"C:/Users/oussama/Desktop/pfe-d2f-enseignants/esprit_D2F-webapp/src/pages/besoin/MailForm.tsx": {"lines":{"total":33,"covered":0,"skipped":0,"pct":0},"functions":{"total":9,"covered":0,"skipped":0,"pct":0},"statements":{"total":36,"covered":0,"skipped":0,"pct":0},"branches":{"total":38,"covered":0,"skipped":0,"pct":0}}
,"C:/Users/oussama/Desktop/pfe-d2f-enseignants/esprit_D2F-webapp/src/pages/besoin/components/BesoinCard.tsx": {"lines":{"total":50,"covered":8,"skipped":0,"pct":16},"functions":{"total":17,"covered":0,"skipped":0,"pct":0},"statements":{"total":58,"covered":8,"skipped":0,"pct":13.79},"branches":{"total":64,"covered":0,"skipped":0,"pct":0}}
,"C:/Users/oussama/Desktop/pfe-d2f-enseignants/esprit_D2F-webapp/src/pages/besoin/components/BesoinCardMeta.tsx": {"lines":{"total":5,"covered":1,"skipped":0,"pct":20},"functions":{"total":3,"covered":0,"skipped":0,"pct":0},"statements":{"total":7,"covered":1,"skipped":0,"pct":14.28},"branches":{"total":4,"covered":0,"skipped":0,"pct":0}}
,"C:/Users/oussama/Desktop/pfe-d2f-enseignants/esprit_D2F-webapp/src/pages/besoin/components/BesoinFiltersPanel.tsx": {"lines":{"total":53,"covered":6,"skipped":0,"pct":11.32},"functions":{"total":34,"covered":0,"skipped":0,"pct":0},"statements":{"total":71,"covered":6,"skipped":0,"pct":8.45},"branches":{"total":54,"covered":0,"skipped":0,"pct":0}}
,"C:/Users/oussama/Desktop/pfe-d2f-enseignants/esprit_D2F-webapp/src/pages/besoin/components/BesoinHeader.tsx": {"lines":{"total":2,"covered":1,"skipped":0,"pct":50},"functions":{"total":1,"covered":0,"skipped":0,"pct":0},"statements":{"total":2,"covered":1,"skipped":0,"pct":50},"branches":{"total":6,"covered":0,"skipped":0,"pct":0}}
,"C:/Users/oussama/Desktop/pfe-d2f-enseignants/esprit_D2F-webapp/src/pages/besoin/components/BesoinPriorityBadge.tsx": {"lines":{"total":5,"covered":2,"skipped":0,"pct":40},"functions":{"total":1,"covered":0,"skipped":0,"pct":0},"statements":{"total":6,"covered":2,"skipped":0,"pct":33.33},"branches":{"total":5,"covered":0,"skipped":0,"pct":0}}
,"C:/Users/oussama/Desktop/pfe-d2f-enseignants/esprit_D2F-webapp/src/pages/besoin/components/BesoinStatsRow.tsx": {"lines":{"total":6,"covered":2,"skipped":0,"pct":33.33},"functions":{"total":2,"covered":0,"skipped":0,"pct":0},"statements":{"total":6,"covered":2,"skipped":0,"pct":33.33},"branches":{"total":20,"covered":0,"skipped":0,"pct":0}}
,"C:/Users/oussama/Desktop/pfe-d2f-enseignants/esprit_D2F-webapp/src/pages/besoin/components/BesoinStatusBadge.tsx": {"lines":{"total":4,"covered":1,"skipped":0,"pct":25},"functions":{"total":1,"covered":0,"skipped":0,"pct":0},"statements":{"total":4,"covered":1,"skipped":0,"pct":25},"branches":{"total":4,"covered":0,"skipped":0,"pct":0}}
,"C:/Users/oussama/Desktop/pfe-d2f-enseignants/esprit_D2F-webapp/src/pages/besoin/components/ViewModeToggle.tsx": {"lines":{"total":2,"covered":1,"skipped":0,"pct":50},"functions":{"total":1,"covered":0,"skipped":0,"pct":0},"statements":{"total":2,"covered":1,"skipped":0,"pct":50},"branches":{"total":7,"covered":0,"skipped":0,"pct":0}}
,"C:/Users/oussama/Desktop/pfe-d2f-enseignants/esprit_D2F-webapp/src/pages/certificat/CertificateEditorViewerItem.tsx": {"lines":{"total":48,"covered":0,"skipped":0,"pct":0},"functions":{"total":14,"covered":0,"skipped":0,"pct":0},"statements":{"total":49,"covered":0,"skipped":0,"pct":0},"branches":{"total":12,"covered":0,"skipped":0,"pct":0}}
,"C:/Users/oussama/Desktop/pfe-d2f-enseignants/esprit_D2F-webapp/src/pages/certificat/CertificatePage.tsx": {"lines":{"total":38,"covered":0,"skipped":0,"pct":0},"functions":{"total":21,"covered":0,"skipped":0,"pct":0},"statements":{"total":41,"covered":0,"skipped":0,"pct":0},"branches":{"total":12,"covered":0,"skipped":0,"pct":0}}
,"C:/Users/oussama/Desktop/pfe-d2f-enseignants/esprit_D2F-webapp/src/pages/certificat/CertificatePdfViewer.tsx": {"lines":{"total":36,"covered":0,"skipped":0,"pct":0},"functions":{"total":4,"covered":0,"skipped":0,"pct":0},"statements":{"total":39,"covered":0,"skipped":0,"pct":0},"branches":{"total":20,"covered":0,"skipped":0,"pct":0}}
,"C:/Users/oussama/Desktop/pfe-d2f-enseignants/esprit_D2F-webapp/src/pages/certificat/CertificatesByEmailPage.tsx": {"lines":{"total":15,"covered":0,"skipped":0,"pct":0},"functions":{"total":6,"covered":0,"skipped":0,"pct":0},"statements":{"total":15,"covered":0,"skipped":0,"pct":0},"branches":{"total":24,"covered":0,"skipped":0,"pct":0}}
,"C:/Users/oussama/Desktop/pfe-d2f-enseignants/esprit_D2F-webapp/src/pages/certificat/GeneratedCertificates.tsx": {"lines":{"total":15,"covered":0,"skipped":0,"pct":0},"functions":{"total":5,"covered":0,"skipped":0,"pct":0},"statements":{"total":15,"covered":0,"skipped":0,"pct":0},"branches":{"total":6,"covered":0,"skipped":0,"pct":0}}
,"C:/Users/oussama/Desktop/pfe-d2f-enseignants/esprit_D2F-webapp/src/pages/competence/AffectationEnseignantPage.tsx": {"lines":{"total":171,"covered":0,"skipped":0,"pct":0},"functions":{"total":62,"covered":0,"skipped":0,"pct":0},"statements":{"total":197,"covered":0,"skipped":0,"pct":0},"branches":{"total":100,"covered":0,"skipped":0,"pct":0}}
,"C:/Users/oussama/Desktop/pfe-d2f-enseignants/esprit_D2F-webapp/src/pages/competence/CompetenceMatchingPage.tsx": {"lines":{"total":217,"covered":0,"skipped":0,"pct":0},"functions":{"total":74,"covered":0,"skipped":0,"pct":0},"statements":{"total":303,"covered":0,"skipped":0,"pct":0},"branches":{"total":228,"covered":0,"skipped":0,"pct":0}}
,"C:/Users/oussama/Desktop/pfe-d2f-enseignants/esprit_D2F-webapp/src/pages/competence/CompetencePage.tsx": {"lines":{"total":116,"covered":0,"skipped":0,"pct":0},"functions":{"total":38,"covered":0,"skipped":0,"pct":0},"statements":{"total":126,"covered":0,"skipped":0,"pct":0},"branches":{"total":75,"covered":0,"skipped":0,"pct":0}}
,"C:/Users/oussama/Desktop/pfe-d2f-enseignants/esprit_D2F-webapp/src/pages/competence/EnseignantCompetencePage.tsx": {"lines":{"total":116,"covered":0,"skipped":0,"pct":0},"functions":{"total":36,"covered":0,"skipped":0,"pct":0},"statements":{"total":123,"covered":0,"skipped":0,"pct":0},"branches":{"total":42,"covered":0,"skipped":0,"pct":0}}
,"C:/Users/oussama/Desktop/pfe-d2f-enseignants/esprit_D2F-webapp/src/pages/competence/RicePage.tsx": {"lines":{"total":335,"covered":0,"skipped":0,"pct":0},"functions":{"total":65,"covered":0,"skipped":0,"pct":0},"statements":{"total":380,"covered":0,"skipped":0,"pct":0},"branches":{"total":254,"covered":0,"skipped":0,"pct":0}}
,"C:/Users/oussama/Desktop/pfe-d2f-enseignants/esprit_D2F-webapp/src/pages/competence/StructureArbrePage.tsx": {"lines":{"total":136,"covered":0,"skipped":0,"pct":0},"functions":{"total":41,"covered":0,"skipped":0,"pct":0},"statements":{"total":149,"covered":0,"skipped":0,"pct":0},"branches":{"total":111,"covered":0,"skipped":0,"pct":0}}
,"C:/Users/oussama/Desktop/pfe-d2f-enseignants/esprit_D2F-webapp/src/pages/competence/components/CompetenceExpandedRow.tsx": {"lines":{"total":32,"covered":0,"skipped":0,"pct":0},"functions":{"total":14,"covered":0,"skipped":0,"pct":0},"statements":{"total":32,"covered":0,"skipped":0,"pct":0},"branches":{"total":26,"covered":0,"skipped":0,"pct":0}}
,"C:/Users/oussama/Desktop/pfe-d2f-enseignants/esprit_D2F-webapp/src/pages/competence/components/CompetenceModals.tsx": {"lines":{"total":94,"covered":0,"skipped":0,"pct":0},"functions":{"total":40,"covered":0,"skipped":0,"pct":0},"statements":{"total":102,"covered":0,"skipped":0,"pct":0},"branches":{"total":90,"covered":0,"skipped":0,"pct":0}}
,"C:/Users/oussama/Desktop/pfe-d2f-enseignants/esprit_D2F-webapp/src/pages/competence/components/ConsultationTab.tsx": {"lines":{"total":50,"covered":0,"skipped":0,"pct":0},"functions":{"total":13,"covered":0,"skipped":0,"pct":0},"statements":{"total":53,"covered":0,"skipped":0,"pct":0},"branches":{"total":39,"covered":0,"skipped":0,"pct":0}}
,"C:/Users/oussama/Desktop/pfe-d2f-enseignants/esprit_D2F-webapp/src/pages/competence/components/CrudTab.tsx": {"lines":{"total":35,"covered":0,"skipped":0,"pct":0},"functions":{"total":17,"covered":0,"skipped":0,"pct":0},"statements":{"total":40,"covered":0,"skipped":0,"pct":0},"branches":{"total":42,"covered":0,"skipped":0,"pct":0}}
,"C:/Users/oussama/Desktop/pfe-d2f-enseignants/esprit_D2F-webapp/src/pages/competence/components/MatchingMatrix.tsx": {"lines":{"total":64,"covered":0,"skipped":0,"pct":0},"functions":{"total":25,"covered":0,"skipped":0,"pct":0},"statements":{"total":72,"covered":0,"skipped":0,"pct":0},"branches":{"total":71,"covered":0,"skipped":0,"pct":0}}
,"C:/Users/oussama/Desktop/pfe-d2f-enseignants/esprit_D2F-webapp/src/pages/competence/components/NiveauSavoirMatrix.tsx": {"lines":{"total":13,"covered":0,"skipped":0,"pct":0},"functions":{"total":6,"covered":0,"skipped":0,"pct":0},"statements":{"total":15,"covered":0,"skipped":0,"pct":0},"branches":{"total":17,"covered":0,"skipped":0,"pct":0}}
,"C:/Users/oussama/Desktop/pfe-d2f-enseignants/esprit_D2F-webapp/src/pages/competence/components/StructureSearchResultsView.tsx": {"lines":{"total":9,"covered":0,"skipped":0,"pct":0},"functions":{"total":5,"covered":0,"skipped":0,"pct":0},"statements":{"total":10,"covered":0,"skipped":0,"pct":0},"branches":{"total":36,"covered":0,"skipped":0,"pct":0}}
,"C:/Users/oussama/Desktop/pfe-d2f-enseignants/esprit_D2F-webapp/src/pages/competence/components/consultation/ActiveFiltersBar.tsx": {"lines":{"total":4,"covered":0,"skipped":0,"pct":0},"functions":{"total":3,"covered":0,"skipped":0,"pct":0},"statements":{"total":5,"covered":0,"skipped":0,"pct":0},"branches":{"total":6,"covered":0,"skipped":0,"pct":0}}
,"C:/Users/oussama/Desktop/pfe-d2f-enseignants/esprit_D2F-webapp/src/pages/competence/components/consultation/CardsView.tsx": {"lines":{"total":102,"covered":0,"skipped":0,"pct":0},"functions":{"total":60,"covered":0,"skipped":0,"pct":0},"statements":{"total":130,"covered":0,"skipped":0,"pct":0},"branches":{"total":93,"covered":0,"skipped":0,"pct":0}}
,"C:/Users/oussama/Desktop/pfe-d2f-enseignants/esprit_D2F-webapp/src/pages/competence/components/consultation/EmptyState.tsx": {"lines":{"total":4,"covered":0,"skipped":0,"pct":0},"functions":{"total":1,"covered":0,"skipped":0,"pct":0},"statements":{"total":4,"covered":0,"skipped":0,"pct":0},"branches":{"total":5,"covered":0,"skipped":0,"pct":0}}
,"C:/Users/oussama/Desktop/pfe-d2f-enseignants/esprit_D2F-webapp/src/pages/competence/components/consultation/ExportMenu.tsx": {"lines":{"total":26,"covered":0,"skipped":0,"pct":0},"functions":{"total":6,"covered":0,"skipped":0,"pct":0},"statements":{"total":35,"covered":0,"skipped":0,"pct":0},"branches":{"total":26,"covered":0,"skipped":0,"pct":0}}
,"C:/Users/oussama/Desktop/pfe-d2f-enseignants/esprit_D2F-webapp/src/pages/competence/components/consultation/ListView.tsx": {"lines":{"total":66,"covered":0,"skipped":0,"pct":0},"functions":{"total":42,"covered":0,"skipped":0,"pct":0},"statements":{"total":81,"covered":0,"skipped":0,"pct":0},"branches":{"total":59,"covered":0,"skipped":0,"pct":0}}
,"C:/Users/oussama/Desktop/pfe-d2f-enseignants/esprit_D2F-webapp/src/pages/competence/components/consultation/SavoirDetailDrawer.tsx": {"lines":{"total":16,"covered":0,"skipped":0,"pct":0},"functions":{"total":4,"covered":0,"skipped":0,"pct":0},"statements":{"total":17,"covered":0,"skipped":0,"pct":0},"branches":{"total":42,"covered":0,"skipped":0,"pct":0}}
,"C:/Users/oussama/Desktop/pfe-d2f-enseignants/esprit_D2F-webapp/src/pages/competence/components/consultation/SearchBar.tsx": {"lines":{"total":8,"covered":0,"skipped":0,"pct":0},"functions":{"total":6,"covered":0,"skipped":0,"pct":0},"statements":{"total":8,"covered":0,"skipped":0,"pct":0},"branches":{"total":9,"covered":0,"skipped":0,"pct":0}}
,"C:/Users/oussama/Desktop/pfe-d2f-enseignants/esprit_D2F-webapp/src/pages/competence/components/consultation/StatCards.tsx": {"lines":{"total":4,"covered":0,"skipped":0,"pct":0},"functions":{"total":3,"covered":0,"skipped":0,"pct":0},"statements":{"total":4,"covered":0,"skipped":0,"pct":0},"branches":{"total":2,"covered":0,"skipped":0,"pct":0}}
,"C:/Users/oussama/Desktop/pfe-d2f-enseignants/esprit_D2F-webapp/src/pages/competence/components/consultation/ViewToolbar.tsx": {"lines":{"total":1,"covered":0,"skipped":0,"pct":0},"functions":{"total":1,"covered":0,"skipped":0,"pct":0},"statements":{"total":1,"covered":0,"skipped":0,"pct":0},"branches":{"total":0,"covered":0,"skipped":0,"pct":100}}
,"C:/Users/oussama/Desktop/pfe-d2f-enseignants/esprit_D2F-webapp/src/pages/competence/rice/AnalyzingStep.tsx": {"lines":{"total":23,"covered":0,"skipped":0,"pct":0},"functions":{"total":10,"covered":0,"skipped":0,"pct":0},"statements":{"total":31,"covered":0,"skipped":0,"pct":0},"branches":{"total":14,"covered":0,"skipped":0,"pct":0}}
,"C:/Users/oussama/Desktop/pfe-d2f-enseignants/esprit_D2F-webapp/src/pages/competence/rice/EnseignantCreateForm.tsx": {"lines":{"total":3,"covered":0,"skipped":0,"pct":0},"functions":{"total":1,"covered":0,"skipped":0,"pct":0},"statements":{"total":3,"covered":0,"skipped":0,"pct":0},"branches":{"total":6,"covered":0,"skipped":0,"pct":0}}
,"C:/Users/oussama/Desktop/pfe-d2f-enseignants/esprit_D2F-webapp/src/pages/competence/rice/EnseignantDropCard.tsx": {"lines":{"total":20,"covered":0,"skipped":0,"pct":0},"functions":{"total":8,"covered":0,"skipped":0,"pct":0},"statements":{"total":26,"covered":0,"skipped":0,"pct":0},"branches":{"total":33,"covered":0,"skipped":0,"pct":0}}
,"C:/Users/oussama/Desktop/pfe-d2f-enseignants/esprit_D2F-webapp/src/pages/competence/rice/EnseignantLoadView.tsx": {"lines":{"total":78,"covered":0,"skipped":0,"pct":0},"functions":{"total":44,"covered":0,"skipped":0,"pct":0},"statements":{"total":100,"covered":0,"skipped":0,"pct":0},"branches":{"total":88,"covered":0,"skipped":0,"pct":0}}
,"C:/Users/oussama/Desktop/pfe-d2f-enseignants/esprit_D2F-webapp/src/pages/competence/rice/EnseignantMatrixView.tsx": {"lines":{"total":72,"covered":0,"skipped":0,"pct":0},"functions":{"total":30,"covered":0,"skipped":0,"pct":0},"statements":{"total":90,"covered":0,"skipped":0,"pct":0},"branches":{"total":86,"covered":0,"skipped":0,"pct":0}}
,"C:/Users/oussama/Desktop/pfe-d2f-enseignants/esprit_D2F-webapp/src/pages/competence/rice/EnseignantPanel.tsx": {"lines":{"total":22,"covered":0,"skipped":0,"pct":0},"functions":{"total":17,"covered":0,"skipped":0,"pct":0},"statements":{"total":31,"covered":0,"skipped":0,"pct":0},"branches":{"total":30,"covered":0,"skipped":0,"pct":0}}
,"C:/Users/oussama/Desktop/pfe-d2f-enseignants/esprit_D2F-webapp/src/pages/competence/rice/MatchmakingPage.tsx": {"lines":{"total":190,"covered":0,"skipped":0,"pct":0},"functions":{"total":55,"covered":0,"skipped":0,"pct":0},"statements":{"total":223,"covered":0,"skipped":0,"pct":0},"branches":{"total":166,"covered":0,"skipped":0,"pct":0}}
,"C:/Users/oussama/Desktop/pfe-d2f-enseignants/esprit_D2F-webapp/src/pages/competence/rice/ReportStep.tsx": {"lines":{"total":51,"covered":0,"skipped":0,"pct":0},"functions":{"total":30,"covered":0,"skipped":0,"pct":0},"statements":{"total":58,"covered":0,"skipped":0,"pct":0},"branches":{"total":95,"covered":0,"skipped":0,"pct":0}}
,"C:/Users/oussama/Desktop/pfe-d2f-enseignants/esprit_D2F-webapp/src/pages/competence/rice/ReviewStep.tsx": {"lines":{"total":237,"covered":0,"skipped":0,"pct":0},"functions":{"total":124,"covered":0,"skipped":0,"pct":0},"statements":{"total":309,"covered":0,"skipped":0,"pct":0},"branches":{"total":372,"covered":0,"skipped":0,"pct":0}}
,"C:/Users/oussama/Desktop/pfe-d2f-enseignants/esprit_D2F-webapp/src/pages/competence/rice/SavoirCard.tsx": {"lines":{"total":32,"covered":0,"skipped":0,"pct":0},"functions":{"total":23,"covered":0,"skipped":0,"pct":0},"statements":{"total":41,"covered":0,"skipped":0,"pct":0},"branches":{"total":44,"covered":0,"skipped":0,"pct":0}}
,"C:/Users/oussama/Desktop/pfe-d2f-enseignants/esprit_D2F-webapp/src/pages/competence/rice/SavoirMatchCard.tsx": {"lines":{"total":7,"covered":0,"skipped":0,"pct":0},"functions":{"total":6,"covered":0,"skipped":0,"pct":0},"statements":{"total":9,"covered":0,"skipped":0,"pct":0},"branches":{"total":14,"covered":0,"skipped":0,"pct":0}}
,"C:/Users/oussama/Desktop/pfe-d2f-enseignants/esprit_D2F-webapp/src/pages/competence/rice/TeacherLoadCard.tsx": {"lines":{"total":14,"covered":0,"skipped":0,"pct":0},"functions":{"total":8,"covered":0,"skipped":0,"pct":0},"statements":{"total":18,"covered":0,"skipped":0,"pct":0},"branches":{"total":29,"covered":0,"skipped":0,"pct":0}}
,"C:/Users/oussama/Desktop/pfe-d2f-enseignants/esprit_D2F-webapp/src/pages/competence/rice/UploadStep.tsx": {"lines":{"total":33,"covered":21,"skipped":0,"pct":63.63},"functions":{"total":16,"covered":7,"skipped":0,"pct":43.75},"statements":{"total":36,"covered":24,"skipped":0,"pct":66.66},"branches":{"total":89,"covered":50,"skipped":0,"pct":56.17}}
,"C:/Users/oussama/Desktop/pfe-d2f-enseignants/esprit_D2F-webapp/src/pages/competence/rice/constants.tsx": {"lines":{"total":76,"covered":13,"skipped":0,"pct":17.1},"functions":{"total":31,"covered":3,"skipped":0,"pct":9.67},"statements":{"total":88,"covered":15,"skipped":0,"pct":17.04},"branches":{"total":81,"covered":3,"skipped":0,"pct":3.7}}
,"C:/Users/oussama/Desktop/pfe-d2f-enseignants/esprit_D2F-webapp/src/pages/documentFormation/CombinedFormationOneDriveTree.tsx": {"lines":{"total":128,"covered":94,"skipped":0,"pct":73.43},"functions":{"total":34,"covered":22,"skipped":0,"pct":64.7},"statements":{"total":144,"covered":100,"skipped":0,"pct":69.44},"branches":{"total":104,"covered":66,"skipped":0,"pct":63.46}}
,"C:/Users/oussama/Desktop/pfe-d2f-enseignants/esprit_D2F-webapp/src/pages/documentFormation/DocumentCreateForm.tsx": {"lines":{"total":27,"covered":0,"skipped":0,"pct":0},"functions":{"total":8,"covered":0,"skipped":0,"pct":0},"statements":{"total":29,"covered":0,"skipped":0,"pct":0},"branches":{"total":4,"covered":0,"skipped":0,"pct":0}}
,"C:/Users/oussama/Desktop/pfe-d2f-enseignants/esprit_D2F-webapp/src/pages/documentFormation/DocumentListModal.tsx": {"lines":{"total":15,"covered":0,"skipped":0,"pct":0},"functions":{"total":8,"covered":0,"skipped":0,"pct":0},"statements":{"total":15,"covered":0,"skipped":0,"pct":0},"branches":{"total":20,"covered":0,"skipped":0,"pct":0}}
,"C:/Users/oussama/Desktop/pfe-d2f-enseignants/esprit_D2F-webapp/src/pages/documentFormation/DocumentUpdateDialog.tsx": {"lines":{"total":2,"covered":0,"skipped":0,"pct":0},"functions":{"total":1,"covered":0,"skipped":0,"pct":0},"statements":{"total":2,"covered":0,"skipped":0,"pct":0},"branches":{"total":0,"covered":0,"skipped":0,"pct":100}}
,"C:/Users/oussama/Desktop/pfe-d2f-enseignants/esprit_D2F-webapp/src/pages/documentFormation/DocumentUploadForm.tsx": {"lines":{"total":29,"covered":0,"skipped":0,"pct":0},"functions":{"total":7,"covered":0,"skipped":0,"pct":0},"statements":{"total":29,"covered":0,"skipped":0,"pct":0},"branches":{"total":6,"covered":0,"skipped":0,"pct":0}}
,"C:/Users/oussama/Desktop/pfe-d2f-enseignants/esprit_D2F-webapp/src/pages/documentFormation/DocumentUploadPanel.tsx": {"lines":{"total":28,"covered":0,"skipped":0,"pct":0},"functions":{"total":6,"covered":0,"skipped":0,"pct":0},"statements":{"total":28,"covered":0,"skipped":0,"pct":0},"branches":{"total":6,"covered":0,"skipped":0,"pct":0}}
,"C:/Users/oussama/Desktop/pfe-d2f-enseignants/esprit_D2F-webapp/src/pages/documentFormation/DocumentViewer.tsx": {"lines":{"total":13,"covered":0,"skipped":0,"pct":0},"functions":{"total":1,"covered":0,"skipped":0,"pct":0},"statements":{"total":13,"covered":0,"skipped":0,"pct":0},"branches":{"total":10,"covered":0,"skipped":0,"pct":0}}
,"C:/Users/oussama/Desktop/pfe-d2f-enseignants/esprit_D2F-webapp/src/pages/documentFormation/UpdateDocumentForm.tsx": {"lines":{"total":37,"covered":0,"skipped":0,"pct":0},"functions":{"total":9,"covered":0,"skipped":0,"pct":0},"statements":{"total":37,"covered":0,"skipped":0,"pct":0},"branches":{"total":6,"covered":0,"skipped":0,"pct":0}}
,"C:/Users/oussama/Desktop/pfe-d2f-enseignants/esprit_D2F-webapp/src/pages/enseignant/CalendarEnseignant.tsx": {"lines":{"total":50,"covered":0,"skipped":0,"pct":0},"functions":{"total":30,"covered":0,"skipped":0,"pct":0},"statements":{"total":56,"covered":0,"skipped":0,"pct":0},"branches":{"total":40,"covered":0,"skipped":0,"pct":0}}
,"C:/Users/oussama/Desktop/pfe-d2f-enseignants/esprit_D2F-webapp/src/pages/enseignant/EnseignantRegister.tsx": {"lines":{"total":16,"covered":0,"skipped":0,"pct":0},"functions":{"total":3,"covered":0,"skipped":0,"pct":0},"statements":{"total":16,"covered":0,"skipped":0,"pct":0},"branches":{"total":17,"covered":0,"skipped":0,"pct":0}}
,"C:/Users/oussama/Desktop/pfe-d2f-enseignants/esprit_D2F-webapp/src/pages/enseignant/ListeEnseignants.tsx": {"lines":{"total":21,"covered":0,"skipped":0,"pct":0},"functions":{"total":9,"covered":0,"skipped":0,"pct":0},"statements":{"total":22,"covered":0,"skipped":0,"pct":0},"branches":{"total":16,"covered":0,"skipped":0,"pct":0}}
,"C:/Users/oussama/Desktop/pfe-d2f-enseignants/esprit_D2F-webapp/src/pages/enseignant/TeachersDataGrid.tsx": {"lines":{"total":207,"covered":0,"skipped":0,"pct":0},"functions":{"total":69,"covered":0,"skipped":0,"pct":0},"statements":{"total":233,"covered":0,"skipped":0,"pct":0},"branches":{"total":197,"covered":0,"skipped":0,"pct":0}}
,"C:/Users/oussama/Desktop/pfe-d2f-enseignants/esprit_D2F-webapp/src/pages/enseignant/UpDeptDataGrid.tsx": {"lines":{"total":134,"covered":0,"skipped":0,"pct":0},"functions":{"total":39,"covered":0,"skipped":0,"pct":0},"statements":{"total":139,"covered":0,"skipped":0,"pct":0},"branches":{"total":40,"covered":0,"skipped":0,"pct":0}}
,"C:/Users/oussama/Desktop/pfe-d2f-enseignants/esprit_D2F-webapp/src/pages/errors/Home.tsx": {"lines":{"total":29,"covered":0,"skipped":0,"pct":0},"functions":{"total":9,"covered":0,"skipped":0,"pct":0},"statements":{"total":34,"covered":0,"skipped":0,"pct":0},"branches":{"total":18,"covered":0,"skipped":0,"pct":0}}
,"C:/Users/oussama/Desktop/pfe-d2f-enseignants/esprit_D2F-webapp/src/pages/errors/NotFound.tsx": {"lines":{"total":4,"covered":0,"skipped":0,"pct":0},"functions":{"total":3,"covered":0,"skipped":0,"pct":0},"statements":{"total":4,"covered":0,"skipped":0,"pct":0},"branches":{"total":0,"covered":0,"skipped":0,"pct":100}}
,"C:/Users/oussama/Desktop/pfe-d2f-enseignants/esprit_D2F-webapp/src/pages/errors/Unauthorized.tsx": {"lines":{"total":2,"covered":0,"skipped":0,"pct":0},"functions":{"total":2,"covered":0,"skipped":0,"pct":0},"statements":{"total":2,"covered":0,"skipped":0,"pct":0},"branches":{"total":0,"covered":0,"skipped":0,"pct":100}}
,"C:/Users/oussama/Desktop/pfe-d2f-enseignants/esprit_D2F-webapp/src/pages/evaluation/EvaluationGlobalePage.tsx": {"lines":{"total":99,"covered":0,"skipped":0,"pct":0},"functions":{"total":38,"covered":0,"skipped":0,"pct":0},"statements":{"total":110,"covered":0,"skipped":0,"pct":0},"branches":{"total":90,"covered":0,"skipped":0,"pct":0}}
,"C:/Users/oussama/Desktop/pfe-d2f-enseignants/esprit_D2F-webapp/src/pages/formation/CalendrierPage.tsx": {"lines":{"total":96,"covered":0,"skipped":0,"pct":0},"functions":{"total":24,"covered":0,"skipped":0,"pct":0},"statements":{"total":103,"covered":0,"skipped":0,"pct":0},"branches":{"total":54,"covered":0,"skipped":0,"pct":0}}
,"C:/Users/oussama/Desktop/pfe-d2f-enseignants/esprit_D2F-webapp/src/pages/formation/CompletedFormations.tsx": {"lines":{"total":117,"covered":0,"skipped":0,"pct":0},"functions":{"total":40,"covered":0,"skipped":0,"pct":0},"statements":{"total":123,"covered":0,"skipped":0,"pct":0},"branches":{"total":48,"covered":0,"skipped":0,"pct":0}}
,"C:/Users/oussama/Desktop/pfe-d2f-enseignants/esprit_D2F-webapp/src/pages/formation/FormationConsultationPage.tsx": {"lines":{"total":146,"covered":0,"skipped":0,"pct":0},"functions":{"total":53,"covered":0,"skipped":0,"pct":0},"statements":{"total":163,"covered":0,"skipped":0,"pct":0},"branches":{"total":139,"covered":0,"skipped":0,"pct":0}}
,"C:/Users/oussama/Desktop/pfe-d2f-enseignants/esprit_D2F-webapp/src/pages/formation/FormationCreationPage.tsx": {"lines":{"total":8,"covered":0,"skipped":0,"pct":0},"functions":{"total":3,"covered":0,"skipped":0,"pct":0},"statements":{"total":8,"covered":0,"skipped":0,"pct":0},"branches":{"total":7,"covered":0,"skipped":0,"pct":0}}
,"C:/Users/oussama/Desktop/pfe-d2f-enseignants/esprit_D2F-webapp/src/pages/formation/FormationEditForm.tsx": {"lines":{"total":51,"covered":0,"skipped":0,"pct":0},"functions":{"total":20,"covered":0,"skipped":0,"pct":0},"statements":{"total":52,"covered":0,"skipped":0,"pct":0},"branches":{"total":4,"covered":0,"skipped":0,"pct":0}}
,"C:/Users/oussama/Desktop/pfe-d2f-enseignants/esprit_D2F-webapp/src/pages/formation/FormationForm.tsx": {"lines":{"total":15,"covered":0,"skipped":0,"pct":0},"functions":{"total":5,"covered":0,"skipped":0,"pct":0},"statements":{"total":15,"covered":0,"skipped":0,"pct":0},"branches":{"total":4,"covered":0,"skipped":0,"pct":0}}
,"C:/Users/oussama/Desktop/pfe-d2f-enseignants/esprit_D2F-webapp/src/pages/formation/FormationPage.tsx": {"lines":{"total":6,"covered":0,"skipped":0,"pct":0},"functions":{"total":3,"covered":0,"skipped":0,"pct":0},"statements":{"total":6,"covered":0,"skipped":0,"pct":0},"branches":{"total":0,"covered":0,"skipped":0,"pct":100}}
,"C:/Users/oussama/Desktop/pfe-d2f-enseignants/esprit_D2F-webapp/src/pages/formation/FormationTreeInterface.tsx": {"lines":{"total":46,"covered":0,"skipped":0,"pct":0},"functions":{"total":18,"covered":0,"skipped":0,"pct":0},"statements":{"total":57,"covered":0,"skipped":0,"pct":0},"branches":{"total":44,"covered":0,"skipped":0,"pct":0}}
,"C:/Users/oussama/Desktop/pfe-d2f-enseignants/esprit_D2F-webapp/src/pages/formation/FormationWorkflowEditForm.tsx": {"lines":{"total":301,"covered":0,"skipped":0,"pct":0},"functions":{"total":117,"covered":0,"skipped":0,"pct":0},"statements":{"total":342,"covered":0,"skipped":0,"pct":0},"branches":{"total":228,"covered":0,"skipped":0,"pct":0}}
,"C:/Users/oussama/Desktop/pfe-d2f-enseignants/esprit_D2F-webapp/src/pages/formation/FormationWorkflowForm.tsx": {"lines":{"total":398,"covered":0,"skipped":0,"pct":0},"functions":{"total":155,"covered":0,"skipped":0,"pct":0},"statements":{"total":466,"covered":0,"skipped":0,"pct":0},"branches":{"total":470,"covered":0,"skipped":0,"pct":0}}
,"C:/Users/oussama/Desktop/pfe-d2f-enseignants/esprit_D2F-webapp/src/pages/formation/SessionEditor.tsx": {"lines":{"total":11,"covered":0,"skipped":0,"pct":0},"functions":{"total":8,"covered":0,"skipped":0,"pct":0},"statements":{"total":14,"covered":0,"skipped":0,"pct":0},"branches":{"total":6,"covered":0,"skipped":0,"pct":0}}
,"C:/Users/oussama/Desktop/pfe-d2f-enseignants/esprit_D2F-webapp/src/pages/inscription/DemandesList.tsx": {"lines":{"total":69,"covered":0,"skipped":0,"pct":0},"functions":{"total":36,"covered":0,"skipped":0,"pct":0},"statements":{"total":78,"covered":0,"skipped":0,"pct":0},"branches":{"total":36,"covered":0,"skipped":0,"pct":0}}
,"C:/Users/oussama/Desktop/pfe-d2f-enseignants/esprit_D2F-webapp/src/pages/inscription/FicheFormation.tsx": {"lines":{"total":22,"covered":0,"skipped":0,"pct":0},"functions":{"total":8,"covered":0,"skipped":0,"pct":0},"statements":{"total":22,"covered":0,"skipped":0,"pct":0},"branches":{"total":52,"covered":0,"skipped":0,"pct":0}}
,"C:/Users/oussama/Desktop/pfe-d2f-enseignants/esprit_D2F-webapp/src/pages/inscription/FormationCards.tsx": {"lines":{"total":116,"covered":0,"skipped":0,"pct":0},"functions":{"total":34,"covered":0,"skipped":0,"pct":0},"statements":{"total":138,"covered":0,"skipped":0,"pct":0},"branches":{"total":141,"covered":0,"skipped":0,"pct":0}}
,"C:/Users/oussama/Desktop/pfe-d2f-enseignants/esprit_D2F-webapp/src/pages/kpiFormation/DonutByTrainerType.tsx": {"lines":{"total":114,"covered":0,"skipped":0,"pct":0},"functions":{"total":37,"covered":0,"skipped":0,"pct":0},"statements":{"total":118,"covered":0,"skipped":0,"pct":0},"branches":{"total":100,"covered":0,"skipped":0,"pct":0}}
,"C:/Users/oussama/Desktop/pfe-d2f-enseignants/esprit_D2F-webapp/src/pages/kpiFormation/FormationProgressBars.tsx": {"lines":{"total":58,"covered":0,"skipped":0,"pct":0},"functions":{"total":22,"covered":0,"skipped":0,"pct":0},"statements":{"total":64,"covered":0,"skipped":0,"pct":0},"branches":{"total":22,"covered":0,"skipped":0,"pct":0}}
,"C:/Users/oussama/Desktop/pfe-d2f-enseignants/esprit_D2F-webapp/src/pages/kpiFormation/FormationsByTypeFiltered.tsx": {"lines":{"total":46,"covered":0,"skipped":0,"pct":0},"functions":{"total":13,"covered":0,"skipped":0,"pct":0},"statements":{"total":46,"covered":0,"skipped":0,"pct":0},"branches":{"total":26,"covered":0,"skipped":0,"pct":0}}
,"C:/Users/oussama/Desktop/pfe-d2f-enseignants/esprit_D2F-webapp/src/pages/kpiFormation/GradientLineChart.tsx": {"lines":{"total":16,"covered":0,"skipped":0,"pct":0},"functions":{"total":2,"covered":0,"skipped":0,"pct":0},"statements":{"total":17,"covered":0,"skipped":0,"pct":0},"branches":{"total":4,"covered":0,"skipped":0,"pct":0}}
,"C:/Users/oussama/Desktop/pfe-d2f-enseignants/esprit_D2F-webapp/src/pages/kpiFormation/KPIChart.tsx": {"lines":{"total":32,"covered":0,"skipped":0,"pct":0},"functions":{"total":7,"covered":0,"skipped":0,"pct":0},"statements":{"total":38,"covered":0,"skipped":0,"pct":0},"branches":{"total":29,"covered":0,"skipped":0,"pct":0}}
,"C:/Users/oussama/Desktop/pfe-d2f-enseignants/esprit_D2F-webapp/src/pages/kpiFormation/MetricCards.tsx": {"lines":{"total":120,"covered":0,"skipped":0,"pct":0},"functions":{"total":37,"covered":0,"skipped":0,"pct":0},"statements":{"total":135,"covered":0,"skipped":0,"pct":0},"branches":{"total":108,"covered":0,"skipped":0,"pct":0}}
,"C:/Users/oussama/Desktop/pfe-d2f-enseignants/esprit_D2F-webapp/src/pages/kpiFormation/NonAffectedList.tsx": {"lines":{"total":32,"covered":0,"skipped":0,"pct":0},"functions":{"total":11,"covered":0,"skipped":0,"pct":0},"statements":{"total":32,"covered":0,"skipped":0,"pct":0},"branches":{"total":10,"covered":0,"skipped":0,"pct":0}}
,"C:/Users/oussama/Desktop/pfe-d2f-enseignants/esprit_D2F-webapp/src/pages/kpiFormation/ParticipantKPIChart.tsx": {"lines":{"total":20,"covered":0,"skipped":0,"pct":0},"functions":{"total":7,"covered":0,"skipped":0,"pct":0},"statements":{"total":20,"covered":0,"skipped":0,"pct":0},"branches":{"total":0,"covered":0,"skipped":0,"pct":100}}
,"C:/Users/oussama/Desktop/pfe-d2f-enseignants/esprit_D2F-webapp/src/pages/kpiFormation/RecommendationSection.tsx": {"lines":{"total":19,"covered":0,"skipped":0,"pct":0},"functions":{"total":3,"covered":0,"skipped":0,"pct":0},"statements":{"total":19,"covered":0,"skipped":0,"pct":0},"branches":{"total":14,"covered":0,"skipped":0,"pct":0}}
,"C:/Users/oussama/Desktop/pfe-d2f-enseignants/esprit_D2F-webapp/src/pages/kpiFormation/TopAbsentees.tsx": {"lines":{"total":45,"covered":0,"skipped":0,"pct":0},"functions":{"total":20,"covered":0,"skipped":0,"pct":0},"statements":{"total":55,"covered":0,"skipped":0,"pct":0},"branches":{"total":16,"covered":0,"skipped":0,"pct":0}}
,"C:/Users/oussama/Desktop/pfe-d2f-enseignants/esprit_D2F-webapp/src/pages/kpiFormation/TopParticipants.tsx": {"lines":{"total":49,"covered":0,"skipped":0,"pct":0},"functions":{"total":20,"covered":0,"skipped":0,"pct":0},"statements":{"total":59,"covered":0,"skipped":0,"pct":0},"branches":{"total":18,"covered":0,"skipped":0,"pct":0}}
,"C:/Users/oussama/Desktop/pfe-d2f-enseignants/esprit_D2F-webapp/src/pages/presence/EvaluationListEnriched.tsx": {"lines":{"total":33,"covered":0,"skipped":0,"pct":0},"functions":{"total":19,"covered":0,"skipped":0,"pct":0},"statements":{"total":35,"covered":0,"skipped":0,"pct":0},"branches":{"total":4,"covered":0,"skipped":0,"pct":0}}
,"C:/Users/oussama/Desktop/pfe-d2f-enseignants/esprit_D2F-webapp/src/pages/presence/EventDetails.tsx": {"lines":{"total":16,"covered":0,"skipped":0,"pct":0},"functions":{"total":9,"covered":0,"skipped":0,"pct":0},"statements":{"total":17,"covered":0,"skipped":0,"pct":0},"branches":{"total":26,"covered":0,"skipped":0,"pct":0}}
,"C:/Users/oussama/Desktop/pfe-d2f-enseignants/esprit_D2F-webapp/src/pages/presence/FormationDetail.tsx": {"lines":{"total":98,"covered":0,"skipped":0,"pct":0},"functions":{"total":38,"covered":0,"skipped":0,"pct":0},"statements":{"total":112,"covered":0,"skipped":0,"pct":0},"branches":{"total":92,"covered":0,"skipped":0,"pct":0}}
,"C:/Users/oussama/Desktop/pfe-d2f-enseignants/esprit_D2F-webapp/src/pages/presence/FormationEvaluationsTab.tsx": {"lines":{"total":45,"covered":0,"skipped":0,"pct":0},"functions":{"total":19,"covered":0,"skipped":0,"pct":0},"statements":{"total":47,"covered":0,"skipped":0,"pct":0},"branches":{"total":18,"covered":0,"skipped":0,"pct":0}}
,"C:/Users/oussama/Desktop/pfe-d2f-enseignants/esprit_D2F-webapp/src/pages/presence/FormationList.tsx": {"lines":{"total":75,"covered":0,"skipped":0,"pct":0},"functions":{"total":33,"covered":0,"skipped":0,"pct":0},"statements":{"total":94,"covered":0,"skipped":0,"pct":0},"branches":{"total":90,"covered":0,"skipped":0,"pct":0}}
,"C:/Users/oussama/Desktop/pfe-d2f-enseignants/esprit_D2F-webapp/src/pages/presence/PresenceList.tsx": {"lines":{"total":111,"covered":0,"skipped":0,"pct":0},"functions":{"total":41,"covered":0,"skipped":0,"pct":0},"statements":{"total":122,"covered":0,"skipped":0,"pct":0},"branches":{"total":111,"covered":0,"skipped":0,"pct":0}}
,"C:/Users/oussama/Desktop/pfe-d2f-enseignants/esprit_D2F-webapp/src/pages/presence/SeanceCard.tsx": {"lines":{"total":13,"covered":0,"skipped":0,"pct":0},"functions":{"total":4,"covered":0,"skipped":0,"pct":0},"statements":{"total":16,"covered":0,"skipped":0,"pct":0},"branches":{"total":30,"covered":0,"skipped":0,"pct":0}}
,"C:/Users/oussama/Desktop/pfe-d2f-enseignants/esprit_D2F-webapp/src/pages/profile/SkillPassportPage.tsx": {"lines":{"total":63,"covered":0,"skipped":0,"pct":0},"functions":{"total":21,"covered":0,"skipped":0,"pct":0},"statements":{"total":68,"covered":0,"skipped":0,"pct":0},"branches":{"total":62,"covered":0,"skipped":0,"pct":0}}
,"C:/Users/oussama/Desktop/pfe-d2f-enseignants/esprit_D2F-webapp/src/routes/NavigationSetter.tsx": {"lines":{"total":4,"covered":0,"skipped":0,"pct":0},"functions":{"total":3,"covered":0,"skipped":0,"pct":0},"statements":{"total":5,"covered":0,"skipped":0,"pct":0},"branches":{"total":0,"covered":0,"skipped":0,"pct":100}}
,"C:/Users/oussama/Desktop/pfe-d2f-enseignants/esprit_D2F-webapp/src/routes/guards.tsx": {"lines":{"total":39,"covered":11,"skipped":0,"pct":28.2},"functions":{"total":8,"covered":1,"skipped":0,"pct":12.5},"statements":{"total":45,"covered":11,"skipped":0,"pct":24.44},"branches":{"total":32,"covered":3,"skipped":0,"pct":9.37}}
,"C:/Users/oussama/Desktop/pfe-d2f-enseignants/esprit_D2F-webapp/src/routes/index.tsx": {"lines":{"total":41,"covered":0,"skipped":0,"pct":0},"functions":{"total":41,"covered":0,"skipped":0,"pct":0},"statements":{"total":79,"covered":0,"skipped":0,"pct":0},"branches":{"total":0,"covered":0,"skipped":0,"pct":100}}
,"C:/Users/oussama/Desktop/pfe-d2f-enseignants/esprit_D2F-webapp/src/services/ai/AiRecoService.ts": {"lines":{"total":9,"covered":9,"skipped":0,"pct":100},"functions":{"total":1,"covered":1,"skipped":0,"pct":100},"statements":{"total":9,"covered":9,"skipped":0,"pct":100},"branches":{"total":2,"covered":2,"skipped":0,"pct":100}}
,"C:/Users/oussama/Desktop/pfe-d2f-enseignants/esprit_D2F-webapp/src/services/analyse/AnalysePredictiveService.ts": {"lines":{"total":56,"covered":47,"skipped":0,"pct":83.92},"functions":{"total":18,"covered":15,"skipped":0,"pct":83.33},"statements":{"total":57,"covered":48,"skipped":0,"pct":84.21},"branches":{"total":58,"covered":36,"skipped":0,"pct":62.06}}
,"C:/Users/oussama/Desktop/pfe-d2f-enseignants/esprit_D2F-webapp/src/services/analyse/AnalyticsService.ts": {"lines":{"total":20,"covered":0,"skipped":0,"pct":0},"functions":{"total":9,"covered":0,"skipped":0,"pct":0},"statements":{"total":20,"covered":0,"skipped":0,"pct":0},"branches":{"total":11,"covered":0,"skipped":0,"pct":0}}
,"C:/Users/oussama/Desktop/pfe-d2f-enseignants/esprit_D2F-webapp/src/services/analyse/KPIService.ts": {"lines":{"total":105,"covered":41,"skipped":0,"pct":39.04},"functions":{"total":11,"covered":8,"skipped":0,"pct":72.72},"statements":{"total":123,"covered":42,"skipped":0,"pct":34.14},"branches":{"total":99,"covered":31,"skipped":0,"pct":31.31}}
,"C:/Users/oussama/Desktop/pfe-d2f-enseignants/esprit_D2F-webapp/src/services/analyse/ParticipantKPIService.ts": {"lines":{"total":12,"covered":10,"skipped":0,"pct":83.33},"functions":{"total":2,"covered":2,"skipped":0,"pct":100},"statements":{"total":12,"covered":10,"skipped":0,"pct":83.33},"branches":{"total":0,"covered":0,"skipped":0,"pct":100}}
,"C:/Users/oussama/Desktop/pfe-d2f-enseignants/esprit_D2F-webapp/src/services/analyse/RiceService.ts": {"lines":{"total":102,"covered":64,"skipped":0,"pct":62.74},"functions":{"total":20,"covered":14,"skipped":0,"pct":70},"statements":{"total":118,"covered":69,"skipped":0,"pct":58.47},"branches":{"total":66,"covered":21,"skipped":0,"pct":31.81}}
,"C:/Users/oussama/Desktop/pfe-d2f-enseignants/esprit_D2F-webapp/src/services/api/OneDriveService.ts": {"lines":{"total":27,"covered":17,"skipped":0,"pct":62.96},"functions":{"total":5,"covered":5,"skipped":0,"pct":100},"statements":{"total":27,"covered":17,"skipped":0,"pct":62.96},"branches":{"total":0,"covered":0,"skipped":0,"pct":100}}
,"C:/Users/oussama/Desktop/pfe-d2f-enseignants/esprit_D2F-webapp/src/services/api/UploadService.ts": {"lines":{"total":36,"covered":24,"skipped":0,"pct":66.66},"functions":{"total":6,"covered":6,"skipped":0,"pct":100},"statements":{"total":36,"covered":24,"skipped":0,"pct":66.66},"branches":{"total":4,"covered":2,"skipped":0,"pct":50}}
,"C:/Users/oussama/Desktop/pfe-d2f-enseignants/esprit_D2F-webapp/src/services/auth/AccountService.ts": {"lines":{"total":25,"covered":20,"skipped":0,"pct":80},"functions":{"total":8,"covered":8,"skipped":0,"pct":100},"statements":{"total":25,"covered":20,"skipped":0,"pct":80},"branches":{"total":7,"covered":3,"skipped":0,"pct":42.85}}
,"C:/Users/oussama/Desktop/pfe-d2f-enseignants/esprit_D2F-webapp/src/services/auth/AuthService.ts": {"lines":{"total":18,"covered":17,"skipped":0,"pct":94.44},"functions":{"total":7,"covered":7,"skipped":0,"pct":100},"statements":{"total":18,"covered":17,"skipped":0,"pct":94.44},"branches":{"total":0,"covered":0,"skipped":0,"pct":100}}
,"C:/Users/oussama/Desktop/pfe-d2f-enseignants/esprit_D2F-webapp/src/services/auth/authHeaders.ts": {"lines":{"total":4,"covered":4,"skipped":0,"pct":100},"functions":{"total":4,"covered":4,"skipped":0,"pct":100},"statements":{"total":4,"covered":4,"skipped":0,"pct":100},"branches":{"total":0,"covered":0,"skipped":0,"pct":100}}
,"C:/Users/oussama/Desktop/pfe-d2f-enseignants/esprit_D2F-webapp/src/services/besoin/BesoinFormationService.ts": {"lines":{"total":27,"covered":27,"skipped":0,"pct":100},"functions":{"total":12,"covered":12,"skipped":0,"pct":100},"statements":{"total":27,"covered":27,"skipped":0,"pct":100},"branches":{"total":21,"covered":14,"skipped":0,"pct":66.66}}
,"C:/Users/oussama/Desktop/pfe-d2f-enseignants/esprit_D2F-webapp/src/services/besoin/MailService.ts": {"lines":{"total":7,"covered":7,"skipped":0,"pct":100},"functions":{"total":1,"covered":1,"skipped":0,"pct":100},"statements":{"total":7,"covered":7,"skipped":0,"pct":100},"branches":{"total":0,"covered":0,"skipped":0,"pct":100}}
,"C:/Users/oussama/Desktop/pfe-d2f-enseignants/esprit_D2F-webapp/src/services/certificat/CertificateService.ts": {"lines":{"total":11,"covered":11,"skipped":0,"pct":100},"functions":{"total":7,"covered":7,"skipped":0,"pct":100},"statements":{"total":11,"covered":11,"skipped":0,"pct":100},"branches":{"total":0,"covered":0,"skipped":0,"pct":100}}
,"C:/Users/oussama/Desktop/pfe-d2f-enseignants/esprit_D2F-webapp/src/services/certificat/SkillPassportService.ts": {"lines":{"total":21,"covered":0,"skipped":0,"pct":0},"functions":{"total":5,"covered":0,"skipped":0,"pct":0},"statements":{"total":21,"covered":0,"skipped":0,"pct":0},"branches":{"total":0,"covered":0,"skipped":0,"pct":100}}
,"C:/Users/oussama/Desktop/pfe-d2f-enseignants/esprit_D2F-webapp/src/services/competence/CompetenceService.ts": {"lines":{"total":115,"covered":114,"skipped":0,"pct":99.13},"functions":{"total":55,"covered":55,"skipped":0,"pct":100},"statements":{"total":115,"covered":114,"skipped":0,"pct":99.13},"branches":{"total":6,"covered":4,"skipped":0,"pct":66.66}}
,"C:/Users/oussama/Desktop/pfe-d2f-enseignants/esprit_D2F-webapp/src/services/competence/FormationCompetenceService.ts": {"lines":{"total":15,"covered":15,"skipped":0,"pct":100},"functions":{"total":7,"covered":7,"skipped":0,"pct":100},"statements":{"total":15,"covered":15,"skipped":0,"pct":100},"branches":{"total":0,"covered":0,"skipped":0,"pct":100}}
,"C:/Users/oussama/Desktop/pfe-d2f-enseignants/esprit_D2F-webapp/src/services/competence/competenceFeatureApi.ts": {"lines":{"total":1,"covered":0,"skipped":0,"pct":0},"functions":{"total":0,"covered":0,"skipped":0,"pct":100},"statements":{"total":1,"covered":0,"skipped":0,"pct":0},"branches":{"total":0,"covered":0,"skipped":0,"pct":100}}
,"C:/Users/oussama/Desktop/pfe-d2f-enseignants/esprit_D2F-webapp/src/services/evaluation/EvaluationFormateurService.ts": {"lines":{"total":6,"covered":6,"skipped":0,"pct":100},"functions":{"total":2,"covered":2,"skipped":0,"pct":100},"statements":{"total":6,"covered":6,"skipped":0,"pct":100},"branches":{"total":0,"covered":0,"skipped":0,"pct":100}}
,"C:/Users/oussama/Desktop/pfe-d2f-enseignants/esprit_D2F-webapp/src/services/evaluation/EvaluationGlobaleService.ts": {"lines":{"total":34,"covered":22,"skipped":0,"pct":64.7},"functions":{"total":6,"covered":6,"skipped":0,"pct":100},"statements":{"total":36,"covered":23,"skipped":0,"pct":63.88},"branches":{"total":6,"covered":1,"skipped":0,"pct":16.66}}
,"C:/Users/oussama/Desktop/pfe-d2f-enseignants/esprit_D2F-webapp/src/services/formation/DeptService.ts": {"lines":{"total":37,"covered":27,"skipped":0,"pct":72.97},"functions":{"total":7,"covered":7,"skipped":0,"pct":100},"statements":{"total":37,"covered":27,"skipped":0,"pct":72.97},"branches":{"total":6,"covered":6,"skipped":0,"pct":100}}
,"C:/Users/oussama/Desktop/pfe-d2f-enseignants/esprit_D2F-webapp/src/services/formation/DocumentService.ts": {"lines":{"total":38,"covered":37,"skipped":0,"pct":97.36},"functions":{"total":6,"covered":6,"skipped":0,"pct":100},"statements":{"total":39,"covered":38,"skipped":0,"pct":97.43},"branches":{"total":6,"covered":3,"skipped":0,"pct":50}}
,"C:/Users/oussama/Desktop/pfe-d2f-enseignants/esprit_D2F-webapp/src/services/formation/EnseignantService.ts": {"lines":{"total":39,"covered":33,"skipped":0,"pct":84.61},"functions":{"total":6,"covered":6,"skipped":0,"pct":100},"statements":{"total":39,"covered":33,"skipped":0,"pct":84.61},"branches":{"total":0,"covered":0,"skipped":0,"pct":100}}
,"C:/Users/oussama/Desktop/pfe-d2f-enseignants/esprit_D2F-webapp/src/services/formation/FormationCustomService.ts": {"lines":{"total":7,"covered":7,"skipped":0,"pct":100},"functions":{"total":1,"covered":1,"skipped":0,"pct":100},"statements":{"total":7,"covered":7,"skipped":0,"pct":100},"branches":{"total":1,"covered":1,"skipped":0,"pct":100}}
,"C:/Users/oussama/Desktop/pfe-d2f-enseignants/esprit_D2F-webapp/src/services/formation/FormationReportService.ts": {"lines":{"total":11,"covered":11,"skipped":0,"pct":100},"functions":{"total":2,"covered":2,"skipped":0,"pct":100},"statements":{"total":11,"covered":11,"skipped":0,"pct":100},"branches":{"total":2,"covered":2,"skipped":0,"pct":100}}
,"C:/Users/oussama/Desktop/pfe-d2f-enseignants/esprit_D2F-webapp/src/services/formation/FormationService.ts": {"lines":{"total":26,"covered":18,"skipped":0,"pct":69.23},"functions":{"total":5,"covered":5,"skipped":0,"pct":100},"statements":{"total":26,"covered":18,"skipped":0,"pct":69.23},"branches":{"total":0,"covered":0,"skipped":0,"pct":100}}
,"C:/Users/oussama/Desktop/pfe-d2f-enseignants/esprit_D2F-webapp/src/services/formation/FormationWorkflowService.ts": {"lines":{"total":40,"covered":34,"skipped":0,"pct":85},"functions":{"total":20,"covered":17,"skipped":0,"pct":85},"statements":{"total":40,"covered":34,"skipped":0,"pct":85},"branches":{"total":0,"covered":0,"skipped":0,"pct":100}}
,"C:/Users/oussama/Desktop/pfe-d2f-enseignants/esprit_D2F-webapp/src/services/formation/InscriptionService.ts": {"lines":{"total":22,"covered":14,"skipped":0,"pct":63.63},"functions":{"total":4,"covered":4,"skipped":0,"pct":100},"statements":{"total":22,"covered":14,"skipped":0,"pct":63.63},"branches":{"total":0,"covered":0,"skipped":0,"pct":100}}
,"C:/Users/oussama/Desktop/pfe-d2f-enseignants/esprit_D2F-webapp/src/services/formation/SeanceService.ts": {"lines":{"total":27,"covered":19,"skipped":0,"pct":70.37},"functions":{"total":5,"covered":5,"skipped":0,"pct":100},"statements":{"total":27,"covered":19,"skipped":0,"pct":70.37},"branches":{"total":0,"covered":0,"skipped":0,"pct":100}}
,"C:/Users/oussama/Desktop/pfe-d2f-enseignants/esprit_D2F-webapp/src/utils/constants/competenceOptions.ts": {"lines":{"total":4,"covered":0,"skipped":0,"pct":0},"functions":{"total":1,"covered":0,"skipped":0,"pct":0},"statements":{"total":5,"covered":0,"skipped":0,"pct":0},"branches":{"total":0,"covered":0,"skipped":0,"pct":100}}
,"C:/Users/oussama/Desktop/pfe-d2f-enseignants/esprit_D2F-webapp/src/utils/constants/index.ts": {"lines":{"total":1,"covered":0,"skipped":0,"pct":0},"functions":{"total":0,"covered":0,"skipped":0,"pct":100},"statements":{"total":1,"covered":0,"skipped":0,"pct":0},"branches":{"total":0,"covered":0,"skipped":0,"pct":100}}
,"C:/Users/oussama/Desktop/pfe-d2f-enseignants/esprit_D2F-webapp/src/utils/formatters/formatters.ts": {"lines":{"total":59,"covered":59,"skipped":0,"pct":100},"functions":{"total":14,"covered":14,"skipped":0,"pct":100},"statements":{"total":78,"covered":78,"skipped":0,"pct":100},"branches":{"total":62,"covered":61,"skipped":0,"pct":98.38}}
,"C:/Users/oussama/Desktop/pfe-d2f-enseignants/esprit_D2F-webapp/src/utils/helpers/chartSetup.ts": {"lines":{"total":1,"covered":0,"skipped":0,"pct":0},"functions":{"total":0,"covered":0,"skipped":0,"pct":100},"statements":{"total":1,"covered":0,"skipped":0,"pct":0},"branches":{"total":0,"covered":0,"skipped":0,"pct":100}}
,"C:/Users/oussama/Desktop/pfe-d2f-enseignants/esprit_D2F-webapp/src/utils/helpers/consultationUtils.ts": {"lines":{"total":29,"covered":29,"skipped":0,"pct":100},"functions":{"total":16,"covered":16,"skipped":0,"pct":100},"statements":{"total":30,"covered":30,"skipped":0,"pct":100},"branches":{"total":26,"covered":16,"skipped":0,"pct":61.53}}
,"C:/Users/oussama/Desktop/pfe-d2f-enseignants/esprit_D2F-webapp/src/utils/helpers/consultationViewUtils.ts": {"lines":{"total":52,"covered":0,"skipped":0,"pct":0},"functions":{"total":21,"covered":0,"skipped":0,"pct":0},"statements":{"total":69,"covered":0,"skipped":0,"pct":0},"branches":{"total":86,"covered":0,"skipped":0,"pct":0}}
,"C:/Users/oussama/Desktop/pfe-d2f-enseignants/esprit_D2F-webapp/src/utils/helpers/excelExport.ts": {"lines":{"total":49,"covered":3,"skipped":0,"pct":6.12},"functions":{"total":14,"covered":1,"skipped":0,"pct":7.14},"statements":{"total":63,"covered":4,"skipped":0,"pct":6.34},"branches":{"total":46,"covered":1,"skipped":0,"pct":2.17}}
,"C:/Users/oussama/Desktop/pfe-d2f-enseignants/esprit_D2F-webapp/src/utils/helpers/exportUtils.ts": {"lines":{"total":111,"covered":0,"skipped":0,"pct":0},"functions":{"total":63,"covered":0,"skipped":0,"pct":0},"statements":{"total":135,"covered":0,"skipped":0,"pct":0},"branches":{"total":118,"covered":0,"skipped":0,"pct":0}}
,"C:/Users/oussama/Desktop/pfe-d2f-enseignants/esprit_D2F-webapp/src/utils/helpers/exportUtilsEnhanced.ts": {"lines":{"total":112,"covered":0,"skipped":0,"pct":0},"functions":{"total":63,"covered":0,"skipped":0,"pct":0},"statements":{"total":136,"covered":0,"skipped":0,"pct":0},"branches":{"total":118,"covered":0,"skipped":0,"pct":0}}
,"C:/Users/oussama/Desktop/pfe-d2f-enseignants/esprit_D2F-webapp/src/utils/helpers/http.ts": {"lines":{"total":29,"covered":29,"skipped":0,"pct":100},"functions":{"total":11,"covered":11,"skipped":0,"pct":100},"statements":{"total":37,"covered":37,"skipped":0,"pct":100},"branches":{"total":53,"covered":52,"skipped":0,"pct":98.11}}
,"C:/Users/oussama/Desktop/pfe-d2f-enseignants/esprit_D2F-webapp/src/utils/helpers/httpClient.ts": {"lines":{"total":32,"covered":23,"skipped":0,"pct":71.87},"functions":{"total":4,"covered":3,"skipped":0,"pct":75},"statements":{"total":32,"covered":23,"skipped":0,"pct":71.87},"branches":{"total":32,"covered":14,"skipped":0,"pct":43.75}}
,"C:/Users/oussama/Desktop/pfe-d2f-enseignants/esprit_D2F-webapp/src/utils/helpers/navigation.ts": {"lines":{"total":14,"covered":4,"skipped":0,"pct":28.57},"functions":{"total":3,"covered":0,"skipped":0,"pct":0},"statements":{"total":14,"covered":4,"skipped":0,"pct":28.57},"branches":{"total":4,"covered":0,"skipped":0,"pct":0}}
,"C:/Users/oussama/Desktop/pfe-d2f-enseignants/esprit_D2F-webapp/src/utils/helpers/notifications.ts": {"lines":{"total":8,"covered":4,"skipped":0,"pct":50},"functions":{"total":5,"covered":1,"skipped":0,"pct":20},"statements":{"total":13,"covered":5,"skipped":0,"pct":38.46},"branches":{"total":10,"covered":2,"skipped":0,"pct":20}}
,"C:/Users/oussama/Desktop/pfe-d2f-enseignants/esprit_D2F-webapp/src/utils/storage/storage.ts": {"lines":{"total":26,"covered":26,"skipped":0,"pct":100},"functions":{"total":13,"covered":13,"skipped":0,"pct":100},"statements":{"total":33,"covered":33,"skipped":0,"pct":100},"branches":{"total":4,"covered":4,"skipped":0,"pct":100}}
,"C:/Users/oussama/Desktop/pfe-d2f-enseignants/esprit_D2F-webapp/src/utils/validators/validators.ts": {"lines":{"total":40,"covered":40,"skipped":0,"pct":100},"functions":{"total":25,"covered":25,"skipped":0,"pct":100},"statements":{"total":56,"covered":56,"skipped":0,"pct":100},"branches":{"total":50,"covered":46,"skipped":0,"pct":92}}
}
