TN:
SF:src\App.tsx
FN:4,App
FNF:1
FNH:0
FNDA:0,App
DA:5,0
LF:1
LH:0
BRF:0
BRH:0
end_of_record
TN:
SF:src\components\charts\DashboardKpis.tsx
FN:16,DashboardKpis
FN:22,(anonymous_1)
FN:38,(anonymous_2)
FN:59,(anonymous_3)
FNF:4
FNH:0
FNDA:0,DashboardKpis
FNDA:0,(anonymous_1)
FNDA:0,(anonymous_2)
FNDA:0,(anonymous_3)
DA:22,0
DA:24,0
DA:39,0
DA:60,0
LF:4
LH:0
BRDA:81,0,0,0
BRDA:81,0,1,0
BRF:2
BRH:0
end_of_record
TN:
SF:src\components\charts\EnseignantSelect.tsx
FN:16,EnseignantSelect
FN:24,(anonymous_1)
FN:27,(anonymous_2)
FN:28,(anonymous_3)
FN:42,(anonymous_4)
FN:47,(anonymous_5)
FN:55,(anonymous_6)
FNF:7
FNH:6
FNDA:4,EnseignantSelect
FNDA:4,(anonymous_1)
FNDA:3,(anonymous_2)
FNDA:6,(anonymous_3)
FNDA:1,(anonymous_4)
FNDA:0,(anonymous_5)
FNDA:8,(anonymous_6)
DA:6,1
DA:23,4
DA:25,4
DA:27,3
DA:28,6
DA:36,4
DA:42,1
DA:48,0
DA:49,0
DA:50,0
DA:56,8
DA:57,8
DA:58,8
LF:13
LH:10
BRDA:20,0,0,4
BRDA:21,1,0,4
BRDA:30,2,0,6
BRDA:30,2,1,0
BRDA:41,3,0,4
BRDA:41,3,1,4
BRDA:42,4,0,1
BRDA:42,4,1,0
BRDA:48,5,0,0
BRDA:48,5,1,0
BRDA:51,6,0,0
BRDA:51,6,1,0
BRDA:56,7,0,8
BRDA:56,7,1,0
BRDA:57,8,0,4
BRDA:57,8,1,4
BRDA:57,9,0,0
BRDA:57,9,1,4
BRF:18
BRH:10
end_of_record
TN:
SF:src\components\charts\GapTable.tsx
FN:17,GapTable
FN:22,(anonymous_1)
FN:33,(anonymous_2)
FN:44,(anonymous_3)
FN:56,(anonymous_4)
FN:66,(anonymous_5)
FN:75,(anonymous_6)
FNF:7
FNH:7
FNDA:4,GapTable
FNDA:9,(anonymous_1)
FNDA:9,(anonymous_2)
FNDA:9,(anonymous_3)
FNDA:9,(anonymous_4)
FNDA:9,(anonymous_5)
FNDA:9,(anonymous_6)
DA:5,1
DA:7,1
DA:18,4
DA:23,9
DA:34,9
DA:45,9
DA:57,9
DA:67,9
DA:76,9
DA:86,4
LF:10
LH:10
BRDA:57,0,0,3
BRDA:57,0,1,6
BRF:2
BRH:2
end_of_record
TN:
SF:src\components\charts\ModelStatusBadge.tsx
FN:17,classify
FN:36,ModelStatusBadge
FN:40,(anonymous_2)
FN:44,(anonymous_3)
FN:45,(anonymous_4)
FN:46,(anonymous_5)
FNF:6
FNH:6
FNDA:4,classify
FNDA:10,ModelStatusBadge
FNDA:5,(anonymous_2)
FNDA:4,(anonymous_3)
FNDA:1,(anonymous_4)
FNDA:5,(anonymous_5)
DA:18,4
DA:19,4
DA:20,3
DA:21,2
DA:22,1
DA:24,1
DA:27,1
DA:37,10
DA:38,10
DA:40,10
DA:41,5
DA:42,5
DA:43,5
DA:44,4
DA:45,1
DA:46,5
DA:49,10
DA:50,10
DA:56,10
LF:19
LH:19
BRDA:18,0,0,0
BRDA:18,0,1,4
BRDA:19,1,0,1
BRDA:19,1,1,3
BRDA:20,2,0,2
BRDA:20,2,1,1
BRDA:21,3,0,1
BRDA:21,3,1,1
BRDA:21,4,0,2
BRDA:21,4,1,2
BRDA:36,5,0,10
BRDA:44,6,0,4
BRDA:44,6,1,0
BRDA:45,7,0,1
BRDA:45,7,1,0
BRDA:50,8,0,10
BRDA:50,8,1,9
BRDA:50,8,2,8
BRDA:52,9,0,2
BRDA:52,9,1,6
BRF:20
BRH:17
end_of_record
TN:
SF:src\components\charts\PathTimeline.tsx
FN:11,PathTimeline
FN:18,(anonymous_1)
FN:26,(anonymous_2)
FNF:3
FNH:0
FNDA:0,PathTimeline
FNDA:0,(anonymous_1)
FNDA:0,(anonymous_2)
DA:5,0
DA:12,0
DA:13,0
DA:16,0
DA:19,0
DA:26,0
LF:6
LH:0
BRDA:12,0,0,0
BRDA:12,0,1,0
BRDA:12,1,0,0
BRDA:12,1,1,0
BRDA:36,2,0,0
BRDA:36,2,1,0
BRDA:41,3,0,0
BRDA:41,3,1,0
BRF:8
BRH:0
end_of_record
TN:
SF:src\components\charts\PredictionScoreBar.tsx
FN:10,scoreToColor
FN:17,PredictionScoreBar
FNF:2
FNH:0
FNDA:0,scoreToColor
FNDA:0,PredictionScoreBar
DA:11,0
DA:12,0
DA:13,0
DA:14,0
DA:20,0
DA:21,0
DA:22,0
DA:24,0
LF:8
LH:0
BRDA:11,0,0,0
BRDA:11,0,1,0
BRDA:12,1,0,0
BRDA:12,1,1,0
BRDA:13,2,0,0
BRDA:13,2,1,0
BRDA:18,3,0,0
BRDA:18,4,0,0
BRDA:22,5,0,0
BRDA:22,5,1,0
BRDA:31,6,0,0
BRDA:31,6,1,0
BRF:12
BRH:0
end_of_record
TN:
SF:src\components\charts\ProfileCard.tsx
FN:11,ProfileCard
FN:13,(anonymous_1)
FNF:2
FNH:0
FNDA:0,ProfileCard
FNDA:0,(anonymous_1)
DA:5,0
DA:12,0
DA:13,0
DA:15,0
LF:4
LH:0
BRDA:12,0,0,0
BRDA:12,0,1,0
BRDA:32,1,0,0
BRDA:32,1,1,0
BRDA:32,2,0,0
BRDA:32,2,1,0
BRDA:43,3,0,0
BRDA:43,3,1,0
BRDA:46,4,0,0
BRDA:46,4,1,0
BRF:10
BRH:0
end_of_record
TN:
SF:src\components\charts\RecommendationCard.tsx
FN:19,RecommendationCard
FNF:1
FNH:0
FNDA:0,RecommendationCard
DA:6,0
DA:8,0
DA:20,0
LF:3
LH:0
BRDA:35,0,0,0
BRDA:35,0,1,0
BRDA:48,1,0,0
BRDA:48,1,1,0
BRDA:49,2,0,0
BRDA:49,2,1,0
BRDA:77,3,0,0
BRDA:77,3,1,0
BRF:8
BRH:0
end_of_record
TN:
SF:src\components\charts\RiskBadge.tsx
FN:23,RiskBadge
FNF:1
FNH:0
FNDA:0,RiskBadge
DA:4,0
DA:11,0
DA:24,0
DA:28,0
DA:29,0
LF:5
LH:0
BRDA:24,0,0,0
BRDA:24,0,1,0
BRDA:28,1,0,0
BRDA:28,1,1,0
BRF:4
BRH:0
end_of_record
TN:
SF:src\components\charts\RiskTable.tsx
FN:7,(anonymous_0)
FN:15,RiskTable
FN:20,(anonymous_2)
FN:35,(anonymous_3)
FN:37,(anonymous_4)
FN:47,(anonymous_5)
FN:49,(anonymous_6)
FN:61,(anonymous_7)
FN:70,(anonymous_8)
FN:82,(anonymous_9)
FN:91,(anonymous_10)
FN:97,(anonymous_11)
FN:112,(anonymous_12)
FNF:13
FNH:13
FNDA:30,(anonymous_0)
FNDA:5,RiskTable
FNDA:10,(anonymous_2)
FNDA:10,(anonymous_3)
FNDA:10,(anonymous_4)
FNDA:10,(anonymous_5)
FNDA:5,(anonymous_6)
FNDA:10,(anonymous_7)
FNDA:10,(anonymous_8)
FNDA:10,(anonymous_9)
FNDA:2,(anonymous_10)
FNDA:1,(anonymous_11)
FNDA:20,(anonymous_12)
DA:5,1
DA:7,30
DA:16,5
DA:21,10
DA:35,10
DA:38,10
DA:48,10
DA:50,5
DA:62,10
DA:71,10
DA:83,10
DA:92,2
DA:97,1
DA:105,5
DA:112,20
LF:15
LH:15
BRDA:7,0,0,15
BRDA:7,0,1,15
BRDA:7,1,0,0
BRDA:7,1,1,15
BRDA:49,2,0,10
BRDA:49,2,1,0
BRDA:51,3,0,10
BRDA:51,3,1,10
BRDA:51,3,2,5
BRDA:62,4,0,5
BRDA:62,4,1,5
BRDA:72,5,0,10
BRDA:72,5,1,5
BRDA:74,6,0,5
BRDA:74,6,1,5
BRDA:74,7,0,0
BRDA:74,7,1,5
BRDA:83,8,0,5
BRDA:83,8,1,5
BRDA:83,9,0,5
BRDA:83,9,1,0
BRDA:86,10,0,1
BRDA:86,10,1,4
BRDA:112,11,0,10
BRDA:112,11,1,10
BRF:25
BRH:21
end_of_record
TN:
SF:src\components\charts\SkillGapCard.tsx
FN:20,SkillGapCard
FN:26,(anonymous_1)
FNF:2
FNH:0
FNDA:0,SkillGapCard
FNDA:0,(anonymous_1)
DA:7,0
DA:9,0
DA:21,0
DA:23,0
DA:26,0
LF:5
LH:0
BRDA:20,0,0,0
BRDA:29,1,0,0
BRDA:29,1,1,0
BRDA:29,2,0,0
BRDA:29,2,1,0
BRDA:34,3,0,0
BRDA:34,3,1,0
BRDA:41,4,0,0
BRDA:41,4,1,0
BRDA:47,5,0,0
BRDA:47,5,1,0
BRDA:52,6,0,0
BRDA:52,6,1,0
BRDA:85,7,0,0
BRDA:85,7,1,0
BRDA:87,8,0,0
BRDA:87,8,1,0
BRDA:92,9,0,0
BRDA:92,9,1,0
BRDA:100,10,0,0
BRDA:100,10,1,0
BRDA:100,10,2,0
BRF:22
BRH:0
end_of_record
TN:
SF:src\components\charts\TrainingPathTimeline.tsx
FN:15,StepDot
FN:33,TrainingPathTimeline
FN:70,(anonymous_2)
FNF:3
FNH:0
FNDA:0,StepDot
FNDA:0,TrainingPathTimeline
FNDA:0,(anonymous_2)
DA:5,0
DA:7,0
DA:11,0
DA:16,0
DA:17,0
DA:34,0
DA:70,0
LF:7
LH:0
BRDA:16,0,0,0
BRDA:16,0,1,0
BRDA:16,1,0,0
BRDA:16,1,1,0
BRDA:24,2,0,0
BRDA:24,2,1,0
BRDA:77,3,0,0
BRDA:77,3,1,0
BRDA:82,4,0,0
BRDA:82,4,1,0
BRDA:83,5,0,0
BRDA:83,5,1,0
BRDA:90,6,0,0
BRDA:90,6,1,0
BRDA:91,7,0,0
BRDA:91,7,1,0
BRDA:109,8,0,0
BRDA:109,8,1,0
BRF:18
BRH:0
end_of_record
TN:
SF:src\components\common\ActionBar.tsx
FN:35,ActionBar
FN:55,(anonymous_1)
FNF:2
FNH:0
FNDA:0,ActionBar
FNDA:0,(anonymous_1)
DA:4,0
DA:42,0
DA:44,0
DA:57,0
DA:71,0
DA:72,0
DA:85,0
LF:7
LH:0
BRDA:37,0,0,0
BRDA:38,1,0,0
BRDA:39,2,0,0
BRDA:42,3,0,0
BRDA:42,3,1,0
BRDA:42,4,0,0
BRDA:42,4,1,0
BRDA:59,5,0,0
BRDA:59,5,1,0
BRDA:61,6,0,0
BRDA:61,6,1,0
BRDA:71,7,0,0
BRDA:71,7,1,0
BRF:13
BRH:0
end_of_record
TN:
SF:src\components\common\AppPageHeader.tsx
FN:29,AppPageHeader
FNF:1
FNH:0
FNDA:0,AppPageHeader
DA:4,0
DA:38,0
LF:2
LH:0
BRDA:33,0,0,0
BRDA:36,1,0,0
BRDA:42,2,0,0
BRDA:42,2,1,0
BRDA:43,3,0,0
BRDA:43,3,1,0
BRDA:103,4,0,0
BRDA:103,4,1,0
BRDA:120,5,0,0
BRDA:120,5,1,0
BRF:10
BRH:0
end_of_record
TN:
SF:src\components\common\AuthProvider.tsx
FN:16,(anonymous_0)
FN:17,(anonymous_1)
FN:31,(anonymous_2)
FN:38,(anonymous_3)
FN:42,(anonymous_4)
FN:71,(anonymous_5)
FN:75,(anonymous_6)
FN:78,(anonymous_7)
FN:81,(anonymous_8)
FN:96,(anonymous_9)
FN:104,(anonymous_10)
FN:105,(anonymous_11)
FN:109,(anonymous_12)
FN:115,(anonymous_13)
FN:118,(anonymous_14)
FN:125,(anonymous_15)
FN:132,(anonymous_16)
FN:141,(anonymous_17)
FN:148,(anonymous_18)
FNF:19
FNH:15
FNDA:10,(anonymous_0)
FNDA:6,(anonymous_1)
FNDA:11,(anonymous_2)
FNDA:7,(anonymous_3)
FNDA:0,(anonymous_4)
FNDA:10,(anonymous_5)
FNDA:10,(anonymous_6)
FNDA:6,(anonymous_7)
FNDA:0,(anonymous_8)
FNDA:1,(anonymous_9)
FNDA:6,(anonymous_10)
FNDA:0,(anonymous_11)
FNDA:0,(anonymous_12)
FNDA:6,(anonymous_13)
FNDA:3,(anonymous_14)
FNDA:3,(anonymous_15)
FNDA:1,(anonymous_16)
FNDA:1,(anonymous_17)
FNDA:10,(anonymous_18)
DA:7,4
DA:14,4
DA:16,4
DA:17,10
DA:18,6
DA:19,6
DA:20,1
DA:21,1
DA:23,0
DA:26,5
DA:29,10
DA:31,10
DA:32,11
DA:33,4
DA:34,4
DA:38,10
DA:39,7
DA:40,3
DA:42,7
DA:43,0
DA:44,0
DA:45,0
DA:52,0
DA:53,0
DA:54,0
DA:59,0
DA:60,0
DA:61,0
DA:62,0
DA:63,0
DA:71,10
DA:72,10
DA:73,4
DA:75,10
DA:78,10
DA:79,6
DA:80,1
DA:82,0
DA:89,0
DA:90,0
DA:91,0
DA:97,1
DA:98,1
DA:104,10
DA:105,6
DA:106,0
DA:107,0
DA:108,0
DA:109,0
DA:111,0
DA:114,6
DA:115,6
DA:118,10
DA:119,3
DA:120,3
DA:124,3
DA:125,3
DA:127,0
DA:129,3
DA:132,10
DA:133,1
DA:134,1
DA:135,1
DA:139,1
DA:140,1
DA:141,1
DA:143,0
DA:147,10
DA:148,10
DA:152,10
LF:70
LH:47
BRDA:19,0,0,1
BRDA:19,0,1,5
BRDA:32,1,0,4
BRDA:32,1,1,7
BRDA:39,2,0,3
BRDA:39,2,1,4
BRDA:72,3,0,4
BRDA:72,3,1,6
BRDA:79,4,0,1
BRDA:79,4,1,5
BRF:10
BRH:10
end_of_record
TN:
SF:src\components\common\D2FDataCard.tsx
FN:23,D2FDataCard
FN:113,(anonymous_1)
FN:114,(anonymous_2)
FN:118,(anonymous_3)
FNF:4
FNH:0
FNDA:0,D2FDataCard
FNDA:0,(anonymous_1)
FNDA:0,(anonymous_2)
FNDA:0,(anonymous_3)
DA:7,0
DA:36,0
DA:37,0
DA:38,0
DA:39,0
DA:41,0
DA:53,0
DA:106,0
DA:107,0
DA:113,0
DA:115,0
DA:116,0
DA:119,0
DA:120,0
DA:128,0
LF:15
LH:0
BRDA:25,0,0,0
BRDA:31,1,0,0
BRDA:32,2,0,0
BRDA:37,3,0,0
BRDA:37,3,1,0
BRDA:38,4,0,0
BRDA:38,4,1,0
BRDA:39,5,0,0
BRDA:39,5,1,0
BRDA:39,6,0,0
BRDA:39,6,1,0
BRDA:48,7,0,0
BRDA:48,7,1,0
BRDA:71,8,0,0
BRDA:71,8,1,0
BRDA:86,9,0,0
BRDA:86,9,1,0
BRDA:87,10,0,0
BRDA:87,10,1,0
BRDA:98,11,0,0
BRDA:98,11,1,0
BRDA:100,12,0,0
BRDA:100,12,1,0
BRDA:102,13,0,0
BRDA:102,13,1,0
BRDA:106,14,0,0
BRDA:106,14,1,0
BRF:27
BRH:0
end_of_record
TN:
SF:src\components\common\D2FPageHeader.tsx
FN:17,D2FPageHeader
FNF:1
FNH:0
FNDA:0,D2FPageHeader
DA:5,0
DA:26,0
LF:2
LH:0
BRDA:21,0,0,0
BRDA:24,1,0,0
BRDA:30,2,0,0
BRDA:30,2,1,0
BRDA:31,3,0,0
BRDA:31,3,1,0
BRDA:78,4,0,0
BRDA:78,4,1,0
BRDA:93,5,0,0
BRDA:93,5,1,0
BRF:10
BRH:0
end_of_record
TN:
SF:src\components\common\D2FQuickActions.tsx
FN:19,D2FQuickActions
FN:22,(anonymous_1)
FNF:2
FNH:0
FNDA:0,D2FQuickActions
FNDA:0,(anonymous_1)
DA:20,0
DA:23,0
LF:2
LH:0
BRDA:19,0,0,0
BRDA:21,1,0,0
BRDA:21,1,1,0
BRDA:25,2,0,0
BRDA:25,2,1,0
BRF:5
BRH:0
end_of_record
TN:
SF:src\components\common\D2FSearchBar.tsx
FN:23,D2FSearchBar
FN:34,(anonymous_1)
FN:39,(anonymous_2)
FN:45,(anonymous_3)
FN:51,(anonymous_4)
FN:79,(anonymous_5)
FN:92,(anonymous_6)
FNF:7
FNH:0
FNDA:0,D2FSearchBar
FNDA:0,(anonymous_1)
FNDA:0,(anonymous_2)
FNDA:0,(anonymous_3)
FNDA:0,(anonymous_4)
FNDA:0,(anonymous_5)
FNDA:0,(anonymous_6)
DA:7,0
DA:29,0
DA:30,0
DA:31,0
DA:33,0
DA:35,0
DA:39,0
DA:40,0
DA:41,0
DA:42,0
DA:45,0
DA:46,0
DA:47,0
DA:48,0
DA:51,0
DA:52,0
DA:77,0
DA:79,0
DA:92,0
LF:19
LH:0
BRDA:24,0,0,0
BRDA:25,1,0,0
BRDA:26,2,0,0
BRDA:33,3,0,0
BRDA:33,3,1,0
BRDA:67,4,0,0
BRDA:67,4,1,0
BRDA:67,5,0,0
BRDA:67,5,1,0
BRDA:67,6,0,0
BRDA:67,6,1,0
BRF:11
BRH:0
end_of_record
TN:
SF:src\components\common\D2FSection.tsx
FN:19,D2FSection
FNF:1
FNH:0
FNDA:0,D2FSection
DA:5,0
DA:30,0
LF:2
LH:0
BRDA:23,0,0,0
BRDA:26,1,0,0
BRDA:32,2,0,0
BRDA:32,2,1,0
BRDA:40,3,0,0
BRDA:40,3,1,0
BRDA:42,4,0,0
BRDA:42,4,1,0
BRDA:49,5,0,0
BRDA:49,5,1,0
BRF:10
BRH:0
end_of_record
TN:
SF:src\components\common\D2FStatusPill.tsx
FN:33,D2FStatusPill
FNF:1
FNH:0
FNDA:0,D2FStatusPill
DA:13,0
DA:34,0
DA:35,0
DA:37,0
LF:4
LH:0
BRDA:33,0,0,0
BRDA:35,1,0,0
BRDA:35,1,1,0
BRDA:46,2,0,0
BRDA:46,2,1,0
BRDA:47,3,0,0
BRDA:47,3,1,0
BRDA:50,4,0,0
BRDA:50,4,1,0
BRF:9
BRH:0
end_of_record
TN:
SF:src\components\common\DataToolbar.tsx
FN:41,DataToolbar
FN:96,(anonymous_1)
FN:109,(anonymous_2)
FNF:3
FNH:0
FNDA:0,DataToolbar
FNDA:0,(anonymous_1)
FNDA:0,(anonymous_2)
DA:4,0
DA:54,0
DA:96,0
DA:110,0
LF:4
LH:0
BRDA:44,0,0,0
BRDA:47,1,0,0
BRDA:48,2,0,0
BRDA:51,3,0,0
BRDA:52,4,0,0
BRDA:72,5,0,0
BRDA:72,5,1,0
BRDA:75,6,0,0
BRDA:75,6,1,0
BRDA:83,7,0,0
BRDA:83,7,1,0
BRDA:91,8,0,0
BRDA:91,8,1,0
BRDA:101,9,0,0
BRDA:101,9,1,0
BRDA:112,10,0,0
BRDA:112,10,1,0
BRF:17
BRH:0
end_of_record
TN:
SF:src\components\common\EmptyState.tsx
FN:19,EmptyState
FNF:1
FNH:0
FNDA:0,EmptyState
DA:5,0
DA:26,0
DA:27,0
DA:28,0
DA:30,0
LF:5
LH:0
BRDA:24,0,0,0
BRDA:26,1,0,0
BRDA:26,1,1,0
BRDA:27,2,0,0
BRDA:27,2,1,0
BRDA:28,3,0,0
BRDA:28,3,1,0
BRDA:37,4,0,0
BRDA:37,4,1,0
BRDA:39,5,0,0
BRDA:39,5,1,0
BRDA:42,6,0,0
BRDA:42,6,1,0
BRDA:87,7,0,0
BRDA:87,7,1,0
BRDA:98,8,0,0
BRDA:98,8,1,0
BRDA:112,9,0,0
BRDA:112,9,1,0
BRF:19
BRH:0
end_of_record
TN:
SF:src\components\common\EmptyStateStandard.tsx
FN:30,EmptyStateStandard
FNF:1
FNH:0
FNDA:0,EmptyStateStandard
DA:4,0
DA:40,0
LF:2
LH:0
BRDA:31,0,0,0
BRDA:37,1,0,0
BRDA:38,2,0,0
BRDA:49,3,0,0
BRDA:49,3,1,0
BRDA:55,4,0,0
BRDA:55,4,1,0
BRDA:63,5,0,0
BRDA:63,5,1,0
BRDA:63,5,2,0
BRF:10
BRH:0
end_of_record
TN:
SF:src\components\common\ErrorStateStandard.tsx
FN:26,ErrorStateStandard
FNF:1
FNH:0
FNDA:0,ErrorStateStandard
DA:4,0
DA:34,0
LF:2
LH:0
BRDA:27,0,0,0
BRDA:29,1,0,0
BRDA:31,2,0,0
BRDA:32,3,0,0
BRDA:46,4,0,0
BRDA:46,4,1,0
BRDA:53,5,0,0
BRDA:53,5,1,0
BRF:8
BRH:0
end_of_record
TN:
SF:src\components\common\ExportExcelButton.tsx
FN:6,ExportExcelButton
FN:8,(anonymous_1)
FNF:2
FNH:0
FNDA:0,ExportExcelButton
FNDA:0,(anonymous_1)
DA:7,0
DA:8,0
DA:9,0
DA:10,0
DA:12,0
DA:16,0
DA:18,0
DA:19,0
DA:20,0
DA:21,0
DA:23,0
DA:25,0
DA:26,0
DA:28,0
DA:29,0
DA:33,0
LF:16
LH:0
BRF:0
BRH:0
end_of_record
TN:
SF:src\components\common\FilterPanel.tsx
FN:24,FilterPanel
FNF:1
FNH:0
FNDA:0,FilterPanel
DA:4,0
DA:31,0
LF:2
LH:0
BRDA:26,0,0,0
BRDA:28,1,0,0
BRDA:29,2,0,0
BRDA:48,3,0,0
BRDA:48,3,1,0
BRDA:61,4,0,0
BRDA:61,4,1,0
BRDA:61,4,2,0
BRF:8
BRH:0
end_of_record
TN:
SF:src\components\common\FormWizardLayout.tsx
FN:23,FormWizardLayout
FN:44,(anonymous_1)
FNF:2
FNH:0
FNDA:0,FormWizardLayout
FNDA:0,(anonymous_1)
DA:30,0
DA:44,0
LF:2
LH:0
BRDA:28,0,0,0
BRDA:61,1,0,0
BRDA:61,1,1,0
BRF:3
BRH:0
end_of_record
TN:
SF:src\components\common\InfoSummaryCard.tsx
FN:32,InfoSummaryCard
FN:60,(anonymous_1)
FNF:2
FNH:0
FNDA:0,InfoSummaryCard
FNDA:0,(anonymous_1)
DA:4,0
DA:40,0
DA:42,0
DA:61,0
LF:4
LH:0
BRDA:36,0,0,0
BRDA:37,1,0,0
BRDA:53,2,0,0
BRDA:53,2,1,0
BRDA:55,3,0,0
BRDA:55,3,1,0
BRDA:66,4,0,0
BRDA:66,4,1,0
BRDA:72,5,0,0
BRDA:72,5,1,0
BRF:10
BRH:0
end_of_record
TN:
SF:src\components\common\PageLoader.tsx
FN:22,PageLoader
FNF:1
FNH:0
FNDA:0,PageLoader
DA:4,0
DA:28,0
LF:2
LH:0
BRDA:23,0,0,0
BRDA:24,1,0,0
BRDA:25,2,0,0
BRDA:26,3,0,0
BRDA:41,4,0,0
BRDA:41,4,1,0
BRF:6
BRH:0
end_of_record
TN:
SF:src\components\common\PageSectionCard.tsx
FN:19,PageSectionCard
FNF:1
FNH:0
FNDA:0,PageSectionCard
DA:28,0
LF:1
LH:0
BRDA:23,0,0,0
BRDA:25,1,0,0
BRDA:26,2,0,0
BRDA:40,3,0,0
BRDA:40,3,1,0
BRDA:43,4,0,0
BRDA:43,4,1,0
BRDA:46,5,0,0
BRDA:46,5,1,0
BRF:9
BRH:0
end_of_record
TN:
SF:src\components\common\ResponsiveTableWrapper.tsx
FN:14,ResponsiveTableWrapper
FNF:1
FNH:0
FNDA:0,ResponsiveTableWrapper
DA:19,0
LF:1
LH:0
BRDA:16,0,0,0
BRF:1
BRH:0
end_of_record
TN:
SF:src\components\common\RoleBadge.tsx
FN:9,RoleBadge
FNF:1
FNH:0
FNDA:0,RoleBadge
DA:10,0
DA:15,0
DA:21,0
LF:3
LH:0
BRDA:9,0,0,0
BRDA:10,1,0,0
BRDA:10,1,1,0
BRDA:15,2,0,0
BRDA:15,2,1,0
BRDA:15,2,2,0
BRDA:29,3,0,0
BRDA:29,3,1,0
BRDA:30,4,0,0
BRDA:30,4,1,0
BRDA:31,5,0,0
BRDA:31,5,1,0
BRF:12
BRH:0
end_of_record
TN:
SF:src\components\common\StatCard.tsx
FN:19,StatCard
FN:56,(anonymous_1)
FN:151,baseStyle
FNF:3
FNH:0
FNDA:0,StatCard
FNDA:0,(anonymous_1)
FNDA:0,baseStyle
DA:31,0
DA:32,0
DA:39,0
DA:40,0
DA:41,0
DA:45,0
DA:46,0
DA:57,0
DA:152,0
LF:9
LH:0
BRDA:21,0,0,0
BRDA:27,1,0,0
BRDA:28,2,0,0
BRDA:31,3,0,0
BRDA:31,3,1,0
BRDA:39,4,0,0
BRDA:39,4,1,0
BRDA:40,5,0,0
BRDA:40,5,1,0
BRDA:41,6,0,0
BRDA:41,6,1,0
BRDA:41,7,0,0
BRDA:41,7,1,0
BRDA:49,8,0,0
BRDA:49,8,1,0
BRDA:52,9,0,0
BRDA:52,9,1,0
BRDA:53,10,0,0
BRDA:53,10,1,0
BRDA:55,11,0,0
BRDA:55,11,1,0
BRDA:57,12,0,0
BRDA:57,12,1,0
BRDA:57,13,0,0
BRDA:57,13,1,0
BRDA:88,14,0,0
BRDA:88,14,1,0
BRDA:103,15,0,0
BRDA:103,15,1,0
BRDA:104,16,0,0
BRDA:104,16,1,0
BRDA:138,17,0,0
BRDA:138,17,1,0
BRDA:144,18,0,0
BRDA:144,18,1,0
BRF:35
BRH:0
end_of_record
TN:
SF:src\components\common\StatusBadge.tsx
FN:11,StatusBadge
FNF:1
FNH:0
FNDA:0,StatusBadge
DA:12,0
DA:18,0
LF:2
LH:0
BRDA:11,0,0,0
BRDA:11,1,0,0
BRDA:12,2,0,0
BRDA:12,2,1,0
BRDA:29,3,0,0
BRDA:29,3,1,0
BRDA:30,4,0,0
BRDA:30,4,1,0
BRDA:31,5,0,0
BRDA:31,5,1,0
BRDA:35,6,0,0
BRDA:35,6,1,0
BRF:12
BRH:0
end_of_record
TN:
SF:src\components\common\StickyFormFooter.tsx
FN:32,StickyFormFooter
FNF:1
FNH:0
FNDA:0,StickyFormFooter
DA:4,0
DA:46,0
LF:2
LH:0
BRDA:34,0,0,0
BRDA:35,1,0,0
BRDA:37,2,0,0
BRDA:38,3,0,0
BRDA:40,4,0,0
BRDA:41,5,0,0
BRDA:44,6,0,0
BRDA:60,7,0,0
BRDA:60,7,1,0
BRDA:79,8,0,0
BRDA:79,8,1,0
BRDA:89,9,0,0
BRDA:89,9,1,0
BRDA:108,10,0,0
BRDA:108,10,1,0
BRF:15
BRH:0
end_of_record
TN:
SF:src\components\common\SummaryStatsRow.tsx
FN:33,SummaryStatsRow
FN:43,(anonymous_1)
FNF:2
FNH:0
FNDA:0,SummaryStatsRow
FNDA:0,(anonymous_1)
DA:39,0
DA:41,0
DA:44,0
LF:3
LH:0
BRDA:36,0,0,0
BRDA:37,1,0,0
BRDA:39,2,0,0
BRDA:39,2,1,0
BRDA:44,3,0,0
BRDA:44,3,1,0
BRDA:61,4,0,0
BRDA:61,4,1,0
BRF:8
BRH:0
end_of_record
TN:
SF:src\components\feedback\ErrorBoundary.tsx
FN:11,(anonymous_0)
FN:16,(anonymous_1)
FN:20,(anonymous_2)
FN:29,(anonymous_3)
FN:33,(anonymous_4)
FN:37,(anonymous_5)
FNF:6
FNH:4
FNDA:9,(anonymous_0)
FNDA:6,(anonymous_1)
FNDA:3,(anonymous_2)
FNDA:0,(anonymous_3)
FNDA:0,(anonymous_4)
FNDA:17,(anonymous_5)
DA:12,9
DA:13,8
DA:17,6
DA:22,3
DA:23,3
DA:29,8
DA:30,0
DA:33,8
DA:34,0
DA:38,17
DA:39,9
DA:73,8
LF:12
LH:10
BRDA:38,0,0,9
BRDA:38,0,1,8
BRDA:44,1,0,9
BRDA:44,1,1,6
BRDA:59,2,0,9
BRDA:59,2,1,3
BRF:6
BRH:6
end_of_record
TN:
SF:src\components\feedback\NotificationBridge.tsx
FN:9,NotificationBridge
FN:12,(anonymous_1)
FN:14,(anonymous_2)
FN:15,(anonymous_3)
FN:16,(anonymous_4)
FN:17,(anonymous_5)
FNF:6
FNH:0
FNDA:0,NotificationBridge
FNDA:0,(anonymous_1)
FNDA:0,(anonymous_2)
FNDA:0,(anonymous_3)
FNDA:0,(anonymous_4)
FNDA:0,(anonymous_5)
DA:10,0
DA:12,0
DA:13,0
DA:14,0
DA:15,0
DA:16,0
DA:17,0
DA:21,0
LF:8
LH:0
BRF:0
BRH:0
end_of_record
TN:
SF:src\components\layout\AppLayout.tsx
FN:63,getBackTarget
FN:108,ContentSkeleton
FN:113,(anonymous_2)
FN:125,AppLayout
FN:133,(anonymous_4)
FN:134,(anonymous_5)
FN:146,(anonymous_6)
FN:147,(anonymous_7)
FN:148,(anonymous_8)
FN:155,(anonymous_9)
FN:156,(anonymous_10)
FN:164,(anonymous_11)
FN:165,(anonymous_12)
FN:166,(anonymous_13)
FN:166,(anonymous_14)
FN:176,(anonymous_15)
FN:177,(anonymous_16)
FNF:17
FNH:0
FNDA:0,getBackTarget
FNDA:0,ContentSkeleton
FNDA:0,(anonymous_2)
FNDA:0,AppLayout
FNDA:0,(anonymous_4)
FNDA:0,(anonymous_5)
FNDA:0,(anonymous_6)
FNDA:0,(anonymous_7)
FNDA:0,(anonymous_8)
FNDA:0,(anonymous_9)
FNDA:0,(anonymous_10)
FNDA:0,(anonymous_11)
FNDA:0,(anonymous_12)
FNDA:0,(anonymous_13)
FNDA:0,(anonymous_14)
FNDA:0,(anonymous_15)
FNDA:0,(anonymous_16)
DA:13,0
DA:14,0
DA:17,0
DA:57,0
DA:64,0
DA:65,0
DA:66,0
DA:67,0
DA:68,0
DA:69,0
DA:70,0
DA:74,0
DA:83,0
DA:88,0
DA:93,0
DA:103,0
DA:109,0
DA:114,0
DA:126,0
DA:127,0
DA:128,0
DA:129,0
DA:130,0
DA:133,0
DA:134,0
DA:135,0
DA:136,0
DA:137,0
DA:138,0
DA:146,0
DA:147,0
DA:148,0
DA:155,0
DA:156,0
DA:164,0
DA:165,0
DA:166,0
DA:168,0
DA:176,0
DA:177,0
LF:40
LH:0
BRDA:64,0,0,0
BRDA:64,0,1,0
BRDA:65,1,0,0
BRDA:65,1,1,0
BRDA:65,2,0,0
BRDA:65,2,1,0
BRDA:67,3,0,0
BRDA:67,3,1,0
BRDA:68,4,0,0
BRDA:68,4,1,0
BRDA:130,5,0,0
BRDA:130,5,1,0
BRDA:136,6,0,0
BRDA:136,6,1,0
BRDA:139,7,0,0
BRDA:139,7,1,0
BRDA:156,8,0,0
BRDA:156,8,1,0
BRDA:156,9,0,0
BRDA:156,9,1,0
BRDA:165,10,0,0
BRDA:165,10,1,0
BRDA:173,11,0,0
BRDA:173,11,1,0
BRDA:177,12,0,0
BRDA:177,12,1,0
BRDA:177,13,0,0
BRDA:177,13,1,0
BRDA:179,14,0,0
BRDA:179,14,1,0
BRDA:181,15,0,0
BRDA:181,15,1,0
BRDA:216,16,0,0
BRDA:216,16,1,0
BRF:34
BRH:0
end_of_record
TN:
SF:src\components\layout\SideMenu.tsx
FN:33,(anonymous_0)
FN:48,processItems
FN:49,(anonymous_2)
FN:67,SideMenu
FN:73,(anonymous_4)
FN:192,(anonymous_5)
FN:201,(anonymous_6)
FN:244,getDefaultOpenKeys
FNF:8
FNH:0
FNDA:0,(anonymous_0)
FNDA:0,processItems
FNDA:0,(anonymous_2)
FNDA:0,SideMenu
FNDA:0,(anonymous_4)
FNDA:0,(anonymous_5)
FNDA:0,(anonymous_6)
FNDA:0,getDefaultOpenKeys
DA:31,0
DA:33,0
DA:34,0
DA:39,0
DA:49,0
DA:50,0
DA:51,0
DA:57,0
DA:58,0
DA:59,0
DA:68,0
DA:69,0
DA:70,0
DA:71,0
DA:73,0
DA:74,0
DA:77,0
DA:85,0
DA:120,0
DA:144,0
DA:159,0
DA:165,0
DA:171,0
DA:178,0
DA:179,0
DA:180,0
DA:181,0
DA:182,0
DA:183,0
DA:184,0
DA:185,0
DA:186,0
DA:189,0
DA:192,0
DA:193,0
DA:194,0
DA:195,0
DA:196,0
DA:197,0
DA:201,0
DA:203,0
DA:245,0
DA:246,0
DA:247,0
DA:248,0
DA:249,0
LF:46
LH:0
BRDA:34,0,0,0
BRDA:34,0,1,0
BRDA:50,1,0,0
BRDA:50,1,1,0
BRDA:54,2,0,0
BRDA:54,2,1,0
BRDA:58,3,0,0
BRDA:58,3,1,0
BRDA:61,4,0,0
BRDA:61,4,1,0
BRDA:62,5,0,0
BRDA:62,5,1,0
BRDA:74,6,0,0
BRDA:74,6,1,0
BRDA:179,7,0,0
BRDA:179,7,1,0
BRDA:179,7,2,0
BRDA:179,7,3,0
BRDA:179,7,4,0
BRDA:179,7,5,0
BRDA:179,7,6,0
BRDA:193,8,0,0
BRDA:193,8,1,0
BRDA:196,9,0,0
BRDA:196,9,1,0
BRDA:196,10,0,0
BRDA:196,10,1,0
BRDA:219,11,0,0
BRDA:219,11,1,0
BRDA:245,12,0,0
BRDA:245,12,1,0
BRDA:246,13,0,0
BRDA:246,13,1,0
BRDA:247,14,0,0
BRDA:247,14,1,0
BRDA:247,15,0,0
BRDA:247,15,1,0
BRF:37
BRH:0
end_of_record
TN:
SF:src\components\layout\TopBar.tsx
FN:8,TopBar
FN:14,(anonymous_1)
FN:23,(anonymous_2)
FN:28,(anonymous_3)
FN:28,(anonymous_4)
FNF:5
FNH:0
FNDA:0,TopBar
FNDA:0,(anonymous_1)
FNDA:0,(anonymous_2)
FNDA:0,(anonymous_3)
FNDA:0,(anonymous_4)
DA:9,0
DA:10,0
DA:11,0
DA:13,0
DA:14,0
DA:15,0
DA:16,0
DA:19,0
DA:23,0
DA:28,0
DA:35,0
LF:11
LH:0
BRDA:28,0,0,0
BRDA:28,0,1,0
BRDA:28,1,0,0
BRDA:28,1,1,0
BRDA:43,2,0,0
BRDA:43,2,1,0
BRF:6
BRH:0
end_of_record
TN:
SF:src\config\env.ts
FN:20,(anonymous_0)
FN:22,(anonymous_1)
FNF:2
FNH:2
FNDA:60,(anonymous_0)
FNDA:30,(anonymous_1)
DA:20,60
DA:22,30
DA:23,30
DA:24,30
DA:25,0
DA:26,0
DA:28,0
DA:30,30
DA:33,30
DA:34,30
DA:38,30
LF:11
LH:8
BRDA:24,0,0,0
BRDA:24,0,1,30
BRDA:24,1,0,30
BRDA:24,1,1,30
BRDA:25,2,0,0
BRDA:25,2,1,0
BRDA:34,3,0,30
BRDA:34,3,1,0
BRF:8
BRH:4
end_of_record
TN:
SF:src\hooks\analyse\useAnalytics.ts
FN:11,useAnalytics
FN:17,(anonymous_1)
FN:22,(anonymous_2)
FN:28,(anonymous_3)
FN:38,(anonymous_4)
FN:40,(anonymous_5)
FN:43,(anonymous_6)
FN:48,(anonymous_7)
FN:53,(anonymous_8)
FN:58,(anonymous_9)
FNF:10
FNH:0
FNDA:0,useAnalytics
FNDA:0,(anonymous_1)
FNDA:0,(anonymous_2)
FNDA:0,(anonymous_3)
FNDA:0,(anonymous_4)
FNDA:0,(anonymous_5)
FNDA:0,(anonymous_6)
FNDA:0,(anonymous_7)
FNDA:0,(anonymous_8)
FNDA:0,(anonymous_9)
DA:12,0
DA:13,0
DA:14,0
DA:16,0
DA:17,0
DA:20,0
DA:22,0
DA:26,0
DA:29,0
DA:36,0
DA:38,0
DA:40,0
DA:43,0
DA:44,0
DA:45,0
DA:48,0
DA:49,0
DA:50,0
DA:53,0
DA:54,0
DA:55,0
DA:58,0
DA:59,0
DA:60,0
DA:64,0
DA:74,0
LF:26
LH:0
BRDA:23,0,0,0
BRDA:23,0,1,0
BRDA:33,1,0,0
BRDA:33,1,1,0
BRDA:39,2,0,0
BRDA:39,2,1,0
BRDA:44,3,0,0
BRDA:44,3,1,0
BRDA:48,4,0,0
BRDA:49,5,0,0
BRDA:49,5,1,0
BRDA:53,6,0,0
BRDA:54,7,0,0
BRDA:54,7,1,0
BRDA:59,8,0,0
BRDA:59,8,1,0
BRDA:64,9,0,0
BRDA:64,9,1,0
BRDA:65,10,0,0
BRDA:65,10,1,0
BRDA:66,11,0,0
BRDA:66,11,1,0
BRDA:68,12,0,0
BRDA:68,12,1,0
BRDA:70,13,0,0
BRDA:70,13,1,0
BRDA:75,14,0,0
BRDA:75,14,1,0
BRDA:75,14,2,0
BRDA:77,15,0,0
BRDA:77,15,1,0
BRDA:78,16,0,0
BRDA:78,16,1,0
BRDA:79,17,0,0
BRDA:79,17,1,0
BRDA:80,18,0,0
BRDA:80,18,1,0
BRF:37
BRH:0
end_of_record
TN:
SF:src\hooks\analyse\useDashboard.ts
FN:5,useDashboard
FN:8,(anonymous_1)
FN:13,(anonymous_2)
FN:28,(anonymous_3)
FNF:4
FNH:0
FNDA:0,useDashboard
FNDA:0,(anonymous_1)
FNDA:0,(anonymous_2)
FNDA:0,(anonymous_3)
DA:6,0
DA:8,0
DA:11,0
DA:13,0
DA:16,0
DA:29,0
DA:30,0
LF:7
LH:0
BRDA:17,0,0,0
BRDA:17,0,1,0
BRDA:18,1,0,0
BRDA:18,1,1,0
BRDA:19,2,0,0
BRDA:19,2,1,0
BRDA:21,3,0,0
BRDA:21,3,1,0
BRDA:21,4,0,0
BRDA:21,4,1,0
BRDA:25,5,0,0
BRDA:25,5,1,0
BRF:12
BRH:0
end_of_record
TN:
SF:src\hooks\analyse\useRiceReport.ts
FN:5,useRiceReport
FN:9,(anonymous_1)
FN:15,(anonymous_2)
FN:22,(anonymous_3)
FN:22,(anonymous_4)
FN:29,(anonymous_5)
FN:33,(anonymous_6)
FN:41,(anonymous_7)
FN:53,(anonymous_8)
FN:58,(anonymous_9)
FN:58,(anonymous_10)
FN:63,(anonymous_11)
FN:67,(anonymous_12)
FN:69,(anonymous_13)
FN:73,(anonymous_14)
FN:79,(anonymous_15)
FN:108,(anonymous_16)
FN:112,(anonymous_17)
FNF:18
FNH:0
FNDA:0,useRiceReport
FNDA:0,(anonymous_1)
FNDA:0,(anonymous_2)
FNDA:0,(anonymous_3)
FNDA:0,(anonymous_4)
FNDA:0,(anonymous_5)
FNDA:0,(anonymous_6)
FNDA:0,(anonymous_7)
FNDA:0,(anonymous_8)
FNDA:0,(anonymous_9)
FNDA:0,(anonymous_10)
FNDA:0,(anonymous_11)
FNDA:0,(anonymous_12)
FNDA:0,(anonymous_13)
FNDA:0,(anonymous_14)
FNDA:0,(anonymous_15)
FNDA:0,(anonymous_16)
FNDA:0,(anonymous_17)
DA:6,0
DA:7,0
DA:9,0
DA:10,0
DA:11,0
DA:12,0
DA:13,0
DA:14,0
DA:15,0
DA:17,0
DA:19,0
DA:22,0
DA:29,0
DA:33,0
DA:34,0
DA:35,0
DA:36,0
DA:37,0
DA:38,0
DA:39,0
DA:41,0
DA:43,0
DA:44,0
DA:45,0
DA:47,0
DA:49,0
DA:52,0
DA:53,0
DA:56,0
DA:58,0
DA:63,0
DA:64,0
DA:67,0
DA:68,0
DA:69,0
DA:73,0
DA:79,0
DA:89,0
DA:90,0
DA:91,0
DA:92,0
DA:93,0
DA:95,0
DA:100,0
DA:101,0
DA:102,0
DA:104,0
DA:108,0
DA:109,0
DA:112,0
DA:113,0
DA:114,0
DA:125,0
DA:126,0
DA:127,0
DA:128,0
DA:129,0
DA:130,0
DA:131,0
DA:134,0
LF:60
LH:0
BRDA:12,0,0,0
BRDA:12,0,1,0
BRDA:14,1,0,0
BRDA:14,1,1,0
BRDA:15,2,0,0
BRDA:15,2,1,0
BRDA:17,3,0,0
BRDA:17,3,1,0
BRDA:22,4,0,0
BRDA:22,4,1,0
BRDA:25,5,0,0
BRDA:25,5,1,0
BRDA:28,6,0,0
BRDA:28,6,1,0
BRDA:29,7,0,0
BRDA:29,7,1,0
BRDA:38,8,0,0
BRDA:38,8,1,0
BRDA:40,9,0,0
BRDA:40,9,1,0
BRDA:41,10,0,0
BRDA:41,10,1,0
BRDA:41,11,0,0
BRDA:41,11,1,0
BRDA:47,12,0,0
BRDA:47,12,1,0
BRDA:58,13,0,0
BRDA:58,13,1,0
BRDA:72,14,0,0
BRDA:72,14,1,0
BRDA:73,15,0,0
BRDA:73,15,1,0
BRDA:76,16,0,0
BRDA:76,16,1,0
BRDA:77,17,0,0
BRDA:77,17,1,0
BRDA:79,18,0,0
BRDA:79,18,1,0
BRDA:82,19,0,0
BRDA:82,19,1,0
BRDA:92,20,0,0
BRDA:92,20,1,0
BRDA:92,21,0,0
BRDA:92,21,1,0
BRDA:96,22,0,0
BRDA:96,22,1,0
BRDA:101,23,0,0
BRDA:101,23,1,0
BRDA:104,24,0,0
BRDA:104,24,1,0
BRDA:113,25,0,0
BRDA:113,25,1,0
BRDA:138,26,0,0
BRDA:138,26,1,0
BRF:54
BRH:0
end_of_record
TN:
SF:src\hooks\analyse\useRiceTree.ts
FN:12,(anonymous_0)
FN:17,(anonymous_1)
FN:33,(anonymous_2)
FN:36,useRiceTree
FN:46,(anonymous_4)
FN:47,(anonymous_5)
FN:56,(anonymous_6)
FN:60,(anonymous_7)
FN:63,(anonymous_8)
FN:75,(anonymous_9)
FN:76,(anonymous_10)
FN:83,(anonymous_11)
FN:84,(anonymous_12)
FN:88,(anonymous_13)
FN:88,(anonymous_14)
FN:92,(anonymous_15)
FN:92,(anonymous_16)
FN:97,(anonymous_17)
FN:98,(anonymous_18)
FN:104,(anonymous_19)
FN:105,(anonymous_20)
FN:112,(anonymous_21)
FN:113,(anonymous_22)
FN:121,(anonymous_23)
FN:122,(anonymous_24)
FN:133,(anonymous_25)
FN:134,(anonymous_26)
FN:142,(anonymous_27)
FN:143,(anonymous_28)
FN:149,(anonymous_29)
FN:150,(anonymous_30)
FN:162,(anonymous_31)
FN:163,(anonymous_32)
FN:168,(anonymous_33)
FN:169,(anonymous_34)
FN:184,(anonymous_35)
FN:185,(anonymous_36)
FN:207,(anonymous_37)
FN:211,(anonymous_38)
FN:215,(anonymous_39)
FN:232,(anonymous_40)
FN:234,(anonymous_41)
FN:235,(anonymous_42)
FN:247,(anonymous_43)
FN:250,(anonymous_44)
FN:253,(anonymous_45)
FN:255,(anonymous_46)
FN:255,(anonymous_47)
FN:262,(anonymous_48)
FN:268,(anonymous_49)
FN:270,(anonymous_50)
FNF:51
FNH:0
FNDA:0,(anonymous_0)
FNDA:0,(anonymous_1)
FNDA:0,(anonymous_2)
FNDA:0,useRiceTree
FNDA:0,(anonymous_4)
FNDA:0,(anonymous_5)
FNDA:0,(anonymous_6)
FNDA:0,(anonymous_7)
FNDA:0,(anonymous_8)
FNDA:0,(anonymous_9)
FNDA:0,(anonymous_10)
FNDA:0,(anonymous_11)
FNDA:0,(anonymous_12)
FNDA:0,(anonymous_13)
FNDA:0,(anonymous_14)
FNDA:0,(anonymous_15)
FNDA:0,(anonymous_16)
FNDA:0,(anonymous_17)
FNDA:0,(anonymous_18)
FNDA:0,(anonymous_19)
FNDA:0,(anonymous_20)
FNDA:0,(anonymous_21)
FNDA:0,(anonymous_22)
FNDA:0,(anonymous_23)
FNDA:0,(anonymous_24)
FNDA:0,(anonymous_25)
FNDA:0,(anonymous_26)
FNDA:0,(anonymous_27)
FNDA:0,(anonymous_28)
FNDA:0,(anonymous_29)
FNDA:0,(anonymous_30)
FNDA:0,(anonymous_31)
FNDA:0,(anonymous_32)
FNDA:0,(anonymous_33)
FNDA:0,(anonymous_34)
FNDA:0,(anonymous_35)
FNDA:0,(anonymous_36)
FNDA:0,(anonymous_37)
FNDA:0,(anonymous_38)
FNDA:0,(anonymous_39)
FNDA:0,(anonymous_40)
FNDA:0,(anonymous_41)
FNDA:0,(anonymous_42)
FNDA:0,(anonymous_43)
FNDA:0,(anonymous_44)
FNDA:0,(anonymous_45)
FNDA:0,(anonymous_46)
FNDA:0,(anonymous_47)
FNDA:0,(anonymous_48)
FNDA:0,(anonymous_49)
FNDA:0,(anonymous_50)
DA:12,0
DA:13,0
DA:14,0
DA:17,0
DA:18,0
DA:33,0
DA:34,0
DA:38,0
DA:39,0
DA:40,0
DA:41,0
DA:42,0
DA:43,0
DA:46,0
DA:47,0
DA:48,0
DA:49,0
DA:50,0
DA:55,0
DA:56,0
DA:60,0
DA:61,0
DA:62,0
DA:63,0
DA:64,0
DA:65,0
DA:66,0
DA:67,0
DA:68,0
DA:70,0
DA:74,0
DA:76,0
DA:77,0
DA:78,0
DA:82,0
DA:84,0
DA:87,0
DA:88,0
DA:91,0
DA:92,0
DA:97,0
DA:98,0
DA:99,0
DA:100,0
DA:104,0
DA:105,0
DA:106,0
DA:107,0
DA:108,0
DA:112,0
DA:113,0
DA:114,0
DA:115,0
DA:116,0
DA:117,0
DA:121,0
DA:122,0
DA:123,0
DA:124,0
DA:125,0
DA:126,0
DA:127,0
DA:132,0
DA:134,0
DA:135,0
DA:136,0
DA:141,0
DA:143,0
DA:148,0
DA:150,0
DA:151,0
DA:152,0
DA:153,0
DA:154,0
DA:155,0
DA:156,0
DA:161,0
DA:163,0
DA:168,0
DA:169,0
DA:170,0
DA:171,0
DA:172,0
DA:173,0
DA:174,0
DA:175,0
DA:176,0
DA:179,0
DA:183,0
DA:185,0
DA:186,0
DA:187,0
DA:188,0
DA:189,0
DA:190,0
DA:191,0
DA:193,0
DA:194,0
DA:195,0
DA:196,0
DA:197,0
DA:206,0
DA:207,0
DA:211,0
DA:212,0
DA:213,0
DA:214,0
DA:215,0
DA:216,0
DA:217,0
DA:218,0
DA:221,0
DA:222,0
DA:223,0
DA:225,0
DA:226,0
DA:227,0
DA:228,0
DA:232,0
DA:233,0
DA:234,0
DA:235,0
DA:236,0
DA:237,0
DA:238,0
DA:239,0
DA:240,0
DA:243,0
DA:247,0
DA:248,0
DA:249,0
DA:250,0
DA:252,0
DA:253,0
DA:254,0
DA:255,0
DA:258,0
DA:262,0
DA:263,0
DA:264,0
DA:265,0
DA:266,0
DA:267,0
DA:268,0
DA:269,0
DA:270,0
DA:271,0
DA:272,0
DA:273,0
DA:274,0
DA:275,0
DA:276,0
DA:277,0
DA:278,0
DA:279,0
DA:280,0
DA:281,0
DA:282,0
DA:283,0
DA:286,0
DA:288,0
DA:290,0
DA:293,0
LF:163
LH:0
BRDA:13,0,0,0
BRDA:13,0,1,0
BRDA:25,1,0,0
BRDA:25,1,1,0
BRDA:26,2,0,0
BRDA:26,2,1,0
BRDA:27,3,0,0
BRDA:27,3,1,0
BRDA:34,4,0,0
BRDA:34,4,1,0
BRDA:61,5,0,0
BRDA:61,5,1,0
BRDA:65,6,0,0
BRDA:65,6,1,0
BRDA:65,7,0,0
BRDA:65,7,1,0
BRDA:66,8,0,0
BRDA:66,8,1,0
BRDA:77,9,0,0
BRDA:77,9,1,0
BRDA:97,10,0,0
BRDA:104,11,0,0
BRDA:106,12,0,0
BRDA:106,12,1,0
BRDA:112,13,0,0
BRDA:115,14,0,0
BRDA:115,14,1,0
BRDA:121,15,0,0
BRDA:121,16,0,0
BRDA:123,17,0,0
BRDA:123,17,1,0
BRDA:124,18,0,0
BRDA:124,18,1,0
BRDA:136,19,0,0
BRDA:136,19,1,0
BRDA:152,20,0,0
BRDA:152,20,1,0
BRDA:154,21,0,0
BRDA:154,21,1,0
BRDA:171,22,0,0
BRDA:171,22,1,0
BRDA:172,23,0,0
BRDA:172,23,1,0
BRDA:174,24,0,0
BRDA:174,24,1,0
BRDA:175,25,0,0
BRDA:175,25,1,0
BRDA:187,26,0,0
BRDA:187,26,1,0
BRDA:188,27,0,0
BRDA:188,27,1,0
BRDA:189,28,0,0
BRDA:189,28,1,0
BRDA:191,29,0,0
BRDA:191,29,1,0
BRDA:193,30,0,0
BRDA:193,30,1,0
BRDA:194,31,0,0
BRDA:194,31,1,0
BRDA:195,32,0,0
BRDA:195,32,1,0
BRDA:197,33,0,0
BRDA:197,33,1,0
BRDA:212,34,0,0
BRDA:212,34,1,0
BRDA:212,35,0,0
BRDA:212,35,1,0
BRDA:219,36,0,0
BRDA:219,36,1,0
BRDA:219,37,0,0
BRDA:219,37,1,0
BRDA:222,38,0,0
BRDA:222,38,1,0
BRDA:235,39,0,0
BRDA:235,39,1,0
BRDA:236,40,0,0
BRDA:236,40,1,0
BRDA:238,41,0,0
BRDA:238,41,1,0
BRDA:239,42,0,0
BRDA:239,42,1,0
BRDA:250,43,0,0
BRDA:250,43,1,0
BRDA:253,44,0,0
BRDA:253,44,1,0
BRDA:255,45,0,0
BRDA:255,45,1,0
BRDA:255,46,0,0
BRDA:255,46,1,0
BRDA:263,47,0,0
BRDA:263,47,1,0
BRDA:269,48,0,0
BRDA:269,48,1,0
BRDA:269,49,0,0
BRDA:269,49,1,0
BRDA:270,50,0,0
BRDA:270,50,1,0
BRDA:271,51,0,0
BRDA:271,51,1,0
BRDA:271,52,0,0
BRDA:271,52,1,0
BRDA:273,53,0,0
BRDA:273,53,1,0
BRDA:274,54,0,0
BRDA:274,54,1,0
BRDA:275,55,0,0
BRDA:275,55,1,0
BRDA:276,56,0,0
BRDA:276,56,1,0
BRDA:276,57,0,0
BRDA:276,57,1,0
BRDA:278,58,0,0
BRDA:278,58,1,0
BRDA:279,59,0,0
BRDA:279,59,1,0
BRDA:280,60,0,0
BRDA:280,60,1,0
BRDA:280,61,0,0
BRDA:280,61,1,0
BRDA:280,61,2,0
BRDA:280,61,3,0
BRDA:280,61,4,0
BRDA:286,62,0,0
BRDA:286,62,1,0
BRDA:286,63,0,0
BRDA:286,63,1,0
BRDA:286,63,2,0
BRDA:288,64,0,0
BRDA:288,64,1,0
BRF:129
BRH:0
end_of_record
TN:
SF:src\hooks\auth\useAuth.ts
FN:5,(anonymous_0)
FNF:1
FNH:1
FNDA:10,(anonymous_0)
DA:5,1
DA:6,10
DA:7,10
DA:8,0
DA:10,10
LF:5
LH:4
BRDA:7,0,0,0
BRDA:7,0,1,10
BRF:2
BRH:1
end_of_record
TN:
SF:src\hooks\competence\useCompetenceCrud.tsx
FN:8,useCompetenceCrud
FN:33,(anonymous_1)
FN:46,(anonymous_2)
FN:59,(anonymous_3)
FN:72,(anonymous_4)
FN:86,(anonymous_5)
FN:93,(anonymous_6)
FN:99,(anonymous_7)
FN:118,(anonymous_8)
FN:130,(anonymous_9)
FN:143,(anonymous_10)
FN:151,(anonymous_11)
FN:169,(anonymous_12)
FN:193,buildCompDeleteErrorMessage
FN:194,(anonymous_14)
FN:207,(anonymous_15)
FN:209,(anonymous_16)
FN:210,(anonymous_17)
FN:211,(anonymous_18)
FN:230,(anonymous_19)
FN:236,(anonymous_20)
FN:244,(anonymous_21)
FN:270,(anonymous_22)
FN:300,(anonymous_23)
FN:313,(anonymous_24)
FN:318,(anonymous_25)
FN:327,(anonymous_26)
FN:370,(anonymous_27)
FN:372,(anonymous_28)
FN:373,(anonymous_29)
FN:382,(anonymous_30)
FN:385,(anonymous_31)
FN:388,(anonymous_32)
FN:391,(anonymous_33)
FN:421,(anonymous_34)
FN:435,(anonymous_35)
FN:437,(anonymous_36)
FN:444,(anonymous_37)
FN:448,(anonymous_38)
FN:463,(anonymous_39)
FN:467,countSousComp
FN:468,(anonymous_41)
FN:471,(anonymous_42)
FN:476,(anonymous_43)
FN:483,(anonymous_44)
FN:489,(anonymous_45)
FN:490,(anonymous_46)
FN:496,(anonymous_47)
FN:500,(anonymous_48)
FN:510,(anonymous_49)
FN:512,(anonymous_50)
FN:519,(anonymous_51)
FN:520,(anonymous_52)
FN:521,(anonymous_53)
FN:528,(anonymous_54)
FN:529,(anonymous_55)
FN:532,(anonymous_56)
FN:533,(anonymous_57)
FN:538,(anonymous_58)
FNF:59
FNH:0
FNDA:0,useCompetenceCrud
FNDA:0,(anonymous_1)
FNDA:0,(anonymous_2)
FNDA:0,(anonymous_3)
FNDA:0,(anonymous_4)
FNDA:0,(anonymous_5)
FNDA:0,(anonymous_6)
FNDA:0,(anonymous_7)
FNDA:0,(anonymous_8)
FNDA:0,(anonymous_9)
FNDA:0,(anonymous_10)
FNDA:0,(anonymous_11)
FNDA:0,(anonymous_12)
FNDA:0,buildCompDeleteErrorMessage
FNDA:0,(anonymous_14)
FNDA:0,(anonymous_15)
FNDA:0,(anonymous_16)
FNDA:0,(anonymous_17)
FNDA:0,(anonymous_18)
FNDA:0,(anonymous_19)
FNDA:0,(anonymous_20)
FNDA:0,(anonymous_21)
FNDA:0,(anonymous_22)
FNDA:0,(anonymous_23)
FNDA:0,(anonymous_24)
FNDA:0,(anonymous_25)
FNDA:0,(anonymous_26)
FNDA:0,(anonymous_27)
FNDA:0,(anonymous_28)
FNDA:0,(anonymous_29)
FNDA:0,(anonymous_30)
FNDA:0,(anonymous_31)
FNDA:0,(anonymous_32)
FNDA:0,(anonymous_33)
FNDA:0,(anonymous_34)
FNDA:0,(anonymous_35)
FNDA:0,(anonymous_36)
FNDA:0,(anonymous_37)
FNDA:0,(anonymous_38)
FNDA:0,(anonymous_39)
FNDA:0,countSousComp
FNDA:0,(anonymous_41)
FNDA:0,(anonymous_42)
FNDA:0,(anonymous_43)
FNDA:0,(anonymous_44)
FNDA:0,(anonymous_45)
FNDA:0,(anonymous_46)
FNDA:0,(anonymous_47)
FNDA:0,(anonymous_48)
FNDA:0,(anonymous_49)
FNDA:0,(anonymous_50)
FNDA:0,(anonymous_51)
FNDA:0,(anonymous_52)
FNDA:0,(anonymous_53)
FNDA:0,(anonymous_54)
FNDA:0,(anonymous_55)
FNDA:0,(anonymous_56)
FNDA:0,(anonymous_57)
FNDA:0,(anonymous_58)
DA:9,0
DA:11,0
DA:12,0
DA:13,0
DA:14,0
DA:16,0
DA:17,0
DA:18,0
DA:19,0
DA:21,0
DA:22,0
DA:23,0
DA:24,0
DA:25,0
DA:27,0
DA:28,0
DA:29,0
DA:30,0
DA:31,0
DA:33,0
DA:34,0
DA:35,0
DA:36,0
DA:37,0
DA:39,0
DA:40,0
DA:42,0
DA:46,0
DA:47,0
DA:48,0
DA:49,0
DA:50,0
DA:52,0
DA:53,0
DA:55,0
DA:59,0
DA:60,0
DA:61,0
DA:62,0
DA:63,0
DA:65,0
DA:66,0
DA:68,0
DA:72,0
DA:73,0
DA:74,0
DA:75,0
DA:76,0
DA:77,0
DA:79,0
DA:80,0
DA:82,0
DA:86,0
DA:87,0
DA:88,0
DA:89,0
DA:90,0
DA:93,0
DA:94,0
DA:95,0
DA:96,0
DA:99,0
DA:100,0
DA:101,0
DA:102,0
DA:103,0
DA:104,0
DA:106,0
DA:107,0
DA:109,0
DA:110,0
DA:111,0
DA:113,0
DA:114,0
DA:118,0
DA:119,0
DA:120,0
DA:121,0
DA:122,0
DA:123,0
DA:124,0
DA:126,0
DA:130,0
DA:131,0
DA:132,0
DA:133,0
DA:134,0
DA:135,0
DA:138,0
DA:139,0
DA:140,0
DA:143,0
DA:144,0
DA:145,0
DA:147,0
DA:148,0
DA:151,0
DA:152,0
DA:153,0
DA:154,0
DA:155,0
DA:166,0
DA:169,0
DA:170,0
DA:171,0
DA:172,0
DA:173,0
DA:177,0
DA:178,0
DA:179,0
DA:181,0
DA:182,0
DA:184,0
DA:185,0
DA:186,0
DA:188,0
DA:189,0
DA:194,0
DA:195,0
DA:196,0
DA:198,0
DA:199,0
DA:202,0
DA:203,0
DA:204,0
DA:207,0
DA:209,0
DA:210,0
DA:211,0
DA:213,0
DA:214,0
DA:215,0
DA:218,0
DA:219,0
DA:220,0
DA:221,0
DA:222,0
DA:223,0
DA:224,0
DA:226,0
DA:230,0
DA:231,0
DA:232,0
DA:234,0
DA:235,0
DA:236,0
DA:237,0
DA:238,0
DA:239,0
DA:244,0
DA:245,0
DA:249,0
DA:267,0
DA:270,0
DA:271,0
DA:272,0
DA:273,0
DA:274,0
DA:278,0
DA:279,0
DA:280,0
DA:282,0
DA:283,0
DA:285,0
DA:287,0
DA:289,0
DA:290,0
DA:291,0
DA:292,0
DA:293,0
DA:295,0
DA:296,0
DA:300,0
DA:301,0
DA:302,0
DA:303,0
DA:304,0
DA:305,0
DA:306,0
DA:307,0
DA:309,0
DA:313,0
DA:314,0
DA:315,0
DA:316,0
DA:318,0
DA:319,0
DA:320,0
DA:321,0
DA:327,0
DA:328,0
DA:329,0
DA:332,0
DA:333,0
DA:335,0
DA:336,0
DA:337,0
DA:338,0
DA:339,0
DA:340,0
DA:341,0
DA:344,0
DA:367,0
DA:370,0
DA:371,0
DA:372,0
DA:373,0
DA:374,0
DA:375,0
DA:378,0
DA:379,0
DA:382,0
DA:383,0
DA:384,0
DA:385,0
DA:386,0
DA:388,0
DA:391,0
DA:392,0
DA:393,0
DA:394,0
DA:395,0
DA:399,0
DA:400,0
DA:401,0
DA:403,0
DA:404,0
DA:406,0
DA:408,0
DA:410,0
DA:411,0
DA:412,0
DA:413,0
DA:414,0
DA:415,0
DA:417,0
DA:421,0
DA:422,0
DA:423,0
DA:424,0
DA:425,0
DA:426,0
DA:427,0
DA:428,0
DA:429,0
DA:431,0
DA:435,0
DA:437,0
DA:445,0
DA:449,0
DA:450,0
DA:451,0
DA:453,0
DA:463,0
DA:468,0
DA:471,0
DA:477,0
DA:483,0
DA:489,0
DA:490,0
DA:497,0
DA:498,0
DA:499,0
DA:500,0
DA:502,0
DA:503,0
DA:510,0
DA:512,0
DA:519,0
DA:520,0
DA:521,0
DA:529,0
DA:530,0
DA:532,0
DA:533,0
DA:539,0
DA:540,0
DA:541,0
DA:546,0
LF:279
LH:0
BRDA:40,0,0,0
BRDA:40,0,1,0
BRDA:53,1,0,0
BRDA:53,1,1,0
BRDA:66,2,0,0
BRDA:66,2,1,0
BRDA:77,3,0,0
BRDA:77,3,1,0
BRDA:80,4,0,0
BRDA:80,4,1,0
BRDA:93,5,0,0
BRDA:95,6,0,0
BRDA:95,6,1,0
BRDA:102,7,0,0
BRDA:102,7,1,0
BRDA:113,8,0,0
BRDA:113,8,1,0
BRDA:114,9,0,0
BRDA:114,9,1,0
BRDA:126,10,0,0
BRDA:126,10,1,0
BRDA:132,11,0,0
BRDA:132,11,1,0
BRDA:134,12,0,0
BRDA:134,12,1,0
BRDA:144,13,0,0
BRDA:144,13,1,0
BRDA:145,14,0,0
BRDA:145,14,1,0
BRDA:147,15,0,0
BRDA:147,15,1,0
BRDA:148,16,0,0
BRDA:148,16,1,0
BRDA:151,17,0,0
BRDA:154,18,0,0
BRDA:154,18,1,0
BRDA:154,19,0,0
BRDA:154,19,1,0
BRDA:156,20,0,0
BRDA:156,20,1,0
BRDA:175,21,0,0
BRDA:175,21,1,0
BRDA:175,22,0,0
BRDA:175,22,1,0
BRDA:177,23,0,0
BRDA:177,23,1,0
BRDA:188,24,0,0
BRDA:188,24,1,0
BRDA:189,25,0,0
BRDA:189,25,1,0
BRDA:194,26,0,0
BRDA:194,26,1,0
BRDA:196,27,0,0
BRDA:196,27,1,0
BRDA:196,28,0,0
BRDA:196,28,1,0
BRDA:198,29,0,0
BRDA:198,29,1,0
BRDA:202,30,0,0
BRDA:202,30,1,0
BRDA:203,31,0,0
BRDA:203,31,1,0
BRDA:203,32,0,0
BRDA:203,32,1,0
BRDA:203,33,0,0
BRDA:203,33,1,0
BRDA:211,34,0,0
BRDA:211,34,1,0
BRDA:213,35,0,0
BRDA:213,35,1,0
BRDA:213,36,0,0
BRDA:213,36,1,0
BRDA:226,37,0,0
BRDA:226,37,1,0
BRDA:230,38,0,0
BRDA:230,39,0,0
BRDA:231,40,0,0
BRDA:231,40,1,0
BRDA:232,41,0,0
BRDA:232,41,1,0
BRDA:235,42,0,0
BRDA:235,42,1,0
BRDA:235,42,2,0
BRDA:236,43,0,0
BRDA:238,44,0,0
BRDA:238,44,1,0
BRDA:244,45,0,0
BRDA:244,45,1,0
BRDA:245,46,0,0
BRDA:245,46,1,0
BRDA:250,47,0,0
BRDA:250,47,1,0
BRDA:264,48,0,0
BRDA:264,48,1,0
BRDA:276,49,0,0
BRDA:276,49,1,0
BRDA:276,50,0,0
BRDA:276,50,1,0
BRDA:278,51,0,0
BRDA:278,51,1,0
BRDA:282,52,0,0
BRDA:282,52,1,0
BRDA:295,53,0,0
BRDA:295,53,1,0
BRDA:296,54,0,0
BRDA:296,54,1,0
BRDA:309,55,0,0
BRDA:309,55,1,0
BRDA:313,56,0,0
BRDA:313,57,0,0
BRDA:315,58,0,0
BRDA:315,58,1,0
BRDA:315,59,0,0
BRDA:315,59,1,0
BRDA:318,60,0,0
BRDA:320,61,0,0
BRDA:320,61,1,0
BRDA:328,62,0,0
BRDA:328,62,1,0
BRDA:329,63,0,0
BRDA:329,63,1,0
BRDA:335,64,0,0
BRDA:335,64,1,0
BRDA:339,65,0,0
BRDA:339,65,1,0
BRDA:345,66,0,0
BRDA:345,66,1,0
BRDA:353,67,0,0
BRDA:353,67,1,0
BRDA:354,68,0,0
BRDA:354,68,1,0
BRDA:363,69,0,0
BRDA:363,69,1,0
BRDA:373,70,0,0
BRDA:373,70,1,0
BRDA:375,71,0,0
BRDA:375,71,1,0
BRDA:386,72,0,0
BRDA:386,72,1,0
BRDA:388,73,0,0
BRDA:388,73,1,0
BRDA:397,74,0,0
BRDA:397,74,1,0
BRDA:397,75,0,0
BRDA:397,75,1,0
BRDA:399,76,0,0
BRDA:399,76,1,0
BRDA:403,77,0,0
BRDA:403,77,1,0
BRDA:414,78,0,0
BRDA:414,78,1,0
BRDA:415,79,0,0
BRDA:415,79,1,0
BRDA:417,80,0,0
BRDA:417,80,1,0
BRDA:429,81,0,0
BRDA:429,81,1,0
BRDA:431,82,0,0
BRDA:431,82,1,0
BRDA:463,83,0,0
BRDA:463,83,1,0
BRDA:468,84,0,0
BRDA:468,84,1,0
BRDA:498,85,0,0
BRDA:498,85,1,0
BRDA:500,86,0,0
BRDA:500,86,1,0
BRDA:502,87,0,0
BRDA:502,87,1,0
BRDA:503,88,0,0
BRDA:503,88,1,0
BRDA:519,89,0,0
BRDA:519,89,1,0
BRDA:530,90,0,0
BRDA:530,90,1,0
BRDA:530,91,0,0
BRDA:530,91,1,0
BRDA:539,92,0,0
BRDA:539,92,1,0
BRDA:540,93,0,0
BRDA:540,93,1,0
BRF:181
BRH:0
end_of_record
TN:
SF:src\hooks\competence\useCompetencePageState.tsx
FN:4,(anonymous_0)
FN:10,useCompetencePageState
FN:12,(anonymous_2)
FN:28,(anonymous_3)
FN:36,(anonymous_4)
FN:61,(anonymous_5)
FN:86,(anonymous_6)
FN:89,(anonymous_7)
FN:90,(anonymous_8)
FN:101,(anonymous_9)
FN:107,(anonymous_10)
FN:111,(anonymous_11)
FN:114,(anonymous_12)
FN:121,(anonymous_13)
FNF:14
FNH:0
FNDA:0,(anonymous_0)
FNDA:0,useCompetencePageState
FNDA:0,(anonymous_2)
FNDA:0,(anonymous_3)
FNDA:0,(anonymous_4)
FNDA:0,(anonymous_5)
FNDA:0,(anonymous_6)
FNDA:0,(anonymous_7)
FNDA:0,(anonymous_8)
FNDA:0,(anonymous_9)
FNDA:0,(anonymous_10)
FNDA:0,(anonymous_11)
FNDA:0,(anonymous_12)
FNDA:0,(anonymous_13)
DA:4,0
DA:5,0
DA:6,0
DA:7,0
DA:11,0
DA:12,0
DA:13,0
DA:16,0
DA:17,0
DA:18,0
DA:19,0
DA:20,0
DA:21,0
DA:22,0
DA:24,0
DA:25,0
DA:27,0
DA:29,0
DA:30,0
DA:35,0
DA:37,0
DA:38,0
DA:39,0
DA:41,0
DA:42,0
DA:43,0
DA:44,0
DA:45,0
DA:46,0
DA:49,0
DA:50,0
DA:52,0
DA:53,0
DA:54,0
DA:55,0
DA:56,0
DA:57,0
DA:60,0
DA:61,0
DA:64,0
DA:69,0
DA:71,0
DA:72,0
DA:73,0
DA:74,0
DA:85,0
DA:86,0
DA:89,0
DA:91,0
DA:92,0
DA:93,0
DA:101,0
DA:102,0
DA:103,0
DA:104,0
DA:107,0
DA:108,0
DA:111,0
DA:112,0
DA:114,0
DA:115,0
DA:116,0
DA:119,0
DA:120,0
DA:121,0
DA:124,0
LF:66
LH:0
BRDA:5,0,0,0
BRDA:5,0,1,0
BRDA:6,1,0,0
BRDA:6,1,1,0
BRDA:7,2,0,0
BRDA:7,2,1,0
BRDA:41,3,0,0
BRDA:41,3,1,0
BRDA:49,4,0,0
BRDA:49,4,1,0
BRDA:49,4,2,0
BRDA:50,5,0,0
BRDA:50,5,1,0
BRDA:52,6,0,0
BRDA:52,6,1,0
BRDA:60,7,0,0
BRDA:60,7,1,0
BRDA:64,8,0,0
BRDA:64,8,1,0
BRDA:64,9,0,0
BRDA:64,9,1,0
BRDA:67,10,0,0
BRDA:67,10,1,0
BRDA:69,11,0,0
BRDA:69,11,1,0
BRDA:91,12,0,0
BRDA:91,12,1,0
BRDA:91,13,0,0
BRDA:91,13,1,0
BRDA:103,14,0,0
BRDA:103,14,1,0
BRDA:108,15,0,0
BRDA:108,15,1,0
BRDA:112,16,0,0
BRDA:112,16,1,0
BRDA:116,17,0,0
BRDA:116,17,1,0
BRF:37
BRH:0
end_of_record
TN:
SF:src\hooks\competence\useStructureData.tsx
FN:17,useStructureData
FN:42,(anonymous_1)
FN:51,(anonymous_2)
FN:55,(anonymous_3)
FN:70,(anonymous_4)
FN:75,(anonymous_5)
FN:81,(anonymous_6)
FN:101,(anonymous_7)
FN:124,(anonymous_8)
FN:139,(anonymous_9)
FN:156,(anonymous_10)
FN:160,(anonymous_11)
FN:179,(anonymous_12)
FN:185,(anonymous_13)
FN:188,(anonymous_14)
FN:191,(anonymous_15)
FN:196,(anonymous_16)
FN:201,(anonymous_17)
FN:216,(anonymous_18)
FN:233,(anonymous_19)
FN:250,(anonymous_20)
FN:262,(anonymous_21)
FN:274,(anonymous_22)
FN:292,(anonymous_23)
FN:307,(anonymous_24)
FNF:25
FNH:0
FNDA:0,useStructureData
FNDA:0,(anonymous_1)
FNDA:0,(anonymous_2)
FNDA:0,(anonymous_3)
FNDA:0,(anonymous_4)
FNDA:0,(anonymous_5)
FNDA:0,(anonymous_6)
FNDA:0,(anonymous_7)
FNDA:0,(anonymous_8)
FNDA:0,(anonymous_9)
FNDA:0,(anonymous_10)
FNDA:0,(anonymous_11)
FNDA:0,(anonymous_12)
FNDA:0,(anonymous_13)
FNDA:0,(anonymous_14)
FNDA:0,(anonymous_15)
FNDA:0,(anonymous_16)
FNDA:0,(anonymous_17)
FNDA:0,(anonymous_18)
FNDA:0,(anonymous_19)
FNDA:0,(anonymous_20)
FNDA:0,(anonymous_21)
FNDA:0,(anonymous_22)
FNDA:0,(anonymous_23)
FNDA:0,(anonymous_24)
DA:15,0
DA:18,0
DA:19,0
DA:20,0
DA:21,0
DA:23,0
DA:24,0
DA:25,0
DA:26,0
DA:27,0
DA:29,0
DA:30,0
DA:31,0
DA:32,0
DA:33,0
DA:35,0
DA:36,0
DA:38,0
DA:39,0
DA:40,0
DA:42,0
DA:43,0
DA:44,0
DA:45,0
DA:47,0
DA:51,0
DA:52,0
DA:55,0
DA:56,0
DA:57,0
DA:58,0
DA:59,0
DA:60,0
DA:61,0
DA:63,0
DA:64,0
DA:66,0
DA:70,0
DA:71,0
DA:72,0
DA:75,0
DA:76,0
DA:77,0
DA:78,0
DA:81,0
DA:82,0
DA:83,0
DA:84,0
DA:85,0
DA:87,0
DA:88,0
DA:90,0
DA:92,0
DA:94,0
DA:95,0
DA:97,0
DA:101,0
DA:102,0
DA:103,0
DA:104,0
DA:109,0
DA:110,0
DA:112,0
DA:113,0
DA:114,0
DA:117,0
DA:119,0
DA:120,0
DA:124,0
DA:125,0
DA:126,0
DA:127,0
DA:128,0
DA:129,0
DA:132,0
DA:134,0
DA:135,0
DA:139,0
DA:140,0
DA:141,0
DA:142,0
DA:144,0
DA:145,0
DA:146,0
DA:147,0
DA:149,0
DA:150,0
DA:152,0
DA:156,0
DA:157,0
DA:160,0
DA:161,0
DA:162,0
DA:163,0
DA:165,0
DA:166,0
DA:168,0
DA:169,0
DA:170,0
DA:172,0
DA:173,0
DA:175,0
DA:179,0
DA:180,0
DA:181,0
DA:182,0
DA:183,0
DA:185,0
DA:186,0
DA:188,0
DA:191,0
DA:192,0
DA:193,0
DA:196,0
DA:197,0
DA:198,0
DA:201,0
DA:216,0
DA:217,0
DA:218,0
DA:220,0
DA:234,0
DA:235,0
DA:236,0
DA:250,0
DA:263,0
DA:264,0
DA:265,0
DA:274,0
DA:292,0
DA:307,0
DA:308,0
DA:309,0
DA:312,0
LF:134
LH:0
BRDA:87,0,0,0
BRDA:87,0,1,0
BRDA:102,1,0,0
BRDA:102,1,1,0
BRDA:109,2,0,0
BRDA:109,2,1,0
BRDA:114,3,0,0
BRDA:114,3,1,0
BRDA:119,4,0,0
BRDA:119,4,1,0
BRDA:125,5,0,0
BRDA:125,5,1,0
BRDA:129,6,0,0
BRDA:129,6,1,0
BRDA:140,7,0,0
BRDA:140,7,1,0
BRDA:147,8,0,0
BRDA:147,8,1,0
BRDA:157,9,0,0
BRDA:157,9,1,0
BRDA:161,10,0,0
BRDA:161,10,1,0
BRDA:161,11,0,0
BRDA:161,11,1,0
BRDA:168,12,0,0
BRDA:168,12,1,0
BRDA:180,13,0,0
BRDA:180,13,1,0
BRDA:181,14,0,0
BRDA:181,14,1,0
BRDA:181,15,0,0
BRDA:181,15,1,0
BRDA:192,16,0,0
BRDA:192,16,1,0
BRDA:205,17,0,0
BRDA:205,17,1,0
BRDA:207,18,0,0
BRDA:207,18,1,0
BRDA:208,19,0,0
BRDA:208,19,1,0
BRDA:217,20,0,0
BRDA:217,20,1,0
BRDA:227,21,0,0
BRDA:227,21,1,0
BRDA:245,22,0,0
BRDA:245,22,1,0
BRDA:245,23,0,0
BRDA:245,23,1,0
BRDA:273,24,0,0
BRDA:273,24,1,0
BRDA:274,25,0,0
BRDA:274,25,1,0
BRDA:278,26,0,0
BRDA:278,26,1,0
BRDA:280,27,0,0
BRDA:280,27,1,0
BRDA:281,28,0,0
BRDA:281,28,1,0
BRDA:301,29,0,0
BRDA:301,29,1,0
BRDA:304,30,0,0
BRDA:304,30,1,0
BRDA:308,31,0,0
BRDA:308,31,1,0
BRF:64
BRH:0
end_of_record
TN:
SF:src\hooks\formation\index.ts
FNF:0
FNH:0
DA:4,0
LF:1
LH:0
BRF:0
BRH:0
end_of_record
TN:
SF:src\hooks\ui\useAppNotification.ts
FN:3,useAppNotification
FNF:1
FNH:1
FNDA:7,useAppNotification
DA:4,7
DA:5,7
LF:2
LH:2
BRF:0
BRH:0
end_of_record
TN:
SF:src\hooks\ui\useDragAndDrop.ts
FN:11,useDragAndDrop
FN:18,(anonymous_1)
FN:25,(anonymous_2)
FN:46,(anonymous_3)
FN:55,(anonymous_4)
FN:74,(anonymous_5)
FN:81,(anonymous_6)
FN:89,(anonymous_7)
FN:98,(anonymous_8)
FN:104,(anonymous_9)
FN:105,(anonymous_10)
FN:113,(anonymous_11)
FN:120,(anonymous_12)
FN:133,(anonymous_13)
FNF:14
FNH:0
FNDA:0,useDragAndDrop
FNDA:0,(anonymous_1)
FNDA:0,(anonymous_2)
FNDA:0,(anonymous_3)
FNDA:0,(anonymous_4)
FNDA:0,(anonymous_5)
FNDA:0,(anonymous_6)
FNDA:0,(anonymous_7)
FNDA:0,(anonymous_8)
FNDA:0,(anonymous_9)
FNDA:0,(anonymous_10)
FNDA:0,(anonymous_11)
FNDA:0,(anonymous_12)
FNDA:0,(anonymous_13)
DA:12,0
DA:13,0
DA:14,0
DA:15,0
DA:18,0
DA:19,0
DA:20,0
DA:24,0
DA:26,0
DA:29,0
DA:34,0
DA:35,0
DA:36,0
DA:37,0
DA:38,0
DA:39,0
DA:46,0
DA:47,0
DA:48,0
DA:49,0
DA:50,0
DA:54,0
DA:56,0
DA:57,0
DA:62,0
DA:63,0
DA:64,0
DA:65,0
DA:66,0
DA:67,0
DA:74,0
DA:75,0
DA:76,0
DA:77,0
DA:81,0
DA:83,0
DA:84,0
DA:89,0
DA:90,0
DA:91,0
DA:92,0
DA:93,0
DA:95,0
DA:98,0
DA:99,0
DA:104,0
DA:105,0
DA:106,0
DA:107,0
DA:108,0
DA:109,0
DA:110,0
DA:112,0
DA:113,0
DA:115,0
DA:116,0
DA:119,0
DA:121,0
DA:122,0
DA:123,0
DA:124,0
DA:126,0
DA:127,0
DA:129,0
DA:130,0
DA:132,0
DA:133,0
DA:136,0
DA:137,0
DA:140,0
DA:143,0
DA:145,0
DA:146,0
DA:148,0
DA:149,0
DA:155,0
LF:76
LH:0
BRDA:19,0,0,0
BRDA:19,0,1,0
BRDA:26,1,0,0
BRDA:26,1,1,0
BRDA:31,2,0,0
BRDA:31,2,1,0
BRDA:32,3,0,0
BRDA:32,3,1,0
BRDA:83,4,0,0
BRDA:83,4,1,0
BRDA:91,5,0,0
BRDA:91,5,1,0
BRDA:99,6,0,0
BRDA:99,6,1,0
BRDA:100,7,0,0
BRDA:100,7,1,0
BRDA:107,8,0,0
BRDA:107,8,1,0
BRDA:109,9,0,0
BRDA:109,9,1,0
BRDA:110,10,0,0
BRDA:110,10,1,0
BRDA:113,11,0,0
BRDA:113,11,1,0
BRDA:127,12,0,0
BRDA:127,12,1,0
BRDA:133,13,0,0
BRDA:133,13,1,0
BRDA:136,14,0,0
BRDA:136,14,1,0
BRDA:136,15,0,0
BRDA:136,15,1,0
BRDA:138,16,0,0
BRDA:138,16,1,0
BRDA:145,17,0,0
BRDA:145,17,1,0
BRDA:145,18,0,0
BRDA:145,18,1,0
BRF:38
BRH:0
end_of_record
TN:
SF:src\pages\admin\gererComptes\ListAccounts.tsx
FN:53,ListAccounts
FN:65,(anonymous_1)
FN:69,(anonymous_2)
FN:72,(anonymous_3)
FN:91,(anonymous_4)
FN:92,(anonymous_5)
FN:93,(anonymous_6)
FN:97,(anonymous_7)
FN:103,(anonymous_8)
FN:115,(anonymous_9)
FN:137,(anonymous_10)
FN:147,(anonymous_11)
FN:162,(anonymous_12)
FN:168,(anonymous_13)
FN:173,(anonymous_14)
FN:174,(anonymous_15)
FN:180,(anonymous_16)
FN:181,(anonymous_17)
FN:185,(anonymous_18)
FN:186,(anonymous_19)
FN:190,(anonymous_20)
FN:191,(anonymous_21)
FN:199,(anonymous_22)
FN:215,(anonymous_23)
FN:222,(anonymous_24)
FN:223,(anonymous_25)
FN:224,(anonymous_26)
FN:233,(anonymous_27)
FN:242,(anonymous_28)
FN:245,(anonymous_29)
FN:252,(anonymous_30)
FN:255,(anonymous_31)
FN:270,(anonymous_32)
FN:311,(anonymous_33)
FN:315,(anonymous_34)
FN:329,(anonymous_35)
FN:340,Badge
FNF:37
FNH:0
FNDA:0,ListAccounts
FNDA:0,(anonymous_1)
FNDA:0,(anonymous_2)
FNDA:0,(anonymous_3)
FNDA:0,(anonymous_4)
FNDA:0,(anonymous_5)
FNDA:0,(anonymous_6)
FNDA:0,(anonymous_7)
FNDA:0,(anonymous_8)
FNDA:0,(anonymous_9)
FNDA:0,(anonymous_10)
FNDA:0,(anonymous_11)
FNDA:0,(anonymous_12)
FNDA:0,(anonymous_13)
FNDA:0,(anonymous_14)
FNDA:0,(anonymous_15)
FNDA:0,(anonymous_16)
FNDA:0,(anonymous_17)
FNDA:0,(anonymous_18)
FNDA:0,(anonymous_19)
FNDA:0,(anonymous_20)
FNDA:0,(anonymous_21)
FNDA:0,(anonymous_22)
FNDA:0,(anonymous_23)
FNDA:0,(anonymous_24)
FNDA:0,(anonymous_25)
FNDA:0,(anonymous_26)
FNDA:0,(anonymous_27)
FNDA:0,(anonymous_28)
FNDA:0,(anonymous_29)
FNDA:0,(anonymous_30)
FNDA:0,(anonymous_31)
FNDA:0,(anonymous_32)
FNDA:0,(anonymous_33)
FNDA:0,(anonymous_34)
FNDA:0,(anonymous_35)
FNDA:0,Badge
DA:48,0
DA:49,0
DA:51,0
DA:54,0
DA:55,0
DA:56,0
DA:57,0
DA:58,0
DA:59,0
DA:60,0
DA:61,0
DA:62,0
DA:63,0
DA:65,0
DA:66,0
DA:69,0
DA:70,0
DA:71,0
DA:72,0
DA:74,0
DA:75,0
DA:76,0
DA:77,0
DA:79,0
DA:81,0
DA:83,0
DA:85,0
DA:89,0
DA:91,0
DA:92,0
DA:93,0
DA:97,0
DA:98,0
DA:99,0
DA:103,0
DA:104,0
DA:105,0
DA:112,0
DA:115,0
DA:116,0
DA:117,0
DA:118,0
DA:119,0
DA:125,0
DA:126,0
DA:127,0
DA:128,0
DA:129,0
DA:131,0
DA:133,0
DA:137,0
DA:138,0
DA:139,0
DA:140,0
DA:141,0
DA:143,0
DA:147,0
DA:148,0
DA:149,0
DA:150,0
DA:151,0
DA:153,0
DA:155,0
DA:156,0
DA:158,0
DA:162,0
DA:163,0
DA:164,0
DA:165,0
DA:168,0
DA:169,0
DA:170,0
DA:173,0
DA:175,0
DA:180,0
DA:181,0
DA:185,0
DA:186,0
DA:190,0
DA:191,0
DA:194,0
DA:200,0
DA:215,0
DA:222,0
DA:223,0
DA:225,0
DA:226,0
DA:234,0
DA:243,0
DA:245,0
DA:252,0
DA:255,0
DA:263,0
DA:270,0
DA:311,0
DA:315,0
DA:329,0
DA:341,0
DA:342,0
LF:99
LH:0
BRDA:74,0,0,0
BRDA:74,0,1,0
BRDA:75,1,0,0
BRDA:75,1,1,0
BRDA:76,2,0,0
BRDA:76,2,1,0
BRDA:85,3,0,0
BRDA:85,3,1,0
BRDA:106,4,0,0
BRDA:106,4,1,0
BRDA:131,5,0,0
BRDA:131,5,1,0
BRDA:143,6,0,0
BRDA:143,6,1,0
BRDA:148,7,0,0
BRDA:148,7,1,0
BRDA:150,8,0,0
BRDA:150,8,1,0
BRDA:155,9,0,0
BRDA:155,9,1,0
BRDA:158,10,0,0
BRDA:158,10,1,0
BRDA:164,11,0,0
BRDA:164,11,1,0
BRDA:180,12,0,0
BRDA:180,12,1,0
BRDA:190,13,0,0
BRDA:190,13,1,0
BRDA:201,14,0,0
BRDA:201,14,1,0
BRDA:226,15,0,0
BRDA:226,15,1,0
BRDA:234,16,0,0
BRDA:234,16,1,0
BRDA:247,17,0,0
BRDA:247,17,1,0
BRDA:251,18,0,0
BRDA:251,18,1,0
BRDA:344,19,0,0
BRDA:344,19,1,0
BRF:40
BRH:0
end_of_record
TN:
SF:src\pages\admin\gererComptes\Login.tsx
FN:20,(anonymous_0)
FN:28,Login
FN:36,(anonymous_2)
FN:68,(anonymous_3)
FN:95,(anonymous_4)
FN:149,(anonymous_5)
FN:159,(anonymous_6)
FNF:7
FNH:0
FNDA:0,(anonymous_0)
FNDA:0,Login
FNDA:0,(anonymous_2)
FNDA:0,(anonymous_3)
FNDA:0,(anonymous_4)
FNDA:0,(anonymous_5)
FNDA:0,(anonymous_6)
DA:12,0
DA:14,0
DA:20,0
DA:29,0
DA:30,0
DA:31,0
DA:32,0
DA:33,0
DA:34,0
DA:36,0
DA:37,0
DA:38,0
DA:39,0
DA:40,0
DA:41,0
DA:42,0
DA:49,0
DA:50,0
DA:52,0
DA:53,0
DA:55,0
DA:58,0
DA:62,0
DA:69,0
DA:96,0
DA:150,0
DA:159,0
LF:27
LH:0
BRDA:41,0,0,0
BRDA:41,0,1,0
BRDA:52,1,0,0
BRDA:52,1,1,0
BRDA:55,2,0,0
BRDA:55,2,1,0
BRDA:157,3,0,0
BRDA:157,3,1,0
BRDA:157,3,2,0
BRF:9
BRH:0
end_of_record
TN:
SF:src\pages\admin\gererComptes\PasswordRecovery.tsx
FN:10,PasswordRecovery
FN:15,(anonymous_1)
FN:31,(anonymous_2)
FNF:3
FNH:0
FNDA:0,PasswordRecovery
FNDA:0,(anonymous_1)
FNDA:0,(anonymous_2)
DA:8,0
DA:11,0
DA:12,0
DA:13,0
DA:15,0
DA:16,0
DA:17,0
DA:18,0
DA:19,0
DA:21,0
DA:22,0
DA:24,0
DA:28,0
DA:31,0
LF:14
LH:0
BRDA:19,0,0,0
BRDA:19,0,1,0
BRDA:21,1,0,0
BRDA:21,1,1,0
BRDA:44,2,0,0
BRDA:44,2,1,0
BRF:6
BRH:0
end_of_record
TN:
SF:src\pages\admin\gererComptes\UpdatePassword.tsx
FN:8,UpdatePassword
FN:13,(anonymous_1)
FN:61,(anonymous_2)
FN:62,(anonymous_3)
FNF:4
FNH:0
FNDA:0,UpdatePassword
FNDA:0,(anonymous_1)
FNDA:0,(anonymous_2)
FNDA:0,(anonymous_3)
DA:9,0
DA:10,0
DA:11,0
DA:13,0
DA:14,0
DA:15,0
DA:16,0
DA:17,0
DA:18,0
DA:20,0
DA:22,0
DA:26,0
DA:61,0
DA:63,0
DA:64,0
DA:66,0
LF:16
LH:0
BRDA:20,0,0,0
BRDA:20,0,1,0
BRDA:63,1,0,0
BRDA:63,1,1,0
BRDA:63,2,0,0
BRDA:63,2,1,0
BRF:6
BRH:0
end_of_record
TN:
SF:src\pages\analyse\AnalysePredictivePage.tsx
FN:33,(anonymous_0)
FN:36,AnalysePredictivePage
FN:58,(anonymous_2)
FN:60,loadDashboard
FN:74,handleTrainModel
FN:87,(anonymous_5)
FN:95,handleAnalyserEnseignant
FN:125,handleAnalyzeFromTable
FN:130,(anonymous_8)
FN:131,(anonymous_9)
FN:132,(anonymous_10)
FN:137,(anonymous_11)
FN:138,(anonymous_12)
FN:142,(anonymous_13)
FN:300,(anonymous_14)
FN:321,(anonymous_15)
FN:324,(anonymous_16)
FN:334,(anonymous_17)
FNF:18
FNH:0
FNDA:0,(anonymous_0)
FNDA:0,AnalysePredictivePage
FNDA:0,(anonymous_2)
FNDA:0,loadDashboard
FNDA:0,handleTrainModel
FNDA:0,(anonymous_5)
FNDA:0,handleAnalyserEnseignant
FNDA:0,handleAnalyzeFromTable
FNDA:0,(anonymous_8)
FNDA:0,(anonymous_9)
FNDA:0,(anonymous_10)
FNDA:0,(anonymous_11)
FNDA:0,(anonymous_12)
FNDA:0,(anonymous_13)
FNDA:0,(anonymous_14)
FNDA:0,(anonymous_15)
FNDA:0,(anonymous_16)
FNDA:0,(anonymous_17)
DA:30,0
DA:31,0
DA:33,0
DA:34,0
DA:37,0
DA:38,0
DA:39,0
DA:40,0
DA:43,0
DA:44,0
DA:45,0
DA:46,0
DA:47,0
DA:48,0
DA:51,0
DA:52,0
DA:53,0
DA:54,0
DA:55,0
DA:56,0
DA:58,0
DA:61,0
DA:62,0
DA:63,0
DA:64,0
DA:65,0
DA:66,0
DA:68,0
DA:70,0
DA:75,0
DA:76,0
DA:77,0
DA:78,0
DA:79,0
DA:80,0
DA:81,0
DA:82,0
DA:83,0
DA:85,0
DA:87,0
DA:89,0
DA:91,0
DA:96,0
DA:97,0
DA:98,0
DA:99,0
DA:100,0
DA:101,0
DA:106,0
DA:107,0
DA:109,0
DA:110,0
DA:111,0
DA:117,0
DA:120,0
DA:126,0
DA:127,0
DA:130,0
DA:131,0
DA:132,0
DA:137,0
DA:138,0
DA:143,0
DA:152,0
DA:271,0
DA:300,0
DA:321,0
DA:324,0
DA:334,0
LF:69
LH:0
BRDA:34,0,0,0
BRDA:34,0,1,0
BRDA:64,1,0,0
BRDA:64,1,1,0
BRDA:65,2,0,0
BRDA:65,2,1,0
BRDA:66,3,0,0
BRDA:66,3,1,0
BRDA:78,4,0,0
BRDA:78,4,1,0
BRDA:79,5,0,0
BRDA:79,5,1,0
BRDA:79,6,0,0
BRDA:79,6,1,0
BRDA:80,7,0,0
BRDA:80,7,1,0
BRDA:81,8,0,0
BRDA:81,8,1,0
BRDA:82,9,0,0
BRDA:82,9,1,0
BRDA:83,10,0,0
BRDA:83,10,1,0
BRDA:83,11,0,0
BRDA:83,11,1,0
BRDA:96,12,0,0
BRDA:96,12,1,0
BRDA:97,13,0,0
BRDA:97,13,1,0
BRDA:98,14,0,0
BRDA:98,14,1,0
BRDA:103,15,0,0
BRDA:103,15,1,0
BRDA:109,16,0,0
BRDA:109,16,1,0
BRDA:110,17,0,0
BRDA:110,17,1,0
BRDA:110,18,0,0
BRDA:110,18,1,0
BRDA:110,18,2,0
BRDA:112,19,0,0
BRDA:112,19,1,0
BRDA:132,20,0,0
BRDA:132,20,1,0
BRDA:143,21,0,0
BRDA:143,21,1,0
BRDA:144,22,0,0
BRDA:144,22,1,0
BRDA:192,23,0,0
BRDA:192,23,1,0
BRDA:207,24,0,0
BRDA:207,24,1,0
BRDA:229,25,0,0
BRDA:229,25,1,0
BRDA:280,26,0,0
BRDA:280,26,1,0
BRDA:292,27,0,0
BRDA:292,27,1,0
BRF:57
BRH:0
end_of_record
TN:
SF:src\pages\analyse\AnalyticsDashboardPage.tsx
FN:25,(anonymous_0)
FN:34,AnalyticsDashboardPage
FN:38,(anonymous_2)
FN:39,(anonymous_3)
FN:41,(anonymous_4)
FN:43,(anonymous_5)
FN:45,(anonymous_6)
FN:49,(anonymous_7)
FN:50,(anonymous_8)
FN:52,(anonymous_9)
FN:54,(anonymous_10)
FN:56,(anonymous_11)
FN:60,(anonymous_12)
FN:63,(anonymous_13)
FN:71,(anonymous_14)
FN:74,(anonymous_15)
FN:83,(anonymous_16)
FN:85,(anonymous_17)
FN:87,(anonymous_18)
FN:89,(anonymous_19)
FN:93,(anonymous_20)
FN:95,(anonymous_21)
FN:97,(anonymous_22)
FN:99,(anonymous_23)
FNF:24
FNH:0
FNDA:0,(anonymous_0)
FNDA:0,AnalyticsDashboardPage
FNDA:0,(anonymous_2)
FNDA:0,(anonymous_3)
FNDA:0,(anonymous_4)
FNDA:0,(anonymous_5)
FNDA:0,(anonymous_6)
FNDA:0,(anonymous_7)
FNDA:0,(anonymous_8)
FNDA:0,(anonymous_9)
FNDA:0,(anonymous_10)
FNDA:0,(anonymous_11)
FNDA:0,(anonymous_12)
FNDA:0,(anonymous_13)
FNDA:0,(anonymous_14)
FNDA:0,(anonymous_15)
FNDA:0,(anonymous_16)
FNDA:0,(anonymous_17)
FNDA:0,(anonymous_18)
FNDA:0,(anonymous_19)
FNDA:0,(anonymous_20)
FNDA:0,(anonymous_21)
FNDA:0,(anonymous_22)
FNDA:0,(anonymous_23)
DA:16,0
DA:18,0
DA:25,0
DA:30,0
DA:35,0
DA:37,0
DA:38,0
DA:39,0
DA:41,0
DA:43,0
DA:45,0
DA:48,0
DA:49,0
DA:50,0
DA:52,0
DA:54,0
DA:56,0
DA:59,0
DA:60,0
DA:64,0
DA:71,0
DA:75,0
DA:76,0
DA:77,0
DA:82,0
DA:83,0
DA:85,0
DA:87,0
DA:89,0
DA:92,0
DA:93,0
DA:95,0
DA:97,0
DA:99,0
DA:102,0
LF:35
LH:0
BRDA:39,0,0,0
BRDA:39,0,1,0
BRDA:45,1,0,0
BRDA:45,1,1,0
BRDA:50,2,0,0
BRDA:50,2,1,0
BRDA:54,3,0,0
BRDA:54,3,1,0
BRDA:71,4,0,0
BRDA:71,4,1,0
BRDA:75,5,0,0
BRDA:75,5,1,0
BRDA:75,6,0,0
BRDA:75,6,1,0
BRDA:76,7,0,0
BRDA:76,7,1,0
BRDA:76,8,0,0
BRDA:76,8,1,0
BRDA:97,9,0,0
BRDA:97,9,1,0
BRDA:107,10,0,0
BRDA:107,10,1,0
BRDA:113,11,0,0
BRDA:113,11,1,0
BRDA:124,12,0,0
BRDA:124,12,1,0
BRDA:134,13,0,0
BRDA:134,13,1,0
BRDA:154,14,0,0
BRDA:154,14,1,0
BRDA:170,15,0,0
BRDA:170,15,1,0
BRDA:189,16,0,0
BRDA:189,16,1,0
BRDA:218,17,0,0
BRDA:218,17,1,0
BRDA:237,18,0,0
BRDA:237,18,1,0
BRDA:258,19,0,0
BRDA:258,19,1,0
BRF:40
BRH:0
end_of_record
TN:
SF:src\pages\analyse\TeacherAnalyticsPage.tsx
FN:28,TeacherAnalyticsPage
FN:39,handleSearch
FN:47,handleAnalyse
FN:54,handleGapClick
FN:73,(anonymous_4)
FN:101,(anonymous_5)
FN:135,(anonymous_6)
FN:210,(anonymous_7)
FNF:8
FNH:0
FNDA:0,TeacherAnalyticsPage
FNDA:0,handleSearch
FNDA:0,handleAnalyse
FNDA:0,handleGapClick
FNDA:0,(anonymous_4)
FNDA:0,(anonymous_5)
FNDA:0,(anonymous_6)
FNDA:0,(anonymous_7)
DA:19,0
DA:21,0
DA:29,0
DA:30,0
DA:31,0
DA:32,0
DA:37,0
DA:40,0
DA:41,0
DA:42,0
DA:43,0
DA:44,0
DA:48,0
DA:49,0
DA:50,0
DA:51,0
DA:55,0
DA:56,0
DA:59,0
DA:74,0
DA:102,0
DA:118,0
DA:135,0
DA:210,0
LF:24
LH:0
BRDA:30,0,0,0
BRDA:30,0,1,0
BRDA:31,1,0,0
BRDA:31,1,1,0
BRDA:41,2,0,0
BRDA:41,2,1,0
BRDA:48,3,0,0
BRDA:48,3,1,0
BRDA:66,4,0,0
BRDA:66,4,1,0
BRDA:71,5,0,0
BRDA:71,5,1,0
BRDA:81,6,0,0
BRDA:81,6,1,0
BRDA:94,7,0,0
BRDA:94,7,1,0
BRDA:99,8,0,0
BRDA:99,8,1,0
BRDA:109,9,0,0
BRDA:109,9,1,0
BRDA:149,10,0,0
BRDA:149,10,1,0
BRDA:169,11,0,0
BRDA:169,11,1,0
BRDA:174,12,0,0
BRDA:174,12,1,0
BRDA:221,13,0,0
BRDA:221,13,1,0
BRF:28
BRH:0
end_of_record
TN:
SF:src\pages\auth\EditProfile.tsx
FN:9,EditProfile
FN:15,(anonymous_1)
FN:16,(anonymous_2)
FN:34,(anonymous_3)
FNF:4
FNH:0
FNDA:0,EditProfile
FNDA:0,(anonymous_1)
FNDA:0,(anonymous_2)
FNDA:0,(anonymous_3)
DA:10,0
DA:11,0
DA:12,0
DA:15,0
DA:16,0
DA:17,0
DA:18,0
DA:19,0
DA:20,0
DA:29,0
DA:34,0
DA:35,0
DA:36,0
DA:45,0
DA:46,0
DA:47,0
DA:48,0
DA:50,0
DA:56,0
DA:59,0
DA:63,0
LF:21
LH:0
BRDA:29,0,0,0
BRDA:29,0,1,0
BRDA:35,1,0,0
BRDA:35,1,1,0
BRDA:56,2,0,0
BRDA:56,2,1,0
BRDA:56,2,2,0
BRF:7
BRH:0
end_of_record
TN:
SF:src\pages\auth\Profile.tsx
FN:36,Profile
FN:49,(anonymous_1)
FN:53,(anonymous_2)
FN:74,(anonymous_3)
FN:88,(anonymous_4)
FN:174,(anonymous_5)
FN:181,(anonymous_6)
FN:193,(anonymous_7)
FN:212,(anonymous_8)
FN:223,(anonymous_9)
FN:231,(anonymous_10)
FN:232,(anonymous_11)
FNF:12
FNH:0
FNDA:0,Profile
FNDA:0,(anonymous_1)
FNDA:0,(anonymous_2)
FNDA:0,(anonymous_3)
FNDA:0,(anonymous_4)
FNDA:0,(anonymous_5)
FNDA:0,(anonymous_6)
FNDA:0,(anonymous_7)
FNDA:0,(anonymous_8)
FNDA:0,(anonymous_9)
FNDA:0,(anonymous_10)
FNDA:0,(anonymous_11)
DA:34,0
DA:37,0
DA:38,0
DA:39,0
DA:40,0
DA:41,0
DA:42,0
DA:43,0
DA:44,0
DA:46,0
DA:47,0
DA:49,0
DA:50,0
DA:53,0
DA:54,0
DA:55,0
DA:56,0
DA:57,0
DA:58,0
DA:59,0
DA:66,0
DA:67,0
DA:68,0
DA:70,0
DA:74,0
DA:75,0
DA:76,0
DA:77,0
DA:78,0
DA:79,0
DA:80,0
DA:82,0
DA:84,0
DA:88,0
DA:89,0
DA:90,0
DA:91,0
DA:93,0
DA:94,0
DA:95,0
DA:96,0
DA:97,0
DA:98,0
DA:100,0
DA:102,0
DA:106,0
DA:110,0
DA:174,0
DA:181,0
DA:193,0
DA:212,0
DA:223,0
DA:231,0
DA:233,0
DA:234,0
LF:55
LH:0
BRDA:62,0,0,0
BRDA:62,0,1,0
BRDA:66,1,0,0
BRDA:66,1,1,0
BRDA:66,1,2,0
BRDA:82,2,0,0
BRDA:82,2,1,0
BRDA:82,2,2,0
BRDA:89,3,0,0
BRDA:89,3,1,0
BRDA:100,4,0,0
BRDA:100,4,1,0
BRDA:100,4,2,0
BRDA:106,5,0,0
BRDA:106,5,1,0
BRDA:107,6,0,0
BRDA:107,6,1,0
BRDA:107,6,2,0
BRDA:107,6,3,0
BRDA:112,7,0,0
BRDA:112,7,1,0
BRDA:116,8,0,0
BRDA:116,8,1,0
BRDA:140,9,0,0
BRDA:140,9,1,0
BRDA:143,10,0,0
BRDA:143,10,1,0
BRDA:151,11,0,0
BRDA:151,11,1,0
BRDA:155,12,0,0
BRDA:155,12,1,0
BRDA:159,13,0,0
BRDA:159,13,1,0
BRDA:233,14,0,0
BRDA:233,14,1,0
BRDA:233,15,0,0
BRDA:233,15,1,0
BRF:37
BRH:0
end_of_record
TN:
SF:src\pages\auth\Register.tsx
FN:27,Register
FN:33,(anonymous_1)
FN:80,(anonymous_2)
FN:167,(anonymous_3)
FN:168,(anonymous_4)
FN:248,(anonymous_5)
FN:249,(anonymous_6)
FN:305,(anonymous_7)
FNF:8
FNH:0
FNDA:0,Register
FNDA:0,(anonymous_1)
FNDA:0,(anonymous_2)
FNDA:0,(anonymous_3)
FNDA:0,(anonymous_4)
FNDA:0,(anonymous_5)
FNDA:0,(anonymous_6)
FNDA:0,(anonymous_7)
DA:24,0
DA:25,0
DA:28,0
DA:29,0
DA:30,0
DA:31,0
DA:33,0
DA:34,0
DA:35,0
DA:37,0
DA:50,0
DA:51,0
DA:52,0
DA:63,0
DA:65,0
DA:67,0
DA:71,0
DA:74,0
DA:76,0
DA:77,0
DA:80,0
DA:81,0
DA:85,0
DA:90,0
DA:94,0
DA:167,0
DA:169,0
DA:170,0
DA:172,0
DA:248,0
DA:250,0
DA:251,0
DA:253,0
DA:305,0
LF:34
LH:0
BRDA:27,0,0,0
BRDA:50,1,0,0
BRDA:50,1,1,0
BRDA:50,2,0,0
BRDA:50,2,1,0
BRDA:50,2,2,0
BRDA:50,2,3,0
BRDA:58,3,0,0
BRDA:58,3,1,0
BRDA:59,4,0,0
BRDA:59,4,1,0
BRDA:76,5,0,0
BRDA:76,5,1,0
BRDA:86,6,0,0
BRDA:86,6,1,0
BRDA:169,7,0,0
BRDA:169,7,1,0
BRDA:169,8,0,0
BRDA:169,8,1,0
BRDA:250,9,0,0
BRDA:250,9,1,0
BRDA:250,10,0,0
BRDA:250,10,1,0
BRF:23
BRH:0
end_of_record
TN:
SF:src\pages\besoin\BesoinForm.tsx
FN:72,(anonymous_0)
FN:74,(anonymous_1)
FN:114,SectionLabel
FN:129,ChoiceCardGroup
FN:132,(anonymous_4)
FN:143,(anonymous_5)
FN:170,BesoinForm
FN:188,(anonymous_7)
FN:200,(anonymous_8)
FN:201,(anonymous_9)
FN:216,(anonymous_10)
FN:223,(anonymous_11)
FN:227,(anonymous_12)
FN:231,(anonymous_13)
FN:252,(anonymous_14)
FN:282,(anonymous_15)
FN:282,(anonymous_16)
FN:304,(anonymous_17)
FN:315,(anonymous_18)
FN:326,(anonymous_19)
FN:327,(anonymous_20)
FN:328,(anonymous_21)
FN:329,(anonymous_22)
FN:331,(anonymous_23)
FN:342,(anonymous_24)
FN:357,(anonymous_25)
FN:359,(anonymous_26)
FN:360,(anonymous_27)
FN:367,(anonymous_28)
FN:374,(anonymous_29)
FN:390,(anonymous_30)
FN:397,(anonymous_31)
FN:409,(anonymous_32)
FN:410,(anonymous_33)
FN:415,(anonymous_34)
FN:421,(anonymous_35)
FN:422,(anonymous_36)
FN:450,(anonymous_37)
FN:538,(anonymous_38)
FN:539,(anonymous_39)
FN:544,(anonymous_40)
FN:574,(anonymous_41)
FN:588,(anonymous_42)
FN:589,(anonymous_43)
FN:643,(anonymous_44)
FN:648,(anonymous_45)
FN:660,(anonymous_46)
FN:669,(anonymous_47)
FN:675,(anonymous_48)
FN:684,(anonymous_49)
FN:684,(anonymous_50)
FN:686,(anonymous_51)
FN:690,(anonymous_52)
FN:700,(anonymous_53)
FN:702,(anonymous_54)
FN:705,(anonymous_55)
FN:714,(anonymous_56)
FN:714,(anonymous_57)
FN:722,(anonymous_58)
FN:772,(anonymous_59)
FN:774,(anonymous_60)
FN:775,(anonymous_61)
FN:776,(anonymous_62)
FN:777,(anonymous_63)
FN:780,(anonymous_64)
FN:824,(anonymous_65)
FN:826,(anonymous_66)
FN:826,(anonymous_67)
FN:875,(anonymous_68)
FN:883,(anonymous_69)
FN:930,(anonymous_70)
FN:942,(anonymous_71)
FN:949,(anonymous_72)
FN:1001,(anonymous_73)
FN:1009,(anonymous_74)
FN:1015,(anonymous_75)
FNF:76
FNH:0
FNDA:0,(anonymous_0)
FNDA:0,(anonymous_1)
FNDA:0,SectionLabel
FNDA:0,ChoiceCardGroup
FNDA:0,(anonymous_4)
FNDA:0,(anonymous_5)
FNDA:0,BesoinForm
FNDA:0,(anonymous_7)
FNDA:0,(anonymous_8)
FNDA:0,(anonymous_9)
FNDA:0,(anonymous_10)
FNDA:0,(anonymous_11)
FNDA:0,(anonymous_12)
FNDA:0,(anonymous_13)
FNDA:0,(anonymous_14)
FNDA:0,(anonymous_15)
FNDA:0,(anonymous_16)
FNDA:0,(anonymous_17)
FNDA:0,(anonymous_18)
FNDA:0,(anonymous_19)
FNDA:0,(anonymous_20)
FNDA:0,(anonymous_21)
FNDA:0,(anonymous_22)
FNDA:0,(anonymous_23)
FNDA:0,(anonymous_24)
FNDA:0,(anonymous_25)
FNDA:0,(anonymous_26)
FNDA:0,(anonymous_27)
FNDA:0,(anonymous_28)
FNDA:0,(anonymous_29)
FNDA:0,(anonymous_30)
FNDA:0,(anonymous_31)
FNDA:0,(anonymous_32)
FNDA:0,(anonymous_33)
FNDA:0,(anonymous_34)
FNDA:0,(anonymous_35)
FNDA:0,(anonymous_36)
FNDA:0,(anonymous_37)
FNDA:0,(anonymous_38)
FNDA:0,(anonymous_39)
FNDA:0,(anonymous_40)
FNDA:0,(anonymous_41)
FNDA:0,(anonymous_42)
FNDA:0,(anonymous_43)
FNDA:0,(anonymous_44)
FNDA:0,(anonymous_45)
FNDA:0,(anonymous_46)
FNDA:0,(anonymous_47)
FNDA:0,(anonymous_48)
FNDA:0,(anonymous_49)
FNDA:0,(anonymous_50)
FNDA:0,(anonymous_51)
FNDA:0,(anonymous_52)
FNDA:0,(anonymous_53)
FNDA:0,(anonymous_54)
FNDA:0,(anonymous_55)
FNDA:0,(anonymous_56)
FNDA:0,(anonymous_57)
FNDA:0,(anonymous_58)
FNDA:0,(anonymous_59)
FNDA:0,(anonymous_60)
FNDA:0,(anonymous_61)
FNDA:0,(anonymous_62)
FNDA:0,(anonymous_63)
FNDA:0,(anonymous_64)
FNDA:0,(anonymous_65)
FNDA:0,(anonymous_66)
FNDA:0,(anonymous_67)
FNDA:0,(anonymous_68)
FNDA:0,(anonymous_69)
FNDA:0,(anonymous_70)
FNDA:0,(anonymous_71)
FNDA:0,(anonymous_72)
FNDA:0,(anonymous_73)
FNDA:0,(anonymous_74)
FNDA:0,(anonymous_75)
DA:59,1
DA:60,1
DA:61,1
DA:63,1
DA:71,1
DA:72,0
DA:74,0
DA:77,1
DA:96,1
DA:103,1
DA:115,0
DA:130,0
DA:133,0
DA:134,0
DA:143,0
DA:171,0
DA:172,0
DA:173,0
DA:174,0
DA:175,0
DA:177,0
DA:178,0
DA:179,0
DA:180,0
DA:181,0
DA:182,0
DA:183,0
DA:184,0
DA:185,0
DA:186,0
DA:187,0
DA:188,0
DA:189,0
DA:192,0
DA:193,0
DA:194,0
DA:195,0
DA:196,0
DA:197,0
DA:198,0
DA:200,0
DA:201,0
DA:202,0
DA:203,0
DA:204,0
DA:205,0
DA:206,0
DA:208,0
DA:210,0
DA:216,0
DA:217,0
DA:218,0
DA:219,0
DA:220,0
DA:224,0
DA:225,0
DA:226,0
DA:227,0
DA:231,0
DA:232,0
DA:233,0
DA:241,0
DA:242,0
DA:243,0
DA:244,0
DA:245,0
DA:246,0
DA:249,0
DA:252,0
DA:253,0
DA:254,0
DA:255,0
DA:256,0
DA:279,0
DA:280,0
DA:281,0
DA:282,0
DA:283,0
DA:284,0
DA:287,0
DA:288,0
DA:289,0
DA:290,0
DA:291,0
DA:292,0
DA:293,0
DA:294,0
DA:295,0
DA:296,0
DA:298,0
DA:300,0
DA:304,0
DA:305,0
DA:306,0
DA:307,0
DA:308,0
DA:309,0
DA:310,0
DA:311,0
DA:315,0
DA:316,0
DA:317,0
DA:318,0
DA:319,0
DA:320,0
DA:321,0
DA:322,0
DA:323,0
DA:324,0
DA:325,0
DA:326,0
DA:327,0
DA:328,0
DA:329,0
DA:330,0
DA:332,0
DA:333,0
DA:334,0
DA:335,0
DA:336,0
DA:337,0
DA:338,0
DA:340,0
DA:342,0
DA:344,0
DA:345,0
DA:346,0
DA:347,0
DA:348,0
DA:349,0
DA:351,0
DA:353,0
DA:357,0
DA:359,0
DA:360,0
DA:361,0
DA:362,0
DA:363,0
DA:364,0
DA:367,0
DA:368,0
DA:369,0
DA:370,0
DA:371,0
DA:374,0
DA:378,0
DA:390,0
DA:397,0
DA:409,0
DA:411,0
DA:415,0
DA:421,0
DA:423,0
DA:424,0
DA:425,0
DA:426,0
DA:427,0
DA:428,0
DA:433,0
DA:438,0
DA:450,0
DA:538,0
DA:540,0
DA:544,0
DA:574,0
DA:588,0
DA:589,0
DA:643,0
DA:648,0
DA:661,0
DA:670,0
DA:671,0
DA:672,0
DA:673,0
DA:675,0
DA:684,0
DA:687,0
DA:688,0
DA:690,0
DA:701,0
DA:702,0
DA:703,0
DA:705,0
DA:714,0
DA:722,0
DA:772,0
DA:773,0
DA:774,0
DA:775,0
DA:776,0
DA:777,0
DA:778,0
DA:780,0
DA:782,0
DA:824,0
DA:826,0
DA:846,0
DA:847,0
DA:855,0
DA:856,0
DA:875,0
DA:883,0
DA:895,0
DA:896,0
DA:900,0
DA:931,0
DA:943,0
DA:944,0
DA:949,0
DA:1002,0
DA:1009,0
DA:1016,0
LF:212
LH:8
BRDA:72,0,0,0
BRDA:72,0,1,0
BRDA:74,1,0,0
BRDA:74,1,1,0
BRDA:120,2,0,0
BRDA:120,2,1,0
BRDA:129,3,0,0
BRDA:138,4,0,0
BRDA:138,4,1,0
BRDA:146,5,0,0
BRDA:146,5,1,0
BRDA:155,6,0,0
BRDA:155,6,1,0
BRDA:173,7,0,0
BRDA:173,7,1,0
BRDA:174,8,0,0
BRDA:174,8,1,0
BRDA:175,9,0,0
BRDA:175,9,1,0
BRDA:187,10,0,0
BRDA:187,10,1,0
BRDA:217,11,0,0
BRDA:217,11,1,0
BRDA:217,12,0,0
BRDA:217,12,1,0
BRDA:218,13,0,0
BRDA:218,13,1,0
BRDA:219,14,0,0
BRDA:219,14,1,0
BRDA:224,15,0,0
BRDA:224,15,1,0
BRDA:225,16,0,0
BRDA:225,16,1,0
BRDA:235,17,0,0
BRDA:235,17,1,0
BRDA:236,18,0,0
BRDA:236,18,1,0
BRDA:237,19,0,0
BRDA:237,19,1,0
BRDA:237,19,2,0
BRDA:244,20,0,0
BRDA:244,20,1,0
BRDA:257,21,0,0
BRDA:257,21,1,0
BRDA:257,21,2,0
BRDA:264,22,0,0
BRDA:264,22,1,0
BRDA:265,23,0,0
BRDA:265,23,1,0
BRDA:268,24,0,0
BRDA:268,24,1,0
BRDA:268,25,0,0
BRDA:268,25,1,0
BRDA:268,25,2,0
BRDA:269,26,0,0
BRDA:269,26,1,0
BRDA:272,27,0,0
BRDA:272,27,1,0
BRDA:273,28,0,0
BRDA:273,28,1,0
BRDA:281,29,0,0
BRDA:281,29,1,0
BRDA:281,30,0,0
BRDA:281,30,1,0
BRDA:283,31,0,0
BRDA:283,31,1,0
BRDA:298,32,0,0
BRDA:298,32,1,0
BRDA:305,33,0,0
BRDA:305,33,1,0
BRDA:305,33,2,0
BRDA:305,33,3,0
BRDA:305,33,4,0
BRDA:305,33,5,0
BRDA:318,34,0,0
BRDA:318,34,1,0
BRDA:322,35,0,0
BRDA:322,35,1,0
BRDA:324,36,0,0
BRDA:324,36,1,0
BRDA:324,37,0,0
BRDA:324,37,1,0
BRDA:325,38,0,0
BRDA:326,39,0,0
BRDA:326,39,1,0
BRDA:332,40,0,0
BRDA:332,40,1,0
BRDA:333,41,0,0
BRDA:333,41,1,0
BRDA:333,42,0,0
BRDA:333,42,1,0
BRDA:334,43,0,0
BRDA:334,43,1,0
BRDA:334,44,0,0
BRDA:334,44,1,0
BRDA:335,45,0,0
BRDA:335,45,1,0
BRDA:335,46,0,0
BRDA:335,46,1,0
BRDA:336,47,0,0
BRDA:336,47,1,0
BRDA:337,48,0,0
BRDA:337,48,1,0
BRDA:337,49,0,0
BRDA:337,49,1,0
BRDA:337,49,2,0
BRDA:338,50,0,0
BRDA:338,50,1,0
BRDA:345,51,0,0
BRDA:345,51,1,0
BRDA:353,52,0,0
BRDA:353,52,1,0
BRDA:360,53,0,0
BRDA:360,53,1,0
BRDA:361,54,0,0
BRDA:361,54,1,0
BRDA:363,55,0,0
BRDA:363,55,1,0
BRDA:390,56,0,0
BRDA:390,56,1,0
BRDA:397,57,0,0
BRDA:397,57,1,0
BRDA:426,58,0,0
BRDA:426,58,1,0
BRDA:426,58,2,0
BRDA:427,59,0,0
BRDA:427,59,1,0
BRDA:428,60,0,0
BRDA:428,60,1,0
BRDA:430,61,0,0
BRDA:430,61,1,0
BRDA:433,62,0,0
BRDA:433,62,1,0
BRDA:435,63,0,0
BRDA:435,63,1,0
BRDA:465,64,0,0
BRDA:465,64,1,0
BRDA:466,65,0,0
BRDA:466,65,1,0
BRDA:466,66,0,0
BRDA:466,66,1,0
BRDA:589,67,0,0
BRDA:589,67,1,0
BRDA:629,68,0,0
BRDA:629,68,1,0
BRDA:633,69,0,0
BRDA:633,69,1,0
BRDA:633,70,0,0
BRDA:633,70,1,0
BRDA:646,71,0,0
BRDA:646,71,1,0
BRDA:653,72,0,0
BRDA:653,72,1,0
BRDA:671,73,0,0
BRDA:671,73,1,0
BRDA:684,74,0,0
BRDA:684,74,1,0
BRDA:688,75,0,0
BRDA:688,75,1,0
BRDA:688,75,2,0
BRDA:688,75,3,0
BRDA:702,76,0,0
BRDA:702,76,1,0
BRDA:702,77,0,0
BRDA:702,77,1,0
BRDA:702,78,0,0
BRDA:702,78,1,0
BRDA:705,79,0,0
BRDA:705,79,1,0
BRDA:705,80,0,0
BRDA:705,80,1,0
BRDA:778,81,0,0
BRDA:778,81,1,0
BRDA:779,82,0,0
BRDA:779,82,1,0
BRDA:780,83,0,0
BRDA:780,83,1,0
BRDA:788,84,0,0
BRDA:788,84,1,0
BRDA:788,84,2,0
BRDA:789,85,0,0
BRDA:789,85,1,0
BRDA:789,85,2,0
BRDA:790,86,0,0
BRDA:790,86,1,0
BRDA:791,87,0,0
BRDA:791,87,1,0
BRDA:791,88,0,0
BRDA:791,88,1,0
BRDA:791,88,2,0
BRDA:799,89,0,0
BRDA:799,89,1,0
BRDA:800,90,0,0
BRDA:800,90,1,0
BRDA:801,91,0,0
BRDA:801,91,1,0
BRDA:802,92,0,0
BRDA:802,92,1,0
BRDA:803,93,0,0
BRDA:803,93,1,0
BRDA:804,94,0,0
BRDA:804,94,1,0
BRDA:812,95,0,0
BRDA:812,95,1,0
BRDA:814,96,0,0
BRDA:814,96,1,0
BRDA:815,97,0,0
BRDA:815,97,1,0
BRDA:816,98,0,0
BRDA:816,98,1,0
BRDA:817,99,0,0
BRDA:817,99,1,0
BRDA:824,100,0,0
BRDA:824,100,1,0
BRDA:828,101,0,0
BRDA:828,101,1,0
BRDA:836,102,0,0
BRDA:836,102,1,0
BRDA:837,103,0,0
BRDA:837,103,1,0
BRDA:838,104,0,0
BRDA:838,104,1,0
BRDA:846,105,0,0
BRDA:846,105,1,0
BRDA:855,106,0,0
BRDA:855,106,1,0
BRDA:896,107,0,0
BRDA:896,107,1,0
BRDA:932,108,0,0
BRDA:932,108,1,0
BRDA:943,109,0,0
BRDA:943,109,1,0
BRDA:943,110,0,0
BRDA:943,110,1,0
BRDA:949,111,0,0
BRDA:949,111,1,0
BRDA:951,112,0,0
BRDA:951,112,1,0
BRDA:954,113,0,0
BRDA:954,113,1,0
BRDA:969,114,0,0
BRDA:969,114,1,0
BRDA:1018,115,0,0
BRDA:1018,115,1,0
BRDA:1019,116,0,0
BRDA:1019,116,1,0
BRDA:1044,117,0,0
BRDA:1044,117,1,0
BRDA:1045,118,0,0
BRDA:1045,118,1,0
BRDA:1052,119,0,0
BRDA:1052,119,1,0
BRDA:1062,120,0,0
BRDA:1062,120,1,0
BRDA:1072,121,0,0
BRDA:1072,121,1,0
BRDA:1082,122,0,0
BRDA:1082,122,1,0
BRF:258
BRH:0
end_of_record
TN:
SF:src\pages\besoin\BesoinList.tsx
FN:83,BesoinList
FN:115,(anonymous_1)
FN:116,(anonymous_2)
FN:116,(anonymous_3)
FN:117,(anonymous_4)
FN:119,(anonymous_5)
FN:121,(anonymous_6)
FN:126,(anonymous_7)
FN:133,(anonymous_8)
FN:139,(anonymous_9)
FN:141,(anonymous_10)
FN:152,(anonymous_11)
FN:158,(anonymous_12)
FN:160,(anonymous_13)
FN:161,(anonymous_14)
FN:162,(anonymous_15)
FN:163,(anonymous_16)
FN:164,(anonymous_17)
FN:165,(anonymous_18)
FN:169,(anonymous_19)
FN:178,(anonymous_20)
FN:186,(anonymous_21)
FN:190,(anonymous_22)
FN:197,(anonymous_23)
FN:199,(anonymous_24)
FN:204,(anonymous_25)
FN:212,(anonymous_26)
FN:212,(anonymous_27)
FN:218,(anonymous_28)
FN:228,(anonymous_29)
FN:236,(anonymous_30)
FN:263,(anonymous_31)
FN:283,(anonymous_32)
FN:523,(anonymous_33)
FN:535,(anonymous_34)
FN:556,(anonymous_35)
FN:558,(anonymous_36)
FN:587,(anonymous_37)
FN:593,(anonymous_38)
FN:600,(anonymous_39)
FN:606,(anonymous_40)
FN:607,(anonymous_41)
FN:616,(anonymous_42)
FN:622,(anonymous_43)
FN:629,(anonymous_44)
FN:636,(anonymous_45)
FN:652,(anonymous_46)
FN:655,(anonymous_47)
FN:659,(anonymous_48)
FN:681,(anonymous_49)
FN:726,(anonymous_50)
FN:744,(anonymous_51)
FN:774,(anonymous_52)
FN:786,(anonymous_53)
FN:798,(anonymous_54)
FN:812,(anonymous_55)
FN:823,(anonymous_56)
FN:826,(anonymous_57)
FN:837,(anonymous_58)
FN:851,(anonymous_59)
FN:882,(anonymous_60)
FN:886,(anonymous_61)
FN:887,(anonymous_62)
FN:918,(anonymous_63)
FN:925,(anonymous_64)
FN:958,(anonymous_65)
FN:992,(anonymous_66)
FNF:67
FNH:0
FNDA:0,BesoinList
FNDA:0,(anonymous_1)
FNDA:0,(anonymous_2)
FNDA:0,(anonymous_3)
FNDA:0,(anonymous_4)
FNDA:0,(anonymous_5)
FNDA:0,(anonymous_6)
FNDA:0,(anonymous_7)
FNDA:0,(anonymous_8)
FNDA:0,(anonymous_9)
FNDA:0,(anonymous_10)
FNDA:0,(anonymous_11)
FNDA:0,(anonymous_12)
FNDA:0,(anonymous_13)
FNDA:0,(anonymous_14)
FNDA:0,(anonymous_15)
FNDA:0,(anonymous_16)
FNDA:0,(anonymous_17)
FNDA:0,(anonymous_18)
FNDA:0,(anonymous_19)
FNDA:0,(anonymous_20)
FNDA:0,(anonymous_21)
FNDA:0,(anonymous_22)
FNDA:0,(anonymous_23)
FNDA:0,(anonymous_24)
FNDA:0,(anonymous_25)
FNDA:0,(anonymous_26)
FNDA:0,(anonymous_27)
FNDA:0,(anonymous_28)
FNDA:0,(anonymous_29)
FNDA:0,(anonymous_30)
FNDA:0,(anonymous_31)
FNDA:0,(anonymous_32)
FNDA:0,(anonymous_33)
FNDA:0,(anonymous_34)
FNDA:0,(anonymous_35)
FNDA:0,(anonymous_36)
FNDA:0,(anonymous_37)
FNDA:0,(anonymous_38)
FNDA:0,(anonymous_39)
FNDA:0,(anonymous_40)
FNDA:0,(anonymous_41)
FNDA:0,(anonymous_42)
FNDA:0,(anonymous_43)
FNDA:0,(anonymous_44)
FNDA:0,(anonymous_45)
FNDA:0,(anonymous_46)
FNDA:0,(anonymous_47)
FNDA:0,(anonymous_48)
FNDA:0,(anonymous_49)
FNDA:0,(anonymous_50)
FNDA:0,(anonymous_51)
FNDA:0,(anonymous_52)
FNDA:0,(anonymous_53)
FNDA:0,(anonymous_54)
FNDA:0,(anonymous_55)
FNDA:0,(anonymous_56)
FNDA:0,(anonymous_57)
FNDA:0,(anonymous_58)
FNDA:0,(anonymous_59)
FNDA:0,(anonymous_60)
FNDA:0,(anonymous_61)
FNDA:0,(anonymous_62)
FNDA:0,(anonymous_63)
FNDA:0,(anonymous_64)
FNDA:0,(anonymous_65)
FNDA:0,(anonymous_66)
DA:60,1
DA:61,1
DA:62,1
DA:64,1
DA:74,1
DA:84,0
DA:85,0
DA:88,0
DA:89,0
DA:90,0
DA:91,0
DA:92,0
DA:93,0
DA:96,0
DA:97,0
DA:98,0
DA:99,0
DA:100,0
DA:103,0
DA:104,0
DA:105,0
DA:106,0
DA:107,0
DA:109,0
DA:110,0
DA:111,0
DA:112,0
DA:115,0
DA:116,0
DA:117,0
DA:118,0
DA:119,0
DA:120,0
DA:121,0
DA:122,0
DA:126,0
DA:127,0
DA:128,0
DA:129,0
DA:133,0
DA:135,0
DA:136,0
DA:137,0
DA:138,0
DA:139,0
DA:140,0
DA:141,0
DA:143,0
DA:145,0
DA:146,0
DA:148,0
DA:152,0
DA:153,0
DA:158,0
DA:159,0
DA:160,0
DA:161,0
DA:162,0
DA:163,0
DA:164,0
DA:165,0
DA:166,0
DA:167,0
DA:168,0
DA:169,0
DA:175,0
DA:176,0
DA:177,0
DA:178,0
DA:179,0
DA:180,0
DA:183,0
DA:186,0
DA:187,0
DA:190,0
DA:191,0
DA:192,0
DA:193,0
DA:197,0
DA:198,0
DA:199,0
DA:200,0
DA:204,0
DA:205,0
DA:206,0
DA:207,0
DA:209,0
DA:210,0
DA:211,0
DA:212,0
DA:214,0
DA:218,0
DA:219,0
DA:220,0
DA:221,0
DA:222,0
DA:224,0
DA:225,0
DA:226,0
DA:227,0
DA:228,0
DA:230,0
DA:232,0
DA:236,0
DA:237,0
DA:238,0
DA:260,0
DA:263,0
DA:264,0
DA:265,0
DA:266,0
DA:267,0
DA:272,0
DA:273,0
DA:274,0
DA:275,0
DA:277,0
DA:279,0
DA:283,0
DA:284,0
DA:523,0
DA:524,0
DA:525,0
DA:526,0
DA:527,0
DA:528,0
DA:529,0
DA:530,0
DA:531,0
DA:532,0
DA:535,0
DA:536,0
DA:537,0
DA:538,0
DA:539,0
DA:540,0
DA:541,0
DA:542,0
DA:544,0
DA:545,0
DA:552,0
DA:556,0
DA:557,0
DA:558,0
DA:571,0
DA:575,0
DA:577,0
DA:578,0
DA:583,0
DA:588,0
DA:593,0
DA:600,0
DA:606,0
DA:608,0
DA:609,0
DA:616,0
DA:622,0
DA:630,0
DA:631,0
DA:636,0
DA:652,0
DA:655,0
DA:659,0
DA:675,0
DA:676,0
DA:682,0
DA:708,0
DA:716,0
DA:726,0
DA:745,0
DA:746,0
DA:775,0
DA:776,0
DA:786,0
DA:799,0
DA:800,0
DA:812,0
DA:823,0
DA:826,0
DA:837,0
DA:851,0
DA:882,0
DA:886,0
DA:887,0
DA:918,0
DA:925,0
DA:958,0
DA:993,0
DA:994,0
DA:995,0
LF:190
LH:5
BRDA:115,0,0,0
BRDA:115,0,1,0
BRDA:115,0,2,0
BRDA:117,1,0,0
BRDA:118,2,0,0
BRDA:118,2,1,0
BRDA:118,2,2,0
BRDA:118,2,3,0
BRDA:118,2,4,0
BRDA:120,3,0,0
BRDA:120,3,1,0
BRDA:120,4,0,0
BRDA:120,4,1,0
BRDA:122,5,0,0
BRDA:122,5,1,0
BRDA:122,6,0,0
BRDA:122,6,1,0
BRDA:135,7,0,0
BRDA:135,7,1,0
BRDA:135,8,0,0
BRDA:135,8,1,0
BRDA:140,9,0,0
BRDA:140,9,1,0
BRDA:141,10,0,0
BRDA:141,10,1,0
BRDA:141,10,2,0
BRDA:141,11,0,0
BRDA:141,11,1,0
BRDA:159,12,0,0
BRDA:159,12,1,0
BRDA:160,13,0,0
BRDA:160,13,1,0
BRDA:161,14,0,0
BRDA:161,14,1,0
BRDA:162,15,0,0
BRDA:162,15,1,0
BRDA:163,16,0,0
BRDA:163,16,1,0
BRDA:164,17,0,0
BRDA:164,17,1,0
BRDA:165,18,0,0
BRDA:165,18,1,0
BRDA:166,19,0,0
BRDA:166,19,1,0
BRDA:169,20,0,0
BRDA:169,20,1,0
BRDA:169,20,2,0
BRDA:170,21,0,0
BRDA:170,21,1,0
BRDA:171,22,0,0
BRDA:171,22,1,0
BRDA:172,23,0,0
BRDA:172,23,1,0
BRDA:175,24,0,0
BRDA:175,24,1,0
BRDA:175,25,0,0
BRDA:175,25,1,0
BRDA:179,26,0,0
BRDA:179,26,1,0
BRDA:180,27,0,0
BRDA:180,27,1,0
BRDA:191,28,0,0
BRDA:191,28,1,0
BRDA:205,29,0,0
BRDA:205,29,1,0
BRDA:220,30,0,0
BRDA:220,30,1,0
BRDA:240,31,0,0
BRDA:240,31,1,0
BRDA:241,32,0,0
BRDA:241,32,1,0
BRDA:242,33,0,0
BRDA:242,33,1,0
BRDA:243,34,0,0
BRDA:243,34,1,0
BRDA:244,35,0,0
BRDA:244,35,1,0
BRDA:245,36,0,0
BRDA:245,36,1,0
BRDA:246,37,0,0
BRDA:246,37,1,0
BRDA:247,38,0,0
BRDA:247,38,1,0
BRDA:248,39,0,0
BRDA:248,39,1,0
BRDA:249,40,0,0
BRDA:249,40,1,0
BRDA:250,41,0,0
BRDA:250,41,1,0
BRDA:251,42,0,0
BRDA:251,42,1,0
BRDA:252,43,0,0
BRDA:252,43,1,0
BRDA:253,44,0,0
BRDA:253,44,1,0
BRDA:254,45,0,0
BRDA:254,45,1,0
BRDA:255,46,0,0
BRDA:255,46,1,0
BRDA:256,47,0,0
BRDA:256,47,1,0
BRDA:257,48,0,0
BRDA:257,48,1,0
BRDA:257,48,2,0
BRDA:258,49,0,0
BRDA:258,49,1,0
BRDA:270,50,0,0
BRDA:270,50,1,0
BRDA:461,51,0,0
BRDA:461,51,1,0
BRDA:461,51,2,0
BRDA:465,52,0,0
BRDA:465,52,1,0
BRDA:469,53,0,0
BRDA:469,53,1,0
BRDA:473,54,0,0
BRDA:473,54,1,0
BRDA:489,55,0,0
BRDA:489,55,1,0
BRDA:527,56,0,0
BRDA:527,56,1,0
BRDA:528,57,0,0
BRDA:528,57,1,0
BRDA:528,57,2,0
BRDA:530,58,0,0
BRDA:530,58,1,0
BRDA:530,58,2,0
BRDA:540,59,0,0
BRDA:540,59,1,0
BRDA:544,60,0,0
BRDA:544,60,1,0
BRDA:546,61,0,0
BRDA:546,61,1,0
BRDA:546,61,2,0
BRDA:546,61,3,0
BRDA:559,62,0,0
BRDA:559,62,1,0
BRDA:559,62,2,0
BRDA:560,63,0,0
BRDA:560,63,1,0
BRDA:561,64,0,0
BRDA:561,64,1,0
BRDA:562,65,0,0
BRDA:562,65,1,0
BRDA:563,66,0,0
BRDA:563,66,1,0
BRDA:566,67,0,0
BRDA:566,67,1,0
BRDA:567,68,0,0
BRDA:567,68,1,0
BRDA:568,69,0,0
BRDA:568,69,1,0
BRDA:569,70,0,0
BRDA:569,70,1,0
BRDA:589,71,0,0
BRDA:589,71,1,0
BRDA:589,71,2,0
BRDA:590,72,0,0
BRDA:590,72,1,0
BRDA:593,73,0,0
BRDA:593,73,1,0
BRDA:593,74,0,0
BRDA:593,74,1,0
BRDA:600,75,0,0
BRDA:600,75,1,0
BRDA:609,76,0,0
BRDA:609,76,1,0
BRDA:609,77,0,0
BRDA:609,77,1,0
BRDA:616,78,0,0
BRDA:616,78,1,0
BRDA:633,79,0,0
BRDA:633,79,1,0
BRDA:675,80,0,0
BRDA:675,80,1,0
BRDA:675,81,0,0
BRDA:675,81,1,0
BRDA:708,82,0,0
BRDA:708,82,1,0
BRDA:708,82,2,0
BRDA:708,82,3,0
BRDA:708,82,4,0
BRDA:708,82,5,0
BRDA:708,82,6,0
BRDA:714,83,0,0
BRDA:714,83,1,0
BRDA:757,84,0,0
BRDA:757,84,1,0
BRDA:757,84,2,0
BRDA:763,85,0,0
BRDA:763,85,1,0
BRDA:766,86,0,0
BRDA:766,86,1,0
BRDA:771,87,0,0
BRDA:771,87,1,0
BRDA:795,88,0,0
BRDA:795,88,1,0
BRDA:795,88,2,0
BRDA:832,89,0,0
BRDA:832,89,1,0
BRDA:832,89,2,0
BRDA:887,90,0,0
BRDA:887,90,1,0
BRDA:918,91,0,0
BRDA:918,91,1,0
BRDA:925,92,0,0
BRDA:925,92,1,0
BRDA:966,93,0,0
BRDA:966,93,1,0
BRDA:972,94,0,0
BRDA:972,94,1,0
BRDA:972,94,2,0
BRDA:986,95,0,0
BRDA:986,95,1,0
BRDA:993,96,0,0
BRDA:993,96,1,0
BRDA:994,97,0,0
BRDA:994,97,1,0
BRDA:994,97,2,0
BRF:219
BRH:0
end_of_record
TN:
SF:src\pages\besoin\Contact.tsx
FN:3,Contact
FN:15,(anonymous_1)
FN:20,(anonymous_2)
FNF:3
FNH:0
FNDA:0,Contact
FNDA:0,(anonymous_1)
FNDA:0,(anonymous_2)
DA:4,0
DA:5,0
DA:11,0
DA:16,0
DA:20,0
LF:5
LH:0
BRF:0
BRH:0
end_of_record
TN:
SF:src\pages\besoin\MailForm.tsx
FN:9,MailForm
FN:29,(anonymous_1)
FN:38,(anonymous_2)
FN:39,(anonymous_3)
FN:46,(anonymous_4)
FN:57,(anonymous_5)
FN:58,(anonymous_6)
FN:65,(anonymous_7)
FN:88,(anonymous_8)
FNF:9
FNH:0
FNDA:0,MailForm
FNDA:0,(anonymous_1)
FNDA:0,(anonymous_2)
FNDA:0,(anonymous_3)
FNDA:0,(anonymous_4)
FNDA:0,(anonymous_5)
FNDA:0,(anonymous_6)
FNDA:0,(anonymous_7)
FNDA:0,(anonymous_8)
DA:10,0
DA:11,0
DA:14,0
DA:15,0
DA:22,0
DA:27,0
DA:30,0
DA:37,0
DA:38,0
DA:39,0
DA:41,0
DA:42,0
DA:47,0
DA:56,0
DA:57,0
DA:58,0
DA:60,0
DA:61,0
DA:66,0
DA:74,0
DA:88,0
DA:89,0
DA:90,0
DA:91,0
DA:92,0
DA:93,0
DA:94,0
DA:96,0
DA:97,0
DA:98,0
DA:102,0
DA:147,0
DA:187,0
LF:33
LH:0
BRDA:14,0,0,0
BRDA:14,0,1,0
BRDA:15,1,0,0
BRDA:15,1,1,0
BRDA:22,2,0,0
BRDA:22,2,1,0
BRDA:27,3,0,0
BRDA:27,3,1,0
BRDA:32,4,0,0
BRDA:32,4,1,0
BRDA:38,5,0,0
BRDA:38,5,1,0
BRDA:39,6,0,0
BRDA:39,6,1,0
BRDA:42,7,0,0
BRDA:42,7,1,0
BRDA:48,8,0,0
BRDA:48,8,1,0
BRDA:57,9,0,0
BRDA:57,9,1,0
BRDA:58,10,0,0
BRDA:58,10,1,0
BRDA:61,11,0,0
BRDA:61,11,1,0
BRDA:67,12,0,0
BRDA:67,12,1,0
BRDA:74,13,0,0
BRDA:74,13,1,0
BRDA:75,14,0,0
BRDA:75,14,1,0
BRDA:91,15,0,0
BRDA:91,15,1,0
BRDA:94,16,0,0
BRDA:94,16,1,0
BRDA:97,17,0,0
BRDA:97,17,1,0
BRDA:97,17,2,0
BRDA:97,17,3,0
BRF:38
BRH:0
end_of_record
TN:
SF:src\pages\besoin\components\BesoinCard.tsx
FN:28,(anonymous_0)
FN:34,(anonymous_1)
FN:41,(anonymous_2)
FN:51,(anonymous_3)
FN:65,BesoinCard
FN:86,(anonymous_5)
FN:86,(anonymous_6)
FN:90,(anonymous_7)
FN:174,(anonymous_8)
FN:179,(anonymous_9)
FN:180,(anonymous_10)
FN:191,(anonymous_11)
FN:201,(anonymous_12)
FN:210,(anonymous_13)
FN:218,(anonymous_14)
FN:219,(anonymous_15)
FN:229,(anonymous_16)
FNF:17
FNH:0
FNDA:0,(anonymous_0)
FNDA:0,(anonymous_1)
FNDA:0,(anonymous_2)
FNDA:0,(anonymous_3)
FNDA:0,BesoinCard
FNDA:0,(anonymous_5)
FNDA:0,(anonymous_6)
FNDA:0,(anonymous_7)
FNDA:0,(anonymous_8)
FNDA:0,(anonymous_9)
FNDA:0,(anonymous_10)
FNDA:0,(anonymous_11)
FNDA:0,(anonymous_12)
FNDA:0,(anonymous_13)
FNDA:0,(anonymous_14)
FNDA:0,(anonymous_15)
FNDA:0,(anonymous_16)
DA:19,1
DA:23,1
DA:28,1
DA:29,0
DA:30,0
DA:31,0
DA:34,1
DA:35,0
DA:36,0
DA:37,0
DA:38,0
DA:41,1
DA:42,0
DA:43,0
DA:44,0
DA:46,0
DA:50,1
DA:51,1
DA:52,0
DA:53,0
DA:54,0
DA:55,0
[...]
BRDA:135,41,1,0
BRDA:139,42,0,0
BRDA:139,42,1,0
BRDA:143,43,0,0
BRDA:143,43,1,0
BRF:86
BRH:0
end_of_record
TN:
SF:src\utils\helpers\excelExport.ts
FN:19,(anonymous_0)
FN:23,autoColWidths
FN:24,(anonymous_2)
FN:27,(anonymous_3)
FN:39,styledSheet
FN:55,(anonymous_5)
FN:55,(anonymous_6)
FN:68,(anonymous_7)
FN:69,(anonymous_8)
FN:105,(anonymous_9)
FN:123,writeExcel
FN:125,(anonymous_11)
FN:133,exportDateLabel
FN:139,isoDate
FNF:14
FNH:1
FNDA:4,(anonymous_0)
FNDA:0,autoColWidths
FNDA:0,(anonymous_2)
FNDA:0,(anonymous_3)
FNDA:0,styledSheet
FNDA:0,(anonymous_5)
FNDA:0,(anonymous_6)
FNDA:0,(anonymous_7)
FNDA:0,(anonymous_8)
FNDA:0,(anonymous_9)
FNDA:0,writeExcel
FNDA:0,(anonymous_11)
FNDA:0,exportDateLabel
FNDA:0,isoDate
DA:8,1
DA:19,4
DA:20,1
DA:24,0
DA:27,0
DA:40,0
DA:41,0
DA:42,0
DA:45,0
DA:46,0
DA:47,0
DA:48,0
DA:51,0
DA:52,0
DA:53,0
DA:54,0
DA:55,0
DA:57,0
DA:60,0
DA:61,0
DA:62,0
DA:63,0
DA:65,0
DA:68,0
DA:69,0
DA:70,0
DA:71,0
DA:73,0
DA:74,0
DA:79,0
DA:80,0
DA:85,0
DA:86,0
DA:93,0
DA:94,0
DA:105,0
DA:106,0
DA:107,0
DA:108,0
DA:109,0
DA:113,0
DA:115,0
DA:124,0
DA:125,0
DA:126,0
DA:127,0
DA:129,0
DA:134,0
DA:140,0
LF:49
LH:3
BRDA:19,0,0,4
BRDA:27,1,0,0
BRDA:27,1,1,0
BRDA:39,2,0,0
BRDA:40,3,0,0
BRDA:40,3,1,0
BRDA:40,4,0,0
BRDA:40,4,1,0
BRDA:52,5,0,0
BRDA:52,5,1,0
BRDA:53,6,0,0
BRDA:53,6,1,0
BRDA:55,7,0,0
BRDA:55,7,1,0
BRDA:62,8,0,0
BRDA:62,8,1,0
BRDA:63,9,0,0
BRDA:63,9,1,0
BRDA:71,10,0,0
BRDA:71,10,1,0
BRDA:73,11,0,0
BRDA:73,11,1,0
BRDA:73,12,0,0
BRDA:73,12,1,0
BRDA:79,13,0,0
BRDA:79,13,1,0
BRDA:79,14,0,0
BRDA:79,14,1,0
BRDA:79,15,0,0
BRDA:79,15,1,0
BRDA:85,16,0,0
BRDA:85,16,1,0
BRDA:95,17,0,0
BRDA:95,17,1,0
BRDA:106,18,0,0
BRDA:106,18,1,0
BRDA:106,19,0,0
BRDA:106,19,1,0
BRDA:107,20,0,0
BRDA:107,20,1,0
BRDA:107,21,0,0
BRDA:107,21,1,0
BRDA:107,22,0,0
BRDA:107,22,1,0
BRDA:108,23,0,0
BRDA:108,23,1,0
BRF:46
BRH:1
end_of_record
TN:
SF:src\utils\helpers\exportUtils.ts
FN:4,getExportDateSuffix
FN:9,createStyledSheet
FN:61,(anonymous_2)
FN:64,(anonymous_3)
FN:72,buildCSVString
FN:73,(anonymous_5)
FN:74,(anonymous_6)
FN:74,(anonymous_7)
FN:78,downloadFile
FN:90,doExportStructureExcel
FN:98,(anonymous_10)
FN:101,(anonymous_11)
FN:110,(anonymous_12)
FN:113,(anonymous_13)
FN:114,(anonymous_14)
FN:123,(anonymous_15)
FN:126,(anonymous_16)
FN:127,(anonymous_17)
FN:136,(anonymous_18)
FN:137,(anonymous_19)
FN:139,(anonymous_20)
FN:141,(anonymous_21)
FN:159,doExportSavoirsExcel
FN:167,(anonymous_23)
FN:168,(anonymous_24)
FN:170,(anonymous_25)
FN:172,(anonymous_26)
FN:174,(anonymous_27)
FN:192,doExportSynthesisExcel
FN:199,(anonymous_29)
FN:200,(anonymous_30)
FN:208,(anonymous_31)
FN:209,(anonymous_32)
FN:210,(anonymous_33)
FN:211,(anonymous_34)
FN:212,(anonymous_35)
FN:214,(anonymous_36)
FN:223,(anonymous_37)
FN:224,(anonymous_38)
FN:234,doExportSavoirsCSV
FN:247,(anonymous_40)
FN:248,(anonymous_41)
FN:250,(anonymous_42)
FN:252,(anonymous_43)
FN:254,(anonymous_44)
FN:270,doExportCompetencesCSV
FN:281,(anonymous_46)
FN:282,(anonymous_47)
FN:283,(anonymous_48)
FN:284,(anonymous_49)
FN:289,(anonymous_50)
FN:291,(anonymous_51)
FN:298,(anonymous_52)
FN:300,(anonymous_53)
FN:305,(anonymous_54)
FN:308,(anonymous_55)
FN:309,(anonymous_56)
FN:315,(anonymous_57)
FN:317,(anonymous_58)
FN:321,doExportStructureJSON
FN:330,(anonymous_60)
FN:335,(anonymous_61)
FN:336,(anonymous_62)
FNF:63
FNH:0
FNDA:0,getExportDateSuffix
FNDA:0,createStyledSheet
FNDA:0,(anonymous_2)
FNDA:0,(anonymous_3)
FNDA:0,buildCSVString
FNDA:0,(anonymous_5)
FNDA:0,(anonymous_6)
FNDA:0,(anonymous_7)
FNDA:0,downloadFile
FNDA:0,doExportStructureExcel
FNDA:0,(anonymous_10)
FNDA:0,(anonymous_11)
FNDA:0,(anonymous_12)
FNDA:0,(anonymous_13)
FNDA:0,(anonymous_14)
FNDA:0,(anonymous_15)
FNDA:0,(anonymous_16)
FNDA:0,(anonymous_17)
FNDA:0,(anonymous_18)
FNDA:0,(anonymous_19)
FNDA:0,(anonymous_20)
FNDA:0,(anonymous_21)
FNDA:0,doExportSavoirsExcel
FNDA:0,(anonymous_23)
FNDA:0,(anonymous_24)
FNDA:0,(anonymous_25)
FNDA:0,(anonymous_26)
FNDA:0,(anonymous_27)
FNDA:0,doExportSynthesisExcel
FNDA:0,(anonymous_29)
FNDA:0,(anonymous_30)
FNDA:0,(anonymous_31)
FNDA:0,(anonymous_32)
FNDA:0,(anonymous_33)
FNDA:0,(anonymous_34)
FNDA:0,(anonymous_35)
FNDA:0,(anonymous_36)
FNDA:0,(anonymous_37)
FNDA:0,(anonymous_38)
FNDA:0,doExportSavoirsCSV
FNDA:0,(anonymous_40)
FNDA:0,(anonymous_41)
FNDA:0,(anonymous_42)
FNDA:0,(anonymous_43)
FNDA:0,(anonymous_44)
FNDA:0,doExportCompetencesCSV
FNDA:0,(anonymous_46)
FNDA:0,(anonymous_47)
FNDA:0,(anonymous_48)
FNDA:0,(anonymous_49)
FNDA:0,(anonymous_50)
FNDA:0,(anonymous_51)
FNDA:0,(anonymous_52)
FNDA:0,(anonymous_53)
FNDA:0,(anonymous_54)
FNDA:0,(anonymous_55)
FNDA:0,(anonymous_56)
FNDA:0,(anonymous_57)
FNDA:0,(anonymous_58)
FNDA:0,doExportStructureJSON
FNDA:0,(anonymous_60)
FNDA:0,(anonymous_61)
FNDA:0,(anonymous_62)
DA:5,0
DA:10,0
DA:11,0
DA:14,0
DA:15,0
DA:16,0
DA:17,0
DA:37,0
DA:38,0
DA:39,0
DA:40,0
DA:41,0
DA:61,0
DA:64,0
DA:67,0
DA:69,0
DA:73,0
DA:74,0
DA:75,0
DA:79,0
DA:80,0
DA:81,0
DA:82,0
DA:83,0
DA:84,0
DA:85,0
DA:86,0
DA:87,0
DA:91,0
DA:92,0
DA:93,0
DA:95,0
DA:98,0
DA:101,0
DA:107,0
DA:110,0
DA:113,0
DA:114,0
DA:120,0
DA:123,0
DA:126,0
DA:127,0
DA:133,0
DA:137,0
DA:138,0
DA:139,0
DA:141,0
DA:143,0
DA:156,0
DA:160,0
DA:161,0
DA:162,0
DA:164,0
DA:168,0
DA:169,0
DA:170,0
DA:172,0
DA:174,0
DA:175,0
DA:189,0
DA:193,0
DA:194,0
DA:199,0
DA:200,0
DA:203,0
DA:205,0
DA:209,0
DA:210,0
DA:211,0
DA:212,0
DA:213,0
DA:214,0
DA:217,0
DA:223,0
DA:224,0
DA:231,0
DA:235,0
DA:236,0
DA:237,0
DA:247,0
DA:248,0
DA:249,0
DA:250,0
DA:252,0
DA:254,0
DA:256,0
DA:267,0
DA:271,0
DA:272,0
DA:273,0
DA:281,0
DA:282,0
DA:283,0
DA:284,0
DA:286,0
DA:289,0
DA:291,0
DA:295,0
DA:298,0
DA:300,0
DA:305,0
DA:308,0
DA:309,0
DA:310,0
DA:315,0
DA:317,0
DA:322,0
DA:330,0
DA:335,0
DA:336,0
DA:340,0
LF:111
LH:0
BRDA:16,0,0,0
BRDA:16,0,1,0
BRDA:40,1,0,0
BRDA:40,1,1,0
BRDA:44,2,0,0
BRDA:44,2,1,0
BRDA:61,3,0,0
BRDA:61,3,1,0
BRDA:64,4,0,0
BRDA:64,4,1,0
BRDA:74,5,0,0
BRDA:74,5,1,0
BRDA:93,6,0,0
BRDA:93,6,1,0
BRDA:113,7,0,0
BRDA:113,7,1,0
BRDA:126,8,0,0
BRDA:126,8,1,0
BRDA:127,9,0,0
BRDA:127,9,1,0
BRDA:127,10,0,0
BRDA:127,10,1,0
BRDA:138,11,0,0
BRDA:138,11,1,0
BRDA:140,12,0,0
BRDA:140,12,1,0
BRDA:148,13,0,0
BRDA:148,13,1,0
BRDA:149,14,0,0
BRDA:149,14,1,0
BRDA:161,15,0,0
BRDA:161,15,1,0
BRDA:169,16,0,0
BRDA:169,16,1,0
BRDA:171,17,0,0
BRDA:171,17,1,0
BRDA:174,18,0,0
BRDA:174,18,1,0
BRDA:180,19,0,0
BRDA:180,19,1,0
BRDA:181,20,0,0
BRDA:181,20,1,0
BRDA:182,21,0,0
BRDA:182,21,1,0
BRDA:195,22,0,0
BRDA:195,22,1,0
BRDA:195,23,0,0
BRDA:195,23,1,0
BRDA:196,24,0,0
BRDA:196,24,1,0
BRDA:196,25,0,0
BRDA:196,25,1,0
BRDA:197,26,0,0
BRDA:197,26,1,0
BRDA:197,27,0,0
BRDA:197,27,1,0
BRDA:198,28,0,0
BRDA:198,28,1,0
BRDA:198,29,0,0
BRDA:198,29,1,0
BRDA:199,30,0,0
BRDA:199,30,1,0
BRDA:199,31,0,0
BRDA:199,31,1,0
BRDA:200,32,0,0
BRDA:200,32,1,0
BRDA:200,33,0,0
BRDA:200,33,1,0
BRDA:208,34,0,0
BRDA:208,34,1,0
BRDA:209,35,0,0
BRDA:209,35,1,0
BRDA:211,36,0,0
BRDA:211,36,1,0
BRDA:213,37,0,0
BRDA:213,37,1,0
BRDA:214,38,0,0
BRDA:214,38,1,0
BRDA:236,39,0,0
BRDA:236,39,1,0
BRDA:249,40,0,0
BRDA:249,40,1,0
BRDA:251,41,0,0
BRDA:251,41,1,0
BRDA:254,42,0,0
BRDA:254,42,1,0
BRDA:261,43,0,0
BRDA:261,43,1,0
BRDA:262,44,0,0
BRDA:262,44,1,0
BRDA:263,45,0,0
BRDA:263,45,1,0
BRDA:272,46,0,0
BRDA:272,46,1,0
BRDA:289,47,0,0
BRDA:289,47,1,0
BRDA:304,48,0,0
BRDA:304,48,1,0
BRDA:305,49,0,0
BRDA:305,49,1,0
BRDA:309,50,0,0
BRDA:309,50,1,0
BRDA:314,51,0,0
BRDA:314,51,1,0
BRDA:315,52,0,0
BRDA:315,52,1,0
BRDA:325,53,0,0
BRDA:325,53,1,0
BRDA:326,54,0,0
BRDA:326,54,1,0
BRDA:327,55,0,0
BRDA:327,55,1,0
BRDA:328,56,0,0
BRDA:328,56,1,0
BRDA:330,57,0,0
BRDA:330,57,1,0
BRDA:334,58,0,0
BRDA:334,58,1,0
BRF:118
BRH:0
end_of_record
TN:
SF:src\utils\helpers\exportUtilsEnhanced.ts
FN:4,getExportDateSuffix
FN:8,buildCSVString
FN:9,(anonymous_2)
FN:10,(anonymous_3)
FN:10,(anonymous_4)
FN:14,downloadFile
FN:27,(anonymous_6)
FN:79,(anonymous_7)
FN:82,(anonymous_8)
FN:90,doExportStructureExcel
FN:99,(anonymous_10)
FN:102,(anonymous_11)
FN:114,(anonymous_12)
FN:117,(anonymous_13)
FN:118,(anonymous_14)
FN:130,(anonymous_15)
FN:133,(anonymous_16)
FN:134,(anonymous_17)
FN:146,(anonymous_18)
FN:147,(anonymous_19)
FN:149,(anonymous_20)
FN:151,(anonymous_21)
FN:171,doExportSavoirsExcel
FN:179,(anonymous_23)
FN:180,(anonymous_24)
FN:182,(anonymous_25)
FN:184,(anonymous_26)
FN:186,(anonymous_27)
FN:206,doExportSynthesisExcel
FN:215,(anonymous_29)
FN:216,(anonymous_30)
FN:229,(anonymous_31)
FN:230,(anonymous_32)
FN:231,(anonymous_33)
FN:232,(anonymous_34)
FN:233,(anonymous_35)
FN:235,(anonymous_36)
FN:244,(anonymous_37)
FN:245,(anonymous_38)
FN:257,doExportSavoirsCSV
FN:270,(anonymous_40)
FN:271,(anonymous_41)
FN:273,(anonymous_42)
FN:275,(anonymous_43)
FN:277,(anonymous_44)
FN:293,doExportCompetencesCSV
FN:304,(anonymous_46)
FN:305,(anonymous_47)
FN:306,(anonymous_48)
FN:307,(anonymous_49)
FN:312,(anonymous_50)
FN:314,(anonymous_51)
FN:321,(anonymous_52)
FN:323,(anonymous_53)
FN:328,(anonymous_54)
FN:331,(anonymous_55)
FN:332,(anonymous_56)
FN:338,(anonymous_57)
FN:340,(anonymous_58)
FN:344,doExportStructureJSON
FN:353,(anonymous_60)
FN:358,(anonymous_61)
FN:359,(anonymous_62)
FNF:63
FNH:0
FNDA:0,getExportDateSuffix
FNDA:0,buildCSVString
FNDA:0,(anonymous_2)
FNDA:0,(anonymous_3)
FNDA:0,(anonymous_4)
FNDA:0,downloadFile
FNDA:0,(anonymous_6)
FNDA:0,(anonymous_7)
FNDA:0,(anonymous_8)
FNDA:0,doExportStructureExcel
FNDA:0,(anonymous_10)
FNDA:0,(anonymous_11)
FNDA:0,(anonymous_12)
FNDA:0,(anonymous_13)
FNDA:0,(anonymous_14)
FNDA:0,(anonymous_15)
FNDA:0,(anonymous_16)
FNDA:0,(anonymous_17)
FNDA:0,(anonymous_18)
FNDA:0,(anonymous_19)
FNDA:0,(anonymous_20)
FNDA:0,(anonymous_21)
FNDA:0,doExportSavoirsExcel
FNDA:0,(anonymous_23)
FNDA:0,(anonymous_24)
FNDA:0,(anonymous_25)
FNDA:0,(anonymous_26)
FNDA:0,(anonymous_27)
FNDA:0,doExportSynthesisExcel
FNDA:0,(anonymous_29)
FNDA:0,(anonymous_30)
FNDA:0,(anonymous_31)
FNDA:0,(anonymous_32)
FNDA:0,(anonymous_33)
FNDA:0,(anonymous_34)
FNDA:0,(anonymous_35)
FNDA:0,(anonymous_36)
FNDA:0,(anonymous_37)
FNDA:0,(anonymous_38)
FNDA:0,doExportSavoirsCSV
FNDA:0,(anonymous_40)
FNDA:0,(anonymous_41)
FNDA:0,(anonymous_42)
FNDA:0,(anonymous_43)
FNDA:0,(anonymous_44)
FNDA:0,doExportCompetencesCSV
FNDA:0,(anonymous_46)
FNDA:0,(anonymous_47)
FNDA:0,(anonymous_48)
FNDA:0,(anonymous_49)
FNDA:0,(anonymous_50)
FNDA:0,(anonymous_51)
FNDA:0,(anonymous_52)
FNDA:0,(anonymous_53)
FNDA:0,(anonymous_54)
FNDA:0,(anonymous_55)
FNDA:0,(anonymous_56)
FNDA:0,(anonymous_57)
FNDA:0,(anonymous_58)
FNDA:0,doExportStructureJSON
FNDA:0,(anonymous_60)
FNDA:0,(anonymous_61)
FNDA:0,(anonymous_62)
DA:5,0
DA:9,0
DA:10,0
DA:11,0
DA:15,0
DA:16,0
DA:17,0
DA:18,0
DA:19,0
DA:20,0
DA:21,0
DA:22,0
DA:23,0
DA:27,0
DA:28,0
DA:29,0
DA:32,0
DA:33,0
DA:34,0
DA:35,0
DA:55,0
DA:56,0
DA:57,0
DA:58,0
DA:59,0
DA:79,0
DA:82,0
DA:85,0
DA:87,0
DA:91,0
DA:92,0
DA:93,0
DA:96,0
DA:99,0
DA:102,0
DA:111,0
DA:114,0
DA:117,0
DA:118,0
DA:127,0
DA:130,0
DA:133,0
DA:134,0
DA:143,0
DA:147,0
DA:148,0
DA:149,0
DA:151,0
DA:153,0
DA:168,0
DA:172,0
DA:173,0
DA:174,0
DA:176,0
DA:180,0
DA:181,0
DA:182,0
DA:184,0
DA:186,0
DA:187,0
DA:203,0
DA:207,0
DA:210,0
DA:215,0
DA:216,0
DA:219,0
DA:226,0
DA:230,0
DA:231,0
DA:232,0
DA:233,0
DA:234,0
DA:235,0
DA:238,0
DA:244,0
DA:245,0
DA:254,0
DA:258,0
DA:259,0
DA:260,0
DA:270,0
DA:271,0
DA:272,0
DA:273,0
DA:275,0
DA:277,0
DA:279,0
DA:290,0
DA:294,0
DA:295,0
DA:296,0
DA:304,0
DA:305,0
DA:306,0
DA:307,0
DA:309,0
DA:312,0
DA:314,0
DA:318,0
DA:321,0
DA:323,0
DA:328,0
DA:331,0
DA:332,0
DA:333,0
DA:338,0
DA:340,0
DA:345,0
DA:353,0
DA:358,0
DA:359,0
DA:363,0
LF:112
LH:0
BRDA:10,0,0,0
BRDA:10,0,1,0
BRDA:34,1,0,0
BRDA:34,1,1,0
BRDA:58,2,0,0
BRDA:58,2,1,0
BRDA:62,3,0,0
BRDA:62,3,1,0
BRDA:79,4,0,0
BRDA:79,4,1,0
BRDA:82,5,0,0
BRDA:82,5,1,0
BRDA:93,6,0,0
BRDA:93,6,1,0
BRDA:117,7,0,0
BRDA:117,7,1,0
BRDA:133,8,0,0
BRDA:133,8,1,0
BRDA:134,9,0,0
BRDA:134,9,1,0
BRDA:134,10,0,0
BRDA:134,10,1,0
BRDA:148,11,0,0
BRDA:148,11,1,0
BRDA:150,12,0,0
BRDA:150,12,1,0
BRDA:158,13,0,0
BRDA:158,13,1,0
BRDA:159,14,0,0
BRDA:159,14,1,0
BRDA:173,15,0,0
BRDA:173,15,1,0
BRDA:181,16,0,0
BRDA:181,16,1,0
BRDA:183,17,0,0
BRDA:183,17,1,0
BRDA:186,18,0,0
BRDA:186,18,1,0
BRDA:192,19,0,0
BRDA:192,19,1,0
BRDA:193,20,0,0
BRDA:193,20,1,0
BRDA:194,21,0,0
BRDA:194,21,1,0
BRDA:211,22,0,0
BRDA:211,22,1,0
BRDA:211,23,0,0
BRDA:211,23,1,0
BRDA:212,24,0,0
BRDA:212,24,1,0
BRDA:212,25,0,0
BRDA:212,25,1,0
BRDA:213,26,0,0
BRDA:213,26,1,0
BRDA:213,27,0,0
BRDA:213,27,1,0
BRDA:214,28,0,0
BRDA:214,28,1,0
BRDA:214,29,0,0
BRDA:214,29,1,0
BRDA:215,30,0,0
BRDA:215,30,1,0
BRDA:215,31,0,0
BRDA:215,31,1,0
BRDA:216,32,0,0
BRDA:216,32,1,0
BRDA:216,33,0,0
BRDA:216,33,1,0
BRDA:229,34,0,0
BRDA:229,34,1,0
BRDA:230,35,0,0
BRDA:230,35,1,0
BRDA:232,36,0,0
BRDA:232,36,1,0
BRDA:234,37,0,0
BRDA:234,37,1,0
BRDA:235,38,0,0
BRDA:235,38,1,0
BRDA:259,39,0,0
BRDA:259,39,1,0
BRDA:272,40,0,0
BRDA:272,40,1,0
BRDA:274,41,0,0
BRDA:274,41,1,0
BRDA:277,42,0,0
BRDA:277,42,1,0
BRDA:284,43,0,0
BRDA:284,43,1,0
BRDA:285,44,0,0
BRDA:285,44,1,0
BRDA:286,45,0,0
BRDA:286,45,1,0
BRDA:295,46,0,0
BRDA:295,46,1,0
BRDA:312,47,0,0
BRDA:312,47,1,0
BRDA:327,48,0,0
BRDA:327,48,1,0
BRDA:328,49,0,0
BRDA:328,49,1,0
BRDA:332,50,0,0
BRDA:332,50,1,0
BRDA:337,51,0,0
BRDA:337,51,1,0
BRDA:338,52,0,0
BRDA:338,52,1,0
BRDA:348,53,0,0
BRDA:348,53,1,0
BRDA:349,54,0,0
BRDA:349,54,1,0
BRDA:350,55,0,0
BRDA:350,55,1,0
BRDA:351,56,0,0
BRDA:351,56,1,0
BRDA:353,57,0,0
BRDA:353,57,1,0
BRDA:357,58,0,0
BRDA:357,58,1,0
BRF:118
BRH:0
end_of_record
TN:
SF:src\utils\helpers\http.ts
FN:26,(anonymous_0)
FN:54,(anonymous_1)
FN:62,(anonymous_2)
FN:70,(anonymous_3)
FN:78,(anonymous_4)
FN:93,(anonymous_5)
FN:103,(anonymous_6)
FN:130,(anonymous_7)
FN:150,(anonymous_8)
FN:185,(anonymous_9)
FN:187,(anonymous_10)
FNF:11
FNH:11
FNDA:8,(anonymous_0)
FNDA:6,(anonymous_1)
FNDA:2,(anonymous_2)
FNDA:1,(anonymous_3)
FNDA:1,(anonymous_4)
FNDA:4,(anonymous_5)
FNDA:2,(anonymous_6)
FNDA:2,(anonymous_7)
FNDA:5,(anonymous_8)
FNDA:3,(anonymous_9)
FNDA:7,(anonymous_10)
DA:26,2
DA:30,8
DA:32,6
DA:34,6
DA:35,5
DA:36,4
DA:37,2
DA:38,2
DA:39,1
DA:42,2
DA:43,1
DA:45,1
DA:54,6
DA:62,2
DA:70,2
DA:78,2
DA:93,2
DA:94,4
DA:95,4
DA:103,2
DA:130,2
DA:150,2
DA:151,5
DA:152,3
DA:163,2
DA:185,2
DA:186,3
DA:187,7
DA:189,3
LF:29
LH:29
BRDA:28,0,0,6
BRDA:30,1,0,2
BRDA:30,1,1,6
BRDA:34,2,0,5
BRDA:34,2,1,1
BRDA:35,3,0,1
BRDA:35,3,1,4
BRDA:35,4,0,5
BRDA:35,4,1,1
BRDA:36,5,0,2
BRDA:36,5,1,2
BRDA:36,6,0,4
BRDA:36,6,1,2
BRDA:38,7,0,1
BRDA:38,7,1,1
BRDA:38,8,0,2
BRDA:38,8,1,1
BRDA:42,9,0,1
BRDA:42,9,1,1
BRDA:42,10,0,2
BRDA:42,10,1,1
BRDA:54,11,0,6
BRDA:54,11,1,1
BRDA:95,12,0,2
BRDA:95,12,1,2
BRDA:130,13,0,1
BRDA:130,14,0,2
BRDA:130,15,0,2
BRDA:130,16,0,1
BRDA:133,17,0,1
BRDA:133,17,1,1
BRDA:151,18,0,3
BRDA:151,18,1,2
BRDA:151,19,0,5
BRDA:151,19,1,3
BRDA:164,20,0,2
BRDA:164,20,1,1
BRDA:165,21,0,2
BRDA:165,21,1,1
BRDA:166,22,0,2
BRDA:166,22,1,1
BRDA:167,23,0,2
BRDA:167,23,1,1
BRDA:168,24,0,2
BRDA:168,24,1,1
BRDA:169,25,0,2
BRDA:169,25,1,1
BRDA:170,26,0,2
BRDA:170,26,1,1
BRDA:185,27,0,0
BRDA:187,28,0,7
BRDA:187,28,1,6
BRDA:187,28,2,5
BRF:53
BRH:52
end_of_record
TN:
SF:src\utils\helpers\httpClient.ts
FN:15,createApiClient
FN:23,(anonymous_1)
FN:34,(anonymous_2)
FN:35,(anonymous_3)
FNF:4
FNH:3
FNDA:13,createApiClient
FNDA:1,(anonymous_1)
FNDA:0,(anonymous_2)
FNDA:3,(anonymous_3)
DA:16,13
DA:23,13
DA:24,1
DA:25,1
DA:27,0
DA:33,13
DA:34,0
DA:36,3
DA:37,3
DA:39,3
DA:41,3
DA:43,3
DA:44,1
DA:45,0
DA:48,1
DA:49,1
DA:54,1
DA:57,1
DA:58,1
DA:60,2
DA:63,2
DA:65,2
DA:66,2
DA:67,0
DA:68,0
DA:69,0
DA:70,0
DA:71,0
DA:72,0
DA:76,3
DA:80,13
DA:83,5
LF:32
LH:23
BRDA:25,0,0,1
BRDA:25,0,1,0
BRDA:39,1,0,3
BRDA:39,1,1,0
BRDA:41,2,0,3
BRDA:41,2,1,3
BRDA:41,2,2,3
BRDA:43,3,0,1
BRDA:43,3,1,2
BRDA:44,4,0,0
BRDA:44,4,1,1
BRDA:54,5,0,1
BRDA:54,5,1,1
BRDA:54,5,2,1
BRDA:57,6,0,1
BRDA:57,6,1,0
BRDA:60,7,0,2
BRDA:60,7,1,0
BRDA:65,8,0,2
BRDA:65,8,1,0
BRDA:67,9,0,0
BRDA:67,9,1,0
BRDA:68,10,0,0
BRDA:68,10,1,0
BRDA:69,11,0,0
BRDA:69,11,1,0
BRDA:70,12,0,0
BRDA:70,12,1,0
BRDA:71,13,0,0
BRDA:71,13,1,0
BRDA:72,14,0,0
BRDA:72,14,1,0
BRF:32
BRH:14
end_of_record
TN:
SF:src\utils\helpers\navigation.ts
FN:5,(anonymous_0)
FN:9,(anonymous_1)
FN:27,(anonymous_2)
FNF:3
FNH:0
FNDA:0,(anonymous_0)
FNDA:0,(anonymous_1)
FNDA:0,(anonymous_2)
DA:3,4
DA:5,4
DA:6,0
DA:9,4
DA:10,0
DA:11,0
DA:12,0
DA:13,0
DA:16,0
DA:20,0
DA:21,0
DA:23,0
DA:27,4
DA:28,0
LF:14
LH:4
BRDA:10,0,0,0
BRDA:10,0,1,0
BRDA:20,1,0,0
BRDA:20,1,1,0
BRF:4
BRH:0
end_of_record
TN:
SF:src\utils\helpers\notifications.ts
FN:19,registerMessageApi
FN:24,(anonymous_1)
FN:27,(anonymous_2)
FN:31,(anonymous_3)
FN:34,(anonymous_4)
FNF:5
FNH:1
FNDA:0,registerMessageApi
FNDA:0,(anonymous_1)
FNDA:2,(anonymous_2)
FNDA:0,(anonymous_3)
FNDA:0,(anonymous_4)
DA:17,5
DA:20,0
DA:23,5
DA:25,0
DA:28,2
DA:29,2
DA:32,0
DA:35,0
LF:8
LH:4
BRDA:25,0,0,0
BRDA:25,0,1,0
BRDA:28,1,0,0
BRDA:28,1,1,2
BRDA:28,2,0,2
BRDA:28,2,1,0
BRDA:32,3,0,0
BRDA:32,3,1,0
BRDA:35,4,0,0
BRDA:35,4,1,0
BRF:10
BRH:2
end_of_record
TN:
SF:src\utils\storage\storage.ts
FN:26,(anonymous_0)
FN:32,(anonymous_1)
FN:37,(anonymous_2)
FN:43,(anonymous_3)
FN:51,(anonymous_4)
FN:64,(anonymous_5)
FN:70,(anonymous_6)
FN:78,(anonymous_7)
FN:84,(anonymous_8)
FN:90,(anonymous_9)
FN:98,(anonymous_10)
FN:105,(anonymous_11)
FN:113,(anonymous_12)
FNF:13
FNH:13
FNDA:5,(anonymous_0)
FNDA:5,(anonymous_1)
FNDA:1,(anonymous_2)
FNDA:4,(anonymous_3)
FNDA:5,(anonymous_4)
FNDA:3,(anonymous_5)
FNDA:1,(anonymous_6)
FNDA:4,(anonymous_7)
FNDA:3,(anonymous_8)
FNDA:1,(anonymous_9)
FNDA:3,(anonymous_10)
FNDA:2,(anonymous_11)
FNDA:2,(anonymous_12)
DA:13,2
DA:26,5
DA:32,5
DA:37,2
DA:43,4
DA:51,2
DA:52,5
DA:53,5
DA:54,5
DA:56,1
DA:64,2
DA:65,3
DA:70,2
DA:78,4
DA:84,2
DA:85,3
DA:90,2
DA:98,2
DA:99,3
DA:105,2
DA:106,2
DA:113,2
DA:114,2
DA:115,2
DA:116,2
DA:123,2
LF:26
LH:26
BRDA:54,0,0,2
BRDA:54,0,1,3
BRDA:99,1,0,3
BRDA:99,1,1,1
BRF:4
BRH:4
end_of_record
TN:
SF:src\utils\validators\validators.ts
FN:18,(anonymous_0)
FN:26,(anonymous_1)
FN:35,(anonymous_2)
FN:44,(anonymous_3)
FN:52,(anonymous_4)
FN:60,(anonymous_5)
FN:69,(anonymous_6)
FN:81,(anonymous_7)
FN:91,(anonymous_8)
FN:102,(anonymous_9)
FN:113,(anonymous_10)
FN:123,(anonymous_11)
FN:124,(anonymous_12)
FN:135,(anonymous_13)
FN:136,(anonymous_14)
FN:149,(anonymous_15)
FN:150,(anonymous_16)
FN:164,(anonymous_17)
FN:167,(anonymous_18)
FN:180,(anonymous_19)
FN:185,(anonymous_20)
FN:200,(anonymous_21)
FN:211,(anonymous_22)
FN:221,(anonymous_23)
FN:229,(anonymous_24)
FNF:25
FNH:25
FNDA:4,(anonymous_0)
FNDA:12,(anonymous_1)
FNDA:4,(anonymous_2)
FNDA:3,(anonymous_3)
FNDA:7,(anonymous_4)
FNDA:5,(anonymous_5)
FNDA:7,(anonymous_6)
FNDA:5,(anonymous_7)
FNDA:2,(anonymous_8)
FNDA:2,(anonymous_9)
FNDA:4,(anonymous_10)
FNDA:4,(anonymous_11)
FNDA:4,(anonymous_12)
FNDA:4,(anonymous_13)
FNDA:3,(anonymous_14)
FNDA:3,(anonymous_15)
FNDA:3,(anonymous_16)
FNDA:3,(anonymous_17)
FNDA:2,(anonymous_18)
FNDA:3,(anonymous_19)
FNDA:3,(anonymous_20)
FNDA:1,(anonymous_21)
FNDA:1,(anonymous_22)
FNDA:1,(anonymous_23)
FNDA:1,(anonymous_24)
DA:18,3
DA:19,4
DA:26,3
DA:27,12
DA:35,3
DA:36,4
DA:44,3
DA:45,3
DA:52,3
DA:53,7
DA:60,3
DA:61,5
DA:69,3
DA:70,7
DA:81,5
DA:91,3
DA:102,3
DA:113,4
DA:123,4
DA:125,4
DA:126,1
DA:135,4
DA:137,3
DA:138,1
DA:149,3
DA:151,3
DA:152,3
DA:153,1
DA:164,3
DA:166,3
DA:168,2
DA:169,1
DA:180,3
DA:184,3
DA:186,3
DA:187,1
DA:200,3
DA:211,3
DA:221,3
DA:229,3
LF:40
LH:40
BRDA:19,0,0,4
BRDA:19,0,1,3
BRDA:19,0,2,2
BRDA:27,1,0,12
BRDA:27,1,1,0
BRDA:36,2,0,4
BRDA:36,2,1,1
BRDA:45,3,0,3
BRDA:45,3,1,0
BRDA:53,4,0,7
BRDA:53,4,1,6
BRDA:61,5,0,5
BRDA:61,5,1,3
BRDA:70,6,0,7
BRDA:70,6,1,0
BRDA:81,7,0,1
BRDA:91,8,0,2
BRDA:104,9,0,2
BRDA:104,9,1,1
BRDA:115,10,0,4
BRDA:115,10,1,1
BRDA:123,11,0,4
BRDA:125,12,0,3
BRDA:125,12,1,1
BRDA:125,13,0,4
BRDA:125,13,1,2
BRDA:135,14,0,3
BRDA:137,15,0,2
BRDA:137,15,1,1
BRDA:137,16,0,3
BRDA:137,16,1,2
BRDA:152,17,0,2
BRDA:152,17,1,1
BRDA:152,18,0,3
BRDA:152,18,1,2
BRDA:152,18,2,2
BRDA:154,19,0,1
BRDA:154,19,1,0
BRDA:165,20,0,2
BRDA:168,21,0,1
BRDA:168,21,1,1
BRDA:168,22,0,2
BRDA:168,22,1,2
BRDA:182,23,0,2
BRDA:183,24,0,2
BRDA:186,25,0,2
BRDA:186,25,1,1
BRDA:186,26,0,3
BRDA:186,26,1,2
BRDA:200,27,0,1
BRF:50
BRH:46
end_of_record
