TN:
SF:src\config\env.ts
FNF:0
FNH:0
DA:14,11
DA:17,11
LF:2
LH:2
BRDA:14,0,0,11
BRDA:14,0,1,0
BRDA:14,0,2,0
BRDA:26,1,0,11
BRDA:26,1,1,0
BRF:5
BRH:2
end_of_record
TN:
SF:src\pages\competence\rice\UploadStep.jsx
FN:21,FileIcon
FN:36,UploadStep
FN:78,(anonymous_2)
FN:81,(anonymous_3)
FN:132,(anonymous_4)
FN:210,(anonymous_5)
FNF:6
FNH:5
FNDA:5,FileIcon
FNDA:6,UploadStep
FNDA:0,(anonymous_2)
FNDA:5,(anonymous_3)
FNDA:5,(anonymous_4)
FNDA:24,(anonymous_5)
DA:16,1
DA:17,1
DA:22,5
DA:23,5
DA:24,1
DA:25,0
DA:27,1
DA:29,1
DA:45,6
DA:46,6
DA:78,0
DA:81,5
DA:133,5
DA:211,24
DA:246,1
LF:15
LH:13
BRDA:22,0,0,5
BRDA:22,0,1,0
BRDA:23,1,0,4
BRDA:23,1,1,1
BRDA:24,2,0,1
BRDA:24,2,1,0
BRDA:24,3,0,1
BRDA:24,3,1,0
BRDA:45,4,0,5
BRDA:45,4,1,1
BRDA:83,5,0,5
BRDA:83,5,1,0
BRDA:114,6,0,6
BRDA:114,6,1,4
BRDA:124,7,0,1
BRDA:124,7,1,3
BRDA:124,8,0,1
BRDA:124,8,1,3
BRDA:146,9,0,5
BRDA:146,9,1,5
BRDA:134,10,0,5
BRDA:134,10,1,0
BRDA:164,11,0,4
BRDA:164,11,1,2
BRDA:165,12,0,4
BRDA:165,12,1,2
BRDA:177,13,0,0
BRDA:177,13,1,6
BRDA:180,14,0,2
BRDA:180,14,1,4
BRDA:187,15,0,1
BRDA:187,15,1,3
BRDA:187,16,0,1
BRDA:187,16,1,3
BRDA:188,17,0,3
BRDA:188,17,1,1
BRF:36
BRH:30
end_of_record
TN:
SF:src\pages\competence\rice\constants.jsx
FN:77,useDepartmentConfig
FN:83,DepartmentBadge
FN:98,(anonymous_2)
FN:113,(anonymous_3)
FN:120,(anonymous_4)
FNF:5
FNH:3
FNDA:6,useDepartmentConfig
FNDA:0,DepartmentBadge
FNDA:5,(anonymous_2)
FNDA:0,(anonymous_3)
FNDA:5,(anonymous_4)
DA:7,1
DA:18,1
DA:19,1
DA:20,1
DA:23,1
DA:78,6
DA:84,0
DA:85,0
DA:98,5
DA:113,1
DA:114,0
DA:115,0
DA:117,0
DA:120,1
DA:121,5
DA:122,5
DA:123,0
DA:124,0
DA:127,1
LF:19
LH:12
BRDA:78,0,0,6
BRDA:78,0,1,0
BRDA:83,1,0,0
BRDA:83,2,0,0
BRDA:91,3,0,0
BRDA:91,3,1,0
BRDA:115,4,0,0
BRDA:115,4,1,0
BRDA:121,5,0,0
BRDA:121,5,1,5
BRDA:122,6,0,5
BRDA:122,6,1,0
BRDA:123,7,0,0
BRDA:123,7,1,0
BRF:14
BRH:3
end_of_record
TN:
SF:src\services\BesoinFormationService.ts
FN:14,(anonymous_0)
FN:21,(anonymous_1)
FN:28,(anonymous_2)
FN:38,(anonymous_3)
FN:43,(anonymous_4)
FN:58,(anonymous_5)
FN:65,(anonymous_6)
FN:70,(anonymous_7)
FNF:8
FNH:8
FNDA:1,(anonymous_0)
FNDA:1,(anonymous_1)
FNDA:1,(anonymous_2)
FNDA:1,(anonymous_3)
FNDA:1,(anonymous_4)
FNDA:1,(anonymous_5)
FNDA:1,(anonymous_6)
FNDA:1,(anonymous_7)
DA:6,1
DA:13,1
DA:15,1
DA:18,1
DA:22,1
DA:25,1
DA:31,1
DA:35,1
DA:39,1
DA:40,1
DA:47,1
DA:51,1
DA:55,1
DA:59,1
DA:62,1
DA:66,1
DA:67,1
DA:71,1
DA:72,1
LF:19
LH:19
BRF:0
BRH:0
end_of_record
TN:
SF:src\services\CertificateService.ts
FN:9,getToken
FN:13,requireToken
FN:22,(anonymous_2)
FN:26,(anonymous_3)
FN:32,(anonymous_4)
FN:38,(anonymous_5)
FN:42,(anonymous_6)
FN:51,(anonymous_7)
FN:58,(anonymous_8)
FNF:9
FNH:9
FNDA:2,getToken
FNDA:2,requireToken
FNDA:1,(anonymous_2)
FNDA:1,(anonymous_3)
FNDA:1,(anonymous_4)
FNDA:1,(anonymous_5)
FNDA:2,(anonymous_6)
FNDA:1,(anonymous_7)
FNDA:1,(anonymous_8)
DA:6,1
DA:7,1
DA:10,2
DA:14,2
DA:15,2
DA:16,1
DA:18,1
DA:21,1
DA:23,1
DA:29,1
DA:35,1
DA:39,1
DA:43,2
DA:44,2
DA:55,1
DA:59,1
DA:60,1
LF:17
LH:17
BRDA:15,0,0,1
BRDA:15,0,1,1
BRF:2
BRH:2
end_of_record
TN:
SF:src\services\CompetenceService.ts
FN:13,(anonymous_0)
FN:18,(anonymous_1)
FN:27,(anonymous_2)
FN:35,(anonymous_3)
FN:42,(anonymous_4)
FN:49,(anonymous_5)
FN:56,(anonymous_6)
FN:63,(anonymous_7)
FN:66,(anonymous_8)
FN:77,(anonymous_9)
FN:85,(anonymous_10)
FN:92,(anonymous_11)
FN:99,(anonymous_12)
FN:111,(anonymous_13)
FN:118,(anonymous_14)
FN:123,(anonymous_15)
FN:131,(anonymous_16)
FN:139,(anonymous_17)
FN:146,(anonymous_18)
FN:158,(anonymous_19)
FN:170,(anonymous_20)
FN:182,(anonymous_21)
FN:187,(anonymous_22)
FN:195,(anonymous_23)
FN:203,(anonymous_24)
FN:210,(anonymous_25)
FN:217,(anonymous_26)
FN:225,(anonymous_27)
FN:232,(anonymous_28)
FN:241,(anonymous_29)
FN:253,(anonymous_30)
FN:260,(anonymous_31)
FN:265,(anonymous_32)
FN:273,(anonymous_33)
FN:281,(anonymous_34)
FN:292,(anonymous_35)
FN:303,(anonymous_36)
FN:311,(anonymous_37)
FN:320,(anonymous_38)
FN:329,(anonymous_39)
FN:334,(anonymous_40)
FN:341,(anonymous_41)
FN:349,(anonymous_42)
FN:357,(anonymous_43)
FN:368,(anonymous_44)
FN:379,(anonymous_45)
FN:386,(anonymous_46)
FN:391,(anonymous_47)
FN:398,(anonymous_48)
FN:405,(anonymous_49)
FN:413,(anonymous_50)
FNF:51
FNH:51
FNDA:49,(anonymous_0)
FNDA:5,(anonymous_1)
FNDA:1,(anonymous_2)
FNDA:1,(anonymous_3)
FNDA:1,(anonymous_4)
FNDA:1,(anonymous_5)
FNDA:1,(anonymous_6)
FNDA:1,(anonymous_7)
FNDA:1,(anonymous_8)
FNDA:1,(anonymous_9)
FNDA:1,(anonymous_10)
FNDA:1,(anonymous_11)
FNDA:1,(anonymous_12)
FNDA:1,(anonymous_13)
FNDA:1,(anonymous_14)
FNDA:1,(anonymous_15)
FNDA:1,(anonymous_16)
FNDA:1,(anonymous_17)
FNDA:1,(anonymous_18)
FNDA:1,(anonymous_19)
FNDA:1,(anonymous_20)
FNDA:1,(anonymous_21)
FNDA:1,(anonymous_22)
FNDA:1,(anonymous_23)
FNDA:1,(anonymous_24)
FNDA:1,(anonymous_25)
FNDA:1,(anonymous_26)
FNDA:1,(anonymous_27)
FNDA:1,(anonymous_28)
FNDA:1,(anonymous_29)
FNDA:1,(anonymous_30)
FNDA:1,(anonymous_31)
FNDA:1,(anonymous_32)
FNDA:1,(anonymous_33)
FNDA:1,(anonymous_34)
FNDA:1,(anonymous_35)
FNDA:1,(anonymous_36)
FNDA:1,(anonymous_37)
FNDA:1,(anonymous_38)
FNDA:1,(anonymous_39)
FNDA:1,(anonymous_40)
FNDA:1,(anonymous_41)
FNDA:1,(anonymous_42)
FNDA:1,(anonymous_43)
FNDA:1,(anonymous_44)
FNDA:1,(anonymous_45)
FNDA:1,(anonymous_46)
FNDA:1,(anonymous_47)
FNDA:1,(anonymous_48)
FNDA:1,(anonymous_49)
FNDA:1,(anonymous_50)
DA:11,1
DA:13,1
DA:14,49
DA:15,49
DA:18,1
DA:19,5
DA:26,1
DA:28,1
DA:32,1
DA:36,1
DA:39,1
DA:43,1
DA:46,1
DA:50,1
DA:53,1
DA:57,1
DA:60,1
DA:64,1
DA:67,1
DA:72,1
DA:76,1
DA:78,1
DA:82,1
DA:86,1
DA:89,1
DA:93,1
DA:96,1
DA:103,1
DA:108,1
DA:112,1
DA:115,1
DA:119,1
DA:122,1
DA:124,1
DA:128,1
DA:132,1
DA:136,1
DA:140,1
DA:143,1
DA:150,1
DA:155,1
DA:162,1
DA:167,1
DA:174,1
DA:179,1
DA:183,1
DA:186,1
DA:188,1
DA:192,1
DA:196,1
DA:200,1
DA:204,1
DA:207,1
DA:211,1
DA:214,1
DA:218,1
DA:222,1
DA:226,1
DA:229,1
DA:233,1
DA:238,1
DA:245,1
DA:250,1
DA:254,1
DA:257,1
DA:261,1
DA:264,1
DA:266,1
DA:270,1
DA:274,1
DA:278,1
DA:285,1
DA:289,1
DA:296,1
DA:300,1
DA:304,1
DA:308,1
DA:312,1
DA:317,1
DA:321,1
DA:326,1
DA:330,1
DA:333,1
DA:335,1
DA:338,1
DA:342,1
DA:346,1
DA:350,1
DA:354,1
DA:361,1
DA:365,1
DA:372,1
DA:376,1
DA:380,1
DA:383,1
DA:387,1
DA:390,1
DA:392,1
DA:395,1
DA:399,1
DA:402,1
DA:406,1
DA:410,1
DA:414,1
DA:418,1
DA:422,1
LF:106
LH:106
BRDA:15,0,0,49
BRDA:15,0,1,0
BRDA:19,1,0,4
BRDA:19,1,1,1
BRDA:19,2,0,1
BRDA:19,2,1,0
BRF:6
BRH:4
end_of_record
TN:
SF:src\services\DeptService.js
FN:9,isNotFoundError
FN:14,(anonymous_1)
FN:26,(anonymous_2)
FN:43,(anonymous_3)
FN:58,(anonymous_4)
FN:73,(anonymous_5)
FN:87,(anonymous_6)
FNF:7
FNH:7
FNDA:1,isNotFoundError
FNDA:1,(anonymous_1)
FNDA:3,(anonymous_2)
FNDA:1,(anonymous_3)
FNDA:1,(anonymous_4)
FNDA:1,(anonymous_5)
FNDA:1,(anonymous_6)
DA:7,1
DA:10,1
DA:13,1
DA:15,1
DA:16,1
DA:19,1
DA:21,0
DA:22,0
DA:27,3
DA:28,3
DA:32,2
DA:34,1
DA:35,1
DA:36,1
DA:38,0
DA:39,0
DA:44,1
DA:45,1
DA:48,1
DA:50,0
DA:54,0
DA:59,1
DA:60,1
DA:63,1
DA:65,0
DA:69,0
DA:74,1
DA:75,1
DA:79,0
DA:83,0
DA:88,1
DA:89,1
DA:90,1
DA:91,1
DA:97,1
DA:99,0
DA:100,0
LF:37
LH:25
BRDA:10,0,0,1
BRDA:10,0,1,1
BRDA:32,1,0,1
BRDA:32,1,1,1
BRDA:34,2,0,1
BRDA:34,2,1,0
BRF:6
BRH:5
end_of_record
TN:
SF:src\services\DocumentService.js
FN:8,(anonymous_0)
FN:26,(anonymous_1)
FN:32,(anonymous_2)
FN:40,(anonymous_3)
FN:59,(anonymous_4)
FN:64,(anonymous_5)
FNF:6
FNH:5
FNDA:1,(anonymous_0)
FNDA:1,(anonymous_1)
FNDA:0,(anonymous_2)
FNDA:1,(anonymous_3)
FNDA:1,(anonymous_4)
FNDA:1,(anonymous_5)
DA:4,1
DA:6,1
DA:9,1
DA:10,1
DA:11,1
DA:12,1
DA:13,1
DA:14,1
DA:16,1
DA:22,1
DA:27,1
DA:28,1
DA:33,0
DA:36,0
DA:41,1
DA:42,1
DA:43,1
DA:44,1
DA:45,1
DA:46,0
DA:49,1
DA:55,1
DA:60,1
DA:65,1
DA:71,1
DA:72,1
DA:73,1
DA:74,1
DA:75,1
DA:78,1
DA:79,1
DA:80,1
DA:81,1
DA:82,1
DA:83,1
DA:84,1
DA:86,1
DA:87,1
LF:38
LH:35
BRDA:45,0,0,0
BRDA:45,0,1,1
BRDA:73,1,0,1
BRDA:73,1,1,0
BRDA:75,2,0,1
BRDA:75,2,1,0
BRF:6
BRH:3
end_of_record
TN:
SF:src\services\FormationWorkflowService.ts
FN:8,getToken
FN:12,requireToken
FN:24,(anonymous_2)
FN:31,(anonymous_3)
FN:39,(anonymous_4)
FN:44,(anonymous_5)
FN:49,(anonymous_6)
FN:54,(anonymous_7)
FN:65,(anonymous_8)
FN:70,(anonymous_9)
FN:80,(anonymous_10)
FN:85,(anonymous_11)
FN:91,(anonymous_12)
FN:95,(anonymous_13)
FN:108,(anonymous_14)
FN:117,(anonymous_15)
FN:122,(anonymous_16)
FN:129,(anonymous_17)
FNF:18
FNH:18
FNDA:4,getToken
FNDA:4,requireToken
FNDA:1,(anonymous_2)
FNDA:1,(anonymous_3)
FNDA:1,(anonymous_4)
FNDA:1,(anonymous_5)
FNDA:1,(anonymous_6)
FNDA:1,(anonymous_7)
FNDA:1,(anonymous_8)
FNDA:2,(anonymous_9)
FNDA:1,(anonymous_10)
FNDA:2,(anonymous_11)
FNDA:1,(anonymous_12)
FNDA:2,(anonymous_13)
FNDA:1,(anonymous_14)
FNDA:1,(anonymous_15)
FNDA:1,(anonymous_16)
FNDA:1,(anonymous_17)
DA:6,1
DA:9,4
DA:13,4
DA:14,4
DA:15,2
DA:17,2
DA:23,1
DA:27,1
DA:28,1
DA:35,1
DA:36,1
DA:40,1
DA:41,1
DA:45,1
DA:46,1
DA:50,1
DA:51,1
DA:59,1
DA:62,1
DA:66,1
DA:67,1
DA:71,2
DA:72,2
DA:77,1
DA:81,1
DA:82,1
DA:86,2
DA:87,2
DA:92,1
DA:96,2
DA:97,2
DA:105,1
DA:109,1
DA:114,1
DA:118,1
DA:119,1
DA:123,1
DA:126,1
DA:133,1
LF:39
LH:39
BRDA:14,0,0,2
BRDA:14,0,1,2
BRF:2
BRH:2
end_of_record
TN:
SF:src\services\InscriptionService.js
FN:16,(anonymous_0)
FN:35,(anonymous_1)
FN:52,(anonymous_2)
FN:73,(anonymous_3)
FNF:4
FNH:4
FNDA:1,(anonymous_0)
FNDA:1,(anonymous_1)
FNDA:1,(anonymous_2)
FNDA:1,(anonymous_3)
DA:4,1
DA:11,1
DA:17,1
DA:18,1
DA:23,1
DA:26,0
DA:27,0
DA:36,1
DA:37,1
DA:41,1
DA:43,0
DA:44,0
DA:53,1
DA:54,1
DA:58,1
DA:60,0
DA:64,0
DA:74,1
DA:75,1
DA:83,1
DA:85,0
DA:86,0
LF:22
LH:14
BRF:0
BRH:0
end_of_record
TN:
SF:src\services\KPIService.js
FN:6,isNotFoundError
FN:12,(anonymous_1)
FN:29,(anonymous_2)
FN:46,(anonymous_3)
FN:63,(anonymous_4)
FN:94,(anonymous_5)
FN:115,(anonymous_6)
FN:136,(anonymous_7)
FN:153,(anonymous_8)
FN:188,(anonymous_9)
FN:226,(anonymous_10)
FNF:11
FNH:11
FNDA:5,isNotFoundError
FNDA:1,(anonymous_1)
FNDA:1,(anonymous_2)
FNDA:1,(anonymous_3)
FNDA:1,(anonymous_4)
FNDA:2,(anonymous_5)
FNDA:2,(anonymous_6)
FNDA:1,(anonymous_7)
FNDA:2,(anonymous_8)
FNDA:1,(anonymous_9)
FNDA:2,(anonymous_10)
DA:4,1
DA:7,5
DA:10,1
DA:13,1
DA:14,1
DA:17,1
DA:19,0
DA:20,0
DA:21,0
DA:23,0
DA:24,0
DA:30,1
DA:31,1
DA:34,1
DA:36,0
DA:37,0
DA:38,0
DA:40,0
DA:41,0
DA:47,1
DA:48,1
DA:51,1
DA:53,0
DA:54,0
DA:55,0
DA:57,0
DA:58,0
DA:64,1
DA:65,1
DA:68,1
DA:77,0
DA:78,0
DA:79,0
DA:88,0
DA:89,0
DA:95,2
DA:96,2
DA:97,2
DA:98,2
DA:100,2
DA:103,1
DA:105,1
DA:106,1
DA:107,1
DA:109,0
DA:110,0
DA:116,2
DA:117,2
DA:118,2
DA:119,2
DA:121,2
DA:124,1
DA:126,1
DA:127,1
DA:128,1
DA:130,0
DA:131,0
DA:137,1
DA:138,1
DA:141,0
DA:143,1
DA:144,1
DA:145,1
DA:147,0
DA:148,0
DA:162,2
DA:163,2
DA:164,2
DA:165,2
DA:166,2
DA:167,2
DA:168,2
DA:169,2
DA:170,2
DA:172,2
DA:173,1
DA:175,1
DA:176,1
DA:177,1
DA:179,0
DA:183,0
DA:197,1
DA:198,1
DA:199,1
DA:200,1
DA:201,1
DA:202,1
DA:203,1
DA:204,1
DA:205,1
DA:207,1
DA:211,1
DA:213,0
DA:214,0
DA:215,0
DA:217,0
DA:221,0
DA:227,2
DA:228,2
DA:232,1
DA:234,1
DA:235,1
DA:236,1
DA:238,0
DA:239,0
LF:105
LH:69
BRDA:7,0,0,5
BRDA:7,0,1,5
BRDA:17,1,0,1
BRDA:17,1,1,0
BRDA:19,2,0,0
BRDA:19,2,1,0
BRDA:34,3,0,1
BRDA:34,3,1,0
BRDA:36,4,0,0
BRDA:36,4,1,0
BRDA:51,5,0,1
BRDA:51,5,1,0
BRDA:53,6,0,0
BRDA:53,6,1,0
BRDA:68,7,0,1
BRDA:68,7,1,0
BRDA:77,8,0,0
BRDA:77,8,1,0
BRDA:94,9,0,2
BRDA:94,10,0,2
BRDA:97,11,0,1
BRDA:97,11,1,1
BRDA:98,12,0,1
BRDA:98,12,1,1
BRDA:103,13,0,1
BRDA:103,13,1,0
BRDA:105,14,0,1
BRDA:105,14,1,0
BRDA:115,15,0,2
BRDA:115,16,0,2
BRDA:118,17,0,1
BRDA:118,17,1,1
BRDA:119,18,0,1
BRDA:119,18,1,1
BRDA:124,19,0,1
BRDA:124,19,1,0
BRDA:126,20,0,1
BRDA:126,20,1,0
BRDA:141,21,0,0
BRDA:141,21,1,0
BRDA:143,22,0,1
BRDA:143,22,1,0
BRDA:153,23,0,2
BRDA:154,24,0,2
BRDA:155,25,0,2
BRDA:156,26,0,2
BRDA:157,27,0,2
BRDA:158,28,0,2
BRDA:159,29,0,2
BRDA:160,30,0,2
BRDA:164,31,0,1
BRDA:164,31,1,1
BRDA:165,32,0,1
BRDA:165,32,1,1
BRDA:166,33,0,1
BRDA:166,33,1,1
BRDA:167,34,0,1
BRDA:167,34,1,1
BRDA:168,35,0,1
BRDA:168,35,1,1
BRDA:169,36,0,1
BRDA:169,36,1,1
BRDA:170,37,0,1
BRDA:170,37,1,1
BRDA:173,38,0,1
BRDA:173,38,1,0
BRDA:175,39,0,1
BRDA:175,39,1,0
BRDA:188,40,0,1
BRDA:189,41,0,1
BRDA:190,42,0,1
BRDA:191,43,0,1
BRDA:192,44,0,1
BRDA:193,45,0,1
BRDA:194,46,0,1
BRDA:195,47,0,1
BRDA:199,48,0,1
BRDA:199,48,1,0
BRDA:200,49,0,1
BRDA:200,49,1,0
BRDA:201,50,0,0
BRDA:201,50,1,1
BRDA:202,51,0,0
BRDA:202,51,1,1
BRDA:203,52,0,0
BRDA:203,52,1,1
BRDA:204,53,0,0
BRDA:204,53,1,1
BRDA:205,54,0,0
BRDA:205,54,1,1
BRDA:211,55,0,1
BRDA:211,55,1,0
BRDA:213,56,0,0
BRDA:213,56,1,0
BRDA:226,57,0,2
BRDA:232,58,0,1
BRDA:232,58,1,0
BRDA:234,59,0,1
BRDA:234,59,1,0
BRF:99
BRH:66
end_of_record
TN:
SF:src\services\OneDriveService.js
FN:11,(anonymous_0)
FN:25,(anonymous_1)
FN:40,(anonymous_2)
FN:52,(anonymous_3)
FN:64,(anonymous_4)
FNF:5
FNH:5
FNDA:1,(anonymous_0)
FNDA:1,(anonymous_1)
FNDA:1,(anonymous_2)
FNDA:1,(anonymous_3)
FNDA:1,(anonymous_4)
DA:6,1
DA:9,1
DA:12,1
DA:13,1
DA:16,1
DA:18,0
DA:19,0
DA:26,1
DA:27,1
DA:32,1
DA:34,0
DA:35,0
DA:41,1
DA:42,1
DA:46,1
DA:48,0
DA:49,0
DA:53,1
DA:54,1
DA:58,1
DA:60,0
DA:61,0
DA:65,1
DA:67,1
DA:71,1
DA:73,0
DA:76,0
LF:27
LH:17
BRF:0
BRH:0
end_of_record
TN:
SF:src\services\accountService.ts
FN:18,(anonymous_0)
FN:26,getAllAccounts
FN:31,getProfile
FN:36,editProfile
FN:43,updatePassword
FN:64,banAccount
FN:69,enableAccount
FNF:7
FNH:7
FNDA:1,(anonymous_0)
FNDA:1,getAllAccounts
FNDA:1,getProfile
FNDA:1,editProfile
FNDA:2,updatePassword
FNDA:1,banAccount
FNDA:1,enableAccount
DA:12,1
DA:14,1
DA:18,1
DA:19,1
DA:20,1
DA:21,1
DA:23,1
DA:27,1
DA:28,1
DA:32,1
DA:33,1
DA:39,1
DA:40,1
DA:46,2
DA:47,2
DA:48,1
DA:50,1
DA:51,1
DA:52,1
DA:58,0
DA:60,1
DA:65,1
DA:66,1
DA:70,1
DA:73,1
LF:25
LH:24
BRDA:20,0,0,1
BRDA:20,0,1,0
BRDA:50,1,0,1
BRDA:50,1,1,0
BRF:4
BRH:2
end_of_record
TN:
SF:src\services\authHeaders.js
FN:1,getAuthToken
FN:5,requireAuthToken
FN:13,optionalAuthHeader
FN:21,requireAuthHeader
FNF:4
FNH:4
FNDA:5,getAuthToken
FNDA:2,requireAuthToken
FNDA:2,optionalAuthHeader
FNDA:1,requireAuthHeader
DA:2,5
DA:6,2
DA:7,2
DA:8,1
DA:10,1
DA:14,2
DA:15,2
DA:16,1
DA:18,1
DA:22,1
LF:10
LH:10
BRDA:7,0,0,1
BRDA:7,0,1,1
BRDA:15,1,0,1
BRDA:15,1,1,1
BRF:4
BRH:4
end_of_record
TN:
SF:src\services\authService.ts
FN:21,(anonymous_0)
FN:42,login
FN:56,signup
FN:61,forgotPassword
FN:69,resetPassword
FN:78,getProfile
FNF:6
FNH:6
FNDA:2,(anonymous_0)
FNDA:1,login
FNDA:1,signup
FNDA:1,forgotPassword
FNDA:1,resetPassword
FNDA:1,getProfile
DA:17,1
DA:21,1
DA:22,2
DA:23,2
DA:24,0
DA:27,2
DA:28,2
DA:29,2
DA:30,2
DA:31,1
DA:32,1
DA:34,1
DA:35,1
DA:37,0
DA:38,0
DA:46,1
DA:47,1
DA:49,1
DA:50,1
DA:53,1
DA:57,1
DA:58,1
DA:62,1
DA:65,1
DA:66,1
DA:73,1
DA:74,1
DA:75,1
DA:79,1
DA:80,1
LF:30
LH:27
BRDA:23,0,0,0
BRDA:23,0,1,2
BRDA:30,1,0,1
BRDA:30,1,1,1
BRDA:49,2,0,1
BRDA:49,2,1,0
BRF:6
BRH:4
end_of_record
